"../../../Engine/Content/Functions/Engine_MaterialFunctions01/Shading/PowerToRoughness.uasset" 0
"../../../Engine/Content/Functions/Engine_MaterialFunctions01/Shading/ConvertFromDiffSpec.uasset" 1
"../../../Engine/Content/EngineMaterials/DefaultDiffuse.uasset" 2
"../../../Engine/Content/EngineMaterials/DefaultDeferredDecalMaterial.uasset" 3
"../../../Engine/Content/EngineMaterials/DefaultLightFunctionMaterial.uasset" 4
"../../../Engine/Content/Functions/Engine_MaterialFunctions02/Utility/BreakOutFloat2Components.uasset" 5
"../../../Engine/Content/EngineMaterials/DefaultPostProcessMaterial.uasset" 6
"../../../Engine/Content/EditorMaterials/Camera/CineMat.uasset" 7
"../../../Engine/Content/EditorMaterials/Camera/MI_CineMat_Rig.uasset" 8
"../../../Engine/Content/EditorMeshes/Camera/SM_CraneRig_Base.uasset" 9
"../../../Engine/Content/EditorMeshes/Camera/SM_CraneRig_Arm.uasset" 10
"../../../Engine/Content/EditorMeshes/Camera/SM_CraneRig_Mount.uasset" 11
"../../../Engine/Content/EditorMeshes/Camera/SM_CraneRig_Body.uasset" 12
"../../../Engine/Content/EditorMeshes/Camera/SM_RailRig_Track.uasset" 13
"../../../Engine/Content/EditorMeshes/Camera/SM_RailRig_Mount.uasset" 14
"../../../Engine/Content/EngineResources/AICON-Red.uasset" 15
"../../../Engine/Content/EngineResources/AICON-Green.uasset" 16
"../../../Engine/Content/EngineFonts/Roboto.uasset" 17
"../../../Engine/Content/EngineResources/DefaultTexture.uasset" 18
"../../../Engine/Content/Functions/Engine_MaterialFunctions01/Texturing/ScaleUVsByCenter.uasset" 19
"../../../Engine/Content/Functions/Engine_MaterialFunctions02/ScreenResolution.uasset" 20
"../../../Engine/Content/Functions/Engine_MaterialFunctions02/Texturing/ScreenAlignedUVs.uasset" 21
"../../../Engine/Content/EngineResources/WhiteSquareTexture.uasset" 22
"../../../Engine/Content/EngineMaterials/Widget3DPassThrough.uasset" 23
"../../../Engine/Content/EngineMaterials/Widget3DPassThrough_Translucent.uasset" 24
"../../../Engine/Content/EngineMaterials/Widget3DPassThrough_Translucent_OneSided.uasset" 25
"../../../Engine/Content/EngineMaterials/Widget3DPassThrough_Opaque.uasset" 26
"../../../Engine/Content/EngineMaterials/Widget3DPassThrough_Opaque_OneSided.uasset" 27
"../../../Engine/Content/EngineMaterials/Widget3DPassThrough_Masked.uasset" 28
"../../../Engine/Content/EngineMaterials/Widget3DPassThrough_Masked_OneSided.uasset" 29
"../../../Engine/Content/EditorResources/S_Actor.uasset" 30
"../../../Engine/Content/EditorMaterials/AssetViewer/EpicQuadPanorama_CC+EV1.uasset" 31
"../../../Engine/Content/EditorResources/RGBTable16x1_AssetViewer.uasset" 32
"../../../Engine/Content/Maps/Templates/Thumbnails/Default.uasset" 33
"../../../Engine/Content/Maps/Templates/Thumbnails/VR-Basic.uasset" 34
"../../../Engine/Content/EditorMaterials/ParticleSystems/PSysThumbnail_NoImage.uasset" 35
"../../../Engine/Content/EditorMaterials/ParticleSystems/PSysThumbnail_OOD.uasset" 36
"../../../Engine/Content/EditorLandscapeResources/DataLayer.uasset" 37
"../../../Engine/Content/EngineDamageTypes/DmgTypeBP_Environmental.uasset" 38
"../../../Engine/Content/EngineMeshes/Sphere.uasset" 39
"../../../Engine/Content/EngineFonts/RobotoDistanceField.uasset" 40
"../../../Engine/Content/EngineMaterials/DefaultTextMaterialOpaque.uasset" 41
"../../../Engine/Content/EditorResources/S_Trigger.uasset" 42
"../../../Engine/Content/EngineResources/GradientTexture0.uasset" 43
"../../../Engine/Content/EngineResources/Black.uasset" 44
"../../../Engine/Content/EditorMaterials/MatineeGroups/MAT_Groups_Float.uasset" 45
"../../../Engine/Content/EditorMaterials/MatineeGroups/MAT_Groups_Director.uasset" 46
"../../../Engine/Content/EditorMaterials/MatineeGroups/MAT_Groups_Event.uasset" 47
"../../../Engine/Content/EditorMaterials/MatineeGroups/MAT_Groups_Anim.uasset" 48
"../../../Engine/Content/EditorMaterials/MatineeGroups/MAT_Groups_Fade.uasset" 49
"../../../Engine/Content/EditorMaterials/MatineeGroups/MAT_Groups_Move.uasset" 50
"../../../Engine/Content/EditorMaterials/MatineeGroups/MAT_Groups_Slomo.uasset" 51
"../../../Engine/Content/EditorMaterials/MatineeGroups/MAT_ColorTrack.uasset" 52
"../../../Engine/Content/EditorMaterials/MAT_Groups_Toggle.uasset" 53
"../../../Engine/Content/EditorMaterials/MatineeGroups/MAT_Groups_AudioMaster.uasset" 54
"../../../Engine/Content/EditorMaterials/MatineeGroups/MAT_Groups_Sound.uasset" 55
"../../../Engine/Content/EditorMaterials/MatineeGroups/MAT_Groups_Vector.uasset" 56
"../../../Engine/Content/EditorMaterials/MAT_Groups_Visibility.uasset" 57
"../../../Engine/Content/EngineResources/DefaultTextureCube.uasset" 58
"../../../Engine/Content/Functions/Engine_MaterialFunctions01/Opacity/CameraDepthFade.uasset" 59
"../../../Engine/Content/EngineMaterials/T_Default_Material_Grid_M.uasset" 60
"../../../Engine/Content/EngineMaterials/T_Default_Material_Grid_N.uasset" 61
"../../../Engine/Content/EngineMaterials/DefaultMaterial.uasset" 62
"../../../Engine/Content/EngineMeshes/Cylinder.uasset" 63
"../../../Engine/Content/EngineTireTypes/DefaultTireType.uasset" 64
"../../../Engine/Content/VREditor/LaserPointer/VR_LaserPower_01.uasset" 65
"../../../Engine/Content/VREditor/TransformGizmo/TransformGizmoMaterial.uasset" 66
"../../../Engine/Content/VREditor/TransformGizmo/TranslucentTransformGizmoMaterial.uasset" 67
"../../../Engine/Content/VREditor/TransformGizmo/UniformScaleHandle.uasset" 68
"../../../Engine/Content/VREditor/TransformGizmo/TranslateHandleLong.uasset" 69
"../../../Engine/Content/VREditor/TransformGizmo/PlaneTranslationHandle.uasset" 70
"../../../Engine/Content/VREditor/TransformGizmo/RotationHandleFull.uasset" 71
"../../../Engine/Content/VREditor/TransformGizmo/StretchingHandle.uasset" 72
"../../../Engine/Content/VREditor/TransformGizmo/BoundingBoxCorner.uasset" 73
"../../../Engine/Content/VREditor/TransformGizmo/BoundingBoxEdge.uasset" 74
"../../../Engine/Content/VREditor/UI/SelectionBarMesh.uasset" 75
"../../../Engine/Content/VREditor/UI/CloseButtonMesh.uasset" 76
"../../../Engine/Content/VREditor/FloatingText/LineMaterial.uasset" 77
"../../../Engine/Content/VREditor/FloatingText/LineSegmentCylinder.uasset" 78
"../../../Engine/Content/VREditor/FloatingText/JointSphere.uasset" 79
"../../../Engine/Content/VREditor/Fonts/VRText_RobotoLarge.uasset" 80
"../../../Engine/Content/VREditor/Fonts/VRTextMaterial.uasset" 81
"../../../Engine/Content/VREditor/Fonts/TranslucentVRTextMaterial.uasset" 82
"../../../Engine/Content/VREditor/TransformGizmo/TranslationHandle.uasset" 83
"../../../Engine/Content/VREditor/TransformGizmo/RotationHandle.uasset" 84
"../../../Engine/Content/VREditor/Devices/Generic/GenericHMDMaterial.uasset" 85
"../../../Engine/Content/VREditor/Devices/Generic/GenericHMD.uasset" 86
"../../../Engine/Content/Functions/Engine_MaterialFunctions01/Gradient/RadialGradient.uasset" 87
"../../../Engine/Content/EditorLandscapeResources/FlattenHeightMat.uasset" 88
"../../../Engine/Content/VREditor/WorldMovementGrid/PlaneMesh.uasset" 89
"../../../Engine/Content/VREditor/WorldMovementGrid/SimpleGrid.uasset" 90
"../../../Engine/Content/VREditor/WorldMovementGrid/GridMaterial.uasset" 91
"../../../Engine/Content/VREditor/LaserPointer/LaserPointerMaterial.uasset" 92
"../../../Engine/Content/VREditor/LaserPointer/LaserPointerMaterialInst.uasset" 93
"../../../Engine/Content/VREditor/LaserPointer/TranslucentLaserPointerMaterialInst.uasset" 94
"../../../Engine/Content/VREditor/LaserPointer/LaserPointerMesh.uasset" 95
"../../../Engine/Content/Functions/Engine_MaterialFunctions01/Density/ExponentialDensity.uasset" 96
"../../../Engine/Content/VREditor/WorldMovementGrid/GridPostProcess.uasset" 97
"../../../Engine/Content/VREditor/Sounds/VR_teleport_Cue.uasset" 98
"../../../Engine/Content/VREditor/Sounds/VR_grab_Cue.uasset" 99
"../../../Engine/Content/Tutorial/Basics/TutorialAssets/icon_tab_Levels_40x.uasset" 100
"../../../Engine/Content/Tutorial/Landscape/TutorialAssets/Landscape.uasset" 101
"../../../Engine/Content/Tutorial/BlueprintTutorials/TutorialAssets/Blueprint_64x.uasset" 102
"../../../Engine/Content/Tutorial/Mobile/TutorialAssets/android_Icon.uasset" 103
"../../../Engine/Content/Tutorial/ContentIntroCurve.uasset" 104
"../../../Engine/Plugins/2D/Paper2D/Content/PlaceholderTextures/DummySpriteTexture.uasset" 105
"../../../Engine/Plugins/2D/Paper2D/Content/DefaultSpriteMaterial.uasset" 106
"../../../Engine/Plugins/2D/Paper2D/Content/MaskedUnlitSpriteMaterial.uasset" 107
"../../../Engine/Plugins/2D/Paper2D/Content/OpaqueUnlitSpriteMaterial.uasset" 108
"../../../Engine/Plugins/2D/Paper2D/Content/DummySprite.uasset" 109
"../../../Engine/Plugins/2D/Paper2D/Content/DefaultPaperTerrainMaterial.uasset" 110
"../../../Engine/Content/EngineMaterials/RemoveSurfaceMaterial.uasset" 111
"../../../Engine/Content/EngineDebugMaterials/DebugMeshMaterial.uasset" 112
"../../../Engine/Content/EngineMaterials/InvalidLightmapSettings.uasset" 113
"../../../Engine/Content/EngineMaterials/M_InvalidLightmapSettings.uasset" 114
"../../../Engine/Content/EditorMaterials/GizmoMaterial.uasset" 115
"../../../Engine/Content/EngineMaterials/PhAT_JointLimitMaterial.uasset" 116
"../../../Engine/Content/EngineMaterials/Good64x64TilingNoiseHighFreq.uasset" 117
"../../../Engine/Content/EngineMaterials/DefaultBokeh.uasset" 118
"../../../Engine/Content/EngineMaterials/PreintegratedSkinBRDF.uasset" 119
"../../../Engine/Content/EngineMaterials/MiniFont.uasset" 120
"../../../Engine/Content/EngineMaterials/WeightMapPlaceholderTexture.uasset" 121
"../../../Engine/Content/EngineMaterials/DefaultWhiteGrid.uasset" 122
"../../../Engine/Content/EngineMaterials/DefaultPhysicalMaterial.uasset" 123
"../../../Engine/Content/EngineFonts/RobotoTiny.uasset" 124
"../../../Engine/Content/EditorSounds/Notifications/CompileSuccess.uasset" 125
"../../../Engine/Content/EditorSounds/Notifications/CompileStart_Cue.uasset" 126
"../../../Engine/Content/EditorSounds/Notifications/CompileSuccess_Cue.uasset" 127
"../../../Engine/Content/EditorSounds/Notifications/CompileFailed.uasset" 128
"../../../Engine/Content/EditorSounds/Notifications/CompileFailed_Cue.uasset" 129
"../../../Engine/Content/BasicShapes/Cylinder.uasset" 130
"../../../Engine/Content/BasicShapes/Sphere.uasset" 131
"../../../Engine/Content/EditorMaterials/PreviewShadowIndicator.uasset" 132
"../../../Engine/Content/EditorMaterials/PreviewShadowIndicatorMaterial.uasset" 133
"../../../Engine/Content/EditorResources/BSPVertex.uasset" 134
"../../../Engine/Content/EditorResources/EmptyActor.uasset" 135
"../../../Engine/Content/EditorResources/AudioIcons/S_AudioComponent.uasset" 136
"../../../Engine/Content/EditorResources/AudioIcons/S_AudioComponent_AutoActivate.uasset" 137
"../../../Engine/Content/EngineDebugMaterials/HeatmapGradient.uasset" 138
"../../../Engine/Content/EngineDebugMaterials/BoneWeightMaterial.uasset" 139
"../../../Engine/Content/EngineDebugMaterials/GeomMaterial.uasset" 140
"../../../Engine/Content/EngineMaterials/EditorBrushMaterial.uasset" 141
"../../../Engine/Content/EngineMeshes/Cube.uasset" 142
"../../../Engine/Content/MobileResources/T_MobileControls_texture.uasset" 143
"../../../Engine/Content/MobileResources/T_MobileMenu2.uasset" 144
"../../../Engine/Content/MobileResources/HUD/AnalogHat.uasset" 145
"../../../Engine/Content/MobileResources/HUD/VirtualJoystick_Background.uasset" 146
"../../../Engine/Content/MobileResources/HUD/VirtualJoystick_Thumb.uasset" 147
"../../../Engine/Content/MobileResources/HUD/DefaultVirtualJoysticks.uasset" 148
"../../../Engine/Content/MobileResources/HUD/LeftVirtualJoystickOnly.uasset" 149
"../../../Engine/Content/MobileResources/HUD/MobileHUDButton1_off.uasset" 150
"../../../Engine/Content/MobileResources/HUD/MobileHUDButton1_on.uasset" 151
"../../../Engine/Content/MobileResources/HUD/MobileHUDButton2_off.uasset" 152
"../../../Engine/Content/MobileResources/HUD/MobileHUDButton2_on.uasset" 153
"../../../Engine/Content/MobileResources/HUD/MobileHUDButton3.uasset" 154
"../../../Engine/Content/MobileResources/HUD/MobileHUDButtonFire.uasset" 155
"../../../Engine/Content/MobileResources/HUD/MobileHUDDirectionPad.uasset" 156
"../../../Engine/Content/MobileResources/HUD/MobileHUDDirectionPad2.uasset" 157
"../../../Engine/Content/MobileResources/HUD/MobileHUDDirectionPad3.uasset" 158
"../../../Engine/Content/MobileResources/HUD/MobileHUDDirectionStick.uasset" 159
"../../../Engine/Content/MobileResources/HUD/T_Castle_ThumbstickInner.uasset" 160
"../../../Engine/Content/MobileResources/HUD/T_Castle_ThumbstickOutter.uasset" 161
"../../../Engine/Content/Tutorial/BlueprintTutorials/TutorialAssets/BlueprintInterface_64x.uasset" 162
"../../../Engine/Content/Tutorial/BlueprintTutorials/TutorialAssets/BlueprintMacroLibrary_64x.uasset" 163
"../../../Engine/Content/Tutorial/BlueprintTutorials/TutorialAssets/Tutorial_BP_Interface.uasset" 164
"../../../Engine/Content/Tutorial/Foliage/TutorialAssets/Foliage.uasset" 165
"../../../Engine/Content/Tutorial/Paper2D/TutorialAssets/Paper2DFlipbook_TutorialIcon.uasset" 166
"../../../Engine/Content/Tutorial/Paper2D/TutorialAssets/Paper2DSprite_TutorialIcon.uasset" 167
"../../../Engine/Content/Tutorial/SubEditors/TutorialAssets/icon_Editor_Preferences_General_40x.uasset" 168
"../../../Engine/Content/Tutorial/SubEditors/TutorialAssets/icon_ShowSkeletalMeshes_40x.uasset" 169
"../../../Engine/Content/Tutorial/SubEditors/TutorialAssets/TutorialMaterial.uasset" 170
"../../../Engine/Content/Tutorial/SubEditors/TutorialAssets/T_SmokeSubUV_8X8.uasset" 171
"../../../Engine/Content/Tutorial/SubEditors/TutorialAssets/T_soft_smoke.uasset" 172
"../../../Engine/Content/Tutorial/SubEditors/TutorialAssets/M_smoke_subUV_blackbody.uasset" 173
"../../../Engine/Content/Tutorial/SubEditors/TutorialAssets/TutorialParticleSystem.uasset" 174
"../../../Engine/Content/EngineMaterials/WorldGridMaterial.uasset" 175
"../../../Engine/Content/EditorMeshes/EditorCube.uasset" 176
"../../../Engine/Content/Tutorial/SubEditors/TutorialAssets/Tutorial_DM.uasset" 177
"../../../PonyKart/Content/animated_logo_WIP.uasset" 178
"../../../PonyKart/Content/AV/StarterContent/Architecture/Floor_400x400.uasset" 179
"../../../PonyKart/Content/AV/StarterContent/Architecture/Pillar_50x500.uasset" 180
"../../../PonyKart/Content/AV/StarterContent/Architecture/SM_AssetPlatform.uasset" 181
"../../../PonyKart/Content/AV/StarterContent/Architecture/Wall_400x200.uasset" 182
"../../../PonyKart/Content/AV/StarterContent/Architecture/Wall_400x300.uasset" 183
"../../../PonyKart/Content/AV/StarterContent/Architecture/Wall_400x400.uasset" 184
"../../../PonyKart/Content/AV/StarterContent/Architecture/Wall_500x500.uasset" 185
"../../../PonyKart/Content/AV/StarterContent/Architecture/Wall_Door_400x300.uasset" 186
"../../../PonyKart/Content/AV/StarterContent/Architecture/Wall_Door_400x400.uasset" 187
"../../../PonyKart/Content/AV/StarterContent/Architecture/Wall_Window_400x300.uasset" 188
"../../../PonyKart/Content/AV/StarterContent/Architecture/Wall_Window_400x400.uasset" 189
"../../../PonyKart/Content/AV/StarterContent/Audio/Collapse01.uasset" 190
"../../../PonyKart/Content/AV/StarterContent/Audio/Collapse02.uasset" 191
"../../../PonyKart/Content/AV/StarterContent/Audio/Collapse_Cue.uasset" 192
"../../../PonyKart/Content/AV/StarterContent/Audio/Explosion01.uasset" 193
"../../../PonyKart/Content/AV/StarterContent/Audio/Explosion02.uasset" 194
"../../../PonyKart/Content/AV/StarterContent/Audio/Explosion_Cue.uasset" 195
"../../../PonyKart/Content/AV/StarterContent/Audio/Fire01.uasset" 196
"../../../PonyKart/Content/AV/StarterContent/Audio/Fire01_Cue.uasset" 197
"../../../PonyKart/Content/AV/StarterContent/Audio/Fire_Sparks01.uasset" 198
"../../../PonyKart/Content/AV/StarterContent/Audio/Fire_Sparks01_Cue.uasset" 199
"../../../PonyKart/Content/AV/StarterContent/Audio/Light01.uasset" 200
"../../../PonyKart/Content/AV/StarterContent/Audio/Light01_Cue.uasset" 201
"../../../PonyKart/Content/AV/StarterContent/Audio/Light02.uasset" 202
"../../../PonyKart/Content/AV/StarterContent/Audio/Light02_Cue.uasset" 203
"../../../PonyKart/Content/AV/StarterContent/Audio/Smoke01.uasset" 204
"../../../PonyKart/Content/AV/StarterContent/Audio/Smoke01_Cue.uasset" 205
"../../../PonyKart/Content/AV/StarterContent/Audio/Starter_Background_Cue.uasset" 206
"../../../PonyKart/Content/AV/StarterContent/Audio/Starter_Birds01.uasset" 207
"../../../PonyKart/Content/AV/StarterContent/Audio/Starter_Music01.uasset" 208
"../../../PonyKart/Content/AV/StarterContent/Audio/Starter_Music_Cue.uasset" 209
"../../../PonyKart/Content/AV/StarterContent/Audio/Starter_Wind05.uasset" 210
"../../../PonyKart/Content/AV/StarterContent/Audio/Starter_Wind06.uasset" 211
"../../../PonyKart/Content/AV/StarterContent/Audio/Steam01.uasset" 212
"../../../PonyKart/Content/AV/StarterContent/Audio/Steam01_Cue.uasset" 213
"../../../PonyKart/Content/AV/StarterContent/Blueprints/Blueprint_CeilingLight.uasset" 214
"../../../PonyKart/Content/AV/StarterContent/Blueprints/Blueprint_Effect_Explosion.uasset" 215
"../../../PonyKart/Content/AV/StarterContent/Blueprints/Blueprint_Effect_Fire.uasset" 216
"../../../PonyKart/Content/AV/StarterContent/Blueprints/Blueprint_Effect_Smoke.uasset" 217
"../../../PonyKart/Content/AV/StarterContent/Blueprints/Blueprint_Effect_Sparks.uasset" 218
"../../../PonyKart/Content/AV/StarterContent/Blueprints/Blueprint_Effect_Steam.uasset" 219
"../../../PonyKart/Content/AV/StarterContent/Blueprints/Blueprint_WallSconce.uasset" 220
"../../../PonyKart/Content/AV/StarterContent/Blueprints/BP_LightStudio.uasset" 221
"../../../PonyKart/Content/AV/StarterContent/Blueprints/Assets/FogBrightnessLUT.uasset" 222
"../../../PonyKart/Content/AV/StarterContent/Blueprints/Assets/M_LightStage_Arrows.uasset" 223
"../../../PonyKart/Content/AV/StarterContent/Blueprints/Assets/M_LightStage_Skybox_Black.uasset" 224
"../../../Engine/Content/MapTemplates/Sky/DaylightAmbientCubemap.uasset" 225
"../../../PonyKart/Content/AV/StarterContent/Blueprints/Assets/M_LightStage_Skybox_HDRI.uasset" 226
"../../../PonyKart/Content/AV/StarterContent/Blueprints/Assets/M_LightStage_Skybox_Master.uasset" 227
"../../../Engine/Content/EditorMaterials/Thumbnails/SkySphereMaterial.uasset" 228
"../../../PonyKart/Content/AV/StarterContent/Blueprints/Assets/Skybox.uasset" 229
"../../../PonyKart/Content/AV/StarterContent/Blueprints/Assets/SM_Arrows.uasset" 230
"../../../PonyKart/Content/AV/StarterContent/Blueprints/Assets/SunlightColorLUT.uasset" 231
"../../../PonyKart/Content/AV/StarterContent/Materials/M_AssetPlatform.uasset" 232
"../../../PonyKart/Content/AV/StarterContent/Materials/M_Basic_Floor.uasset" 233
"../../../PonyKart/Content/AV/StarterContent/Materials/M_Basic_Wall.uasset" 234
"../../../PonyKart/Content/AV/StarterContent/Materials/M_Brick_Clay_Beveled.uasset" 235
"../../../PonyKart/Content/AV/StarterContent/Materials/M_Brick_Clay_New.uasset" 236
"../../../PonyKart/Content/AV/StarterContent/Materials/M_Brick_Clay_Old.uasset" 237
"../../../PonyKart/Content/AV/StarterContent/Materials/M_Brick_Cut_Stone.uasset" 238
"../../../PonyKart/Content/AV/StarterContent/Materials/M_Brick_Hewn_Stone.uasset" 239
"../../../PonyKart/Content/AV/StarterContent/Materials/M_Ceramic_Tile_Checker.uasset" 240
"../../../PonyKart/Content/AV/StarterContent/Materials/M_CobbleStone_Pebble.uasset" 241
"../../../PonyKart/Content/AV/StarterContent/Materials/M_CobbleStone_Rough.uasset" 242
"../../../PonyKart/Content/AV/StarterContent/Materials/M_CobbleStone_Smooth.uasset" 243
"../../../Engine/Content/EditorMeshes/ColorCalibrator/T_ColorGrid.uasset" 244
"../../../PonyKart/Content/AV/StarterContent/Materials/M_ColorGrid_LowSpec.uasset" 245
"../../../PonyKart/Content/AV/StarterContent/Materials/M_Concrete_Grime.uasset" 246
"../../../PonyKart/Content/AV/StarterContent/Materials/M_Concrete_Panels.uasset" 247
"../../../PonyKart/Content/AV/StarterContent/Materials/M_Concrete_Poured.uasset" 248
"../../../PonyKart/Content/AV/StarterContent/Materials/M_Concrete_Tiles.uasset" 249
"../../../PonyKart/Content/AV/StarterContent/Materials/M_Glass.uasset" 250
"../../../PonyKart/Content/AV/StarterContent/Materials/M_Ground_Grass.uasset" 251
"../../../PonyKart/Content/AV/StarterContent/Materials/M_Ground_Gravel.uasset" 252
"../../../PonyKart/Content/AV/StarterContent/Materials/M_Ground_Moss.uasset" 253
"../../../PonyKart/Content/AV/StarterContent/Materials/M_Metal_Brushed_Nickel.uasset" 254
"../../../PonyKart/Content/AV/StarterContent/Materials/M_Metal_Burnished_Steel.uasset" 255
"../../../PonyKart/Content/AV/StarterContent/Materials/M_Metal_Chrome.uasset" 256
"../../../PonyKart/Content/AV/StarterContent/Materials/M_Metal_Copper.uasset" 257
"../../../PonyKart/Content/AV/StarterContent/Materials/M_Metal_Gold.uasset" 258
"../../../Engine/Content/Functions/Engine_MaterialFunctions02/Utility/BlendAngleCorrectedNormals.uasset" 259
"../../../PonyKart/Content/AV/StarterContent/Materials/M_Metal_Rust.uasset" 260
"../../../PonyKart/Content/AV/StarterContent/Materials/M_Metal_Steel.uasset" 261
"../../../PonyKart/Content/AV/StarterContent/Materials/M_Rock_Basalt.uasset" 262
"../../../PonyKart/Content/AV/StarterContent/Materials/M_Rock_Marble_Polished.uasset" 263
"../../../PonyKart/Content/AV/StarterContent/Materials/M_Rock_Sandstone.uasset" 264
"../../../PonyKart/Content/AV/StarterContent/Materials/M_Rock_Slate.uasset" 265
"../../../PonyKart/Content/AV/StarterContent/Materials/M_Tech_Checker_Dot.uasset" 266
"../../../PonyKart/Content/AV/StarterContent/Materials/M_Tech_Hex_Tile.uasset" 267
"../../../PonyKart/Content/AV/StarterContent/Materials/M_Tech_Hex_Tile_Pulse.uasset" 268
"../../../PonyKart/Content/AV/StarterContent/Materials/M_Tech_Panel.uasset" 269
"../../../PonyKart/Content/AV/StarterContent/Materials/M_Water_Lake.uasset" 270
"../../../PonyKart/Content/AV/StarterContent/Materials/M_Water_Ocean.uasset" 271
"../../../PonyKart/Content/AV/StarterContent/Materials/M_Wood_Floor_Walnut_Polished.uasset" 272
"../../../Engine/Content/Functions/Engine_MaterialFunctions01/Opacity/AlphaOffset.uasset" 273
"../../../PonyKart/Content/AV/StarterContent/Materials/M_Wood_Floor_Walnut_Worn.uasset" 274
"../../../PonyKart/Content/AV/StarterContent/Materials/M_Wood_Oak.uasset" 275
"../../../PonyKart/Content/AV/StarterContent/Materials/M_Wood_Pine.uasset" 276
"../../../PonyKart/Content/AV/StarterContent/Materials/M_Wood_Walnut.uasset" 277
"../../../PonyKart/Content/AV/StarterContent/Particles/P_Ambient_Dust.uasset" 278
"../../../PonyKart/Content/AV/StarterContent/Particles/P_Explosion.uasset" 279
"../../../PonyKart/Content/AV/StarterContent/Particles/P_Fire.uasset" 280
"../../../PonyKart/Content/AV/StarterContent/Particles/P_Smoke.uasset" 281
"../../../PonyKart/Content/AV/StarterContent/Particles/P_Sparks.uasset" 282
"../../../PonyKart/Content/AV/StarterContent/Particles/P_Steam_Lit.uasset" 283
"../../../PonyKart/Content/AV/StarterContent/Particles/Materials/M_Burst.uasset" 284
"../../../PonyKart/Content/AV/StarterContent/Particles/Materials/M_Dust_Particle.uasset" 285
"../../../PonyKart/Content/AV/StarterContent/Particles/Materials/M_explosion_subUV.uasset" 286
"../../../PonyKart/Content/AV/StarterContent/Particles/Materials/M_Fire_SubUV.uasset" 287
"../../../PonyKart/Content/AV/StarterContent/Particles/Materials/m_flare_01.uasset" 288
"../../../PonyKart/Content/AV/StarterContent/Particles/Materials/M_Heat_Distortion.uasset" 289
"../../../PonyKart/Content/AV/StarterContent/Particles/Materials/M_Radial_Gradient.uasset" 290
"../../../PonyKart/Content/AV/StarterContent/Particles/Materials/M_radial_ramp.uasset" 291
"../../../PonyKart/Content/AV/StarterContent/Particles/Materials/M_smoke_subUV.uasset" 292
"../../../PonyKart/Content/AV/StarterContent/Props/MaterialSphere.uasset" 293
"../../../PonyKart/Content/AV/StarterContent/Props/SM_Bush.uasset" 294
"../../../PonyKart/Content/AV/StarterContent/Props/SM_Chair.uasset" 295
"../../../PonyKart/Content/AV/StarterContent/Props/SM_CornerFrame.uasset" 296
"../../../PonyKart/Content/AV/StarterContent/Props/SM_Couch.uasset" 297
"../../../PonyKart/Content/AV/StarterContent/Props/SM_Door.uasset" 298
"../../../PonyKart/Content/AV/StarterContent/Props/SM_DoorFrame.uasset" 299
"../../../PonyKart/Content/AV/StarterContent/Props/SM_GlassWindow.uasset" 300
"../../../PonyKart/Content/AV/StarterContent/Props/SM_Lamp_Ceiling.uasset" 301
"../../../PonyKart/Content/AV/StarterContent/Props/SM_Lamp_Wall.uasset" 302
"../../../PonyKart/Content/AV/StarterContent/Props/SM_MatPreviewMesh_02.uasset" 303
"../../../PonyKart/Content/AV/StarterContent/Props/SM_PillarFrame.uasset" 304
"../../../PonyKart/Content/AV/StarterContent/Props/SM_PillarFrame300.uasset" 305
"../../../PonyKart/Content/AV/StarterContent/Props/SM_Rock.uasset" 306
"../../../PonyKart/Content/AV/StarterContent/Props/SM_Shelf.uasset" 307
"../../../PonyKart/Content/AV/StarterContent/Props/SM_Stairs.uasset" 308
"../../../PonyKart/Content/AV/StarterContent/Props/SM_Statue.uasset" 309
"../../../PonyKart/Content/AV/StarterContent/Props/SM_TableRound.uasset" 310
"../../../PonyKart/Content/AV/StarterContent/Props/SM_WindowFrame.uasset" 311
"../../../PonyKart/Content/AV/StarterContent/Props/Materials/M_Bush.uasset" 312
"../../../PonyKart/Content/AV/StarterContent/Props/Materials/M_Chair.uasset" 313
"../../../PonyKart/Content/AV/StarterContent/Props/Materials/M_Door.uasset" 314
"../../../PonyKart/Content/AV/StarterContent/Props/Materials/M_Frame.uasset" 315
"../../../PonyKart/Content/AV/StarterContent/Props/Materials/M_Lamp.uasset" 316
"../../../PonyKart/Content/AV/StarterContent/Props/Materials/M_MaterialSphere.uasset" 317
"../../../PonyKart/Content/AV/StarterContent/Props/Materials/M_MaterialSphere_Plain.uasset" 318
"../../../PonyKart/Content/AV/StarterContent/Props/Materials/M_Rock.uasset" 319
"../../../PonyKart/Content/AV/StarterContent/Props/Materials/M_Shelf.uasset" 320
"../../../PonyKart/Content/AV/StarterContent/Props/Materials/M_Statue.uasset" 321
"../../../PonyKart/Content/AV/StarterContent/Props/Materials/M_StatueGlass.uasset" 322
"../../../PonyKart/Content/AV/StarterContent/Props/Materials/M_TableRound.uasset" 323
"../../../PonyKart/Content/AV/StarterContent/Shapes/Shape_Cone.uasset" 324
"../../../PonyKart/Content/AV/StarterContent/Shapes/Shape_Cube.uasset" 325
"../../../PonyKart/Content/AV/StarterContent/Shapes/Shape_Cylinder.uasset" 326
"../../../PonyKart/Content/AV/StarterContent/Shapes/Shape_NarrowCapsule.uasset" 327
"../../../PonyKart/Content/AV/StarterContent/Shapes/Shape_Pipe.uasset" 328
"../../../PonyKart/Content/AV/StarterContent/Shapes/Shape_Pipe_180.uasset" 329
"../../../PonyKart/Content/AV/StarterContent/Shapes/Shape_Pipe_90.uasset" 330
"../../../PonyKart/Content/AV/StarterContent/Shapes/Shape_Plane.uasset" 331
"../../../PonyKart/Content/AV/StarterContent/Shapes/Shape_QuadPyramid.uasset" 332
"../../../PonyKart/Content/AV/StarterContent/Shapes/Shape_Sphere.uasset" 333
"../../../PonyKart/Content/AV/StarterContent/Shapes/Shape_Torus.uasset" 334
"../../../PonyKart/Content/AV/StarterContent/Shapes/Shape_Trim.uasset" 335
"../../../PonyKart/Content/AV/StarterContent/Shapes/Shape_Trim_90_In.uasset" 336
"../../../PonyKart/Content/AV/StarterContent/Shapes/Shape_Trim_90_Out.uasset" 337
"../../../PonyKart/Content/AV/StarterContent/Shapes/Shape_TriPyramid.uasset" 338
"../../../PonyKart/Content/AV/StarterContent/Shapes/Shape_Tube.uasset" 339
"../../../PonyKart/Content/AV/StarterContent/Shapes/Shape_Wedge_A.uasset" 340
"../../../PonyKart/Content/AV/StarterContent/Shapes/Shape_Wedge_B.uasset" 341
"../../../PonyKart/Content/AV/StarterContent/Shapes/Shape_WideCapsule.uasset" 342
"../../../PonyKart/Content/AV/StarterContent/Textures/T_Brick_Clay_Beveled_D.uasset" 343
"../../../PonyKart/Content/AV/StarterContent/Textures/T_Brick_Clay_Beveled_M.uasset" 344
"../../../PonyKart/Content/AV/StarterContent/Textures/T_Brick_Clay_Beveled_N.uasset" 345
"../../../PonyKart/Content/AV/StarterContent/Textures/T_Brick_Clay_New_D.uasset" 346
"../../../PonyKart/Content/AV/StarterContent/Textures/T_Brick_Clay_New_M.uasset" 347
"../../../PonyKart/Content/AV/StarterContent/Textures/T_Brick_Clay_New_N.uasset" 348
"../../../PonyKart/Content/AV/StarterContent/Textures/T_Brick_Clay_Old_D.uasset" 349
"../../../PonyKart/Content/AV/StarterContent/Textures/T_Brick_Clay_Old_N.uasset" 350
"../../../PonyKart/Content/AV/StarterContent/Textures/T_Brick_Cut_Stone_D.uasset" 351
"../../../PonyKart/Content/AV/StarterContent/Textures/T_Brick_Cut_Stone_N.uasset" 352
"../../../PonyKart/Content/AV/StarterContent/Textures/T_Brick_Hewn_Stone_D.uasset" 353
"../../../PonyKart/Content/AV/StarterContent/Textures/T_Brick_Hewn_Stone_M.uasset" 354
"../../../PonyKart/Content/AV/StarterContent/Textures/T_Brick_Hewn_Stone_N.uasset" 355
"../../../PonyKart/Content/AV/StarterContent/Textures/T_Burst_M.uasset" 356
"../../../PonyKart/Content/AV/StarterContent/Textures/T_Bush_D.uasset" 357
"../../../PonyKart/Content/AV/StarterContent/Textures/T_Bush_N.uasset" 358
"../../../PonyKart/Content/AV/StarterContent/Textures/T_Ceramic_Tile_M.uasset" 359
"../../../PonyKart/Content/AV/StarterContent/Textures/T_Ceramic_Tile_N.uasset" 360
"../../../PonyKart/Content/AV/StarterContent/Textures/T_Chair_M.uasset" 361
"../../../PonyKart/Content/AV/StarterContent/Textures/T_Chair_N.uasset" 362
"../../../PonyKart/Content/AV/StarterContent/Textures/T_Checker_Noise_M.uasset" 363
"../../../PonyKart/Content/AV/StarterContent/Textures/T_CobbleStone_Pebble_D.uasset" 364
"../../../PonyKart/Content/AV/StarterContent/Textures/T_CobbleStone_Pebble_M.uasset" 365
"../../../PonyKart/Content/AV/StarterContent/Textures/T_CobbleStone_Pebble_N.uasset" 366
"../../../PonyKart/Content/AV/StarterContent/Textures/T_CobbleStone_Rough_D.uasset" 367
"../../../PonyKart/Content/AV/StarterContent/Textures/T_CobbleStone_Rough_N.uasset" 368
"../../../PonyKart/Content/AV/StarterContent/Textures/T_CobbleStone_Smooth_D.uasset" 369
"../../../PonyKart/Content/AV/StarterContent/Textures/T_CobbleStone_Smooth_M.uasset" 370
"../../../PonyKart/Content/AV/StarterContent/Textures/T_CobbleStone_Smooth_N.uasset" 371
"../../../PonyKart/Content/AV/StarterContent/Textures/T_Concrete_Grime_D.uasset" 372
"../../../PonyKart/Content/AV/StarterContent/Textures/T_Concrete_Panels_D.uasset" 373
"../../../PonyKart/Content/AV/StarterContent/Textures/T_Concrete_Panels_N.uasset" 374
"../../../PonyKart/Content/AV/StarterContent/Textures/T_Concrete_Poured_D.uasset" 375
"../../../PonyKart/Content/AV/StarterContent/Textures/T_Concrete_Poured_N.uasset" 376
"../../../PonyKart/Content/AV/StarterContent/Textures/T_Concrete_Tiles_D.uasset" 377
"../../../PonyKart/Content/AV/StarterContent/Textures/T_Concrete_Tiles_M.uasset" 378
"../../../PonyKart/Content/AV/StarterContent/Textures/T_Concrete_Tiles_N.uasset" 379
"../../../PonyKart/Content/AV/StarterContent/Textures/T_Concrete_Tiles_Variation_M.uasset" 380
"../../../PonyKart/Content/AV/StarterContent/Textures/T_Detail_Rocky_N.uasset" 381
"../../../PonyKart/Content/AV/StarterContent/Textures/T_Door_M.uasset" 382
"../../../PonyKart/Content/AV/StarterContent/Textures/T_Door_N.uasset" 383
"../../../PonyKart/Content/AV/StarterContent/Textures/T_Dust_Particle_D.uasset" 384
"../../../PonyKart/Content/AV/StarterContent/Textures/T_Explosion_SubUV.uasset" 385
"../../../PonyKart/Content/AV/StarterContent/Textures/T_Fire_SubUV.uasset" 386
"../../../PonyKart/Content/AV/StarterContent/Textures/T_Fire_Tiled_D.uasset" 387
"../../../PonyKart/Content/AV/StarterContent/Textures/T_Frame_M.uasset" 388
"../../../PonyKart/Content/AV/StarterContent/Textures/T_Frame_N.uasset" 389
"../../../PonyKart/Content/AV/StarterContent/Textures/T_Gradinet_01.uasset" 390
"../../../PonyKart/Content/AV/StarterContent/Textures/T_Ground_Grass_D.uasset" 391
"../../../PonyKart/Content/AV/StarterContent/Textures/T_Ground_Grass_N.uasset" 392
"../../../PonyKart/Content/AV/StarterContent/Textures/T_Ground_Gravel_D.uasset" 393
"../../../PonyKart/Content/AV/StarterContent/Textures/T_Ground_Gravel_N.uasset" 394
"../../../PonyKart/Content/AV/StarterContent/Textures/T_ground_Moss_D.uasset" 395
"../../../PonyKart/Content/AV/StarterContent/Textures/T_Ground_Moss_N.uasset" 396
"../../../PonyKart/Content/AV/StarterContent/Textures/T_Lamp_M.uasset" 397
"../../../PonyKart/Content/AV/StarterContent/Textures/T_Lamp_N.uasset" 398
"../../../PonyKart/Content/AV/StarterContent/Textures/T_MacroVariation.uasset" 399
"../../../PonyKart/Content/AV/StarterContent/Textures/T_Metal_Aluminum_D.uasset" 400
"../../../PonyKart/Content/AV/StarterContent/Textures/T_Metal_Copper_D.uasset" 401
"../../../PonyKart/Content/AV/StarterContent/Textures/T_Metal_Gold_D.uasset" 402
"../../../PonyKart/Content/AV/StarterContent/Textures/T_Metal_Gold_N.uasset" 403
"../../../PonyKart/Content/AV/StarterContent/Textures/T_Metal_Rust_D.uasset" 404
"../../../PonyKart/Content/AV/StarterContent/Textures/T_Metal_Rust_N.uasset" 405
"../../../PonyKart/Content/AV/StarterContent/Textures/T_Metal_Steel_D.uasset" 406
"../../../PonyKart/Content/AV/StarterContent/Textures/T_Metal_Steel_N.uasset" 407
"../../../PonyKart/Content/AV/StarterContent/Textures/T_Perlin_Noise_M.uasset" 408
"../../../PonyKart/Content/AV/StarterContent/Textures/T_RockMesh_M.uasset" 409
"../../../PonyKart/Content/AV/StarterContent/Textures/T_RockMesh_N.uasset" 410
"../../../PonyKart/Content/AV/StarterContent/Textures/T_Rock_Basalt_D.uasset" 411
"../../../PonyKart/Content/AV/StarterContent/Textures/T_Rock_Basalt_N.uasset" 412
"../../../PonyKart/Content/AV/StarterContent/Textures/T_Rock_Marble_Polished_D.uasset" 413
"../../../PonyKart/Content/AV/StarterContent/Textures/T_Rock_Sandstone_D.uasset" 414
"../../../PonyKart/Content/AV/StarterContent/Textures/T_Rock_Sandstone_N.uasset" 415
"../../../PonyKart/Content/AV/StarterContent/Textures/T_Rock_Slate_D.uasset" 416
"../../../PonyKart/Content/AV/StarterContent/Textures/T_Rock_Slate_N.uasset" 417
"../../../PonyKart/Content/AV/StarterContent/Textures/T_Rock_Smooth_Granite_D.uasset" 418
"../../../PonyKart/Content/AV/StarterContent/Textures/T_Shelf_M.uasset" 419
"../../../PonyKart/Content/AV/StarterContent/Textures/T_Shelf_N.uasset" 420
"../../../PonyKart/Content/AV/StarterContent/Textures/T_Single_Tile_N.uasset" 421
"../../../PonyKart/Content/AV/StarterContent/Textures/T_Smoke_SubUV.uasset" 422
"../../../PonyKart/Content/AV/StarterContent/Textures/T_Smoke_Tiled_D.uasset" 423
"../../../PonyKart/Content/AV/StarterContent/Textures/T_Spark_Core.uasset" 424
"../../../PonyKart/Content/AV/StarterContent/Textures/T_Statue_M.uasset" 425
"../../../PonyKart/Content/AV/StarterContent/Textures/T_Statue_N.uasset" 426
"../../../PonyKart/Content/AV/StarterContent/Textures/T_TableRound_M.uasset" 427
"../../../PonyKart/Content/AV/StarterContent/Textures/T_TableRound_N.uasset" 428
"../../../PonyKart/Content/AV/StarterContent/Textures/T_Tech_Dot_M.uasset" 429
"../../../PonyKart/Content/AV/StarterContent/Textures/T_Tech_Dot_N.uasset" 430
"../../../PonyKart/Content/AV/StarterContent/Textures/T_Tech_Hex_Tile_M.uasset" 431
"../../../PonyKart/Content/AV/StarterContent/Textures/T_Tech_Hex_Tile_N.uasset" 432
"../../../PonyKart/Content/AV/StarterContent/Textures/T_Tech_Panel_M.uasset" 433
"../../../PonyKart/Content/AV/StarterContent/Textures/T_Tech_Panel_N.uasset" 434
"../../../PonyKart/Content/AV/StarterContent/Textures/T_Water_M.uasset" 435
"../../../PonyKart/Content/AV/StarterContent/Textures/T_Water_N.uasset" 436
"../../../PonyKart/Content/AV/StarterContent/Textures/T_Wood_Floor_Walnut_D.uasset" 437
"../../../PonyKart/Content/AV/StarterContent/Textures/T_Wood_Floor_Walnut_M.uasset" 438
"../../../PonyKart/Content/AV/StarterContent/Textures/T_Wood_Floor_Walnut_N.uasset" 439
"../../../PonyKart/Content/AV/StarterContent/Textures/T_Wood_Oak_D.uasset" 440
"../../../PonyKart/Content/AV/StarterContent/Textures/T_Wood_Oak_N.uasset" 441
"../../../PonyKart/Content/AV/StarterContent/Textures/T_Wood_Pine_D.uasset" 442
"../../../PonyKart/Content/AV/StarterContent/Textures/T_Wood_Pine_N.uasset" 443
"../../../PonyKart/Content/AV/StarterContent/Textures/T_Wood_Walnut_D.uasset" 444
"../../../PonyKart/Content/AV/StarterContent/Textures/T_Wood_Walnut_N.uasset" 445
"../../../PonyKart/Content/Blueprints/NewBlueprint.uasset" 446
"../../../PonyKart/Content/Blueprints/PickUpMaterial.uasset" 447
"../../../Engine/Content/BasicShapes/Cube.uasset" 448
"../../../PonyKart/Content/Blueprints/RaycastTester.uasset" 449
"../../../PonyKart/Content/TextureFiles/grass_01.uasset" 450
"../../../PonyKart/Content/Levels/TerrainMat.uasset" 451
"../../../PonyKart/Content/Models/Characters/AppleJack/ApplejackBody3.uasset" 452
"../../../PonyKart/Content/Models/Characters/AppleJack/ApplejackEyes3.uasset" 453
"../../../PonyKart/Content/Models/Characters/AppleJack/ApplejackHair3.uasset" 454
"../../../PonyKart/Content/Models/Characters/AppleJack/Applejack_Skeleton.uasset" 455
"../../../PonyKart/Content/Models/Characters/AppleJack/Applejack_Anim_Basis.uasset" 456
"../../../PonyKart/Content/Models/Characters/AppleJack/Applejack_Anim_DriftRight.uasset" 457
"../../../PonyKart/Content/Models/Characters/AppleJack/Applejack_Anim_Reverse.uasset" 458
"../../../PonyKart/Content/Models/Characters/AppleJack/Applejack_Anim_Stand.uasset" 459
"../../../PonyKart/Content/Models/Characters/AppleJack/Applejack_Anim_TurnLeft.uasset" 460
"../../../PonyKart/Content/Models/Characters/AppleJack/Applejack_Anim_TurnRight.uasset" 461
"../../../PonyKart/Content/Models/Characters/Celestia/CelestiaUE4_Skeleton.uasset" 462
"../../../PonyKart/Content/Models/Characters/Celestia/CelestiaUE4_Anim_Basis.uasset" 463
"../../../PonyKart/Content/Models/Characters/Celestia/CelestiaUE4_Anim_DriftLeft.uasset" 464
"../../../PonyKart/Content/Models/Characters/Celestia/CelestiaUE4_Anim_DriftRight.uasset" 465
"../../../PonyKart/Content/Models/Characters/Celestia/CelestiaUE4_Anim_Drive.uasset" 466
"../../../PonyKart/Content/Models/Characters/Celestia/CelestiaUE4_Anim_Reverse.uasset" 467
"../../../PonyKart/Content/Models/Characters/Celestia/CelestiaUE4_Anim_Stand.uasset" 468
"../../../PonyKart/Content/Models/Characters/Celestia/CelestiaUE4_Anim_TurnLeft.uasset" 469
"../../../PonyKart/Content/Models/Characters/Celestia/CelestiaUE4_Anim_TurnRight.uasset" 470
"../../../PonyKart/Content/Models/Characters/FlutterShy/FluttershyBody3.uasset" 471
"../../../PonyKart/Content/Models/Characters/FlutterShy/FluttershyEyes3.uasset" 472
"../../../PonyKart/Content/Models/Characters/FlutterShy/FluttershyHair3.uasset" 473
"../../../PonyKart/Content/Models/Characters/FlutterShy/FluttershyWings3.uasset" 474
"../../../PonyKart/Content/Models/Characters/FlutterShy/Fluttershy_Skeleton.uasset" 475
"../../../PonyKart/Content/Models/Characters/FlutterShy/Fluttershy_Anim_Basis.uasset" 476
"../../../PonyKart/Content/Models/Characters/FlutterShy/Fluttershy_Anim_DriftLeft.uasset" 477
"../../../PonyKart/Content/Models/Characters/FlutterShy/Fluttershy_Anim_DriftRight.uasset" 478
"../../../PonyKart/Content/Models/Characters/FlutterShy/Fluttershy_Anim_Idle.uasset" 479
"../../../PonyKart/Content/Models/Characters/FlutterShy/Fluttershy_Anim_Reverse.uasset" 480
"../../../PonyKart/Content/Models/Characters/FlutterShy/Fluttershy_Anim_Stand.uasset" 481
"../../../PonyKart/Content/Models/Characters/FlutterShy/Fluttershy_Anim_TurnLeft.uasset" 482
"../../../PonyKart/Content/Models/Characters/FlutterShy/Fluttershy_Anim_TurnRight.uasset" 483
"../../../PonyKart/Content/Models/Characters/Luna/LunaUE4_Skeleton.uasset" 484
"../../../PonyKart/Content/Models/Characters/Luna/LunaUE4_Anim_Basis.uasset" 485
"../../../PonyKart/Content/Models/Characters/Luna/LunaUE4_Anim_DriftLeft.uasset" 486
"../../../PonyKart/Content/Models/Characters/Luna/LunaUE4_Anim_DriftRight.uasset" 487
"../../../PonyKart/Content/Models/Characters/Luna/LunaUE4_Anim_Drive.uasset" 488
"../../../PonyKart/Content/Models/Characters/Luna/LunaUE4_Anim_Reverse.uasset" 489
"../../../PonyKart/Content/Models/Characters/Luna/LunaUE4_Anim_Stand.uasset" 490
"../../../PonyKart/Content/Models/Characters/Luna/LunaUE4_Anim_TurnLeft.uasset" 491
"../../../PonyKart/Content/Models/Characters/Luna/LunaUE4_Anim_TurnRight.uasset" 492
"../../../PonyKart/Content/Models/Characters/PinkiePie/PinkiePie_Skeleton.uasset" 493
"../../../PonyKart/Content/Models/Characters/PinkiePie/PinkiePie_Anim_Basis.uasset" 494
"../../../PonyKart/Content/Models/Characters/PinkiePie/PinkiePie_Anim_DriftLeft.uasset" 495
"../../../PonyKart/Content/Models/Characters/PinkiePie/PinkiePie_Anim_DriftRight.uasset" 496
"../../../PonyKart/Content/Models/Characters/PinkiePie/PinkiePie_Anim_Drive.uasset" 497
"../../../PonyKart/Content/Models/Characters/PinkiePie/PinkiePie_Anim_Reverse.uasset" 498
"../../../PonyKart/Content/Models/Characters/PinkiePie/PinkiePie_Anim_Stand.uasset" 499
"../../../PonyKart/Content/Models/Characters/PinkiePie/PinkiePie_Anim_TurnLeft.uasset" 500
"../../../PonyKart/Content/Models/Characters/PinkiePie/PinkiePie_Anim_TurnRight.uasset" 501
"../../../PonyKart/Content/Models/Characters/RainbowDash/RainbowDash_Skeleton.uasset" 502
"../../../PonyKart/Content/Models/Characters/RainbowDash/RainbowDash_Anim_Basis.uasset" 503
"../../../PonyKart/Content/Models/Characters/RainbowDash/RainbowDash_Anim_DriftLeft.uasset" 504
"../../../PonyKart/Content/Models/Characters/RainbowDash/RainbowDash_Anim_DriftRight.uasset" 505
"../../../PonyKart/Content/Models/Characters/RainbowDash/RainbowDash_Anim_Drive.uasset" 506
"../../../PonyKart/Content/Models/Characters/RainbowDash/RainbowDash_Anim_Reverse.uasset" 507
"../../../PonyKart/Content/Models/Characters/RainbowDash/RainbowDash_Anim_Stand.uasset" 508
"../../../PonyKart/Content/Models/Characters/RainbowDash/RainbowDash_Anim_TurnLeft.uasset" 509
"../../../PonyKart/Content/Models/Characters/RainbowDash/RainbowDash_Anim_TurnRight.uasset" 510
"../../../PonyKart/Content/Models/Characters/Rarity/Rarity_Skeleton.uasset" 511
"../../../PonyKart/Content/Models/Characters/Rarity/Rarity_Anim_Basis.uasset" 512
"../../../PonyKart/Content/Models/Characters/Rarity/Rarity_Anim_DriftLeft.uasset" 513
"../../../PonyKart/Content/Models/Characters/Rarity/Rarity_Anim_DriftRight.uasset" 514
"../../../PonyKart/Content/Models/Characters/Rarity/Rarity_Anim_Drive.uasset" 515
"../../../PonyKart/Content/Models/Characters/Rarity/Rarity_Anim_Reverse.uasset" 516
"../../../PonyKart/Content/Models/Characters/Rarity/Rarity_Anim_Stand.uasset" 517
"../../../PonyKart/Content/Models/Characters/Rarity/Rarity_Anim_TurnLeft.uasset" 518
"../../../PonyKart/Content/Models/Characters/Rarity/Rarity_Anim_TurnRight.uasset" 519
"../../../PonyKart/Content/Models/Characters/TwilightSparkle/TwilightSparkle_Skeleton.uasset" 520
"../../../PonyKart/Content/Models/Characters/TwilightSparkle/TwilightSparkle_Anim_Basis.uasset" 521
"../../../PonyKart/Content/Models/Characters/TwilightSparkle/TwilightSparkle_Anim_DriftLeft.uasset" 522
"../../../PonyKart/Content/Models/Characters/TwilightSparkle/TwilightSparkle_Anim_DriftRight.uasset" 523
"../../../PonyKart/Content/Models/Characters/TwilightSparkle/TwilightSparkle_Anim_Drive.uasset" 524
"../../../PonyKart/Content/Models/Characters/TwilightSparkle/TwilightSparkle_Anim_Reverse.uasset" 525
"../../../PonyKart/Content/Models/Characters/TwilightSparkle/TwilightSparkle_Anim_Stand.uasset" 526
"../../../PonyKart/Content/Models/Characters/TwilightSparkle/TwilightSparkle_Anim_TurnLeft.uasset" 527
"../../../PonyKart/Content/Models/Characters/TwilightSparkle/TwilightSparkle_Anim_TurnRight.uasset" 528
"../../../PonyKart/Content/Models/Karts/FlufflePuff/FlufflePuff_Skeleton.uasset" 529
"../../../PonyKart/Content/Models/Karts/FlufflePuff/FlufflePuff_Anim_Basis.uasset" 530
"../../../PonyKart/Content/Models/Karts/FlufflePuff/FlufflePuff_Anim_Hover.uasset" 531
"../../../PonyKart/Content/Models/Karts/FlufflePuff/FlufflePuff_Anim_MoveBackward.uasset" 532
"../../../PonyKart/Content/Models/Karts/FlufflePuff/FlufflePuff_Anim_MoveForward.uasset" 533
"../../../PonyKart/Content/Models/Karts/FlufflePuff/FlufflePuff_Anim_PoneRig_Basis.uasset" 534
"../../../PonyKart/Content/Models/Karts/FlufflePuff/FlufflePuff_Anim_PoneRig_Hover.uasset" 535
"../../../PonyKart/Content/Models/Karts/FlufflePuff/FlufflePuff_Anim_PoneRig_MoveBackward.uasset" 536
"../../../PonyKart/Content/Models/Karts/FlufflePuff/FlufflePuff_Anim_PoneRig_MoveForward.uasset" 537
"../../../PonyKart/Content/Models/Karts/FlufflePuff/FlufflePuff_Anim_PoneRig_TurnLeft.uasset" 538
"../../../PonyKart/Content/Models/Karts/FlufflePuff/FlufflePuff_Anim_PoneRig_TurnRight.uasset" 539
"../../../PonyKart/Content/Models/Karts/FlufflePuff/FlufflePuff_Anim_TurnLeft.uasset" 540
"../../../PonyKart/Content/Models/Karts/FlufflePuff/FlufflePuff_Anim_TurnRight.uasset" 541
"../../../PonyKart/Content/Models/Karts/FlutterShyKart/FW_amb.uasset" 542
"../../../PonyKart/Content/Models/Karts/SimpleKart/SimpleKartBodyMat.uasset" 543
"../../../PonyKart/Content/Models/Karts/SimpleKart/SimpleKartWheelMat.uasset" 544
"../../../PonyKart/Content/Models/Karts/SimpleKart/SimpleKart.uasset" 545
"../../../PonyKart/Content/Models/TrackAssets/Curve.uasset" 546
"../../../PonyKart/Content/Models/TrackAssets/Curve2_Cube.uasset" 547
"../../../PonyKart/Content/Models/TrackAssets/ArenaModels/ArenaMesh/LoopBig.uasset" 548
"../../../PonyKart/Content/Models/TrackAssets/ArenaModels/ArenaMesh/LoopSmall.uasset" 549
"../../../PonyKart/Content/Models/TrackAssets/ArenaModels/ArenaMesh/pole.uasset" 550
"../../../PonyKart/Content/Models/TrackAssets/ArenaModels/ArenaMesh/RampLarge.uasset" 551
"../../../PonyKart/Content/Models/TrackAssets/ArenaModels/ArenaMesh/RampTwist.uasset" 552
"../../../PonyKart/Content/Models/TrackAssets/Cloudsdale/TexturesAndMaterials/CloudMaterial_003.uasset" 553
"../../../PonyKart/Content/Models/TrackAssets/Cloudsdale/TexturesAndMaterials/RampMat.uasset" 554
"../../../PonyKart/Content/Models/TrackAssets/Cloudsdale/TexturesAndMaterials/rect2985a.uasset" 555
"../../../PonyKart/Content/Models/TrackAssets/Cloudsdale/TexturesAndMaterials/TrackTexture.uasset" 556
"../../../PonyKart/Content/TextureFiles/Level-00.uasset" 557
"../../../PonyKart/Content/Models/Characters/AppleJack/Applejack_Anim_DriftLeft.uasset" 558
"../../../Engine/Content/EditorBlueprintResources/StandardMacros.uasset" 559
"../../../PonyKart/Content/Blueprints/AllLevels/pk_PlayerInfo.uasset" 560
"../../../PonyKart/Content/Blueprints/AllLevels/PlayerSaveGame.uasset" 561
"../../../Engine/Content/VREditor/Tutorial/UMG/Specialized/Textures/UE4_LOGO_CARD.uasset" 562
"../../../PonyKart/Content/TextureFiles/Avatars/avatar_ajbuttstamp.uasset" 563
"../../../PonyKart/Content/TextureFiles/Avatars/avatar_bonbon.uasset" 564
"../../../PonyKart/Content/TextureFiles/Avatars/avatar_BrownBunneh.uasset" 565
"../../../PonyKart/Content/TextureFiles/Avatars/avatar_Cheerilee.uasset" 566
"../../../PonyKart/Content/TextureFiles/Avatars/avatar_fluttershy.uasset" 567
"../../../PonyKart/Content/TextureFiles/Avatars/avatar_pinkie_pie.uasset" 568
"../../../PonyKart/Content/TextureFiles/Avatars/avatar_rainbow_dash.uasset" 569
"../../../PonyKart/Content/TextureFiles/Avatars/avatar_rarity.uasset" 570
"../../../PonyKart/Content/TextureFiles/Avatars/avatar_Rocks.uasset" 571
"../../../PonyKart/Content/TextureFiles/Avatars/avatar_Trixie.uasset" 572
"../../../PonyKart/Content/TextureFiles/Avatars/avatar_twilight_sparkle.uasset" 573
"../../../PonyKart/Content/UI/MainMenu/OptionsMenu.uasset" 574
"../../../PonyKart/Content/UI/AllLevels/LoadingScreen.uasset" 575
"../../../PonyKart/Content/UI/MainMenu/ErrorDialog.uasset" 576
"../../../PonyKart/Content/UI/MainMenu/HostMenu.uasset" 577
"../../../PonyKart/Content/UI/MainMenu/MainMenu.uasset" 578
"../../../PonyKart/Content/UI/MainMenu/ServerMenu.uasset" 579
"../../../PonyKart/Content/Blueprints/AllLevels/GameInfoInstance.uasset" 580
"../../../PonyKart/Content/Models/Karts/AJKart/AJ_Kart_Skeleton.uasset" 581
"../../../PonyKart/Content/Models/Karts/AJKartOld/KartAnimationBlueprint.uasset" 582
"../../../PonyKart/Content/Models/Characters/FlutterShy/Fluttershy_Anim_Drive.uasset" 583
"../../../PonyKart/Content/Blueprints/NoFriction.uasset" 584
"../../../PonyKart/Content/CollisionMeshMaterial.uasset" 585
"../../../PonyKart/Content/Models/Karts/FlutterShyKart/FW_diff.uasset" 586
"../../../PonyKart/Content/Models/Karts/FlutterShyKart/FlutterShyKartMaterial.uasset" 587
"../../../PonyKart/Content/Models/Karts/FlutterShyKart/FlutterShyKartMaterialWheels.uasset" 588
"../../../PonyKart/Content/Blueprints/CollisionMesh.uasset" 589
"../../../PonyKart/Content/Models/Characters/FlutterShy/FluttershyAo.uasset" 590
"../../../PonyKart/Content/Models/Characters/FlutterShy/FluttershyBody2.uasset" 591
"../../../PonyKart/Content/Models/Characters/FlutterShy/FluttershyBody.uasset" 592
"../../../PonyKart/Content/Models/Characters/FlutterShy/FluttershyEyes2.uasset" 593
"../../../PonyKart/Content/Models/Characters/FlutterShy/FluttershyEyes.uasset" 594
"../../../PonyKart/Content/Models/Characters/FlutterShy/FluttershyHair2.uasset" 595
"../../../PonyKart/Content/Models/Characters/FlutterShy/FluttershyHairAo.uasset" 596
"../../../PonyKart/Content/Models/Characters/FlutterShy/FluttershyHair.uasset" 597
"../../../PonyKart/Content/Models/Characters/FlutterShy/FluttershyWings2.uasset" 598
"../../../PonyKart/Content/Models/Characters/FlutterShy/FluttershyWingsAo.uasset" 599
"../../../PonyKart/Content/Models/Characters/FlutterShy/FluttershyWings.uasset" 600
"../../../PonyKart/Content/Models/Characters/FlutterShy/Fluttershy.uasset" 601
"../../../PonyKart/Content/Models/Karts/FlutterShyKart/FlutterKart_Mk1_PhysicsAsset.uasset" 602
"../../../PonyKart/Content/Models/Karts/FlutterShyKart/FlutterKart_Mk1_Skeleton.uasset" 603
"../../../PonyKart/Content/Models/Karts/FlutterShyKart/FlutterKart_Mk1.uasset" 604
"../../../PonyKart/Content/SoundAndCues/NewSoundCue.uasset" 605
"../../../PonyKart/Content/Blueprints/Characters/0_Base.uasset" 606
"../../../Engine/Content/EditorBlueprintResources/ActorMacros.uasset" 607
"../../../PonyKart/Content/Models/Characters/AppleJack/Applejack_Anim_Idle.uasset" 608
"../../../PonyKart/Content/Models/Karts/AJKart/AJKart.uasset" 609
"../../../PonyKart/Content/Models/Karts/AJKart/AJKartMat.uasset" 610
"../../../PonyKart/Content/Models/Characters/AppleJack/ApplejackAo.uasset" 611
"../../../PonyKart/Content/Models/Characters/AppleJack/ApplejackBody2.uasset" 612
"../../../PonyKart/Content/Models/Characters/AppleJack/ApplejackBody.uasset" 613
"../../../PonyKart/Content/Models/Characters/AppleJack/ApplejackEyes2.uasset" 614
"../../../PonyKart/Content/Models/Characters/AppleJack/ApplejackEyes.uasset" 615
"../../../PonyKart/Content/Models/Characters/AppleJack/ApplejackHair2.uasset" 616
"../../../PonyKart/Content/Models/Characters/AppleJack/ApplejackHairAo.uasset" 617
"../../../PonyKart/Content/Models/Characters/AppleJack/ApplejackHair.uasset" 618
"../../../PonyKart/Content/Models/Characters/AppleJack/ApplejackHatAo1.uasset" 619
"../../../PonyKart/Content/Models/Characters/AppleJack/ApplejackHat.uasset" 620
"../../../PonyKart/Content/Models/Characters/AppleJack/Applejack.uasset" 621
"../../../PonyKart/Content/Models/Karts/AJKart/AJ_Kart_PhysicsAsset.uasset" 622
"../../../PonyKart/Content/Models/Karts/AJKart/AJ_Kart.uasset" 623
"../../../PonyKart/Content/Blueprints/Characters/pawn_applejack.uasset" 624
"../../../PonyKart/Content/Models/Characters/Celestia/CelestiaUE4_Anim_Idle.uasset" 625
"../../../PonyKart/Content/Models/Karts/CelestiaKart/celCOLvin.uasset" 626
"../../../PonyKart/Content/Models/Karts/CelestiaKart/CelestiaKartMaterial.uasset" 627
"../../../PonyKart/Content/Models/Characters/Celestia/color.uasset" 628
"../../../PonyKart/Content/Models/Characters/Celestia/Material.uasset" 629
"../../../PonyKart/Content/Models/Characters/Celestia/CelestiaUE4_PhysicsAsset.uasset" 630
"../../../PonyKart/Content/Models/Characters/Celestia/CelestiaUE4.uasset" 631
"../../../PonyKart/Content/Models/Karts/CelestiaKart/CelestiaKart_PhysicsAsset.uasset" 632
"../../../PonyKart/Content/Models/Karts/CelestiaKart/CelestiaKart_Skeleton.uasset" 633
"../../../PonyKart/Content/Models/Karts/CelestiaKart/CelestiaKart.uasset" 634
"../../../PonyKart/Content/Blueprints/Characters/pawn_celestia.uasset" 635
"../../../PonyKart/Content/Blueprints/Characters/pawn_fluttershy.uasset" 636
"../../../PonyKart/Content/Models/Characters/Luna/LunaUE4_Anim_Idle.uasset" 637
"../../../PonyKart/Content/Models/Karts/LunaKart/uvmap.uasset" 638
"../../../PonyKart/Content/Models/Karts/LunaKart/LunaKartMaterial.uasset" 639
"../../../PonyKart/Content/Models/Karts/LunaKart/LunaKartMaterialWheel.uasset" 640
"../../../PonyKart/Content/Models/Characters/Luna/color.uasset" 641
"../../../PonyKart/Content/Models/Characters/Luna/Material.uasset" 642
"../../../PonyKart/Content/Models/Characters/Luna/LunaUE4_PhysicsAsset.uasset" 643
"../../../PonyKart/Content/Models/Characters/Luna/LunaUE4.uasset" 644
"../../../PonyKart/Content/Models/Karts/LunaKart/LunaKart_PhysicsAsset.uasset" 645
"../../../PonyKart/Content/Models/Karts/LunaKart/LunaKart_Skeleton.uasset" 646
"../../../PonyKart/Content/Models/Karts/LunaKart/LunaKart.uasset" 647
"../../../PonyKart/Content/Blueprints/Characters/pawn_luna.uasset" 648
"../../../PonyKart/Content/Models/Characters/PinkiePie/PinkiePie_Anim_Idle.uasset" 649
"../../../PonyKart/Content/Models/Karts/PinkiePieKart/PPKart.uasset" 650
"../../../PonyKart/Content/Models/Karts/PinkiePieKart/PinkiePieKartMaterial.uasset" 651
"../../../PonyKart/Content/Models/Characters/PinkiePie/PinkiePieAo.uasset" 652
"../../../PonyKart/Content/Models/Characters/PinkiePie/PinkiePieBody2.uasset" 653
"../../../PonyKart/Content/Models/Characters/PinkiePie/PinkiePieBody.uasset" 654
"../../../PonyKart/Content/Models/Characters/PinkiePie/PinkiePieEyes2.uasset" 655
"../../../PonyKart/Content/Models/Characters/PinkiePie/PinkiePieEyes.uasset" 656
"../../../PonyKart/Content/Models/Characters/PinkiePie/PinkiePieHair2.uasset" 657
"../../../PonyKart/Content/Models/Characters/PinkiePie/PinkiePieHairAo.uasset" 658
"../../../PonyKart/Content/Models/Characters/PinkiePie/PinkiePieHair.uasset" 659
"../../../PonyKart/Content/Models/Characters/PinkiePie/PinkiePie.uasset" 660
"../../../PonyKart/Content/Models/Karts/PinkiePieKart/PinkiePieKart_PhysicsAsset.uasset" 661
"../../../PonyKart/Content/Models/Karts/PinkiePieKart/PinkiePieKart_Skeleton.uasset" 662
"../../../PonyKart/Content/Models/Karts/PinkiePieKart/PinkiePieKart.uasset" 663
"../../../PonyKart/Content/Blueprints/Characters/pawn_pinkiepie.uasset" 664
"../../../PonyKart/Content/Models/Characters/RainbowDash/RainbowDash_Anim_Idle.uasset" 665
"../../../PonyKart/Content/Models/Karts/DashKart/DashKart_PhysicsAsset.uasset" 666
"../../../PonyKart/Content/Models/Karts/DashKart/DashKart_Skeleton.uasset" 667
"../../../PonyKart/Content/Models/Karts/DashKart/DashKart.uasset" 668
"../../../PonyKart/Content/Models/Karts/DashKart/DashKartMaterial.uasset" 669
"../../../PonyKart/Content/Models/Characters/RainbowDash/RainbowDashAo.uasset" 670
"../../../PonyKart/Content/Models/Characters/RainbowDash/RainbowDashBody2.uasset" 671
"../../../PonyKart/Content/Models/Characters/RainbowDash/RainbowDashBody.uasset" 672
"../../../PonyKart/Content/Models/Characters/RainbowDash/RainbowDashEyes2.uasset" 673
"../../../PonyKart/Content/Models/Characters/RainbowDash/RainbowDashEyes.uasset" 674
"../../../PonyKart/Content/Models/Characters/RainbowDash/RainbowDashHairAo.uasset" 675
"../../../PonyKart/Content/Models/Characters/RainbowDash/RainbowDashHairColour.uasset" 676
"../../../PonyKart/Content/Models/Characters/RainbowDash/RainbowDashHair.uasset" 677
"../../../PonyKart/Content/Models/Characters/RainbowDash/RainbowDashWingColour.uasset" 678
"../../../PonyKart/Content/Models/Characters/RainbowDash/RainbowDashWingsAo.uasset" 679
"../../../PonyKart/Content/Models/Characters/RainbowDash/RainbowDashWings.uasset" 680
"../../../PonyKart/Content/Models/Characters/RainbowDash/RainbowDash.uasset" 681
"../../../PonyKart/Content/Blueprints/Characters/pawn_rainbowdash.uasset" 682
"../../../PonyKart/Content/Models/Characters/Rarity/Rarity_Anim_Idle.uasset" 683
"../../../PonyKart/Content/Models/Karts/RarityKart/RarityKartTexture.uasset" 684
"../../../PonyKart/Content/Models/Karts/RarityKart/RarityKartBodyMat.uasset" 685
"../../../PonyKart/Content/Models/Karts/RarityKart/RarityKartWheelMat.uasset" 686
"../../../PonyKart/Content/Models/Characters/Rarity/RarityAo.uasset" 687
"../../../PonyKart/Content/Models/Characters/Rarity/RarityBody2.uasset" 688
"../../../PonyKart/Content/Models/Characters/Rarity/RarityBody.uasset" 689
"../../../PonyKart/Content/Models/Characters/Rarity/RarityEyes2.uasset" 690
"../../../PonyKart/Content/Models/Characters/Rarity/RarityEyes.uasset" 691
"../../../PonyKart/Content/Models/Characters/Rarity/RarityHair2.uasset" 692
"../../../PonyKart/Content/Models/Characters/Rarity/RarityHairAo.uasset" 693
"../../../PonyKart/Content/Models/Characters/Rarity/RarityHair.uasset" 694
"../../../PonyKart/Content/Models/Characters/Rarity/Rarity.uasset" 695
"../../../PonyKart/Content/Models/Karts/RarityKart/RarityKart_PhysicsAsset.uasset" 696
"../../../PonyKart/Content/Models/Karts/RarityKart/RarityKart_Skeleton.uasset" 697
"../../../PonyKart/Content/Models/Karts/RarityKart/RarityKart.uasset" 698
"../../../PonyKart/Content/Blueprints/Characters/pawn_rarity.uasset" 699
"../../../PonyKart/Content/Models/Characters/TwilightSparkle/TwilightSparkle_Anim_Idle.uasset" 700
"../../../PonyKart/Content/Models/Karts/TwilightKart/TwiKartColor.uasset" 701
"../../../PonyKart/Content/Models/Karts/TwilightKart/TwilightKartAo.uasset" 702
"../../../PonyKart/Content/Models/Karts/TwilightKart/TwilightKartMat.uasset" 703
"../../../PonyKart/Content/Models/Karts/TwilightKart/TwilightKartTireMat.uasset" 704
"../../../Engine/Content/Functions/Engine_MaterialFunctions02/Math/MultiplyAdd.uasset" 705
"../../../PonyKart/Content/Models/Characters/TwilightSparkle/TwilightAo.uasset" 706
"../../../PonyKart/Content/Models/Characters/TwilightSparkle/TwilightBody.uasset" 707
"../../../PonyKart/Content/Models/Characters/TwilightSparkle/TwilightBodyMat.uasset" 708
"../../../PonyKart/Content/Models/Characters/TwilightSparkle/TwilightEyes2.uasset" 709
"../../../PonyKart/Content/Models/Characters/TwilightSparkle/TwilightEyesMat.uasset" 710
"../../../PonyKart/Content/Models/Characters/TwilightSparkle/TwilightHair2.uasset" 711
"../../../PonyKart/Content/Models/Characters/TwilightSparkle/TwilightHairAO.uasset" 712
"../../../PonyKart/Content/Models/Characters/TwilightSparkle/TwilightHairMat.uasset" 713
"../../../PonyKart/Content/Models/Characters/TwilightSparkle/TwilightSparkle.uasset" 714
"../../../PonyKart/Content/Models/Karts/TwilightKart/TwilightKart_PhysicsAsset.uasset" 715
"../../../PonyKart/Content/Models/Karts/TwilightKart/TwilightKart_Skeleton.uasset" 716
"../../../PonyKart/Content/Models/Karts/TwilightKart/TwilightKart.uasset" 717
"../../../PonyKart/Content/Blueprints/Characters/pawn_twilight.uasset" 718
"../../../PonyKart/Content/TextureFiles/thumbnails/thumb_AJ.uasset" 719
"../../../PonyKart/Content/TextureFiles/thumbnails/thumb_Dashie.uasset" 720
"../../../PonyKart/Content/TextureFiles/thumbnails/thumb_Fluttershy.uasset" 721
"../../../PonyKart/Content/TextureFiles/thumbnails/thumb_Pinkie.uasset" 722
"../../../PonyKart/Content/TextureFiles/thumbnails/thumb_Rarity.uasset" 723
"../../../PonyKart/Content/TextureFiles/thumbnails/thumb_Twilight.uasset" 724
"../../../PonyKart/Content/UI/Lobby/CharacterSelect.uasset" 725
"../../../PonyKart/Content/UI/Lobby/ConnectedPlayer.uasset" 726
"../../../PonyKart/Content/TextureFiles/Level-01.uasset" 727
"../../../PonyKart/Content/TextureFiles/Level-02.uasset" 728
"../../../PonyKart/Content/UI/Lobby/PlayerButton.uasset" 729
"../../../PonyKart/Content/UI/Lobby/GameSettings.uasset" 730
"../../../PonyKart/Content/UI/Lobby/LobbyMenu.uasset" 731
"../../../PonyKart/Content/Blueprints/Lobby/LobbyGM.uasset" 732
"../../../PonyKart/Content/Blueprints/Lobby/LobbyPC.uasset" 733
"../../../PonyKart/Content/UI/AllLevels/ChatText.uasset" 734
"../../../PonyKart/Content/UI/AllLevels/ChatWindow.uasset" 735
"../../../PonyKart/Content/UI/AllLevels/GamePlayChat.uasset" 736
"../../../PonyKart/Content/Blueprints/GamePlay/GamePlayPC.uasset" 737
"../../../PonyKart/Content/Blueprints/GamePlay/GamePlayGM.uasset" 738
"../../../Engine/Content/Editor/Slate/Icons/AssetIcons/Cone_16x.uasset" 739
"../../../PonyKart/Content/AV/StarterContent/Particles/Materials/M_Spark.uasset" 740
"../../../PonyKart/Content/Models/Karts/DashKart/DashKartDangerZone.uasset" 741
"../../../PonyKart/Content/Models/Karts/DashKart/DashKartDangerZoneMat.uasset" 742
"../../../PonyKart/Content/Models/Karts/DashKart/DashKartLicensePlate.uasset" 743
"../../../PonyKart/Content/Models/Karts/DashKart/DashKartLicensePlateMat.uasset" 744
"../../../PonyKart/Content/Models/Karts/DashKart/DashKartMaterialWheels.uasset" 745
"../../../PonyKart/Content/Models/TrackAssets/ArenaModels/ArenaMesh/ArenaMeshMaterial.uasset" 746
"../../../PonyKart/Content/Models/TrackAssets/Cloudsdale/TexturesAndMaterials/CloudMaterial.uasset" 747
"../../../PonyKart/Content/Models/TrackAssets/Cloudsdale/TexturesAndMaterials/ColumnMaterial.uasset" 748
"../../../PonyKart/Content/Models/TrackAssets/Cloudsdale/TexturesAndMaterials/FactoryMat.uasset" 749
"../../../PonyKart/Content/Models/TrackAssets/Cloudsdale/TexturesAndMaterials/GlassMaterial.uasset" 750
"../../../PonyKart/Content/Models/TrackAssets/Cloudsdale/TexturesAndMaterials/RainbowTexture.uasset" 751
"../../../PonyKart/Content/Models/TrackAssets/Cloudsdale/TexturesAndMaterials/Rainbow.uasset" 752
"../../../PonyKart/Content/Models/TrackAssets/Cloudsdale/TexturesAndMaterials/RoadMaterial.uasset" 753
"../../../PonyKart/Content/Models/TrackAssets/Cloudsdale/TexturesAndMaterials/SoftBlueMaterial.uasset" 754
"../../../PonyKart/Content/Models/TrackAssets/Cloudsdale/TexturesAndMaterials/rect2985.uasset" 755
"../../../PonyKart/Content/Models/TrackAssets/Cloudsdale/TexturesAndMaterials/Water.uasset" 756
"../../../PonyKart/Content/Models/Karts/FlufflePuff/FluffyPone.uasset" 757
"../../../PonyKart/Content/Models/Karts/FlufflePuff/FluffyPoneAo.uasset" 758
"../../../PonyKart/Content/Models/Karts/FlufflePuff/Pone.uasset" 759
"../../../PonyKart/Content/Models/Karts/FlufflePuff/FluffyPoneArmour.uasset" 760
"../../../PonyKart/Content/Models/Karts/FlufflePuff/FluffyPoneArmourAo.uasset" 761
"../../../PonyKart/Content/Models/Karts/FlufflePuff/PoneArmour.uasset" 762
"../../../PonyKart/Content/Models/Karts/FlufflePuff/FlufflePuff.uasset" 763
"../../../PonyKart/Content/Models/TrackAssets/Cloudsdale/CloudsdaleTrack.uasset" 764
"../../../PonyKart/Content/Models/TrackAssets/QuarterRamp.uasset" 765
"../../../PonyKart/Content/SoundAndCues/BGMusic1.uasset" 766
"../../../PonyKart/Content/Maps/KartLevel_Test.umap" 767
"../../../Engine/Content/EngineSky/C_Sky_Cloud_Color.uasset" 768
"../../../Engine/Content/EngineSky/C_Sky_Horizon_Color.uasset" 769
"../../../Engine/Content/EngineSky/C_Sky_Zenith_Color.uasset" 770
"../../../Engine/Content/EngineSky/T_Sky_Blue.uasset" 771
"../../../Engine/Content/EngineSky/T_Sky_Clouds_M.uasset" 772
"../../../Engine/Content/EngineSky/T_Sky_Stars.uasset" 773
"../../../Engine/Content/EngineSky/M_Sky_Panning_Clouds2.uasset" 774
"../../../Engine/Content/EngineSky/SM_SkySphere.uasset" 775
"../../../Engine/Content/EngineSky/BP_Sky_Sphere.uasset" 776
"../../../PonyKart/Content/AV/StarterContent/Maps/Minimal_Default.umap" 777
"../../../Engine/Content/Functions/Engine_MaterialFunctions03/Procedurals/ComputeFilterWidth.uasset" 778
"../../../Engine/Content/EngineMaterials/AntiAliasedTextMaterialTranslucent.uasset" 779
"../../../PonyKart/Content/AV/StarterContent/Maps/StarterMap.umap" 780
"../../../PonyKart/Content/Models/TrackAssets/Garage/tools.uasset" 781
"../../../PonyKart/Content/Models/TrackAssets/Garage/tools__tools_png.uasset" 782
"../../../PonyKart/Content/Models/TrackAssets/Garage/Axe002.uasset" 783
"../../../PonyKart/Content/Models/TrackAssets/Garage/Axe003.uasset" 784
"../../../PonyKart/Content/Models/TrackAssets/Garage/balloon1.uasset" 785
"../../../PonyKart/Content/Models/TrackAssets/Garage/balloon1__balloon1.uasset" 786
"../../../PonyKart/Content/Models/TrackAssets/Garage/Balloon001.uasset" 787
"../../../PonyKart/Content/Models/TrackAssets/Garage/balloon5.uasset" 788
"../../../PonyKart/Content/Models/TrackAssets/Garage/balloon3__balloon5_png.uasset" 789
"../../../PonyKart/Content/Models/TrackAssets/Garage/Balloon002.uasset" 790
"../../../PonyKart/Content/Models/TrackAssets/Garage/balloon3.uasset" 791
"../../../PonyKart/Content/Models/TrackAssets/Garage/balloon2__balloon3_png.uasset" 792
"../../../PonyKart/Content/Models/TrackAssets/Garage/Balloon003.uasset" 793
"../../../PonyKart/Content/Models/TrackAssets/Garage/balloon4.uasset" 794
"../../../PonyKart/Content/Models/TrackAssets/Garage/balloon4__balloon4_png.uasset" 795
"../../../PonyKart/Content/Models/TrackAssets/Garage/Balloon004.uasset" 796
"../../../PonyKart/Content/Models/TrackAssets/Garage/balloon2.uasset" 797
"../../../PonyKart/Content/Models/TrackAssets/Garage/balloon5__balloon2_png.uasset" 798
"../../../PonyKart/Content/Models/TrackAssets/Garage/Balloon005.uasset" 799
"../../../PonyKart/Content/Models/TrackAssets/Garage/banner.uasset" 800
"../../../PonyKart/Content/Models/TrackAssets/Garage/banner__banner.uasset" 801
"../../../PonyKart/Content/Models/TrackAssets/Garage/banner002.uasset" 802
"../../../PonyKart/Content/Models/TrackAssets/Garage/banner003.uasset" 803
"../../../PonyKart/Content/Models/TrackAssets/Garage/banner004.uasset" 804
"../../../PonyKart/Content/Models/TrackAssets/Garage/banner005.uasset" 805
"../../../PonyKart/Content/Models/TrackAssets/Garage/banner006.uasset" 806
"../../../PonyKart/Content/Models/TrackAssets/Garage/banner_1.uasset" 807
"../../../PonyKart/Content/Models/TrackAssets/Garage/planks.uasset" 808
"../../../PonyKart/Content/Models/TrackAssets/Garage/wood_natural__planks_png.uasset" 809
"../../../PonyKart/Content/Models/TrackAssets/Garage/Box016.uasset" 810
"../../../PonyKart/Content/Models/TrackAssets/Garage/glass_nautral.uasset" 811
"../../../PonyKart/Content/Models/TrackAssets/Garage/glass_nautral__glass_nautral_png.uasset" 812
"../../../PonyKart/Content/Models/TrackAssets/Garage/Box021.uasset" 813
"../../../PonyKart/Content/Models/TrackAssets/Garage/box.uasset" 814
"../../../PonyKart/Content/Models/TrackAssets/Garage/box__box_png.uasset" 815
"../../../PonyKart/Content/Models/TrackAssets/Garage/Box022.uasset" 816
"../../../PonyKart/Content/Models/TrackAssets/Garage/toolbox.uasset" 817
"../../../PonyKart/Content/Models/TrackAssets/Garage/toolbox__toolbox_png.uasset" 818
"../../../PonyKart/Content/Models/TrackAssets/Garage/Box024.uasset" 819
"../../../PonyKart/Content/Models/TrackAssets/Garage/Box025.uasset" 820
"../../../PonyKart/Content/Models/TrackAssets/Garage/tools5.uasset" 821
"../../../PonyKart/Content/Models/TrackAssets/Garage/Brush001.uasset" 822
"../../../PonyKart/Content/Models/TrackAssets/Garage/Brush002.uasset" 823
"../../../PonyKart/Content/Models/TrackAssets/Garage/Brush003.uasset" 824
"../../../PonyKart/Content/Models/TrackAssets/Garage/cups.uasset" 825
"../../../PonyKart/Content/Models/TrackAssets/Garage/None__cups_png.uasset" 826
"../../../PonyKart/Content/Models/TrackAssets/Garage/stopwatch.uasset" 827
"../../../PonyKart/Content/Models/TrackAssets/Garage/None__stopwatch_png.uasset" 828
"../../../PonyKart/Content/Models/TrackAssets/Garage/Circle_020.uasset" 829
"../../../PonyKart/Content/Models/TrackAssets/Garage/helmetTS.uasset" 830
"../../../PonyKart/Content/Models/TrackAssets/Garage/None__helmetTS_png.uasset" 831
"../../../PonyKart/Content/Models/TrackAssets/Garage/Circle_021.uasset" 832
"../../../PonyKart/Content/Models/TrackAssets/Garage/Circle_022.uasset" 833
"../../../PonyKart/Content/Models/TrackAssets/Garage/helmet.uasset" 834
"../../../PonyKart/Content/Models/TrackAssets/Garage/None__helmet_png.uasset" 835
"../../../PonyKart/Content/Models/TrackAssets/Garage/Circle_023.uasset" 836
"../../../PonyKart/Content/Models/TrackAssets/Garage/Circle_024.uasset" 837
"../../../PonyKart/Content/Models/TrackAssets/Garage/Circle_025.uasset" 838
"../../../PonyKart/Content/Models/TrackAssets/Garage/Circle_027.uasset" 839
"../../../PonyKart/Content/Models/TrackAssets/Garage/Circle_029.uasset" 840
"../../../PonyKart/Content/Models/TrackAssets/Garage/tools2.uasset" 841
"../../../PonyKart/Content/Models/TrackAssets/Garage/None__tools2_png.uasset" 842
"../../../PonyKart/Content/Models/TrackAssets/Garage/Circle_030.uasset" 843
"../../../PonyKart/Content/Models/TrackAssets/Garage/None__tools2_png_ncl1_2.uasset" 844
"../../../PonyKart/Content/Models/TrackAssets/Garage/None__tools_png_ncl1_2.uasset" 845
"../../../PonyKart/Content/Models/TrackAssets/Garage/Circle_031.uasset" 846
"../../../PonyKart/Content/Models/TrackAssets/Garage/None__planks_png_ncl1_2.uasset" 847
"../../../PonyKart/Content/Models/TrackAssets/Garage/sand_tiling.uasset" 848
"../../../PonyKart/Content/Models/TrackAssets/Garage/None__sand_tiling_png.uasset" 849
"../../../PonyKart/Content/Models/TrackAssets/Garage/Circle_032.uasset" 850
"../../../PonyKart/Content/Models/TrackAssets/Garage/metallic.uasset" 851
"../../../PonyKart/Content/Models/TrackAssets/Garage/None__metallic_png_ncl1_2.uasset" 852
"../../../PonyKart/Content/Models/TrackAssets/Garage/None__planks_png_ncl1_1.uasset" 853
"../../../PonyKart/Content/Models/TrackAssets/Garage/Circle_033.uasset" 854
"../../../PonyKart/Content/Models/TrackAssets/Garage/Circle_034.uasset" 855
"../../../PonyKart/Content/Models/TrackAssets/Garage/Circle_036.uasset" 856
"../../../PonyKart/Content/Models/TrackAssets/Garage/glass_dark.uasset" 857
"../../../PonyKart/Content/Models/TrackAssets/Garage/None__glass_dark_png_ncl1_1.uasset" 858
"../../../PonyKart/Content/Models/TrackAssets/Garage/None__tools2_png_ncl1_1.uasset" 859
"../../../PonyKart/Content/Models/TrackAssets/Garage/None__tools_png_ncl1_3.uasset" 860
"../../../PonyKart/Content/Models/TrackAssets/Garage/Circle_039.uasset" 861
"../../../PonyKart/Content/Models/TrackAssets/Garage/None__glass_dark_png.uasset" 862
"../../../PonyKart/Content/Models/TrackAssets/Garage/None__metallic_png.uasset" 863
"../../../PonyKart/Content/Models/TrackAssets/Garage/Circle_041.uasset" 864
"../../../PonyKart/Content/Models/TrackAssets/Garage/Circle_042.uasset" 865
"../../../PonyKart/Content/Models/TrackAssets/Garage/Circle_043.uasset" 866
"../../../PonyKart/Content/Models/TrackAssets/Garage/None__tools_png_ncl1_1.uasset" 867
"../../../PonyKart/Content/Models/TrackAssets/Garage/Circle_044.uasset" 868
"../../../PonyKart/Content/Models/TrackAssets/Garage/Circle_045.uasset" 869
"../../../PonyKart/Content/Models/TrackAssets/Garage/None__planks_png.uasset" 870
"../../../PonyKart/Content/Models/TrackAssets/Garage/Circle_046.uasset" 871
"../../../PonyKart/Content/Models/TrackAssets/Garage/Circle_047.uasset" 872
"../../../PonyKart/Content/Models/TrackAssets/Garage/Circle_048.uasset" 873
"../../../PonyKart/Content/Models/TrackAssets/Garage/Circle_049.uasset" 874
"../../../PonyKart/Content/Models/TrackAssets/Garage/Circle_050.uasset" 875
"../../../PonyKart/Content/Models/TrackAssets/Garage/Circle_051.uasset" 876
"../../../PonyKart/Content/Models/TrackAssets/Garage/Circle_052.uasset" 877
"../../../PonyKart/Content/Models/TrackAssets/Garage/Circle_053.uasset" 878
"../../../PonyKart/Content/Models/TrackAssets/Garage/Circle_054.uasset" 879
"../../../PonyKart/Content/Models/TrackAssets/Garage/Circle_055.uasset" 880
"../../../PonyKart/Content/Models/TrackAssets/Garage/Circle_056.uasset" 881
"../../../PonyKart/Content/Models/TrackAssets/Garage/Circle_057.uasset" 882
"../../../PonyKart/Content/Models/TrackAssets/Garage/Circle_058.uasset" 883
"../../../PonyKart/Content/Models/TrackAssets/Garage/Circle_059.uasset" 884
"../../../PonyKart/Content/Models/TrackAssets/Garage/Circle_060.uasset" 885
"../../../PonyKart/Content/Models/TrackAssets/Garage/dynamic.uasset" 886
"../../../PonyKart/Content/Models/TrackAssets/Garage/None__dynamic_png.uasset" 887
"../../../PonyKart/Content/Models/TrackAssets/Garage/Circle_061.uasset" 888
"../../../PonyKart/Content/Models/TrackAssets/Garage/helmetAJ.uasset" 889
"../../../PonyKart/Content/Models/TrackAssets/Garage/None__helmetAJ_png.uasset" 890
"../../../PonyKart/Content/Models/TrackAssets/Garage/Circle_063.uasset" 891
"../../../PonyKart/Content/Models/TrackAssets/Garage/Circle_192.uasset" 892
"../../../PonyKart/Content/Models/TrackAssets/Garage/tools2__metallic_png.uasset" 893
"../../../PonyKart/Content/Models/TrackAssets/Garage/Cog003.uasset" 894
"../../../PonyKart/Content/Models/TrackAssets/Garage/Cog004.uasset" 895
"../../../PonyKart/Content/Models/TrackAssets/Garage/Cog005.uasset" 896
"../../../PonyKart/Content/Models/TrackAssets/Garage/Cog005_001.uasset" 897
"../../../PonyKart/Content/Models/TrackAssets/Garage/Cog005_002.uasset" 898
"../../../PonyKart/Content/Models/TrackAssets/Garage/Cog006.uasset" 899
"../../../PonyKart/Content/Models/TrackAssets/Garage/Cog007.uasset" 900
"../../../PonyKart/Content/Models/TrackAssets/Garage/Cog007_001.uasset" 901
"../../../PonyKart/Content/Models/TrackAssets/Garage/Metal__metallic_png.uasset" 902
"../../../PonyKart/Content/Models/TrackAssets/Garage/Wood__planks_png.uasset" 903
"../../../PonyKart/Content/Models/TrackAssets/Garage/Cube_002.uasset" 904
"../../../PonyKart/Content/Models/TrackAssets/Garage/Hay_bale.uasset" 905
"../../../PonyKart/Content/Models/TrackAssets/Garage/Hay__Hay_bale_png.uasset" 906
"../../../PonyKart/Content/Models/TrackAssets/Garage/Cube_003.uasset" 907
"../../../PonyKart/Content/Models/TrackAssets/Garage/Cube_004.uasset" 908
"../../../PonyKart/Content/Models/TrackAssets/Garage/Cube_005.uasset" 909
"../../../PonyKart/Content/Models/TrackAssets/Garage/Cube_006.uasset" 910
"../../../PonyKart/Content/Models/TrackAssets/Garage/bucket.uasset" 911
"../../../PonyKart/Content/Models/TrackAssets/Garage/bucket__bucket_png.uasset" 912
"../../../PonyKart/Content/Models/TrackAssets/Garage/Cylinder006.uasset" 913
"../../../PonyKart/Content/Models/TrackAssets/Garage/Cylinder007.uasset" 914
"../../../PonyKart/Content/Models/TrackAssets/Garage/Cylinder008.uasset" 915
"../../../PonyKart/Content/Models/TrackAssets/Garage/Cylinder009.uasset" 916
"../../../PonyKart/Content/Models/TrackAssets/Garage/Cylinder013.uasset" 917
"../../../PonyKart/Content/Models/TrackAssets/Garage/Gramophone.uasset" 918
"../../../PonyKart/Content/Models/TrackAssets/Garage/grammophonw__Gramophone.uasset" 919
"../../../PonyKart/Content/Models/TrackAssets/Garage/Cylinder014.uasset" 920
"../../../PonyKart/Content/Models/TrackAssets/Garage/feather.uasset" 921
"../../../PonyKart/Content/Models/TrackAssets/Garage/feather__feather_png.uasset" 922
"../../../PonyKart/Content/Models/TrackAssets/Garage/Feather001.uasset" 923
"../../../PonyKart/Content/Models/TrackAssets/Garage/Frames.uasset" 924
"../../../PonyKart/Content/Models/TrackAssets/Garage/Frames__Frames.uasset" 925
"../../../PonyKart/Content/Models/TrackAssets/Garage/Frame_004.uasset" 926
"../../../PonyKart/Content/Models/TrackAssets/Garage/Frame_005.uasset" 927
"../../../PonyKart/Content/Models/TrackAssets/Garage/Frame_006.uasset" 928
"../../../PonyKart/Content/Models/TrackAssets/Garage/glass2.uasset" 929
"../../../PonyKart/Content/Models/TrackAssets/Garage/glass__glass_png.uasset" 930
"../../../PonyKart/Content/Models/TrackAssets/Garage/Glass.uasset" 931
"../../../PonyKart/Content/Models/TrackAssets/Garage/ground__sand_tiling_png.uasset" 932
"../../../PonyKart/Content/Models/TrackAssets/Garage/Ground.uasset" 933
"../../../PonyKart/Content/Models/TrackAssets/Garage/floor__planks_png.uasset" 934
"../../../PonyKart/Content/Models/TrackAssets/Garage/GroundPlanks002.uasset" 935
"../../../PonyKart/Content/Models/TrackAssets/Garage/GroundPlanks003.uasset" 936
"../../../PonyKart/Content/Models/TrackAssets/Garage/GroundPlanks006.uasset" 937
"../../../PonyKart/Content/Models/TrackAssets/Garage/GroundPlanks007.uasset" 938
"../../../PonyKart/Content/Models/TrackAssets/Garage/GroundPlanks008.uasset" 939
"../../../PonyKart/Content/Models/TrackAssets/Garage/GroundPlanks009.uasset" 940
"../../../PonyKart/Content/Models/TrackAssets/Garage/GroundPlanks010.uasset" 941
"../../../PonyKart/Content/Models/TrackAssets/Garage/GroundPlanks012.uasset" 942
"../../../PonyKart/Content/Models/TrackAssets/Garage/GroundPlanks014.uasset" 943
"../../../PonyKart/Content/Models/TrackAssets/Garage/GroundPlanks015.uasset" 944
"../../../PonyKart/Content/Models/TrackAssets/Garage/Hammer001.uasset" 945
"../../../PonyKart/Content/Models/TrackAssets/Garage/Hammer001_001.uasset" 946
"../../../PonyKart/Content/Models/TrackAssets/Garage/Hammer001_002.uasset" 947
"../../../PonyKart/Content/Models/TrackAssets/Garage/Hammer001_003.uasset" 948
"../../../PonyKart/Content/Models/TrackAssets/Garage/Hammer002.uasset" 949
"../../../PonyKart/Content/Models/TrackAssets/Garage/HandSaw001.uasset" 950
"../../../PonyKart/Content/Models/TrackAssets/Garage/HandSaw002.uasset" 951
"../../../PonyKart/Content/Models/TrackAssets/Garage/HandSaw002_001.uasset" 952
"../../../PonyKart/Content/Models/TrackAssets/Garage/HandSaw002_002.uasset" 953
"../../../PonyKart/Content/Models/TrackAssets/Garage/Horseshoe001.uasset" 954
"../../../PonyKart/Content/Models/TrackAssets/Garage/Horseshoe002.uasset" 955
"../../../PonyKart/Content/Models/TrackAssets/Garage/Horseshoe002_001.uasset" 956
"../../../PonyKart/Content/Models/TrackAssets/Garage/Horseshoe002_002.uasset" 957
"../../../PonyKart/Content/Models/TrackAssets/Garage/Hourglass.uasset" 958
"../../../PonyKart/Content/Models/TrackAssets/Garage/knobs.uasset" 959
"../../../PonyKart/Content/Models/TrackAssets/Garage/knobs001.uasset" 960
"../../../PonyKart/Content/Models/TrackAssets/Garage/knobs002.uasset" 961
"../../../PonyKart/Content/Models/TrackAssets/Garage/knobs_001.uasset" 962
"../../../PonyKart/Content/Models/TrackAssets/Garage/wood_natural__planks_png_ncl1_1.uasset" 963
"../../../PonyKart/Content/Models/TrackAssets/Garage/Ladder.uasset" 964
"../../../PonyKart/Content/Models/TrackAssets/Garage/lantern.uasset" 965
"../../../PonyKart/Content/Models/TrackAssets/Garage/Lantern__lantern.uasset" 966
"../../../PonyKart/Content/Models/TrackAssets/Garage/Lamp.uasset" 967
"../../../PonyKart/Content/Models/TrackAssets/Garage/wall.uasset" 968
"../../../PonyKart/Content/Models/TrackAssets/Garage/wall__wall_png.uasset" 969
"../../../PonyKart/Content/Models/TrackAssets/Garage/ModularWall001.uasset" 970
"../../../PonyKart/Content/Models/TrackAssets/Garage/ModularWall002.uasset" 971
"../../../PonyKart/Content/Models/TrackAssets/Garage/ModularWall003.uasset" 972
"../../../PonyKart/Content/Models/TrackAssets/Garage/ModularWall004.uasset" 973
"../../../PonyKart/Content/Models/TrackAssets/Garage/ModularWall005.uasset" 974
"../../../PonyKart/Content/Models/TrackAssets/Garage/ModularWall006.uasset" 975
"../../../PonyKart/Content/Models/TrackAssets/Garage/ModularWall007.uasset" 976
"../../../PonyKart/Content/Models/TrackAssets/Garage/ModularWall008.uasset" 977
"../../../PonyKart/Content/Models/TrackAssets/Garage/ModularWall009.uasset" 978
"../../../PonyKart/Content/Models/TrackAssets/Garage/ModularWall011.uasset" 979
"../../../PonyKart/Content/Models/TrackAssets/Garage/ModularWall012.uasset" 980
"../../../PonyKart/Content/Models/TrackAssets/Garage/ModularWall013.uasset" 981
"../../../PonyKart/Content/Models/TrackAssets/Garage/ModularWall014.uasset" 982
"../../../PonyKart/Content/Models/TrackAssets/Garage/ModularWall015.uasset" 983
"../../../PonyKart/Content/Models/TrackAssets/Garage/ModularWall016.uasset" 984
"../../../PonyKart/Content/Models/TrackAssets/Garage/ModularWall017.uasset" 985
"../../../PonyKart/Content/Models/TrackAssets/Garage/ModularWall018.uasset" 986
"../../../PonyKart/Content/Models/TrackAssets/Garage/ModularWall020.uasset" 987
"../../../PonyKart/Content/Models/TrackAssets/Garage/ModularWall021.uasset" 988
"../../../PonyKart/Content/Models/TrackAssets/Garage/ModularWall022.uasset" 989
"../../../PonyKart/Content/Models/TrackAssets/Garage/board.uasset" 990
"../../../PonyKart/Content/Models/TrackAssets/Garage/wood_natural__board_png.uasset" 991
"../../../PonyKart/Content/Models/TrackAssets/Garage/wood_natural__planks_png_ncl1_2.uasset" 992
"../../../PonyKart/Content/Models/TrackAssets/Garage/NoticeBoard.uasset" 993
"../../../PonyKart/Content/Models/TrackAssets/Garage/Object002.uasset" 994
"../../../PonyKart/Content/Models/TrackAssets/Garage/tire.uasset" 995
"../../../PonyKart/Content/Models/TrackAssets/Garage/tire__tire.uasset" 996
"../../../PonyKart/Content/Models/TrackAssets/Garage/Object025.uasset" 997
"../../../PonyKart/Content/Models/TrackAssets/Garage/tire__tire_ncl1_1.uasset" 998
"../../../PonyKart/Content/Models/TrackAssets/Garage/Object026.uasset" 999
"../../../PonyKart/Content/Models/TrackAssets/Garage/Object027.uasset" 1000
"../../../PonyKart/Content/Models/TrackAssets/Garage/Object028.uasset" 1001
"../../../PonyKart/Content/Models/TrackAssets/Garage/paint.uasset" 1002
"../../../PonyKart/Content/Models/TrackAssets/Garage/photo4__paint_png.uasset" 1003
"../../../PonyKart/Content/Models/TrackAssets/Garage/Object029.uasset" 1004
"../../../PonyKart/Content/Models/TrackAssets/Garage/Object030.uasset" 1005
"../../../PonyKart/Content/Models/TrackAssets/Garage/Object030_001.uasset" 1006
"../../../PonyKart/Content/Models/TrackAssets/Garage/Object031.uasset" 1007
"../../../PonyKart/Content/Models/TrackAssets/Garage/Object032.uasset" 1008
"../../../PonyKart/Content/Models/TrackAssets/Garage/Object033.uasset" 1009
"../../../PonyKart/Content/Models/TrackAssets/Garage/tools__tools_png_ncl1_1.uasset" 1010
"../../../PonyKart/Content/Models/TrackAssets/Garage/Object034.uasset" 1011
"../../../PonyKart/Content/Models/TrackAssets/Garage/Object035.uasset" 1012
"../../../PonyKart/Content/Models/TrackAssets/Garage/Object036.uasset" 1013
"../../../PonyKart/Content/Models/TrackAssets/Garage/OpenEndWrench001.uasset" 1014
"../../../PonyKart/Content/Models/TrackAssets/Garage/OpenEndWrench002.uasset" 1015
"../../../PonyKart/Content/Models/TrackAssets/Garage/OpenEndWrench004.uasset" 1016
"../../../PonyKart/Content/Models/TrackAssets/Garage/OpenEndWrench005.uasset" 1017
"../../../PonyKart/Content/Models/TrackAssets/Garage/OpenEndWrench005_001.uasset" 1018
"../../../PonyKart/Content/Models/TrackAssets/Garage/OpenEndWrench005_002.uasset" 1019
"../../../PonyKart/Content/Models/TrackAssets/Garage/OpenEndWrench005_003.uasset" 1020
"../../../PonyKart/Content/Models/TrackAssets/Garage/Paint001.uasset" 1021
"../../../PonyKart/Content/Models/TrackAssets/Garage/Paint002.uasset" 1022
"../../../PonyKart/Content/Models/TrackAssets/Garage/splashes.uasset" 1023
"../../../PonyKart/Content/Models/TrackAssets/Garage/photo4__splashes_png.uasset" 1024
"../../../PonyKart/Content/Models/TrackAssets/Garage/Paint002_001.uasset" 1025
"../../../PonyKart/Content/Models/TrackAssets/Garage/Paint002_002.uasset" 1026
"../../../PonyKart/Content/Models/TrackAssets/Garage/Paint_1.uasset" 1027
"../../../PonyKart/Content/Models/TrackAssets/Garage/photo__placeholder_.uasset" 1028
"../../../PonyKart/Content/Models/TrackAssets/Garage/photo1__photo__placeholder__png.uasset" 1029
"../../../PonyKart/Content/Models/TrackAssets/Garage/Photo_001.uasset" 1030
"../../../PonyKart/Content/Models/TrackAssets/Garage/Photo_002.uasset" 1031
"../../../PonyKart/Content/Models/TrackAssets/Garage/Photo_003.uasset" 1032
"../../../PonyKart/Content/Models/TrackAssets/Garage/Photo_004.uasset" 1033
"../../../PonyKart/Content/Models/TrackAssets/Garage/symbols.uasset" 1034
"../../../PonyKart/Content/Models/TrackAssets/Garage/symbols__symbols_png.uasset" 1035
"../../../PonyKart/Content/Models/TrackAssets/Garage/Plane002.uasset" 1036
"../../../PonyKart/Content/Models/TrackAssets/Garage/Plane003.uasset" 1037
"../../../PonyKart/Content/Models/TrackAssets/Garage/Plane004.uasset" 1038
"../../../PonyKart/Content/Models/TrackAssets/Garage/Plane005.uasset" 1039
"../../../PonyKart/Content/Models/TrackAssets/Garage/Plane023.uasset" 1040
"../../../PonyKart/Content/Models/TrackAssets/Garage/Plane024.uasset" 1041
"../../../PonyKart/Content/Models/TrackAssets/Garage/symbols2.uasset" 1042
"../../../PonyKart/Content/Models/TrackAssets/Garage/Plane025.uasset" 1043
"../../../PonyKart/Content/Models/TrackAssets/Garage/Plane026.uasset" 1044
"../../../PonyKart/Content/Models/TrackAssets/Garage/Plane027.uasset" 1045
"../../../PonyKart/Content/Models/TrackAssets/Garage/Plane028.uasset" 1046
"../../../PonyKart/Content/Models/TrackAssets/Garage/Plane029.uasset" 1047
"../../../PonyKart/Content/Models/TrackAssets/Garage/Plane030.uasset" 1048
"../../../PonyKart/Content/Models/TrackAssets/Garage/Plane032.uasset" 1049
"../../../PonyKart/Content/Models/TrackAssets/Garage/Plane_026.uasset" 1050
"../../../PonyKart/Content/Models/TrackAssets/Garage/Plane_027.uasset" 1051
"../../../PonyKart/Content/Models/TrackAssets/Garage/None__box_png.uasset" 1052
"../../../PonyKart/Content/Models/TrackAssets/Garage/None__planks_png_ncl1_3.uasset" 1053
"../../../PonyKart/Content/Models/TrackAssets/Garage/None__sand_tiling_png_ncl1_1.uasset" 1054
"../../../PonyKart/Content/Models/TrackAssets/Garage/Plane_028.uasset" 1055
"../../../PonyKart/Content/Models/TrackAssets/Garage/Plane_029.uasset" 1056
"../../../PonyKart/Content/Models/TrackAssets/Garage/None__box_png_ncl1_1.uasset" 1057
"../../../PonyKart/Content/Models/TrackAssets/Garage/unnamed_ncl1_1.uasset" 1058
"../../../PonyKart/Content/Models/TrackAssets/Garage/Plane_030.uasset" 1059
"../../../PonyKart/Content/Models/TrackAssets/Garage/Plane_031.uasset" 1060
"../../../PonyKart/Content/Models/TrackAssets/Garage/Plane_032.uasset" 1061
"../../../PonyKart/Content/Models/TrackAssets/Garage/Plane_033.uasset" 1062
"../../../PonyKart/Content/Models/TrackAssets/Garage/Plane_034.uasset" 1063
"../../../PonyKart/Content/Models/TrackAssets/Garage/tools3.uasset" 1064
"../../../PonyKart/Content/Models/TrackAssets/Garage/None__tools3_png.uasset" 1065
"../../../PonyKart/Content/Models/TrackAssets/Garage/Plane_035.uasset" 1066
"../../../PonyKart/Content/Models/TrackAssets/Garage/Plane_036.uasset" 1067
"../../../PonyKart/Content/Models/TrackAssets/Garage/Plane_037.uasset" 1068
"../../../PonyKart/Content/Models/TrackAssets/Garage/Plane_038.uasset" 1069
"../../../PonyKart/Content/Models/TrackAssets/Garage/Plane_039.uasset" 1070
"../../../PonyKart/Content/Models/TrackAssets/Garage/Plane_040.uasset" 1071
"../../../PonyKart/Content/Models/TrackAssets/Garage/None__tools_png.uasset" 1072
"../../../PonyKart/Content/Models/TrackAssets/Garage/unnamed.uasset" 1073
"../../../PonyKart/Content/Models/TrackAssets/Garage/Plane_041.uasset" 1074
"../../../PonyKart/Content/Models/TrackAssets/Garage/Plane_042.uasset" 1075
"../../../PonyKart/Content/Models/TrackAssets/Garage/Plane_043.uasset" 1076
"../../../PonyKart/Content/Models/TrackAssets/Garage/Plane_044.uasset" 1077
"../../../PonyKart/Content/Models/TrackAssets/Garage/Plane_045.uasset" 1078
"../../../PonyKart/Content/Models/TrackAssets/Garage/Plane_046.uasset" 1079
"../../../PonyKart/Content/Models/TrackAssets/Garage/Plane_047.uasset" 1080
"../../../PonyKart/Content/Models/TrackAssets/Garage/Plane_048.uasset" 1081
"../../../PonyKart/Content/Models/TrackAssets/Garage/Material__tools2_png.uasset" 1082
"../../../PonyKart/Content/Models/TrackAssets/Garage/Plane_049.uasset" 1083
"../../../PonyKart/Content/Models/TrackAssets/Garage/Plane_050.uasset" 1084
"../../../PonyKart/Content/Models/TrackAssets/Garage/Plane_051.uasset" 1085
"../../../PonyKart/Content/Models/TrackAssets/Garage/Plane_052.uasset" 1086
"../../../PonyKart/Content/Models/TrackAssets/Garage/Plane_055.uasset" 1087
"../../../PonyKart/Content/Models/TrackAssets/Garage/Plane_056.uasset" 1088
"../../../PonyKart/Content/Models/TrackAssets/Garage/Plane_057.uasset" 1089
"../../../PonyKart/Content/Models/TrackAssets/Garage/Plane_058.uasset" 1090
"../../../PonyKart/Content/Models/TrackAssets/Garage/Plane_059.uasset" 1091
"../../../PonyKart/Content/Models/TrackAssets/Garage/Plane_061.uasset" 1092
"../../../PonyKart/Content/Models/TrackAssets/Garage/Plane_062.uasset" 1093
"../../../PonyKart/Content/Models/TrackAssets/Garage/None__board_png.uasset" 1094
"../../../PonyKart/Content/Models/TrackAssets/Garage/None__metallic_png_ncl1_1.uasset" 1095
"../../../PonyKart/Content/Models/TrackAssets/Garage/Plane_326.uasset" 1096
"../../../PonyKart/Content/Models/TrackAssets/Garage/Plane_328.uasset" 1097
"../../../PonyKart/Content/Models/TrackAssets/Garage/Plane_329.uasset" 1098
"../../../PonyKart/Content/Models/TrackAssets/Garage/Plane_330.uasset" 1099
"../../../PonyKart/Content/Models/TrackAssets/Garage/Plane_332.uasset" 1100
"../../../PonyKart/Content/Models/TrackAssets/Garage/Plank001.uasset" 1101
"../../../PonyKart/Content/Models/TrackAssets/Garage/Plank003.uasset" 1102
"../../../PonyKart/Content/Models/TrackAssets/Garage/Pole002.uasset" 1103
"../../../PonyKart/Content/Models/TrackAssets/Garage/Pole003.uasset" 1104
"../../../PonyKart/Content/Models/TrackAssets/Garage/Pole005.uasset" 1105
"../../../PonyKart/Content/Models/TrackAssets/Garage/Pole008.uasset" 1106
"../../../PonyKart/Content/Models/TrackAssets/Garage/Pole009.uasset" 1107
"../../../PonyKart/Content/Models/TrackAssets/Garage/Pole010.uasset" 1108
"../../../PonyKart/Content/Models/TrackAssets/Garage/Pole011.uasset" 1109
"../../../PonyKart/Content/Models/TrackAssets/Garage/Pole012.uasset" 1110
"../../../PonyKart/Content/Models/TrackAssets/Garage/Pole013.uasset" 1111
"../../../PonyKart/Content/Models/TrackAssets/Garage/Pole014.uasset" 1112
"../../../PonyKart/Content/Models/TrackAssets/Garage/Pole015.uasset" 1113
"../../../PonyKart/Content/Models/TrackAssets/Garage/Pole016.uasset" 1114
"../../../PonyKart/Content/Models/TrackAssets/Garage/Pole017.uasset" 1115
"../../../PonyKart/Content/Models/TrackAssets/Garage/Pole018.uasset" 1116
"../../../PonyKart/Content/Models/TrackAssets/Garage/Pole019.uasset" 1117
"../../../PonyKart/Content/Models/TrackAssets/Garage/Pole020.uasset" 1118
"../../../PonyKart/Content/Models/TrackAssets/Garage/Ring001.uasset" 1119
"../../../PonyKart/Content/Models/TrackAssets/Garage/Ring002.uasset" 1120
"../../../PonyKart/Content/Models/TrackAssets/Garage/Ring003.uasset" 1121
"../../../PonyKart/Content/Models/TrackAssets/Garage/Ring004.uasset" 1122
"../../../PonyKart/Content/Models/TrackAssets/Garage/wall__wall_png_ncl1_1.uasset" 1123
"../../../PonyKart/Content/Models/TrackAssets/Garage/Ring005.uasset" 1124
"../../../PonyKart/Content/Models/TrackAssets/Garage/Ring006.uasset" 1125
"../../../PonyKart/Content/Models/TrackAssets/Garage/Ring007.uasset" 1126
"../../../PonyKart/Content/Models/TrackAssets/Garage/Ring008.uasset" 1127
"../../../PonyKart/Content/Models/TrackAssets/Garage/Ring009.uasset" 1128
"../../../PonyKart/Content/Models/TrackAssets/Garage/Ring010.uasset" 1129
"../../../PonyKart/Content/Models/TrackAssets/Garage/Ring011.uasset" 1130
"../../../PonyKart/Content/Models/TrackAssets/Garage/Ring012.uasset" 1131
"../../../PonyKart/Content/Models/TrackAssets/Garage/Ring013.uasset" 1132
"../../../PonyKart/Content/Models/TrackAssets/Garage/Ring014.uasset" 1133
"../../../PonyKart/Content/Models/TrackAssets/Garage/Ring015.uasset" 1134
"../../../PonyKart/Content/Models/TrackAssets/Garage/RoofPlank.uasset" 1135
"../../../PonyKart/Content/Models/TrackAssets/Garage/RoofPlank001.uasset" 1136
"../../../PonyKart/Content/Models/TrackAssets/Garage/RoofPlank002.uasset" 1137
"../../../PonyKart/Content/Models/TrackAssets/Garage/RoofPlank003.uasset" 1138
"../../../PonyKart/Content/Models/TrackAssets/Garage/RoofPlank004.uasset" 1139
"../../../PonyKart/Content/Models/TrackAssets/Garage/RoofPlank005.uasset" 1140
"../../../PonyKart/Content/Models/TrackAssets/Garage/RoofPlank006.uasset" 1141
"../../../PonyKart/Content/Models/TrackAssets/Garage/RoofPlank007.uasset" 1142
"../../../PonyKart/Content/Models/TrackAssets/Garage/RoofPlank008.uasset" 1143
"../../../PonyKart/Content/Models/TrackAssets/Garage/RoofPlank009.uasset" 1144
"../../../PonyKart/Content/Models/TrackAssets/Garage/RoofPlank010.uasset" 1145
"../../../PonyKart/Content/Models/TrackAssets/Garage/RoofPlank011.uasset" 1146
"../../../PonyKart/Content/Models/TrackAssets/Garage/RoofPlank012.uasset" 1147
"../../../PonyKart/Content/Models/TrackAssets/Garage/tools2__metallic_png_ncl1_1.uasset" 1148
"../../../PonyKart/Content/Models/TrackAssets/Garage/Screw001.uasset" 1149
"../../../PonyKart/Content/Models/TrackAssets/Garage/Screw002.uasset" 1150
"../../../PonyKart/Content/Models/TrackAssets/Garage/Screw003.uasset" 1151
"../../../PonyKart/Content/Models/TrackAssets/Garage/Screw004.uasset" 1152
"../../../PonyKart/Content/Models/TrackAssets/Garage/tools4.uasset" 1153
"../../../PonyKart/Content/Models/TrackAssets/Garage/Screw005.uasset" 1154
"../../../PonyKart/Content/Models/TrackAssets/Garage/Screw006.uasset" 1155
"../../../PonyKart/Content/Models/TrackAssets/Garage/Screw007.uasset" 1156
"../../../PonyKart/Content/Models/TrackAssets/Garage/Screw008.uasset" 1157
"../../../PonyKart/Content/Models/TrackAssets/Garage/Screw008_001.uasset" 1158
"../../../PonyKart/Content/Models/TrackAssets/Garage/Screw008_002.uasset" 1159
"../../../PonyKart/Content/Models/TrackAssets/Garage/Screw008_003.uasset" 1160
"../../../PonyKart/Content/Models/TrackAssets/Garage/Screw008_004.uasset" 1161
"../../../PonyKart/Content/Models/TrackAssets/Garage/Screw008_005.uasset" 1162
"../../../PonyKart/Content/Models/TrackAssets/Garage/Screw008_006.uasset" 1163
"../../../PonyKart/Content/Models/TrackAssets/Garage/Screw008_007.uasset" 1164
"../../../PonyKart/Content/Models/TrackAssets/Garage/Screw009.uasset" 1165
"../../../PonyKart/Content/Models/TrackAssets/Garage/stopwatch__stopwatch_png.uasset" 1166
"../../../PonyKart/Content/Models/TrackAssets/Garage/Stopwatch_1.uasset" 1167
"../../../PonyKart/Content/Models/TrackAssets/Garage/Table.uasset" 1168
"../../../PonyKart/Content/Models/TrackAssets/Garage/Tire_1.uasset" 1169
"../../../PonyKart/Content/Models/TrackAssets/Garage/TwoPonySaw002.uasset" 1170
"../../../PonyKart/Content/Models/TrackAssets/Garage/Wheel001.uasset" 1171
"../../../PonyKart/Content/Models/TrackAssets/Garage/Wheel004.uasset" 1172
"../../../PonyKart/Content/Models/TrackAssets/Garage/Wrench001.uasset" 1173
"../../../PonyKart/Content/Models/TrackAssets/Garage/Wrench001_001.uasset" 1174
"../../../PonyKart/Content/Models/TrackAssets/Garage/Wrench001_002.uasset" 1175
"../../../PonyKart/Content/Models/TrackAssets/Garage/Wrench001_003.uasset" 1176
"../../../PonyKart/Content/Models/TrackAssets/Garage/FbxScene_garageB_applied.uasset" 1177
"../../../PonyKart/Content/Levels/GarageLevel.umap" 1178
"../../../PonyKart/Content/Blueprints/KartPawn2.uasset" 1179
"../../../PonyKart/Content/Levels/KartTestLevel.umap" 1180
"../../../Engine/Content/EditorMeshes/ColorCalibrator/M_ChromeBall.uasset" 1181
"../../../Engine/Content/EditorMeshes/ColorCalibrator/M_ClearCoat.uasset" 1182
"../../../Engine/Content/EditorMeshes/ColorCalibrator/M_ClearCoatBlack.uasset" 1183
"../../../Engine/Content/EditorMeshes/ColorCalibrator/M_ColorGrid.uasset" 1184
"../../../Engine/Content/EditorMeshes/ColorCalibrator/M_GreyBall.uasset" 1185
"../../../Engine/Content/EditorMeshes/ColorCalibrator/SM_ColorCalibrator.uasset" 1186
"../../../PonyKart/Content/AV/StarterContent/Maps/Advanced_Lighting.umap" 1187
"../../../PonyKart/Content/Models/Characters/AppleJack/Applejack_Anim_Drive.uasset" 1188
"../../../Engine/Content/MapTemplates/Materials/BasicAsset01.uasset" 1189
"../../../Engine/Content/BasicShapes/Cone.uasset" 1190
"../../../PonyKart/Content/Maps/KartLevel_Test2.umap" 1191
"../../../Engine/Content/MapTemplates/SM_Template_Map_Floor.uasset" 1192
"../../../PonyKart/Content/Maps/Lobby.umap" 1193
"../../../PonyKart/Content/Maps/MainMenu.umap" 1194
"../../../PonyKart/Content/Maps/TravelMap.umap" 1195
