Log file open, 04/13/16 18:38:17
LogInit:Display: Running engine for game: PonyKart
LogPlatformFile: Not using cached read wrapper
LogInit:Display: RandInit(466679360) SRandInit(466679366).
LogTaskGraph: Started task graph with 4 named threads and 7 total threads.
LogStats: Stats thread started at 0.082556
LogHMD: Can't find Oculus library dev build: is proper Runtime installed? Version: 0.8.0.0
LogInit: Version: 4.11.0-2927265+++UE4+Release-4.11
LogInit: API Version: 2927265
LogInit: Compiled (64-bit): Mar 30 2016 02:13:55
LogInit: Compiled with Visual C++: 19.00.23026.00
LogInit: Build Configuration: Development
LogInit: Branch Name: ++UE4+Release-4.11
LogInit: Command line:  
LogInit: Base directory: C:/Program Files (x86)/Epic Games/4.11/Engine/Binaries/Win64/
LogInit: Installed Engine Build: 1
LogInit: Using libcurl 7.41.0
LogInit:  - built for x86_64-pc-win32
LogInit:  - supports SSL with WinSSL
LogInit:  - other features:
LogInit:      CURL_VERSION_SSL
LogInit:      CURL_VERSION_IPV6
LogInit:      CURL_VERSION_ASYNCHDNS
LogInit:      CURL_VERSION_LARGEFILE
LogInit:      CURL_VERSION_IDN
LogInit:  CurlRequestOptions (configurable via config and command line):
LogInit:  - bVerifyPeer = true  - Libcurl will verify peer certificate
LogInit:  - bUseHttpProxy = false  - Libcurl will NOT use HTTP proxy
LogInit:  - bDontReuseConnections = false  - Libcurl will reuse connections
LogInit:  - CertBundlePath = nullptr  - Libcurl will use whatever was configured at build time.
LogInit: Presizing for max 16777216 objects, including 0 objects not considered by GC, pre-allocating 0 bytes for permanent pool.
LogInit: Object subsystem initialized
[2016.04.13-22.38.17:844][  0]LogInit: Selected Device Profile: [Windows]
[2016.04.13-22.38.17:844][  0]LogInit: Applying CVar settings loaded from the selected device profile: [Windows]
[2016.04.13-22.38.17:869][  0]LogInit: Computer: FULL_TOWER
[2016.04.13-22.38.17:869][  0]LogInit: User: Sharpe
[2016.04.13-22.38.17:869][  0]LogInit: CPU Page size=65536, Cores=4
[2016.04.13-22.38.17:869][  0]LogInit: High frequency timer resolution =3.418027 MHz
[2016.04.13-22.38.17:869][  0]LogMemory: Memory total: Physical=7.9GB (8GB approx)
[2016.04.13-22.38.17:869][  0]LogMemory: Platform Memory Stats for Windows
[2016.04.13-22.38.17:869][  0]LogMemory: Process Physical Memory: 312.40 MB used, 312.40 MB peak
[2016.04.13-22.38.17:869][  0]LogMemory: Process Virtual Memory: 316.71 MB used, 316.71 MB peak
[2016.04.13-22.38.17:869][  0]LogMemory: Physical Memory: 3869.65 MB used, 8136.00 MB total
[2016.04.13-22.38.17:869][  0]LogMemory: Virtual Memory: 618.05 MB used, 8388608.00 MB total
[2016.04.13-22.38.17:897][  0]LogTextLocalizationManager: No specific translations for ('en-US') exist, so ('en') translations will be used.
[2016.04.13-22.38.18:325][  0]LogD3D11RHI: D3D11 adapters:
[2016.04.13-22.38.18:358][  0]LogD3D11RHI:    0. 'NVIDIA GeForce GTX 770' (Feature Level 11_0)
[2016.04.13-22.38.18:358][  0]LogD3D11RHI:       1989MB of dedicated video memory, 0MB of dedicated system memory, and 2048MB of shared system memory, 1 output[s]
[2016.04.13-22.38.18:364][  0]LogD3D11RHI: Chosen D3D11 Adapter: 0
[2016.04.13-22.38.18:368][  0]LogD3D11RHI: Creating new Direct3DDevice
[2016.04.13-22.38.18:368][  0]LogD3D11RHI:     Adapter Name: NVIDIA GeForce GTX 770
[2016.04.13-22.38.18:368][  0]LogD3D11RHI:   Driver Version: Unknown (internal Unknown)
[2016.04.13-22.38.18:368][  0]LogD3D11RHI:      Driver Date: Unknown
[2016.04.13-22.38.18:368][  0]LogRHI: Texture pool is 1361 MB (70% of 1945 MB)
[2016.04.13-22.38.18:381][  0]LogD3D11RHI: Async texture creation enabled
[2016.04.13-22.38.18:403][  0]LogShaderCompilers: Guid format shader working directory is -45 characters bigger than the processId version (../../../../../../Users/Sharpe/Documents/GitHub/PonyKart-UE4/PonyKart Project Build/PonyKart/Intermediate/Shaders/WorkingDirectory/4912/).
[2016.04.13-22.38.18:403][  0]LogShaderCompilers: Cleaned the shader compiler working directory 'C:/Users/Sharpe/AppData/Local/Temp/UnrealShaderWorkingDir/23D4135145EAEFBDB3A0559A6CF3875A/'.
[2016.04.13-22.38.18:403][  0]LogShaderCompilers:Display: Using Local Shader Compiler.
[2016.04.13-22.38.20:371][  0]LogTemp:Display: Loaded TP AllDesktopTargetPlatform
[2016.04.13-22.38.20:375][  0]LogTemp:Display: Loaded TP WindowsClientTargetPlatform
[2016.04.13-22.38.20:379][  0]LogTemp:Display: Loaded TP WindowsNoEditorTargetPlatform
[2016.04.13-22.38.20:383][  0]LogTemp:Display: Loaded TP WindowsServerTargetPlatform
[2016.04.13-22.38.20:387][  0]LogTemp:Display: Loaded TP WindowsTargetPlatform
[2016.04.13-22.38.20:390][  0]LogTemp:Display: Loaded TP AndroidTargetPlatform
[2016.04.13-22.38.20:392][  0]LogTemp:Display: Loaded TP Android_ASTCTargetPlatform
[2016.04.13-22.38.20:395][  0]LogTemp:Display: Loaded TP Android_ATCTargetPlatform
[2016.04.13-22.38.20:397][  0]LogTemp:Display: Loaded TP Android_DXTTargetPlatform
[2016.04.13-22.38.20:400][  0]LogTemp:Display: Loaded TP Android_ETC1TargetPlatform
[2016.04.13-22.38.20:402][  0]LogTemp:Display: Loaded TP Android_ETC2TargetPlatform
[2016.04.13-22.38.20:408][  0]LogTemp:Display: Loaded TP Android_MultiTargetPlatform
[2016.04.13-22.38.20:408][  0]LogTemp:Display: Loaded TP Android_PVRTCTargetPlatform
[2016.04.13-22.38.20:409][  0]LogTemp:Display: Loaded TP HTML5TargetPlatform
[2016.04.13-22.38.20:424][  0]LogTemp:Display: Loaded TP IOSTargetPlatform
[2016.04.13-22.38.20:426][  0]LogTemp:Display: Loaded TP TVOSTargetPlatform
[2016.04.13-22.38.20:429][  0]LogTemp:Display: Loaded TP LinuxNoEditorTargetPlatform
[2016.04.13-22.38.20:432][  0]LogTemp:Display: Loaded TP LinuxServerTargetPlatform
[2016.04.13-22.38.20:453][  0]LogTemp:Display: Loaded TP LinuxTargetPlatform
[2016.04.13-22.38.20:453][  0]LogTargetPlatformManager:Display: Building Assets For Windows
[2016.04.13-22.38.20:625][  0]LogDerivedDataCache:Display: Max Cache Size: 512 MB
[2016.04.13-22.38.20:778][  0]LogDerivedDataCache: Loaded boot cache 0.15s 6MB C:/Users/Sharpe/AppData/Local/UnrealEngine/4.11/DerivedDataCache/Boot.ddc.
[2016.04.13-22.38.20:778][  0]LogDerivedDataCache:Display: Loaded Boot cache: C:/Users/Sharpe/AppData/Local/UnrealEngine/4.11/DerivedDataCache/Boot.ddc
[2016.04.13-22.38.20:778][  0]LogDerivedDataCache: FDerivedDataBackendGraph:  Pak pak cache file ../../../../../../Users/Sharpe/Documents/GitHub/PonyKart-UE4/PonyKart Project Build/PonyKart/DerivedDataCache/DDC.ddp not found, will not use a pak cache.
[2016.04.13-22.38.20:778][  0]LogDerivedDataCache: Unable to find inner node Pak for hierarchical cache Hierarchy.
[2016.04.13-22.38.20:778][  0]LogDerivedDataCache: FDerivedDataBackendGraph:  CompressedPak pak cache file ../../../../../../Users/Sharpe/Documents/GitHub/PonyKart-UE4/PonyKart Project Build/PonyKart/DerivedDataCache/Compressed.ddp not found, will not use a pak cache.
[2016.04.13-22.38.20:778][  0]LogDerivedDataCache: Unable to find inner node CompressedPak for hierarchical cache Hierarchy.
[2016.04.13-22.38.20:833][  0]LogDerivedDataCache:Display: Pak cache opened for reading ../../../Engine/DerivedDataCache/Compressed.ddp.
[2016.04.13-22.38.20:844][  0]LogDerivedDataCache: Using Local data cache path C:/Users/Sharpe/AppData/Local/UnrealEngine/Common/DerivedDataCache: Writable
[2016.04.13-22.38.22:621][  0]LogInit: Selected Device Profile: [Windows]
[2016.04.13-22.38.22:641][  0]LogContentStreaming: Texture pool size is 0.00 MB
[2016.04.13-22.38.22:808][  0]LogMaterial: Uniform references updated for custom material expression Custom.
[2016.04.13-22.38.23:266][  0]LogMeshUtilities: No automatic mesh reduction module available
[2016.04.13-22.38.23:266][  0]LogMeshUtilities: No automatic mesh merging module available
[2016.04.13-22.38.23:266][  0]LogMeshUtilities: No distributed automatic mesh merging module available
[2016.04.13-22.38.25:501][  0]LogUObjectArray: 27674 objects as part of root set at end of initial load.
[2016.04.13-22.38.25:501][  0]LogUObjectAllocator: 5590336 out of 0 bytes used by permanent object pool.
[2016.04.13-22.38.25:501][  0]LogUObjectArray: CloseDisregardForGC: 0/0 objects in disregard for GC pool
[2016.04.13-22.38.25:509][  0]LogInit: WinSock: version 1.1 (2.2), MaxSocks=32767, MaxUdp=65467
[2016.04.13-22.38.26:302][  0]LogSlate: SlateFontCache - WITH_FREETYPE: 1, WITH_HARFBUZZ: 1
[2016.04.13-22.38.26:302][  0]LogSlate: SlateFontCache - WITH_FREETYPE: 1, WITH_HARFBUZZ: 1
[2016.04.13-22.38.26:983][  0]LogStreaming:Warning: Failed to read file '../../../Engine/Content/Editor/Slate/Common/Selection_16x.png' error.
[2016.04.13-22.38.26:983][  0]LogSlate: Could not find file for Slate resource: ../../../Engine/Content/Editor/Slate/Common/Selection_16x.png
[2016.04.13-22.38.26:983][  0]LogStreaming:Warning: Failed to read file '../../../Engine/Content/Editor/Slate/Common/Selection_16x.png' error.
[2016.04.13-22.38.26:983][  0]LogSlate: Could not find file for Slate resource: ../../../Engine/Content/Editor/Slate/Common/Selection_16x.png
[2016.04.13-22.38.26:983][  0]LogStreaming:Warning: Failed to read file '../../../Engine/Content/Editor/Slate/Common/Selection_16x.png' error.
[2016.04.13-22.38.26:983][  0]LogSlate: Could not find file for Slate resource: ../../../Engine/Content/Editor/Slate/Common/Selection_16x.png
[2016.04.13-22.38.29:963][  0]LogUdpMessaging: Initializing bridge on interface 0.0.0.0:0 to multicast group 230.0.0.1:6666.
[2016.04.13-22.38.30:288][  0]LogAssetRegistry: FAssetRegistry took 0.0198 seconds to start up
[2016.04.13-22.38.31:482][  0]SourceControl: Info Source control is disabled
[2016.04.13-22.38.31:483][  0]SourceControl: Info Source control is disabled
[2016.04.13-22.38.31:620][  0]SourceControl: Info Source control is disabled
[2016.04.13-22.38.31:706][  0]SourceControl: Info Source control is disabled
[2016.04.13-22.38.32:486][  0]LogEngine: Initializing Engine...
[2016.04.13-22.38.32:564][  0]LogHMD: SteamVR failed to initialize.  Err: 110
[2016.04.13-22.38.33:676][  0]LogAIModule: Creating AISystem for world NewWorld
[2016.04.13-22.38.33:696][  0]LogInit: XAudio2 using 'Speakers (Turtle Beach PX22)' : 2 channels at 48 kHz using 16 bits per sample (channel mask 0x3)
[2016.04.13-22.38.33:713][  0]LogInit: FAudioDevice initialized.
[2016.04.13-22.38.33:744][  0]LogDerivedDataCache: Saved boot cache 0.03s 44MB C:/Users/Sharpe/AppData/Local/UnrealEngine/4.11/DerivedDataCache/Boot.ddc.
[2016.04.13-22.38.33:752][  0]LogInit: Texture streaming: Enabled
[2016.04.13-22.38.33:886][  0]LogInit: Transaction tracking system initialized
[2016.04.13-22.38.34:128][  0]BlueprintLog: New page: Editor Load
[2016.04.13-22.38.35:512][  0]LocalizationService: Info Localization service is disabled
[2016.04.13-22.38.36:327][  0]LogConsoleResponse:Display: 
[2016.04.13-22.38.38:985][  0]LogFileCache: Scanning file cache for directory 'C:/Users/Sharpe/Documents/GitHub/PonyKart-UE4/PonyKart Project Build/PonyKart/Content/' took 0.07s
[2016.04.13-22.38.38:985][  0]LogCook:Display: Max memory allowance for cook 8192mb
[2016.04.13-22.38.38:985][  0]LogCook:Display: Mobile HDR setting 1
[2016.04.13-22.38.38:985][  0]LogCook:Display: Done creating registry. It took  0.00s.
[2016.04.13-22.38.39:876][  0]SourceControl: Info Source control is disabled
[2016.04.13-22.38.39:907][  0]Cmd: MAP LOAD FILE="../../../../../../Users/Sharpe/Documents/GitHub/PonyKart-UE4/PonyKart Project Build/PonyKart/Content/Levels/KartTestLevel.umap" TEMPLATE=0 SHOWPROGRESS=1 FEATURELEVEL=3
[2016.04.13-22.38.39:915][  0]LightingResults: New page: Lighting Build
[2016.04.13-22.38.39:956][  0]MapCheck: New page: Map Check
[2016.04.13-22.38.39:956][  0]LightingResults: New page: Lighting Build
[2016.04.13-22.38.40:439][  0]LogLinker:Warning: Can't find file '/Game/Models/Import/Materials/MaterialInstances/SolidOrange'
[2016.04.13-22.38.40:439][  0]LogLinker:Warning: Can't find file for asset '/Game/Models/Import/Materials/MaterialInstances/SolidOrange' while loading ../../../../../../Users/Sharpe/Documents/GitHub/PonyKart-UE4/PonyKart Project Build/PonyKart/Content/Models/TrackAssets/ArenaModels/ArenaMesh/BumpWave.uasset.
[2016.04.13-22.38.40:439][  0]LoadErrors:Error: Error /Game/Models/TrackAssets/ArenaModels/ArenaMesh/BumpWave : Can't find file for asset. /Game/Models/Import/Materials/MaterialInstances/SolidOrange
[2016.04.13-22.38.40:439][  0]LogLinker:Warning: Can't find file '/Game/Models/Import/Materials/MaterialInstances/SolidOrange'
[2016.04.13-22.38.40:440][  0]LogLinker:Warning: Can't find file for asset '/Game/Models/Import/Materials/MaterialInstances/SolidOrange' while loading ../../../../../../Users/Sharpe/Documents/GitHub/PonyKart-UE4/PonyKart Project Build/PonyKart/Content/Models/TrackAssets/ArenaModels/ArenaMesh/BumpWave.uasset.
[2016.04.13-22.38.40:440][  0]LoadErrors:Error: Error /Game/Models/TrackAssets/ArenaModels/ArenaMesh/BumpWave : Can't find file for asset. /Game/Models/Import/Materials/MaterialInstances/SolidOrange
[2016.04.13-22.38.40:440][  0]LogLinker:Warning: Can't find file '/Game/Models/Import/Materials/MaterialInstances/SolidOrange'
[2016.04.13-22.38.40:440][  0]LogLinker:Warning: Can't find file for asset '/Game/Models/Import/Materials/MaterialInstances/SolidOrange' while loading ../../../../../../Users/Sharpe/Documents/GitHub/PonyKart-UE4/PonyKart Project Build/PonyKart/Content/Models/TrackAssets/ArenaModels/ArenaMesh/BumpWaveSmall.uasset.
[2016.04.13-22.38.40:440][  0]LoadErrors:Error: Error /Game/Models/TrackAssets/ArenaModels/ArenaMesh/BumpWaveSmall : Can't find file for asset. /Game/Models/Import/Materials/MaterialInstances/SolidOrange
[2016.04.13-22.38.40:441][  0]LogLinker:Warning: Can't find file '/Game/Models/Import/Materials/MaterialInstances/SolidOrange'
[2016.04.13-22.38.40:441][  0]LogLinker:Warning: Can't find file for asset '/Game/Models/Import/Materials/MaterialInstances/SolidOrange' while loading ../../../../../../Users/Sharpe/Documents/GitHub/PonyKart-UE4/PonyKart Project Build/PonyKart/Content/Models/TrackAssets/ArenaModels/ArenaMesh/BumpWaveSmall.uasset.
[2016.04.13-22.38.40:441][  0]LoadErrors:Error: Error /Game/Models/TrackAssets/ArenaModels/ArenaMesh/BumpWaveSmall : Can't find file for asset. /Game/Models/Import/Materials/MaterialInstances/SolidOrange
[2016.04.13-22.38.40:445][  0]LogLinker:Warning: Can't find file '/Game/Models/TrackAssets/ArenaModels/Materials/MaterialInstances/BlackGrid'
[2016.04.13-22.38.40:445][  0]LogLinker:Warning: Can't find file for asset '/Game/Models/TrackAssets/ArenaModels/Materials/MaterialInstances/BlackGrid' while loading ../../../../../../Users/Sharpe/Documents/GitHub/PonyKart-UE4/PonyKart Project Build/PonyKart/Content/Models/TrackAssets/ArenaModels/ArenaMesh/StraightFull.uasset.
[2016.04.13-22.38.40:445][  0]LoadErrors:Error: Error /Game/Models/TrackAssets/ArenaModels/ArenaMesh/StraightFull : Can't find file for asset. /Game/Models/TrackAssets/ArenaModels/Materials/MaterialInstances/BlackGrid
[2016.04.13-22.38.40:445][  0]LogLinker:Warning: Can't find file '/Game/Models/TrackAssets/ArenaModels/Materials/MaterialInstances/RedGrid'
[2016.04.13-22.38.40:446][  0]LogLinker:Warning: Can't find file for asset '/Game/Models/TrackAssets/ArenaModels/Materials/MaterialInstances/RedGrid' while loading ../../../../../../Users/Sharpe/Documents/GitHub/PonyKart-UE4/PonyKart Project Build/PonyKart/Content/Models/TrackAssets/ArenaModels/ArenaMesh/StraightFull.uasset.
[2016.04.13-22.38.40:446][  0]LoadErrors:Error: Error /Game/Models/TrackAssets/ArenaModels/ArenaMesh/StraightFull : Can't find file for asset. /Game/Models/TrackAssets/ArenaModels/Materials/MaterialInstances/RedGrid
[2016.04.13-22.38.40:446][  0]LogLinker:Warning: Can't find file '/Game/Models/TrackAssets/ArenaModels/Materials/MaterialInstances/BlackGrid'
[2016.04.13-22.38.40:446][  0]LogLinker:Warning: Can't find file for asset '/Game/Models/TrackAssets/ArenaModels/Materials/MaterialInstances/BlackGrid' while loading ../../../../../../Users/Sharpe/Documents/GitHub/PonyKart-UE4/PonyKart Project Build/PonyKart/Content/Models/TrackAssets/ArenaModels/ArenaMesh/StraightFull.uasset.
[2016.04.13-22.38.40:446][  0]LoadErrors:Error: Error /Game/Models/TrackAssets/ArenaModels/ArenaMesh/StraightFull : Can't find file for asset. /Game/Models/TrackAssets/ArenaModels/Materials/MaterialInstances/BlackGrid
[2016.04.13-22.38.40:446][  0]LogLinker:Warning: Can't find file '/Game/Models/TrackAssets/ArenaModels/Materials/MaterialInstances/RedGrid'
[2016.04.13-22.38.40:446][  0]LogLinker:Warning: Can't find file for asset '/Game/Models/TrackAssets/ArenaModels/Materials/MaterialInstances/RedGrid' while loading ../../../../../../Users/Sharpe/Documents/GitHub/PonyKart-UE4/PonyKart Project Build/PonyKart/Content/Models/TrackAssets/ArenaModels/ArenaMesh/StraightFull.uasset.
[2016.04.13-22.38.40:446][  0]LoadErrors:Error: Error /Game/Models/TrackAssets/ArenaModels/ArenaMesh/StraightFull : Can't find file for asset. /Game/Models/TrackAssets/ArenaModels/Materials/MaterialInstances/RedGrid
[2016.04.13-22.38.40:463][  0]LogLinker:Warning: Can't find file '/Game/Models/TrackAssets/ArenaModels/Materials/MaterialInstances/RedGrid'
[2016.04.13-22.38.40:463][  0]LoadErrors: Info Failed to load /Game/Models/TrackAssets/ArenaModels/Materials/MaterialInstances/RedGrid.RedGrid Referenced by StraightFull
[2016.04.13-22.38.40:463][  0]LogLinker:Warning: Can't find file for asset '/Game/Models/TrackAssets/ArenaModels/Materials/MaterialInstances/RedGrid' while loading NULL.
[2016.04.13-22.38.40:463][  0]LoadErrors: Info Failed to load /Game/Models/TrackAssets/ArenaModels/Materials/MaterialInstances/RedGrid.RedGrid Referenced by StraightFull
[2016.04.13-22.38.40:463][  0]LogLinker:Warning: Can't find file '/Game/Models/TrackAssets/ArenaModels/Materials/MaterialInstances/BlackGrid'
[2016.04.13-22.38.40:463][  0]LoadErrors: Info Failed to load /Game/Models/TrackAssets/ArenaModels/Materials/MaterialInstances/BlackGrid.BlackGrid Referenced by StraightFull
[2016.04.13-22.38.40:463][  0]LogLinker:Warning: Can't find file for asset '/Game/Models/TrackAssets/ArenaModels/Materials/MaterialInstances/BlackGrid' while loading NULL.
[2016.04.13-22.38.40:464][  0]LoadErrors: Info Failed to load /Game/Models/TrackAssets/ArenaModels/Materials/MaterialInstances/BlackGrid.BlackGrid Referenced by StraightFull
[2016.04.13-22.38.40:465][  0]LogLinker:Warning: Can't find file '/Game/Models/Import/Materials/MaterialInstances/SolidOrange'
[2016.04.13-22.38.40:465][  0]LoadErrors: Info Failed to load /Game/Models/Import/Materials/MaterialInstances/SolidOrange.SolidOrange Referenced by BumpWaveSmall
[2016.04.13-22.38.40:465][  0]LogLinker:Warning: Can't find file for asset '/Game/Models/Import/Materials/MaterialInstances/SolidOrange' while loading NULL.
[2016.04.13-22.38.40:465][  0]LoadErrors: Info Failed to load /Game/Models/Import/Materials/MaterialInstances/SolidOrange.SolidOrange Referenced by BumpWaveSmall
[2016.04.13-22.38.40:465][  0]LogLinker:Warning: Can't find file '/Game/Models/Import/Materials/MaterialInstances/SolidOrange'
[2016.04.13-22.38.40:465][  0]LoadErrors: Info Failed to load /Game/Models/Import/Materials/MaterialInstances/SolidOrange.SolidOrange Referenced by BumpWave
[2016.04.13-22.38.40:465][  0]LogLinker:Warning: Can't find file for asset '/Game/Models/Import/Materials/MaterialInstances/SolidOrange' while loading NULL.
[2016.04.13-22.38.40:465][  0]LoadErrors: Info Failed to load /Game/Models/Import/Materials/MaterialInstances/SolidOrange.SolidOrange Referenced by BumpWave
[2016.04.13-22.38.43:540][  0]LogAIModule: Creating AISystem for world KartTestLevel
[2016.04.13-22.38.43:671][  0]LogEditorServer: Finished looking for orphan Actors (0.009 secs)
[2016.04.13-22.38.43:702][  0]Cmd: MAP CHECKDEP NOCLEARLOG
[2016.04.13-22.38.43:797][  0]MapCheck: Info Map check complete: 0 Error(s), 0 Warning(s), took 51.909ms to complete.
[2016.04.13-22.38.43:797][  0]LogFileHelpers: Loading map 'KartTestLevel' took 3.898
[2016.04.13-22.38.44:529][  0]LogCollectionManager: Loaded 0 collections in 0.008177 seconds
[2016.04.13-22.38.44:835][  0]LogFileCache: Scanning file cache for directory 'C:/Users/Sharpe/Documents/GitHub/PonyKart-UE4/PonyKart Project Build/PonyKart/Saved/Collections/' took 0.02s
[2016.04.13-22.38.44:835][  0]LogFileCache: Scanning file cache for directory 'C:/Users/Sharpe/Documents/GitHub/PonyKart-UE4/PonyKart Project Build/PonyKart/Content/Developers/Sharpe/Collections/' took 0.01s
[2016.04.13-22.38.44:835][  0]LogFileCache: Scanning file cache for directory 'C:/Users/Sharpe/Documents/GitHub/PonyKart-UE4/PonyKart Project Build/PonyKart/Content/Collections/' took 0.01s
[2016.04.13-22.38.44:835][  0]LogCollectionManager: Rebuilt the GUID cache for 0 collections in 0.000004 seconds
[2016.04.13-22.38.44:844][  0]LogContentBrowser: Native class hierarchy populated in 0.0091 seconds. Added 1978 classes and 343 folders.
[2016.04.13-22.38.44:954][  0]LogStats: UGameplayTagsManager::ConstructGameplayTagTree: Construct from data asset -  0.000 s
[2016.04.13-22.38.44:955][  0]LogStats: UGameplayTagsManager::ConstructGameplayTagTree: GameplayTagTreeChangedEvent.Broadcast -  0.000 s
[2016.04.13-22.38.44:955][  0]LogContentBrowser: Native class hierarchy updated for 'GameplayTags' in 0.0004 seconds. Added 12 classes and 0 folders.
[2016.04.13-22.38.44:962][  0]LogContentBrowser: Native class hierarchy updated for 'WidgetCarousel' in 0.0005 seconds. Added 0 classes and 0 folders.
[2016.04.13-22.38.45:105][  0]LogContentBrowser: Native class hierarchy updated for 'SuperSearch' in 0.0003 seconds. Added 1 classes and 2 folders.
[2016.04.13-22.38.46:073][  0]LogContentBrowser: Native class hierarchy updated for 'AddContentDialog' in 0.0004 seconds. Added 0 classes and 0 folders.
[2016.04.13-22.38.46:094][  0]LogContentBrowser: Native class hierarchy updated for 'SceneOutliner' in 0.0003 seconds. Added 1 classes and 2 folders.
[2016.04.13-22.38.46:313][  0]LogCrashTracker: Crashtracker disabled due to settings.
[2016.04.13-22.38.46:375][  0]LogUObjectGlobals:Warning: Failed to find object 'Class None.'
[2016.04.13-22.38.46:481][  0]LogContentBrowser: Native class hierarchy updated for 'HierarchicalLODOutliner' in 0.0012 seconds. Added 1 classes and 2 folders.
[2016.04.13-22.38.46:482][  0]LogLoad: Full Startup: 29.25 seconds (BP compile: 0.17 seconds)
[2016.04.13-22.38.46:482][  0]LogExternalProfiler:Warning: No registered external profiler was matched with a command-line switch (or the DLL could not be loaded).  External profiling features will not be available.
[2016.04.13-22.38.46:492][  0]LogOcInput: Can't find Oculus library dev build: is proper Runtime installed? Version: 0.8.0.0
[2016.04.13-22.38.46:699][  0]LogContentStreaming: Texture pool size now 200 MB
[2016.04.13-22.38.47:082][  0]LogMaterial: Missing cached shader map for material LevelGridMaterial2, compiling. 
[2016.04.13-22.38.47:300][  0]LogRenderer: Reallocating scene render targets to support 1000x576 (Frame:2).
[2016.04.13-22.38.50:019][  2]LogAssetRegistry: Asset discovery search completed in 19.7510 seconds
[2016.04.13-22.38.50:035][  2]LogCollectionManager: Rebuilt the object cache for 0 collections in 0.000001 seconds (found 0 objects)
[2016.04.13-22.38.50:036][  2]LogCollectionManager: Fixed up redirectors for 0 collections in 0.016654 seconds (updated 0 objects)
[2016.04.13-22.38.57:434][711]LogPlayLevel: PlayLevel: No blueprints needed recompiling
[2016.04.13-22.38.57:477][711]PIE: New page: PIE session: KartTestLevel (Apr 13, 2016, 1:38:57 PM)
[2016.04.13-22.38.57:477][711]LogPlayLevel: Creating play world package: /Game/Levels/UEDPIE_0_KartTestLevel
[2016.04.13-22.38.57:485][711]LogPlayLevel: PIE: StaticDuplicateObject took: (0.008112s)
[2016.04.13-22.38.57:486][711]LogAIModule: Creating AISystem for world KartTestLevel
[2016.04.13-22.38.57:486][711]LogPlayLevel: PIE: World Init took: (0.000635s)
[2016.04.13-22.38.57:486][711]LogPlayLevel: PIE: Created PIE world by copying editor world from /Game/Levels/KartTestLevel.KartTestLevel to /Game/Levels/UEDPIE_0_KartTestLevel.KartTestLevel (0.008992s)
[2016.04.13-22.38.57:514][711]LogInit: XAudio2 using 'Speakers (Turtle Beach PX22)' : 2 channels at 48 kHz using 16 bits per sample (channel mask 0x3)
[2016.04.13-22.38.57:521][711]LogInit: FAudioDevice initialized.
[2016.04.13-22.38.57:618][711]LogWorld: Game class is 'GameMode'
[2016.04.13-22.38.57:642][711]LogWorld: Bringing World /Game/Levels/UEDPIE_0_KartTestLevel.KartTestLevel up for play (max tick rate 0) at 2016.04.13-18.38.57
[2016.04.13-22.38.57:643][711]LogWorld: Bringing up level for play took: 0.008676
[2016.04.13-22.38.57:691][711]LogContentBrowser: Native class hierarchy updated for 'MovieSceneCapture' in 0.0004 seconds. Added 9 classes and 0 folders.
[2016.04.13-22.38.57:691][711]PIE: Info Play in editor start time for /Game/Levels/UEDPIE_0_KartTestLevel -0.03
[2016.04.13-22.39.16:719][756]LogEditorViewport: Clicking on Actor (LMB): BP_Sky_Sphere_C (Sky Sphere)
[2016.04.13-22.39.21:526][144]LogRenderer: Reallocating scene render targets to support 1000x576 (Frame:3136).
[2016.04.13-22.39.21:609][147]LogContentStreaming: Texture pool size now 1000 MB
[2016.04.13-22.39.23:569][315]LogEditorViewport: Clicking on Actor (LMB): BP_Sky_Sphere_C (Sky Sphere)
[2016.04.13-22.39.25:986][502]Cmd: STAT FPS
[2016.04.13-22.39.27:693][634]LogPlayLevel: PlayLevel: No blueprints needed recompiling
[2016.04.13-22.39.27:694][634]PIE: New page: PIE session: KartTestLevel (Apr 13, 2016, 1:39:27 PM)
[2016.04.13-22.39.27:694][634]LogPlayLevel: Creating play world package: /Game/Levels/UEDPIE_0_KartTestLevel
[2016.04.13-22.39.27:713][634]LogPlayLevel: PIE: StaticDuplicateObject took: (0.019267s)
[2016.04.13-22.39.27:716][634]LogAIModule: Creating AISystem for world KartTestLevel
[2016.04.13-22.39.27:716][634]LogPlayLevel: PIE: World Init took: (0.002896s)
[2016.04.13-22.39.27:717][634]LogPlayLevel: PIE: Created PIE world by copying editor world from /Game/Levels/KartTestLevel.KartTestLevel to /Game/Levels/UEDPIE_0_KartTestLevel.KartTestLevel (0.022700s)
[2016.04.13-22.39.27:728][634]LogInit: XAudio2 using 'Speakers (Turtle Beach PX22)' : 2 channels at 48 kHz using 16 bits per sample (channel mask 0x3)
[2016.04.13-22.39.27:733][634]LogInit: FAudioDevice initialized.
[2016.04.13-22.39.27:763][634]LogWorld: Game class is 'GameMode'
[2016.04.13-22.39.27:771][634]LogWorld: Bringing World /Game/Levels/UEDPIE_0_KartTestLevel.KartTestLevel up for play (max tick rate 0) at 2016.04.13-18.39.27
[2016.04.13-22.39.27:772][634]LogWorld: Bringing up level for play took: 0.006042
[2016.04.13-22.39.27:773][634]PIE: Info Play in editor start time for /Game/Levels/UEDPIE_0_KartTestLevel 0.051
[2016.04.13-22.39.49:886][985]Cmd: QUIT_EDITOR
[2016.04.13-22.39.50:112][985]LogExit: Preparing to exit.
[2016.04.13-22.39.51:197][985]LogExit: Editor shut down
[2016.04.13-22.39.51:198][985]LogExit: Transaction tracking system shut down
[2016.04.13-22.39.51:598][985]LogObj: Freed 0b from 0 cluster array pools.
[2016.04.13-22.39.51:598][985]LogExit: Object subsystem successfully closed.
[2016.04.13-22.39.51:654][985]LogD3D11RHI: Shutdown
[2016.04.13-22.39.51:654][985]LogD3D11RHI: CleanupD3DDevice
[2016.04.13-22.39.51:750][985]LogD3D11RHI: ~FD3D11DynamicRHI
[2016.04.13-22.39.51:898][985]LogDerivedDataCache: Shutdown
[2016.04.13-22.39.52:153][985]LogModuleManager: Shutting down and abandoning module MovieSceneCapture (204)
[2016.04.13-22.39.52:153][985]LogModuleManager: Shutting down and abandoning module HierarchicalLODOutliner (203)
[2016.04.13-22.39.52:161][985]LogModuleManager: Shutting down and abandoning module CrashTracker (202)
[2016.04.13-22.39.52:161][985]LogModuleManager: Shutting down and abandoning module SceneOutliner (201)
[2016.04.13-22.39.52:161][985]LogModuleManager: Shutting down and abandoning module SuperSearch (200)
[2016.04.13-22.39.52:161][985]LogModuleManager: Shutting down and abandoning module WidgetCarousel (199)
[2016.04.13-22.39.52:161][985]LogModuleManager: Shutting down and abandoning module AddContentDialog (198)
[2016.04.13-22.39.52:162][985]LogModuleManager: Shutting down and abandoning module GameplayTags (197)
[2016.04.13-22.39.52:162][985]LogModuleManager: Shutting down and abandoning module EditorWidgets (196)
[2016.04.13-22.39.52:162][985]LogModuleManager: Shutting down and abandoning module CollectionManager (195)
[2016.04.13-22.39.52:162][985]LogModuleManager: Shutting down and abandoning module StatsViewer (194)
[2016.04.13-22.39.52:162][985]LogModuleManager: Shutting down and abandoning module FoliageEdit (193)
[2016.04.13-22.39.52:162][985]LogModuleManager: Shutting down and abandoning module LandscapeEditor (192)
[2016.04.13-22.39.52:166][985]LogModuleManager: Shutting down and abandoning module ActorPickerMode (191)
[2016.04.13-22.39.52:166][985]LogModuleManager: Shutting down and abandoning module GeometryMode (190)
[2016.04.13-22.39.52:166][985]LogModuleManager: Shutting down and abandoning module TextureAlignMode (189)
[2016.04.13-22.39.52:166][985]LogModuleManager: Shutting down and abandoning module BspMode (188)
[2016.04.13-22.39.52:166][985]LogModuleManager: Shutting down and abandoning module PlacementMode (187)
[2016.04.13-22.39.52:166][985]LogModuleManager: Shutting down and abandoning module AutomationWorker (186)
[2016.04.13-22.39.52:166][985]LogModuleManager: Shutting down and abandoning module CharacterAI (185)
[2016.04.13-22.39.52:166][985]LogModuleManager: Shutting down and abandoning module SmartSnapping (184)
[2016.04.13-22.39.52:166][985]LogModuleManager: Shutting down and abandoning module ViewportSnapping (183)
[2016.04.13-22.39.52:166][985]LogModuleManager: Shutting down and abandoning module LogVisualizer (182)
[2016.04.13-22.39.52:194][985]LogModuleManager: Shutting down and abandoning module GameProjectGeneration (181)
[2016.04.13-22.39.52:201][985]LogModuleManager: Shutting down and abandoning module IntroTutorials (180)
[2016.04.13-22.39.52:209][985]LogModuleManager: Shutting down and abandoning module EditorLiveStreaming (179)
[2016.04.13-22.39.52:209][985]LogModuleManager: Shutting down and abandoning module IOSPlatformEditor (178)
[2016.04.13-22.39.52:209][985]LogModuleManager: Shutting down and abandoning module HTML5PlatformEditor (177)
[2016.04.13-22.39.52:209][985]LogModuleManager: Shutting down and abandoning module AndroidDeviceDetection (176)
[2016.04.13-22.39.52:808][985]LogModuleManager: Shutting down and abandoning module AndroidPlatformEditor (175)
[2016.04.13-22.39.52:808][985]LogModuleManager: Shutting down and abandoning module IOSRuntimeSettings (174)
[2016.04.13-22.39.52:808][985]LogModuleManager: Shutting down and abandoning module AndroidRuntimeSettings (173)
[2016.04.13-22.39.52:808][985]LogModuleManager: Shutting down and abandoning module MergeActors (172)
[2016.04.13-22.39.52:824][985]LogModuleManager: Shutting down and abandoning module SizeMap (171)
[2016.04.13-22.39.52:824][985]LogModuleManager: Shutting down and abandoning module TreeMap (170)
[2016.04.13-22.39.52:830][985]LogModuleManager: Shutting down and abandoning module ReferenceViewer (169)
[2016.04.13-22.39.52:830][985]LogModuleManager: Shutting down and abandoning module LocalizationService (168)
[2016.04.13-22.39.52:838][985]LogModuleManager: Shutting down and abandoning module LocalizationDashboard (167)
[2016.04.13-22.39.52:843][985]LogModuleManager: Shutting down and abandoning module HardwareTargeting (166)
[2016.04.13-22.39.52:843][985]LogModuleManager: Shutting down and abandoning module DeviceProfileEditor (165)
[2016.04.13-22.39.52:847][985]LogModuleManager: Shutting down and abandoning module UndoHistory (164)
[2016.04.13-22.39.52:856][985]LogModuleManager: Shutting down and abandoning module UserFeedback (163)
[2016.04.13-22.39.52:856][985]LogModuleManager: Shutting down and abandoning module XmlParser (162)
[2016.04.13-22.39.52:856][985]LogModuleManager: Shutting down and abandoning module Blutility (161)
[2016.04.13-22.39.52:856][985]LogModuleManager: Shutting down and abandoning module ProjectTargetPlatformEditor (160)
[2016.04.13-22.39.52:856][985]LogModuleManager: Shutting down and abandoning module ProjectSettingsViewer (159)
[2016.04.13-22.39.52:856][985]LogModuleManager: Shutting down and abandoning module InputBindingEditor (158)
[2016.04.13-22.39.52:863][985]LogModuleManager: Shutting down and abandoning module EditorSettingsViewer (157)
[2016.04.13-22.39.52:863][985]LogModuleManager: Shutting down and abandoning module SettingsEditor (156)
[2016.04.13-22.39.52:874][985]LogModuleManager: Shutting down and abandoning module ProjectLauncher (155)
[2016.04.13-22.39.52:890][985]LogModuleManager: Shutting down and abandoning module SessionFrontend (154)
[2016.04.13-22.39.52:899][985]LogModuleManager: Shutting down and abandoning module ProfilerClient (153)
[2016.04.13-22.39.52:908][985]LogModuleManager: Shutting down and abandoning module TargetDeviceServices (152)
[2016.04.13-22.39.52:908][985]LogModuleManager: Shutting down and abandoning module DeviceManager (151)
[2016.04.13-22.39.52:943][985]LogModuleManager: Shutting down and abandoning module AutomationController (150)
[2016.04.13-22.39.52:946][985]LogModuleManager: Shutting down and abandoning module AutomationWindow (149)
[2016.04.13-22.39.52:951][985]LogModuleManager: Shutting down and abandoning module Layers (148)
[2016.04.13-22.39.52:959][985]LogModuleManager: Shutting down and abandoning module ComponentVisualizers (147)
[2016.04.13-22.39.52:959][985]LogModuleManager: Shutting down and abandoning module DetailCustomizations (146)
[2016.04.13-22.39.52:966][985]LogModuleManager: Shutting down and abandoning module PackagesDialog (145)
[2016.04.13-22.39.52:970][985]LogModuleManager: Shutting down and abandoning module Persona (144)
[2016.04.13-22.39.52:977][985]LogModuleManager: Shutting down and abandoning module Kismet (143)
[2016.04.13-22.39.52:977][985]LogModuleManager: Shutting down and abandoning module GraphEditor (142)
[2016.04.13-22.39.52:978][985]LogModuleManager: Shutting down and abandoning module ClassViewer (141)
[2016.04.13-22.39.52:978][985]LogModuleManager: Shutting down and abandoning module Toolbox (140)
[2016.04.13-22.39.52:978][985]LogModuleManager: Shutting down and abandoning module ModuleUI (139)
[2016.04.13-22.39.52:983][985]LogModuleManager: Shutting down and abandoning module MovieSceneTools (138)
[2016.04.13-22.39.52:983][985]LogModuleManager: Shutting down and abandoning module OutputLog (137)
[2016.04.13-22.39.52:983][985]LogModuleManager: Shutting down and abandoning module GammaUI (136)
[2016.04.13-22.39.52:989][985]LogModuleManager: Shutting down and abandoning module Documentation (135)
[2016.04.13-22.39.52:989][985]LogModuleManager: Shutting down and abandoning module StreamingPauseRendering (134)
[2016.04.13-22.39.52:989][985]LogModuleManager: Shutting down and abandoning module AnalyticsET (133)
[2016.04.13-22.39.52:989][985]LogModuleManager: Shutting down and abandoning module Analytics (132)
[2016.04.13-22.39.52:989][985]LogModuleManager: Shutting down and abandoning module PortalServices (131)
[2016.04.13-22.39.52:989][985]LogModuleManager: Shutting down and abandoning module PortalRpc (130)
[2016.04.13-22.39.52:989][985]LogModuleManager: Shutting down and abandoning module MessagingRpc (129)
[2016.04.13-22.39.52:989][985]LogModuleManager: Shutting down and abandoning module AITestSuite (128)
[2016.04.13-22.39.52:989][985]LogModuleManager: Shutting down and abandoning module GameplayDebugger (127)
[2016.04.13-22.39.52:995][985]LogModuleManager: Shutting down and abandoning module AIModule (126)
[2016.04.13-22.39.52:995][985]LogModuleManager: Shutting down and abandoning module ProfilerService (125)
[2016.04.13-22.39.53:134][985]LogModuleManager: Shutting down and abandoning module TaskGraph (124)
[2016.04.13-22.39.53:171][985]LogModuleManager: Shutting down and abandoning module SlateRemote (123)
[2016.04.13-22.39.53:171][985]LogModuleManager: Shutting down and abandoning module SteamVRController (122)
[2016.04.13-22.39.53:171][985]LogModuleManager: Shutting down and abandoning module SteamVR (121)
[2016.04.13-22.39.53:171][985]LogModuleManager: Shutting down and abandoning module ProceduralMeshComponent (120)
[2016.04.13-22.39.53:171][985]LogModuleManager: Shutting down and abandoning module OculusLibrary (119)
[2016.04.13-22.39.53:171][985]LogModuleManager: Shutting down and abandoning module OculusInput (118)
[2016.04.13-22.39.53:171][985]LogModuleManager: Shutting down and abandoning module CustomMeshComponent (117)
[2016.04.13-22.39.53:172][985]LogModuleManager: Shutting down and abandoning module CableComponent (116)
[2016.04.13-22.39.53:172][985]LogModuleManager: Shutting down and abandoning module ArchVisCharacter (115)
[2016.04.13-22.39.53:172][985]LogModuleManager: Shutting down and abandoning module MediaPlayerEditor (114)
[2016.04.13-22.39.53:208][985]LogModuleManager: Shutting down and abandoning module HTML5Networking (113)
[2016.04.13-22.39.53:208][985]LogModuleManager: Shutting down and abandoning module SpeedTreeImporter (112)
[2016.04.13-22.39.53:208][985]LogModuleManager: Shutting down and abandoning module PluginBrowser (111)
[2016.04.13-22.39.53:208][985]LogModuleManager: Shutting down and abandoning module EpicSurvey (110)
[2016.04.13-22.39.53:208][985]LogModuleManager: Shutting down and abandoning module DesktopPlatform (109)
[2016.04.13-22.39.53:242][985]LogModuleManager: Shutting down and abandoning module VisualStudioSourceCodeAccess (108)
[2016.04.13-22.39.53:243][985]LogModuleManager: Shutting down and abandoning module UObjectPlugin (107)
[2016.04.13-22.39.53:243][985]LogModuleManager: Shutting down and abandoning module SubversionSourceControl (106)
[2016.04.13-22.39.53:243][985]LogModuleManager: Shutting down and abandoning module PerforceSourceControl (105)
[2016.04.13-22.39.53:243][985]LogModuleManager: Shutting down and abandoning module SourceControl (104)
[2016.04.13-22.39.53:243][985]LogModuleManager: Shutting down and abandoning module GitSourceControl (103)
[2016.04.13-22.39.53:243][985]LogModuleManager: Shutting down and abandoning module LightPropagationVolumeEditor (102)
[2016.04.13-22.39.53:243][985]LogModuleManager: Shutting down and abandoning module PaperTiledImporter (101)
[2016.04.13-22.39.53:243][985]LogModuleManager: Shutting down and abandoning module PaperSpriteSheetImporter (100)
[2016.04.13-22.39.53:243][985]LogModuleManager: Shutting down and abandoning module MeshPaint (99)
[2016.04.13-22.39.53:243][985]LogModuleManager: Shutting down and abandoning module HotReload (98)
[2016.04.13-22.39.53:258][985]LogModuleManager: Shutting down and abandoning module MainFrame (97)
[2016.04.13-22.39.53:258][985]LogModuleManager: Shutting down and abandoning module LevelEditor (96)
[2016.04.13-22.39.53:259][985]LogModuleManager: Shutting down and abandoning module DirectoryWatcher (95)
[2016.04.13-22.39.53:260][985]LogModuleManager: Shutting down and abandoning module AssetRegistry (94)
[2016.04.13-22.39.53:553][985]LogModuleManager: Shutting down and abandoning module ContentBrowser (93)
[2016.04.13-22.39.53:554][985]LogModuleManager: Shutting down and abandoning module Paper2DEditor (92)
[2016.04.13-22.39.53:660][985]LogModuleManager: Shutting down and abandoning module UdpMessaging (91)
[2016.04.13-22.39.53:760][985]LogModuleManager: Shutting down and abandoning module LightPropagationVolumeRuntime (90)
[2016.04.13-22.39.53:760][985]LogModuleManager: Shutting down and abandoning module Paper2D (89)
[2016.04.13-22.39.53:760][985]LogModuleManager: Shutting down and abandoning module WindowsMoviePlayer (88)
[2016.04.13-22.39.53:760][985]LogModuleManager: Shutting down and abandoning module Media (87)
[2016.04.13-22.39.53:760][985]LogModuleManager: Shutting down and abandoning module WmfMedia (86)
[2016.04.13-22.39.53:800][985]LogModuleManager: Shutting down and abandoning module GameLiveStreaming (85)
[2016.04.13-22.39.53:800][985]LogModuleManager: Shutting down and abandoning module GameplayTagsEditor (84)
[2016.04.13-22.39.53:800][985]LogModuleManager: Shutting down and abandoning module OnlineBlueprintSupport (83)
[2016.04.13-22.39.53:800][985]LogModuleManager: Shutting down and abandoning module GameplayTasksEditor (82)
[2016.04.13-22.39.53:800][985]LogModuleManager: Shutting down and abandoning module PropertyEditor (81)
[2016.04.13-22.39.53:800][985]LogModuleManager: Shutting down and abandoning module BehaviorTreeEditor (80)
[2016.04.13-22.39.53:847][985]LogModuleManager: Shutting down and abandoning module FunctionalTesting (79)
[2016.04.13-22.39.53:847][985]LogModuleManager: Shutting down and abandoning module CollisionAnalyzer (78)
[2016.04.13-22.39.53:860][985]LogModuleManager: Shutting down and abandoning module WorkspaceMenuStructure (77)
[2016.04.13-22.39.53:860][985]LogModuleManager: Shutting down and abandoning module MessageLog (76)
[2016.04.13-22.39.53:860][985]LogModuleManager: Shutting down and abandoning module Sequencer (75)
[2016.04.13-22.39.53:866][985]LogModuleManager: Shutting down and abandoning module AssetTools (74)
[2016.04.13-22.39.53:890][985]LogModuleManager: Shutting down and abandoning module UMGEditor (73)
[2016.04.13-22.39.53:911][985]LogModuleManager: Shutting down and abandoning module UMG (72)
[2016.04.13-22.39.53:935][985]LogModuleManager: Shutting down and abandoning module SlateReflector (71)
[2016.04.13-22.39.53:965][985]LogModuleManager: Shutting down and abandoning module Slate (70)
[2016.04.13-22.39.53:965][985]LogModuleManager: Shutting down and abandoning module EditorStyle (69)
[2016.04.13-22.39.53:967][985]LogModuleManager: Shutting down and abandoning module SessionServices (68)
[2016.04.13-22.39.53:967][985]LogModuleManager: Shutting down and abandoning module SourceCodeAccess (67)
[2016.04.13-22.39.53:968][985]LogModuleManager: Shutting down and abandoning module HeadMountedDisplay (66)
[2016.04.13-22.39.53:968][985]LogModuleManager: Shutting down and abandoning module XAudio2 (65)
[2016.04.13-22.39.53:968][985]LogModuleManager: Shutting down and abandoning module Networking (63)
[2016.04.13-22.39.53:968][985]LogModuleManager: Shutting down and abandoning module Core (62)
[2016.04.13-22.39.53:968][985]LogModuleManager: Shutting down and abandoning module KismetCompiler (61)
[2016.04.13-22.39.53:968][985]LogModuleManager: Shutting down and abandoning module PhysXFormats (60)
[2016.04.13-22.39.53:968][985]LogModuleManager: Shutting down and abandoning module MeshUtilities (59)
[2016.04.13-22.39.53:968][985]LogModuleManager: Shutting down and abandoning module CookingStats (58)
[2016.04.13-22.39.53:968][985]LogModuleManager: Shutting down and abandoning module DerivedDataCache (57)
[2016.04.13-22.39.53:968][985]LogDerivedDataCache: Shutdown
[2016.04.13-22.39.53:968][985]LogModuleManager: Shutting down and abandoning module ShaderFormatOpenGL (56)
[2016.04.13-22.39.53:984][985]LogModuleManager: Shutting down and abandoning module ShaderFormatD3D (55)
[2016.04.13-22.39.53:987][985]LogModuleManager: Shutting down and abandoning module MetalShaderFormat (54)
[2016.04.13-22.39.53:991][985]LogModuleManager: Shutting down and abandoning module TextureFormatUncompressed (53)
[2016.04.13-22.39.53:991][985]LogModuleManager: Shutting down and abandoning module TextureFormatPVR (52)
[2016.04.13-22.39.53:991][985]LogModuleManager: Shutting down and abandoning module TextureFormatIntelISPCTexComp (51)
[2016.04.13-22.39.53:991][985]LogModuleManager: Shutting down and abandoning module TextureFormatDXT (50)
[2016.04.13-22.39.53:992][985]LogModuleManager: Shutting down and abandoning module ImageWrapper (49)
[2016.04.13-22.39.53:992][985]LogModuleManager: Shutting down and abandoning module TextureFormatASTC (48)
[2016.04.13-22.39.53:992][985]LogModuleManager: Shutting down and abandoning module TextureFormatAndroid (47)
[2016.04.13-22.39.53:992][985]LogModuleManager: Shutting down and abandoning module AudioFormatOpus (46)
[2016.04.13-22.39.53:992][985]LogModuleManager: Shutting down and abandoning module AudioFormatOgg (45)
[2016.04.13-22.39.53:992][985]LogModuleManager: Shutting down and abandoning module AudioFormatADPCM (44)
[2016.04.13-22.39.53:992][985]LogModuleManager: Shutting down and abandoning module LinuxTargetPlatform (43)
[2016.04.13-22.39.53:992][985]LogModuleManager: Shutting down and abandoning module LinuxServerTargetPlatform (42)
[2016.04.13-22.39.53:992][985]LogModuleManager: Shutting down and abandoning module LinuxNoEditorTargetPlatform (41)
[2016.04.13-22.39.54:024][985]LogModuleManager: Shutting down and abandoning module TVOSTargetPlatform (40)
[2016.04.13-22.39.54:024][985]LogModuleManager: Shutting down and abandoning module Messaging (39)
[2016.04.13-22.39.54:024][985]LogModuleManager: Shutting down and abandoning module IOSTargetPlatform (38)
[2016.04.13-22.39.54:024][985]LogModuleManager: Shutting down and abandoning module HTML5TargetPlatform (37)
[2016.04.13-22.39.54:024][985]LogModuleManager: Shutting down and abandoning module Android_PVRTCTargetPlatform (36)
[2016.04.13-22.39.54:024][985]LogModuleManager: Shutting down and abandoning module Android_MultiTargetPlatform (35)
[2016.04.13-22.39.54:025][985]LogModuleManager: Shutting down and abandoning module Android_ETC2TargetPlatform (34)
[2016.04.13-22.39.54:025][985]LogModuleManager: Shutting down and abandoning module Android_ETC1TargetPlatform (33)
[2016.04.13-22.39.54:025][985]LogModuleManager: Shutting down and abandoning module Android_DXTTargetPlatform (32)
[2016.04.13-22.39.54:025][985]LogModuleManager: Shutting down and abandoning module Android_ATCTargetPlatform (31)
[2016.04.13-22.39.54:025][985]LogModuleManager: Shutting down and abandoning module Android_ASTCTargetPlatform (30)
[2016.04.13-22.39.54:025][985]LogModuleManager: Shutting down and abandoning module AndroidTargetPlatform (29)
[2016.04.13-22.39.54:025][985]LogModuleManager: Shutting down and abandoning module WindowsTargetPlatform (28)
[2016.04.13-22.39.54:025][985]LogModuleManager: Shutting down and abandoning module WindowsServerTargetPlatform (27)
[2016.04.13-22.39.54:025][985]LogModuleManager: Shutting down and abandoning module WindowsNoEditorTargetPlatform (26)
[2016.04.13-22.39.54:025][985]LogModuleManager: Shutting down and abandoning module WindowsClientTargetPlatform (25)
[2016.04.13-22.39.54:025][985]LogModuleManager: Shutting down and abandoning module AllDesktopTargetPlatform (24)
[2016.04.13-22.39.54:025][985]LogModuleManager: Shutting down and abandoning module TargetPlatform (23)
[2016.04.13-22.39.54:025][985]LogModuleManager: Shutting down and abandoning module InputCore (22)
[2016.04.13-22.39.54:025][985]LogModuleManager: Shutting down and abandoning module Settings (21)
[2016.04.13-22.39.54:025][985]LogModuleManager: Shutting down and abandoning module OnlineSubsystem (19)
[2016.04.13-22.39.54:025][985]LogModuleManager: Shutting down and abandoning module HTTP (18)
[2016.04.13-22.39.55:025][985]LogModuleManager: Shutting down and abandoning module XMPP (17)
[2016.04.13-22.39.55:039][985]LogModuleManager: Shutting down and abandoning module OculusRift (16)
[2016.04.13-22.39.55:039][985]LogModuleManager: Shutting down and abandoning module ExampleDeviceProfileSelector (15)
[2016.04.13-22.39.55:039][985]LogModuleManager: Shutting down and abandoning module TextureCompressor (14)
[2016.04.13-22.39.55:039][985]LogModuleManager: Shutting down and abandoning module ShaderCore (13)
[2016.04.13-22.39.55:039][985]LogModuleManager: Shutting down and abandoning module Landscape (12)
[2016.04.13-22.39.55:039][985]LogModuleManager: Shutting down and abandoning module SlateRHIRenderer (11)
[2016.04.13-22.39.55:040][985]LogModuleManager: Shutting down and abandoning module OpenGLDrv (10)
[2016.04.13-22.39.55:040][985]LogModuleManager: Shutting down and abandoning module D3D11RHI (9)
[2016.04.13-22.39.55:040][985]LogModuleManager: Shutting down and abandoning module AnimGraphRuntime (8)
[2016.04.13-22.39.55:040][985]LogModuleManager: Shutting down and abandoning module Renderer (7)
[2016.04.13-22.39.55:040][985]LogModuleManager: Shutting down and abandoning module Engine (6)
[2016.04.13-22.39.55:040][985]LogModuleManager: Shutting down and abandoning module CoreUObject (5)
[2016.04.13-22.39.55:040][985]LogModuleManager: Shutting down and abandoning module NetworkFile (4)
[2016.04.13-22.39.55:040][985]LogModuleManager: Shutting down and abandoning module StreamingFile (3)
[2016.04.13-22.39.55:040][985]LogModuleManager: Shutting down and abandoning module SandboxFile (2)
[2016.04.13-22.39.55:043][985]LogModuleManager: Shutting down and abandoning module PakFile (1)
[2016.04.13-22.39.55:047][985]LogExit: Exiting.
[2016.04.13-22.39.55:065][985]Log file closed, 04/13/16 18:39:55
