[2015.11.02-00.20.59:228][  0]Log file open, 11/01/15 19:20:59
[2015.11.02-00.20.59:228][  0]LogInit:Display: Running engine for game: PonyKart
[2015.11.02-00.20.59:228][  0]LogInit:Display: RandInit(-1044150997) SRandInit(-1044150983).
[2015.11.02-00.20.59:228][  0]LogTaskGraph: Started task graph with 4 named threads and 7 total threads.
[2015.11.02-00.20.59:228][  0]LogStats: Stats thread started at 0.251039
[2015.11.02-00.20.59:228][  0]LogInit: Version: 4.9.2-2707645+++depot+UE4-Releases+4.9
[2015.11.02-00.20.59:228][  0]LogInit: API Version: 2672455
[2015.11.02-00.20.59:228][  0]LogInit: Compiled (64-bit): Sep 28 2015 10:25:44
[2015.11.02-00.20.59:228][  0]LogInit: Compiled with Visual C++: 18.00.21005.01
[2015.11.02-00.20.59:228][  0]LogInit: Build Configuration: Development
[2015.11.02-00.20.59:228][  0]LogInit: Branch Name: ++depot+UE4-Releases+4.9
[2015.11.02-00.20.59:228][  0]LogInit: Command line:  
[2015.11.02-00.20.59:228][  0]LogInit: Base directory: C:/Program Files/Epic Games/4.9/Engine/Binaries/Win64/
[2015.11.02-00.20.59:228][  0]LogInit: Rocket: 1
[2015.11.02-00.20.59:884][  0]LogInit: Using libcurl 7.41.0
[2015.11.02-00.20.59:884][  0]LogInit:  - built for x86_64-pc-win32
[2015.11.02-00.20.59:884][  0]LogInit:  - supports SSL with WinSSL
[2015.11.02-00.20.59:884][  0]LogInit:  - other features:
[2015.11.02-00.20.59:884][  0]LogInit:      CURL_VERSION_SSL
[2015.11.02-00.20.59:884][  0]LogInit:      CURL_VERSION_IPV6
[2015.11.02-00.20.59:884][  0]LogInit:      CURL_VERSION_ASYNCHDNS
[2015.11.02-00.20.59:884][  0]LogInit:      CURL_VERSION_LARGEFILE
[2015.11.02-00.20.59:884][  0]LogInit:      CURL_VERSION_IDN
[2015.11.02-00.20.59:884][  0]LogInit:  CurlRequestOptions (configurable via config and command line):
[2015.11.02-00.20.59:884][  0]LogInit:  - bVerifyPeer = true  - Libcurl will verify peer certificate
[2015.11.02-00.20.59:884][  0]LogInit:  - bUseHttpProxy = false  - Libcurl will NOT use HTTP proxy
[2015.11.02-00.20.59:884][  0]LogInit:  - bDontReuseConnections = false  - Libcurl will reuse connections
[2015.11.02-00.20.59:884][  0]LogInit:  - CertBundlePath = nullptr  - Libcurl will use whatever was configured at build time.
[2015.11.02-00.21.00:291][  0]LogInit: Presizing for 0 objects not considered by GC, pre-allocating 0 bytes.
[2015.11.02-00.21.00:291][  0]LogInit: Object subsystem initialized
[2015.11.02-00.21.00:306][  0]LogInit: Selected Device Profile: [Windows]
[2015.11.02-00.21.00:306][  0]LogInit: Applying CVar settings loaded from the selected device profile: [Windows]
[2015.11.02-00.21.00:331][  0]LogInit: Computer: HP-PC
[2015.11.02-00.21.00:331][  0]LogInit: User: Amber
[2015.11.02-00.21.00:331][  0]LogInit: CPU Page size=4096, Cores=4
[2015.11.02-00.21.00:331][  0]LogInit: High frequency timer resolution =14.318180 MHz
[2015.11.02-00.21.00:331][  0]LogMemory: Memory total: Physical=6.0GB (6GB approx)
[2015.11.02-00.21.00:331][  0]LogMemory: Platform Memory Stats for Windows
[2015.11.02-00.21.00:331][  0]LogMemory: Process Physical Memory: 53.97 MB used, 53.97 MB peak
[2015.11.02-00.21.00:331][  0]LogMemory: Process Virtual Memory: 57.20 MB used, 57.20 MB peak
[2015.11.02-00.21.00:331][  0]LogMemory: Physical Memory: 2001.73 MB used, 6141.22 MB total
[2015.11.02-00.21.00:331][  0]LogMemory: Virtual Memory: 365.95 MB used, 134217728.00 MB total
[2015.11.02-00.21.01:724][  0]LogTextLocalizationManager: No specific translations for ('en-US') exist, so ('en') translations will be used.
[2015.11.02-00.21.02:911][  0]LogD3D11RHI: Found D3D11 adapter 0: NVIDIA GeForce GTX 550 Ti (Feature Level 11_0)
[2015.11.02-00.21.02:911][  0]LogD3D11RHI: Adapter has 972MB of dedicated video memory, 0MB of dedicated system memory, and 3070MB of shared system memory, 1 output[s]
[2015.11.02-00.21.02:913][  0]LogD3D11RHI: Found D3D11 adapter 1: Microsoft Basic Render Driver (Feature Level 11_0)
[2015.11.02-00.21.02:913][  0]LogD3D11RHI: Adapter has 0MB of dedicated video memory, 0MB of dedicated system memory, and 3070MB of shared system memory, 0 output[s]
[2015.11.02-00.21.02:928][  0]LogD3D11RHI: Chosen D3D11 Adapter Id = 0
[2015.11.02-00.21.02:934][  0]LogD3D11RHI: !Direct3DDevice
[2015.11.02-00.21.02:935][  0]LogRHI: Texture pool is 680 MB (70% of 972 MB)
[2015.11.02-00.21.02:950][  0]LogD3D11RHI: Async texture creation enabled
[2015.11.02-00.21.02:972][  0]LogShaderCompilers: Guid format shader working directory is 14 characters bigger than the processId version (../../../../../../Users/Amber/Documents/Game Development/PonyKart-UE4/PonyKart Project Build/PonyKart/Intermediate/Shaders/WorkingDirectory/13352/).
[2015.11.02-00.21.02:972][  0]LogShaderCompilers: Cleaned the shader compiler working directory '../../../../../../Users/Amber/Documents/Game Development/PonyKart-UE4/PonyKart Project Build/PonyKart/Intermediate/Shaders/tmp/BA1459B64570360773F57B9907D27F0C/'.
[2015.11.02-00.21.02:972][  0]LogShaderCompilers:Display: Using Local Shader Compiler.
[2015.11.02-00.21.08:969][  0]LogTemp:Display: Loaded TP AllDesktopTargetPlatform
[2015.11.02-00.21.08:978][  0]LogTemp:Display: Loaded TP WindowsClientTargetPlatform
[2015.11.02-00.21.08:988][  0]LogTemp:Display: Loaded TP WindowsNoEditorTargetPlatform
[2015.11.02-00.21.08:997][  0]LogTemp:Display: Loaded TP WindowsServerTargetPlatform
[2015.11.02-00.21.09:006][  0]LogTemp:Display: Loaded TP WindowsTargetPlatform
[2015.11.02-00.21.09:017][  0]LogTemp:Display: Loaded TP AndroidTargetPlatform
[2015.11.02-00.21.09:023][  0]LogTemp:Display: Loaded TP Android_ASTCTargetPlatform
[2015.11.02-00.21.09:030][  0]LogTemp:Display: Loaded TP Android_ATCTargetPlatform
[2015.11.02-00.21.09:038][  0]LogTemp:Display: Loaded TP Android_DXTTargetPlatform
[2015.11.02-00.21.09:045][  0]LogTemp:Display: Loaded TP Android_ETC1TargetPlatform
[2015.11.02-00.21.09:052][  0]LogTemp:Display: Loaded TP Android_ETC2TargetPlatform
[2015.11.02-00.21.09:059][  0]LogTemp:Display: Loaded TP Android_PVRTCTargetPlatform
[2015.11.02-00.21.09:060][  0]LogTemp:Display: Loaded TP HTML5TargetPlatform
[2015.11.02-00.21.09:233][  0]LogTemp:Display: Loaded TP IOSTargetPlatform
[2015.11.02-00.21.09:246][  0]LogTemp:Display: Loaded TP LinuxNoEditorTargetPlatform
[2015.11.02-00.21.09:257][  0]LogTemp:Display: Loaded TP LinuxServerTargetPlatform
[2015.11.02-00.21.09:268][  0]LogTemp:Display: Loaded TP LinuxTargetPlatform
[2015.11.02-00.21.09:268][  0]LogTargetPlatformManager:Display: Building Assets For Windows
[2015.11.02-00.21.10:341][  0]LogDerivedDataCache:Display: Max Cache Size: 512 MB
[2015.11.02-00.21.11:052][  0]LogDerivedDataCache: Loaded boot cache 0.68s 41MB C:/Users/Amber/AppData/Local/UnrealEngine/4.9/DerivedDataCache/Boot.ddc.
[2015.11.02-00.21.11:052][  0]LogDerivedDataCache:Display: Loaded Boot cache: C:/Users/Amber/AppData/Local/UnrealEngine/4.9/DerivedDataCache/Boot.ddc
[2015.11.02-00.21.11:052][  0]LogDerivedDataCache: FDerivedDataBackendGraph:  Pak pak cache file ../../../../../../Users/Amber/Documents/Game Development/PonyKart-UE4/PonyKart Project Build/PonyKart/DerivedDataCache/DDC.ddp not found, will not use a pak cache.
[2015.11.02-00.21.11:052][  0]LogDerivedDataCache: Unable to find inner node Pak for hierarchical cache Hierarchy.
[2015.11.02-00.21.11:052][  0]LogDerivedDataCache: FDerivedDataBackendGraph:  CompressedPak pak cache file ../../../../../../Users/Amber/Documents/Game Development/PonyKart-UE4/PonyKart Project Build/PonyKart/DerivedDataCache/Compressed.ddp not found, will not use a pak cache.
[2015.11.02-00.21.11:052][  0]LogDerivedDataCache: Unable to find inner node CompressedPak for hierarchical cache Hierarchy.
[2015.11.02-00.21.11:401][  0]LogDerivedDataCache:Display: Pak cache opened for reading ../../../Engine/DerivedDataCache/Compressed.ddp.
[2015.11.02-00.21.11:414][  0]LogDerivedDataCache: Using Local data cache path C:/Users/Amber/AppData/Local/UnrealEngine/Common/DerivedDataCache: Writable
[2015.11.02-00.21.23:139][  0]LogInit: Selected Device Profile: [Windows]
[2015.11.02-00.21.23:216][  0]LogContentStreaming: Texture pool size is 0.000000MB
[2015.11.02-00.21.24:589][  0]LogMeshUtilities: No automatic mesh reduction module available
[2015.11.02-00.21.24:589][  0]LogMeshUtilities: No automatic mesh merging module available
[2015.11.02-00.21.29:472][  0]LogInit: WinSock: version 1.1 (2.2), MaxSocks=32767, MaxUdp=65467
[2015.11.02-00.21.44:390][  0]UdpMessaging: Initializing bridge on interface 0.0.0.0:0 to multicast group 230.0.0.1:6666.
[2015.11.02-00.21.45:153][  0]LogAssetRegistry: FAssetRegistry took 0.0221 seconds to start up
[2015.11.02-00.21.47:859][  0]SourceControl: Info Source control is disabled
[2015.11.02-00.21.47:921][  0]SourceControl: Info Source control is disabled
[2015.11.02-00.21.47:982][  0]SourceControl: Info Source control is disabled
[2015.11.02-00.21.48:023][  0]SourceControl: Info Source control is disabled
[2015.11.02-00.21.49:724][  0]LogLinker:Warning: Asset '../../../Engine/Plugins/Runtime/LeapMotionController/Content/LM_PassthroughMaterial.uasset' has been saved with empty engine version. The asset will be loaded but may be incompatible.
[2015.11.02-00.21.50:040][  0]LogObj: 28361 objects as part of root set at end of initial load.
[2015.11.02-00.21.50:040][  0]LogUObjectAllocator: 6038864 out of 0 bytes used by permanent object pool.
[2015.11.02-00.21.50:883][  0]LogEngine: Initializing Engine...
[2015.11.02-00.21.50:946][  0]LogHMD: Can't find Oculus library dev build: is proper Runtime installed? Version: 0.7.0.0
[2015.11.02-00.21.51:748][  0]LogHMD: SteamVR failed to initialize.  Err: 108
[2015.11.02-00.21.52:918][  0]LogAIModule: Creating AISystem for world NewWorld
[2015.11.02-00.21.53:035][  0]LogInit: XAudio2 using 'Headphones (Realtek High Definition Audio)' : 2 channels at 48 kHz using 32 bits per sample (channel mask 0x3)
[2015.11.02-00.21.53:635][  0]LogInit: FAudioDevice initialized.
[2015.11.02-00.21.53:687][  0]LogDerivedDataCache: Saved boot cache 0.05s 41MB C:/Users/Amber/AppData/Local/UnrealEngine/4.9/DerivedDataCache/Boot.ddc.
[2015.11.02-00.21.53:703][  0]LogInit: Texture streaming: Enabled
[2015.11.02-00.21.53:712][  0]LogAnalytics: Creating configured Analytics provider AnalyticsET
[2015.11.02-00.21.53:712][  0]LogAnalytics: [UEEditor.Rocket.Release] APIServer = http://et2.epicgames.com/ET2/. AppVersion = 4.9.2-2707645+++depot+UE4-Releases+4.9
[2015.11.02-00.21.53:713][  0]LogAnalytics: [UEEditor.Rocket.Release] SetUserId fe48c13c4235ff87278523820fd1a74f|128e7d1d796a429f9247afe84ab758e1|a78d9d35-53ca-49d3-80af-52a3ac8256d6
[2015.11.02-00.21.54:099][  0]LogAnalytics: [UEEditor.Rocket.Release] AnalyticsET::StartSession
[2015.11.02-00.21.54:932][  0]LogInit: Transaction tracking system initialized
[2015.11.02-00.21.56:137][  0]BlueprintLog: New page: Editor Load
[2015.11.02-00.22.04:005][  0]LocalizationService: Info Localization service is disabled
[2015.11.02-00.22.05:481][  0]LogConsoleResponse:Display: 
[2015.11.02-00.22.11:134][  0]LogFileCache: Scanning file cache for directory 'C:/Users/Amber/Documents/Game Development/PonyKart-UE4/PonyKart Project Build/PonyKart/Content/' took 0.02s
[2015.11.02-00.22.11:134][  0]LogCook:Display: Done creating registry. It took  0.00s.
[2015.11.02-00.22.16:570][  0]SourceControl: Info Source control is disabled
[2015.11.02-00.22.16:857][  0]Cmd: MAP LOAD FILE="../../../../../../Users/Amber/Documents/Game Development/PonyKart-UE4/PonyKart Project Build/PonyKart/Content/Maps/KartTestMap.umap" TEMPLATE=0 SHOWPROGRESS=1 FEATURELEVEL=3
[2015.11.02-00.22.17:012][  0]LightingResults: New page: Lighting Build
[2015.11.02-00.22.17:346][  0]MapCheck: New page: Map Check
[2015.11.02-00.22.17:346][  0]LightingResults: New page: Lighting Build
[2015.11.02-00.22.17:369][  0]LogParticles: Destroying 0 GPU particle simulations for FXSystem 0x000000178405A160
[2015.11.02-00.22.47:148][  0]LogAIModule: Creating AISystem for world KartTestMap
[2015.11.02-00.23.22:137][  0]LogEditorServer: Finished looking for orphan Actors (0.000 secs)
[2015.11.02-00.23.22:147][  0]Cmd: MAP CHECKDEP NOCLEARLOG
[2015.11.02-00.23.22:353][  0]MapCheck: Info Map check complete: 0 Error(s), 0 Warning(s), took 205.11ms to complete.
[2015.11.02-00.23.22:364][  0]LogFileHelpers: Loading map 'KartTestMap' took 65.590
[2015.11.02-00.23.23:896][  0]LogCollectionManager: Loaded 0 collections in 0.003264 seconds
[2015.11.02-00.23.23:989][  0]LogFileCache: Scanning file cache for directory 'C:/Users/Amber/Documents/Game Development/PonyKart-UE4/PonyKart Project Build/PonyKart/Saved/Collections/' took 0.01s
[2015.11.02-00.23.23:989][  0]LogFileCache: Scanning file cache for directory 'C:/Users/Amber/Documents/Game Development/PonyKart-UE4/PonyKart Project Build/PonyKart/Content/Developers/Amber/Collections/' took 0.01s
[2015.11.02-00.23.23:989][  0]LogFileCache: Scanning file cache for directory 'C:/Users/Amber/Documents/Game Development/PonyKart-UE4/PonyKart Project Build/PonyKart/Content/Collections/' took 0.01s
[2015.11.02-00.23.23:989][  0]LogContentBrowser: Native class hierarchy populated in 0.0208 seconds. Added 1867 classes and 333 folders.
[2015.11.02-00.23.24:026][  0]LogCollectionManager: Rebuilt the GUID cache for 0 collections in 0.000005 seconds
[2015.11.02-00.23.24:078][  0]LogContentBrowser: Native class hierarchy updated for 'WidgetCarousel' in 0.0005 seconds. Added 0 classes and 0 folders.
[2015.11.02-00.23.26:090][  0]LogContentBrowser: Native class hierarchy updated for 'AddContentDialog' in 0.0006 seconds. Added 0 classes and 0 folders.
[2015.11.02-00.23.26:120][  0]LogContentBrowser: Native class hierarchy updated for 'SceneOutliner' in 0.0005 seconds. Added 1 classes and 2 folders.
[2015.11.02-00.23.26:661][  0]LogCrashTracker: Crashtracker disabled due to settings.
[2015.11.02-00.23.26:744][  0]LogUObjectGlobals:Warning: Failed to find object 'Class None.'
[2015.11.02-00.23.26:785][  0]LogLoad: Full Startup: 149.92 seconds (BP compile: 2.11 seconds)
[2015.11.02-00.23.27:420][  0]LogContentStreaming: Texture pool size now 1000 MB
[2015.11.02-00.23.27:639][  0]LogRenderer: Reallocating scene render targets to support 1308x672 (Frame:2).
[2015.11.02-00.23.28:142][  1]Cmd: UpdateLandscapeEditorData -warnings
[2015.11.02-00.23.29:259][  8]LogAssetRegistry: Asset discovery search completed in 104.1186 seconds
[2015.11.02-00.23.29:260][  8]LogCollectionManager: Rebuilt the object cache for 0 collections in 0.000002 seconds (found 0 objects)
[2015.11.02-00.23.29:298][  8]LogCollectionManager: Fixed up redirectors for 0 collections in 0.000080 seconds (updated 0 objects)
[2015.11.02-00.23.31:670][ 85]LogMaterial: Missing cached shader map for material BigMacKartWheelMat, compiling. 
[2015.11.02-00.23.39:193][ 85]LogMaterial: Missing cached shader map for material FMatExpressionPreview MaterialExpressionTextureSample_4, compiling. 
[2015.11.02-00.23.39:273][ 85]LogMaterial: Missing cached shader map for material BigMacKartWheelMat, compiling. 
[2015.11.02-00.23.39:284][ 85]LogMaterial: 0.000695 seconds spent updating 1 materials, 1 interfaces, 0 instances, 0 with static permutations.
[2015.11.02-00.23.39:335][ 85]LogMaterial: Missing cached shader map for material FMatExpressionPreview MaterialExpressionTextureSample_4, compiling. 
[2015.11.02-00.23.39:352][ 85]LogMaterial: Missing cached shader map for material BigMacKartMetalMat, compiling. 
[2015.11.02-00.23.39:578][ 85]LogMaterial: Missing cached shader map for material FMatExpressionPreview MaterialExpressionTextureSample_5, compiling. 
[2015.11.02-00.23.39:589][ 85]LogMaterial: Missing cached shader map for material BigMacKartMetalMat, compiling. 
[2015.11.02-00.23.39:599][ 85]LogMaterial: 0.000360 seconds spent updating 1 materials, 1 interfaces, 0 instances, 0 with static permutations.
[2015.11.02-00.23.39:626][ 85]LogMaterial: Missing cached shader map for material FMatExpressionPreview MaterialExpressionTextureSample_5, compiling. 
[2015.11.02-00.23.39:643][ 85]LogMaterial: Missing cached shader map for material BigMacKartMat, compiling. 
[2015.11.02-00.23.39:799][ 85]LogMaterial: Missing cached shader map for material FMatExpressionPreview MaterialExpressionTextureSample_6, compiling. 
[2015.11.02-00.23.39:810][ 85]LogMaterial: Missing cached shader map for material BigMacKartMat, compiling. 
[2015.11.02-00.23.39:820][ 85]LogMaterial: 0.000350 seconds spent updating 1 materials, 1 interfaces, 0 instances, 0 with static permutations.
[2015.11.02-00.23.39:846][ 85]LogMaterial: Missing cached shader map for material FMatExpressionPreview MaterialExpressionTextureSample_6, compiling. 
[2015.11.02-00.23.41:734][ 87]MaterialEditorStats: Info Base pass shader with only dynamic lighting: 32 instructions
[2015.11.02-00.23.41:734][ 87]MaterialEditorStats: Info Vertex shader: 33 instructions
[2015.11.02-00.23.41:734][ 87]MaterialEditorStats: Info Texture samplers: 1/16
[2015.11.02-00.23.51:619][588]LogLinker:Warning: Asset '../../../Engine/Content/ArtTools/RenderToTexture/Macros/RenderToTextureMacros.uasset' has been saved with empty engine version. The asset will be loaded but may be incompatible.
[2015.11.02-00.23.52:931][588]LogContentBrowser: Native class hierarchy updated for 'BlueprintGraph' in 0.0012 seconds. Added 107 classes and 0 folders.
[2015.11.02-00.24.16:571][190]LogBlueprintUserMessages: Early PlayInEditor Detection: Level '/Game/Maps/KartTestMap.KartTestMap:PersistentLevel' has LevelScriptBlueprint '/Game/Maps/KartTestMap.KartTestMap:PersistentLevel.KartTestMap' with GeneratedClass '/Game/Maps/KartTestMap.KartTestMap_C' with ClassGeneratedBy '/Game/Maps/KartTestMap.KartTestMap:PersistentLevel.KartTestMap'
[2015.11.02-00.24.16:580][190]LogPlayLevel: PlayLevel: No blueprints needed recompiling
[2015.11.02-00.24.16:590][190]PIE: New page: PIE session: KartTestMap (Nov 1, 2015, 2:24:16 PM)
[2015.11.02-00.24.16:620][190]LogPlayLevel: Creating play world package: /Game/Maps/UEDPIE_0_KartTestMap
[2015.11.02-00.24.16:847][190]LogPlayLevel: PIE: StaticDuplicateObject took: (0.226897s)
[2015.11.02-00.24.16:848][190]LogAIModule: Creating AISystem for world KartTestMap
[2015.11.02-00.24.16:848][190]LogPlayLevel: PIE: World Init took: (0.001435s)
[2015.11.02-00.24.16:849][190]LogPlayLevel: PIE: Created PIE world by copying editor world from /Game/Maps/KartTestMap.KartTestMap to /Game/Maps/UEDPIE_0_KartTestMap.KartTestMap (0.228699s)
[2015.11.02-00.24.16:979][190]LogParticles: Destroying 0 GPU particle simulations for FXSystem 0x000000179CE4F060
[2015.11.02-00.24.16:982][190]LogParticles: Destroying 0 GPU particle simulations for FXSystem 0x00000017C9EFE7A0
[2015.11.02-00.24.16:985][190]LogParticles: Destroying 0 GPU particle simulations for FXSystem 0x00000017B59C2840
[2015.11.02-00.24.17:021][190]LogInit: XAudio2 using 'Headphones (Realtek High Definition Audio)' : 2 channels at 48 kHz using 32 bits per sample (channel mask 0x3)
[2015.11.02-00.24.17:033][190]LogInit: FAudioDevice initialized.
[2015.11.02-00.24.17:159][190]LogLinker:Warning: Can't find file '/Game/Blueprints/KartTestGameMode'
[2015.11.02-00.24.17:160][190]LogLinker:Warning: Can't find file '/Game/Blueprints/KartTestGameMode'
[2015.11.02-00.24.17:160][190]LogUObjectGlobals:Warning: Failed to find object 'Class /Game/Blueprints/KartTestGameMode.KartTestGameMode_C'
[2015.11.02-00.24.17:160][190]LogWorld: Game class is 'GameMode'
[2015.11.02-00.24.17:567][190]LogWorld: Bringing World /Game/Maps/UEDPIE_0_KartTestMap.KartTestMap up for play (max tick rate 0) at 2015.11.01-19.24.17
[2015.11.02-00.24.17:567][190]LogActor:Warning: GameSession /Game/Maps/UEDPIE_0_KartTestMap.KartTestMap:PersistentLevel.GameSession_0 has natively added scene component(s), but none of them were set as the actor's RootComponent - picking one arbitrarily
[2015.11.02-00.24.17:597][190]LogActor:Warning: GameNetworkManager /Game/Maps/UEDPIE_0_KartTestMap.KartTestMap:PersistentLevel.GameNetworkManager_0 has natively added scene component(s), but none of them were set as the actor's RootComponent - picking one arbitrarily
[2015.11.02-00.24.17:601][190]LogWorld: Bringing up level for play took: 0.325154
[2015.11.02-00.24.17:838][190]PIE: Info Play in editor start time for /Game/Maps/UEDPIE_0_KartTestMap 1.949
[2015.11.02-00.24.17:839][190]LogBlueprintUserMessages: Late PlayInEditor Detection: Level '/Game/Maps/KartTestMap.KartTestMap:PersistentLevel' has LevelScriptBlueprint '/Game/Maps/KartTestMap.KartTestMap:PersistentLevel.KartTestMap' with GeneratedClass '/Game/Maps/KartTestMap.KartTestMap_C' with ClassGeneratedBy '/Game/Maps/KartTestMap.KartTestMap:PersistentLevel.KartTestMap'
[2015.11.02-00.24.21:519][284]LogBlueprintUserMessages: Early EndPlayMap Detection: Level '/Game/Maps/KartTestMap.KartTestMap:PersistentLevel' has LevelScriptBlueprint '/Game/Maps/KartTestMap.KartTestMap:PersistentLevel.KartTestMap' with GeneratedClass '/Game/Maps/KartTestMap.KartTestMap_C' with ClassGeneratedBy '/Game/Maps/KartTestMap.KartTestMap:PersistentLevel.KartTestMap'
[2015.11.02-00.24.21:685][284]LogBlueprintUserMessages: Late EndPlayMap Detection: Level '/Game/Maps/KartTestMap.KartTestMap:PersistentLevel' has LevelScriptBlueprint '/Game/Maps/KartTestMap.KartTestMap:PersistentLevel.KartTestMap' with GeneratedClass '/Game/Maps/KartTestMap.KartTestMap_C' with ClassGeneratedBy '/Game/Maps/KartTestMap.KartTestMap:PersistentLevel.KartTestMap'
[2015.11.02-00.24.21:875][284]LogParticles: Destroying 0 GPU particle simulations for FXSystem 0x000000179CD68A40
[2015.11.02-00.25.04:507][ 71]LogEditorViewport: Clicking on Actor (LMB): Landscape (Landscape)
[2015.11.02-00.25.07:297][276]Cmd: POLY SELECT MEMORY UNION
[2015.11.02-00.25.08:860][377]Cmd: POLY SELECT ADJACENT WALLS
[2015.11.02-00.25.12:481][440]LogEditorViewport: Clicking on Actor (LMB): Landscape (Landscape)
[2015.11.02-00.25.13:052][450]Cmd: SELECT NONE
[2015.11.02-00.25.32:036][  7]LogEditorViewport: Clicking on Actor (LMB): KartPawn_C (KartPawn)
[2015.11.02-00.25.57:862][142]LogRenderer: Reallocating scene render targets to support 1308x780 (Frame:1979).
[2015.11.02-00.27.18:514][327]LogBlueprintUserMessages: CustomizeDetails for Blueprint 'ForwardTest', cached variable property's owner is '/Game/Blueprints/ForwardTest.SKEL_ForwardTest_C'
[2015.11.02-00.27.21:079][471]LogSavePackage: Save=194.351929ms
[2015.11.02-00.27.21:079][471]LogSavePackage: Moving '../../../../../../Users/Amber/Documents/Game Development/PonyKart-UE4/PonyKart Project Build/PonyKart/Saved/ForwardTest72379099479569BECD3972853EED8393.tmp' to '../../../../../../Users/Amber/Documents/Game Development/PonyKart-UE4/PonyKart Project Build/PonyKart/Content/Blueprints/ForwardTest.uasset'
[2015.11.02-00.27.21:097][471]LogSavePackage: Total save time: 243.516564ms
[2015.11.02-00.27.21:097][471]LogSavePackage:Warning: Finished SavePackage ../../../../../../Users/Amber/Documents/Game Development/PonyKart-UE4/PonyKart Project Build/PonyKart/Content/Blueprints/ForwardTest.uasset
[2015.11.02-00.27.21:892][545]BlueprintLog: New page: Compile ForwardTest
[2015.11.02-00.27.22:351][545]LogBlueprintUserMessages: PostEditorRefresh for Blueprint 'ForwardTest', cached variable property's owner is '/Game/Blueprints/ForwardTest.SKEL_ForwardTest_C'
[2015.11.02-00.27.22:359][545]BlueprintEditorCompileResults: Info [0385.49] Compile of ForwardTest successful! [in 460 ms]
[2015.11.02-00.27.22:416][545]LogBlueprintUserMessages: CustomizeDetails for Blueprint 'ForwardTest', cached variable property's owner is '/Game/Blueprints/ForwardTest.SKEL_ForwardTest_C'
[2015.11.02-00.27.38:116][430]LogSavePackage: Save=56.791786ms
[2015.11.02-00.27.38:116][430]LogSavePackage: Moving '../../../../../../Users/Amber/Documents/Game Development/PonyKart-UE4/PonyKart Project Build/PonyKart/Saved/ForwardTest0CB1EA8E4EB8E2D9800B18B23CE202E7.tmp' to '../../../../../../Users/Amber/Documents/Game Development/PonyKart-UE4/PonyKart Project Build/PonyKart/Content/Blueprints/ForwardTest.uasset'
[2015.11.02-00.27.38:146][430]LogSavePackage: Total save time: 143.155485ms
[2015.11.02-00.27.38:146][430]LogSavePackage:Warning: Finished SavePackage ../../../../../../Users/Amber/Documents/Game Development/PonyKart-UE4/PonyKart Project Build/PonyKart/Content/Blueprints/ForwardTest.uasset
[2015.11.02-00.27.38:491][452]BlueprintLog: New page: Compile ForwardTest
[2015.11.02-00.27.38:633][452]BlueprintEditorCompileResults: Info [0401.77] Compile of ForwardTest successful! [in 142 ms]
[2015.11.02-00.27.40:748][571]LogBlueprintUserMessages: Early PlayInEditor Detection: Level '/Game/Maps/KartTestMap.KartTestMap:PersistentLevel' has LevelScriptBlueprint '/Game/Maps/KartTestMap.KartTestMap:PersistentLevel.KartTestMap' with GeneratedClass '/Game/Maps/KartTestMap.KartTestMap_C' with ClassGeneratedBy '/Game/Maps/KartTestMap.KartTestMap:PersistentLevel.KartTestMap'
[2015.11.02-00.27.40:748][571]LogPlayLevel: PlayLevel: No blueprints needed recompiling
[2015.11.02-00.27.40:749][571]PIE: New page: PIE session: KartTestMap (Nov 1, 2015, 2:27:40 PM)
[2015.11.02-00.27.40:749][571]LogPlayLevel: Creating play world package: /Game/Maps/UEDPIE_0_KartTestMap
[2015.11.02-00.27.40:884][571]LogPlayLevel: PIE: StaticDuplicateObject took: (0.135469s)
[2015.11.02-00.27.40:909][571]LogAIModule: Creating AISystem for world KartTestMap
[2015.11.02-00.27.40:909][571]LogPlayLevel: PIE: World Init took: (0.024603s)
[2015.11.02-00.27.40:909][571]LogPlayLevel: PIE: Created PIE world by copying editor world from /Game/Maps/KartTestMap.KartTestMap to /Game/Maps/UEDPIE_0_KartTestMap.KartTestMap (0.160346s)
[2015.11.02-00.27.40:960][571]LogInit: XAudio2 using 'Headphones (Realtek High Definition Audio)' : 2 channels at 48 kHz using 32 bits per sample (channel mask 0x3)
[2015.11.02-00.27.40:972][571]LogInit: FAudioDevice initialized.
[2015.11.02-00.27.41:020][571]LogLinker:Warning: Can't find file '/Game/Blueprints/KartTestGameMode'
[2015.11.02-00.27.41:021][571]LogLinker:Warning: Can't find file '/Game/Blueprints/KartTestGameMode'
[2015.11.02-00.27.41:022][571]LogUObjectGlobals:Warning: Failed to find object 'Class /Game/Blueprints/KartTestGameMode.KartTestGameMode_C'
[2015.11.02-00.27.41:022][571]LogWorld: Game class is 'GameMode'
[2015.11.02-00.27.41:284][571]LogWorld: Bringing World /Game/Maps/UEDPIE_0_KartTestMap.KartTestMap up for play (max tick rate 0) at 2015.11.01-19.27.41
[2015.11.02-00.27.41:284][571]LogActor:Warning: GameSession /Game/Maps/UEDPIE_0_KartTestMap.KartTestMap:PersistentLevel.GameSession_1 has natively added scene component(s), but none of them were set as the actor's RootComponent - picking one arbitrarily
[2015.11.02-00.27.41:285][571]LogActor:Warning: GameNetworkManager /Game/Maps/UEDPIE_0_KartTestMap.KartTestMap:PersistentLevel.GameNetworkManager_1 has natively added scene component(s), but none of them were set as the actor's RootComponent - picking one arbitrarily
[2015.11.02-00.27.41:289][571]LogWorld: Bringing up level for play took: 0.264178
[2015.11.02-00.27.41:297][571]PIE: Info Play in editor start time for /Game/Maps/UEDPIE_0_KartTestMap 1.411
[2015.11.02-00.27.41:297][571]LogBlueprintUserMessages: Late PlayInEditor Detection: Level '/Game/Maps/KartTestMap.KartTestMap:PersistentLevel' has LevelScriptBlueprint '/Game/Maps/KartTestMap.KartTestMap:PersistentLevel.KartTestMap' with GeneratedClass '/Game/Maps/KartTestMap.KartTestMap_C' with ClassGeneratedBy '/Game/Maps/KartTestMap.KartTestMap:PersistentLevel.KartTestMap'
[2015.11.02-00.27.44:746][671]LogBlueprintUserMessages: Early EndPlayMap Detection: Level '/Game/Maps/KartTestMap.KartTestMap:PersistentLevel' has LevelScriptBlueprint '/Game/Maps/KartTestMap.KartTestMap:PersistentLevel.KartTestMap' with GeneratedClass '/Game/Maps/KartTestMap.KartTestMap_C' with ClassGeneratedBy '/Game/Maps/KartTestMap.KartTestMap:PersistentLevel.KartTestMap'
[2015.11.02-00.27.44:839][671]LogBlueprintUserMessages: Late EndPlayMap Detection: Level '/Game/Maps/KartTestMap.KartTestMap:PersistentLevel' has LevelScriptBlueprint '/Game/Maps/KartTestMap.KartTestMap:PersistentLevel.KartTestMap' with GeneratedClass '/Game/Maps/KartTestMap.KartTestMap_C' with ClassGeneratedBy '/Game/Maps/KartTestMap.KartTestMap:PersistentLevel.KartTestMap'
[2015.11.02-00.27.44:898][671]LogParticles: Destroying 0 GPU particle simulations for FXSystem 0x00000017ADA47560
[2015.11.02-00.27.50:860][ 14]Cmd: CAMERA ALIGN ACTIVEVIEWPORTONLY
[2015.11.02-00.27.58:888][775]LogBlueprintUserMessages: Early PlayInEditor Detection: Level '/Game/Maps/KartTestMap.KartTestMap:PersistentLevel' has LevelScriptBlueprint '/Game/Maps/KartTestMap.KartTestMap:PersistentLevel.KartTestMap' with GeneratedClass '/Game/Maps/KartTestMap.KartTestMap_C' with ClassGeneratedBy '/Game/Maps/KartTestMap.KartTestMap:PersistentLevel.KartTestMap'
[2015.11.02-00.27.58:888][775]LogPlayLevel: PlayLevel: No blueprints needed recompiling
[2015.11.02-00.27.58:888][775]PIE: New page: PIE session: KartTestMap (Nov 1, 2015, 2:27:58 PM)
[2015.11.02-00.27.58:888][775]LogPlayLevel: Creating play world package: /Game/Maps/UEDPIE_0_KartTestMap
[2015.11.02-00.27.59:022][775]LogPlayLevel: PIE: StaticDuplicateObject took: (0.133714s)
[2015.11.02-00.27.59:023][775]LogAIModule: Creating AISystem for world KartTestMap
[2015.11.02-00.27.59:024][775]LogPlayLevel: PIE: World Init took: (0.001989s)
[2015.11.02-00.27.59:024][775]LogPlayLevel: PIE: Created PIE world by copying editor world from /Game/Maps/KartTestMap.KartTestMap to /Game/Maps/UEDPIE_0_KartTestMap.KartTestMap (0.135982s)
[2015.11.02-00.27.59:075][775]LogInit: XAudio2 using 'Headphones (Realtek High Definition Audio)' : 2 channels at 48 kHz using 32 bits per sample (channel mask 0x3)
[2015.11.02-00.27.59:086][775]LogInit: FAudioDevice initialized.
[2015.11.02-00.27.59:131][775]LogLinker:Warning: Can't find file '/Game/Blueprints/KartTestGameMode'
[2015.11.02-00.27.59:132][775]LogLinker:Warning: Can't find file '/Game/Blueprints/KartTestGameMode'
[2015.11.02-00.27.59:133][775]LogUObjectGlobals:Warning: Failed to find object 'Class /Game/Blueprints/KartTestGameMode.KartTestGameMode_C'
[2015.11.02-00.27.59:133][775]LogWorld: Game class is 'GameMode'
[2015.11.02-00.27.59:404][775]LogWorld: Bringing World /Game/Maps/UEDPIE_0_KartTestMap.KartTestMap up for play (max tick rate 0) at 2015.11.01-19.27.59
[2015.11.02-00.27.59:404][775]LogActor:Warning: GameSession /Game/Maps/UEDPIE_0_KartTestMap.KartTestMap:PersistentLevel.GameSession_2 has natively added scene component(s), but none of them were set as the actor's RootComponent - picking one arbitrarily
[2015.11.02-00.27.59:404][775]LogActor:Warning: GameNetworkManager /Game/Maps/UEDPIE_0_KartTestMap.KartTestMap:PersistentLevel.GameNetworkManager_2 has natively added scene component(s), but none of them were set as the actor's RootComponent - picking one arbitrarily
[2015.11.02-00.27.59:408][775]LogWorld: Bringing up level for play took: 0.272868
[2015.11.02-00.27.59:411][775]PIE: Info Play in editor start time for /Game/Maps/UEDPIE_0_KartTestMap -0.474
[2015.11.02-00.27.59:412][775]LogBlueprintUserMessages: Late PlayInEditor Detection: Level '/Game/Maps/KartTestMap.KartTestMap:PersistentLevel' has LevelScriptBlueprint '/Game/Maps/KartTestMap.KartTestMap:PersistentLevel.KartTestMap' with GeneratedClass '/Game/Maps/KartTestMap.KartTestMap_C' with ClassGeneratedBy '/Game/Maps/KartTestMap.KartTestMap:PersistentLevel.KartTestMap'
[2015.11.02-00.28.01:547][836]LogBlueprintUserMessages: Early EndPlayMap Detection: Level '/Game/Maps/KartTestMap.KartTestMap:PersistentLevel' has LevelScriptBlueprint '/Game/Maps/KartTestMap.KartTestMap:PersistentLevel.KartTestMap' with GeneratedClass '/Game/Maps/KartTestMap.KartTestMap_C' with ClassGeneratedBy '/Game/Maps/KartTestMap.KartTestMap:PersistentLevel.KartTestMap'
[2015.11.02-00.28.01:628][836]LogBlueprintUserMessages: Late EndPlayMap Detection: Level '/Game/Maps/KartTestMap.KartTestMap:PersistentLevel' has LevelScriptBlueprint '/Game/Maps/KartTestMap.KartTestMap:PersistentLevel.KartTestMap' with GeneratedClass '/Game/Maps/KartTestMap.KartTestMap_C' with ClassGeneratedBy '/Game/Maps/KartTestMap.KartTestMap:PersistentLevel.KartTestMap'
[2015.11.02-00.28.01:709][836]LogParticles: Destroying 0 GPU particle simulations for FXSystem 0x00000017F83D6480
[2015.11.02-00.28.15:035][769]LogEditorViewport: Clicking on Actor (LMB): KartPawn_C (KartPawn)
[2015.11.02-00.28.16:480][878]LogEditorViewport: Clicking on Actor (LMB): ForwardTest_C (ForwardTest)
[2015.11.02-00.28.17:421][953]LogEditorViewport: Clicking on Actor (LMB): KartPawn_C (KartPawn)
[2015.11.02-00.33.41:390][320]LogSavePackage: Save=2008.152466ms
[2015.11.02-00.33.41:390][320]LogSavePackage: Moving '../../../../../../Users/Amber/Documents/Game Development/PonyKart-UE4/PonyKart Project Build/PonyKart/Saved/KartTestMap_Auto15BEDF5DC489E46C038B2E09103134231.tmp' to '../../../../../../Users/Amber/Documents/Game Development/PonyKart-UE4/PonyKart Project Build/PonyKart/Saved/Autosaves/Game/Maps/KartTestMap_Auto1.umap'
[2015.11.02-00.33.41:413][320]LogSavePackage: Total save time: 2050.100572ms
[2015.11.02-00.33.41:413][320]LogSavePackage:Warning: Finished SavePackage ../../../../../../Users/Amber/Documents/Game Development/PonyKart-UE4/PonyKart Project Build/PonyKart/Saved/Autosaves/Game/Maps/KartTestMap_Auto1.umap
[2015.11.02-00.33.41:420][320]LogFileHelpers: Editor autosave (incl. sublevels) for '/Game/Maps/KartTestMap' took 2.128
[2015.11.02-00.33.41:420][320]LogFileHelpers: Editor autosave (incl. sublevels) for all levels took 2.128
[2015.11.02-00.38.49:591][301]LogActorComponent: UnregisterComponent: (/Engine/Transient.EditorFloorComp) Not registered. Aborting.
[2015.11.02-00.38.52:360][488]LogUProjectInfo: Found projects:
[2015.11.02-00.38.53:637][577]Cmd: CLOSE_SLATE_MAINFRAME
[2015.11.02-00.38.53:676][577]LogParticles: Destroying 0 GPU particle simulations for FXSystem 0x000000179CD680E0
[2015.11.02-00.38.58:729][577]LogWindowsTextInputMethodSystem:Display: IME system now deactivated.
[2015.11.02-00.38.59:219][578]Cmd: QUIT_EDITOR
[2015.11.02-00.39.00:376][578]LogExit: Preparing to exit.
[2015.11.02-00.39.01:993][578]LogExit: Editor shut down
[2015.11.02-00.39.01:993][578]LogExit: Transaction tracking system shut down
[2015.11.02-00.39.02:041][578]LogParticles: Destroying 0 GPU particle simulations for FXSystem 0x000000178CBA68E0
[2015.11.02-00.39.02:054][578]LogParticles: Destroying 0 GPU particle simulations for FXSystem 0x000000179CE4CAE0
[2015.11.02-00.39.02:054][578]LogParticles: Destroying 0 GPU particle simulations for FXSystem 0x000000179CEB7560
[2015.11.02-00.39.02:054][578]LogParticles: Destroying 0 GPU particle simulations for FXSystem 0x00000017B124FA60
[2015.11.02-00.39.02:054][578]LogParticles: Destroying 0 GPU particle simulations for FXSystem 0x00000017B124F560
[2015.11.02-00.39.02:054][578]LogParticles: Destroying 0 GPU particle simulations for FXSystem 0x00000017B124DC60
[2015.11.02-00.39.03:408][578]LogParticles: Destroying 0 GPU particle simulations for FXSystem 0x00000017CEDF4400
[2015.11.02-00.39.03:408][578]LogParticles: Destroying 0 GPU particle simulations for FXSystem 0x00000017CE1113A0
[2015.11.02-00.39.03:408][578]LogExit: Object subsystem successfully closed.
[2015.11.02-00.39.03:693][578]LogD3D11RHI: Shutdown
[2015.11.02-00.39.03:693][578]LogD3D11RHI: CleanupD3DDevice
[2015.11.02-00.39.03:999][578]LogD3D11RHI: ~FD3D11DynamicRHI
[2015.11.02-00.39.04:730][578]LogModuleManager: Shutting down and abandoning module BlueprintGraph (199)
[2015.11.02-00.39.04:730][578]LogModuleManager: Shutting down and abandoning module MaterialEditor (198)
[2015.11.02-00.39.04:730][578]LogModuleManager: Shutting down and abandoning module CrashTracker (197)
[2015.11.02-00.39.04:730][578]LogModuleManager: Shutting down and abandoning module SceneOutliner (196)
[2015.11.02-00.39.04:730][578]LogModuleManager: Shutting down and abandoning module SuperSearch (195)
[2015.11.02-00.39.04:730][578]LogModuleManager: Shutting down and abandoning module WidgetCarousel (194)
[2015.11.02-00.39.04:730][578]LogModuleManager: Shutting down and abandoning module AddContentDialog (193)
[2015.11.02-00.39.04:751][578]LogModuleManager: Shutting down and abandoning module EditorWidgets (192)
[2015.11.02-00.39.04:751][578]LogModuleManager: Shutting down and abandoning module CollectionManager (191)
[2015.11.02-00.39.04:758][578]LogModuleManager: Shutting down and abandoning module StatsViewer (190)
[2015.11.02-00.39.04:766][578]LogModuleManager: Shutting down and abandoning module FoliageEdit (189)
[2015.11.02-00.39.04:774][578]LogModuleManager: Shutting down and abandoning module LandscapeEditor (188)
[2015.11.02-00.39.04:795][578]LogModuleManager: Shutting down and abandoning module ActorPickerMode (187)
[2015.11.02-00.39.04:795][578]LogModuleManager: Shutting down and abandoning module GeometryMode (186)
[2015.11.02-00.39.04:796][578]LogModuleManager: Shutting down and abandoning module TextureAlignMode (185)
[2015.11.02-00.39.04:796][578]LogModuleManager: Shutting down and abandoning module BspMode (184)
[2015.11.02-00.39.04:796][578]LogModuleManager: Shutting down and abandoning module PlacementMode (183)
[2015.11.02-00.39.04:796][578]LogModuleManager: Shutting down and abandoning module AutomationWorker (182)
[2015.11.02-00.39.04:801][578]LogModuleManager: Shutting down and abandoning module CharacterAI (181)
[2015.11.02-00.39.04:802][578]LogModuleManager: Shutting down and abandoning module SmartSnapping (180)
[2015.11.02-00.39.04:802][578]LogModuleManager: Shutting down and abandoning module ViewportSnapping (179)
[2015.11.02-00.39.04:802][578]LogModuleManager: Shutting down and abandoning module LogVisualizer (178)
[2015.11.02-00.39.04:818][578]LogModuleManager: Shutting down and abandoning module GameProjectGeneration (177)
[2015.11.02-00.39.04:818][578]LogModuleManager: Shutting down and abandoning module IntroTutorials (176)
[2015.11.02-00.39.04:846][578]LogModuleManager: Shutting down and abandoning module EditorLiveStreaming (175)
[2015.11.02-00.39.04:846][578]LogModuleManager: Shutting down and abandoning module IOSPlatformEditor (174)
[2015.11.02-00.39.04:857][578]LogModuleManager: Shutting down and abandoning module HTML5PlatformEditor (173)
[2015.11.02-00.39.04:857][578]LogModuleManager: Shutting down and abandoning module AndroidDeviceDetection (172)
[2015.11.02-00.39.05:806][578]LogModuleManager: Shutting down and abandoning module AndroidPlatformEditor (171)
[2015.11.02-00.39.05:806][578]LogModuleManager: Shutting down and abandoning module IOSRuntimeSettings (170)
[2015.11.02-00.39.05:806][578]LogModuleManager: Shutting down and abandoning module AndroidRuntimeSettings (169)
[2015.11.02-00.39.05:806][578]LogModuleManager: Shutting down and abandoning module MergeActors (168)
[2015.11.02-00.39.05:820][578]LogModuleManager: Shutting down and abandoning module SizeMap (167)
[2015.11.02-00.39.05:820][578]LogModuleManager: Shutting down and abandoning module TreeMap (166)
[2015.11.02-00.39.05:822][578]LogModuleManager: Shutting down and abandoning module ReferenceViewer (165)
[2015.11.02-00.39.05:822][578]LogModuleManager: Shutting down and abandoning module LocalizationService (164)
[2015.11.02-00.39.05:827][578]LogModuleManager: Shutting down and abandoning module LocalizationDashboard (163)
[2015.11.02-00.39.05:833][578]LogModuleManager: Shutting down and abandoning module HardwareTargeting (162)
[2015.11.02-00.39.05:833][578]LogModuleManager: Shutting down and abandoning module DeviceProfileEditor (161)
[2015.11.02-00.39.05:833][578]LogModuleManager: Shutting down and abandoning module UndoHistory (160)
[2015.11.02-00.39.05:838][578]LogModuleManager: Shutting down and abandoning module GameplayTagsEditor (159)
[2015.11.02-00.39.05:838][578]LogModuleManager: Shutting down and abandoning module UserFeedback (158)
[2015.11.02-00.39.05:838][578]LogModuleManager: Shutting down and abandoning module XmlParser (157)
[2015.11.02-00.39.05:838][578]LogModuleManager: Shutting down and abandoning module Blutility (156)
[2015.11.02-00.39.05:839][578]LogModuleManager: Shutting down and abandoning module ProjectTargetPlatformEditor (155)
[2015.11.02-00.39.05:839][578]LogModuleManager: Shutting down and abandoning module ProjectSettingsViewer (154)
[2015.11.02-00.39.05:839][578]LogModuleManager: Shutting down and abandoning module InputBindingEditor (153)
[2015.11.02-00.39.05:850][578]LogModuleManager: Shutting down and abandoning module EditorSettingsViewer (152)
[2015.11.02-00.39.05:850][578]LogModuleManager: Shutting down and abandoning module SettingsEditor (151)
[2015.11.02-00.39.05:851][578]LogModuleManager: Shutting down and abandoning module ProjectLauncher (150)
[2015.11.02-00.39.05:884][578]LogModuleManager: Shutting down and abandoning module SessionFrontend (149)
[2015.11.02-00.39.05:888][578]LogModuleManager: Shutting down and abandoning module ProfilerClient (148)
[2015.11.02-00.39.05:898][578]LogModuleManager: Shutting down and abandoning module TargetDeviceServices (147)
[2015.11.02-00.39.05:898][578]LogModuleManager: Shutting down and abandoning module DeviceManager (146)
[2015.11.02-00.39.05:902][578]LogModuleManager: Shutting down and abandoning module AutomationController (145)
[2015.11.02-00.39.05:912][578]LogModuleManager: Shutting down and abandoning module AutomationWindow (144)
[2015.11.02-00.39.05:930][578]LogModuleManager: Shutting down and abandoning module Layers (143)
[2015.11.02-00.39.05:964][578]LogModuleManager: Shutting down and abandoning module ComponentVisualizers (142)
[2015.11.02-00.39.05:964][578]LogModuleManager: Shutting down and abandoning module DetailCustomizations (141)
[2015.11.02-00.39.05:992][578]LogModuleManager: Shutting down and abandoning module PackagesDialog (140)
[2015.11.02-00.39.05:992][578]LogModuleManager: Shutting down and abandoning module Persona (139)
[2015.11.02-00.39.06:014][578]LogModuleManager: Shutting down and abandoning module Kismet (138)
[2015.11.02-00.39.06:018][578]LogModuleManager: Shutting down and abandoning module GraphEditor (137)
[2015.11.02-00.39.06:018][578]LogModuleManager: Shutting down and abandoning module ClassViewer (136)
[2015.11.02-00.39.06:019][578]LogModuleManager: Shutting down and abandoning module Toolbox (135)
[2015.11.02-00.39.06:019][578]LogModuleManager: Shutting down and abandoning module ModuleUI (134)
[2015.11.02-00.39.06:028][578]LogModuleManager: Shutting down and abandoning module MovieSceneTools (133)
[2015.11.02-00.39.06:028][578]LogModuleManager: Shutting down and abandoning module OutputLog (132)
[2015.11.02-00.39.06:034][578]LogModuleManager: Shutting down and abandoning module GammaUI (131)
[2015.11.02-00.39.06:037][578]LogModuleManager: Shutting down and abandoning module Documentation (130)
[2015.11.02-00.39.06:037][578]LogModuleManager: Shutting down and abandoning module GameLiveStreaming (129)
[2015.11.02-00.39.06:043][578]LogModuleManager: Shutting down and abandoning module StreamingPauseRendering (128)
[2015.11.02-00.39.06:043][578]LogModuleManager: Shutting down and abandoning module AnalyticsET (127)
[2015.11.02-00.39.06:043][578]LogModuleManager: Shutting down and abandoning module Analytics (126)
[2015.11.02-00.39.06:043][578]LogModuleManager: Shutting down and abandoning module AITestSuite (125)
[2015.11.02-00.39.06:053][578]LogModuleManager: Shutting down and abandoning module GameplayDebugger (124)
[2015.11.02-00.39.06:053][578]LogModuleManager: Shutting down and abandoning module AIModule (123)
[2015.11.02-00.39.06:053][578]LogModuleManager: Shutting down and abandoning module ProfilerService (122)
[2015.11.02-00.39.06:295][578]LogModuleManager: Shutting down and abandoning module TaskGraph (121)
[2015.11.02-00.39.06:311][578]LogModuleManager: Shutting down and abandoning module SlateRemote (120)
[2015.11.02-00.39.06:311][578]LogModuleManager: Shutting down and abandoning module SteamVRController (119)
[2015.11.02-00.39.06:312][578]LogModuleManager: Shutting down and abandoning module SteamVR (118)
[2015.11.02-00.39.06:312][578]LogModuleManager: Shutting down and abandoning module ProceduralMeshComponent (117)
[2015.11.02-00.39.06:312][578]LogModuleManager: Shutting down and abandoning module OculusRift (116)
[2015.11.02-00.39.06:312][578]LogModuleManager: Shutting down and abandoning module OculusLibrary (115)
[2015.11.02-00.39.06:312][578]LogModuleManager: Shutting down and abandoning module LeapMotionController (114)
[2015.11.02-00.39.06:374][578]LogModuleManager: Shutting down and abandoning module CustomMeshComponent (113)
[2015.11.02-00.39.06:422][578]LogModuleManager: Shutting down and abandoning module CableComponent (112)
[2015.11.02-00.39.06:422][578]LogModuleManager: Shutting down and abandoning module ArchVisCharacter (111)
[2015.11.02-00.39.06:422][578]LogModuleManager: Shutting down and abandoning module MessagingDebugger (110)
[2015.11.02-00.39.06:549][578]LogModuleManager: Shutting down and abandoning module MediaPlayerEditor (109)
[2015.11.02-00.39.06:592][578]LogModuleManager: Shutting down and abandoning module HTML5Networking (108)
[2015.11.02-00.39.06:592][578]LogModuleManager: Shutting down and abandoning module SpeedTreeImporter (107)
[2015.11.02-00.39.06:592][578]LogModuleManager: Shutting down and abandoning module PluginBrowser (106)
[2015.11.02-00.39.06:601][578]LogModuleManager: Shutting down and abandoning module EpicSurvey (105)
[2015.11.02-00.39.06:601][578]LogModuleManager: Shutting down and abandoning module DesktopPlatform (104)
[2015.11.02-00.39.06:608][578]LogModuleManager: Shutting down and abandoning module VisualStudioSourceCodeAccess (103)
[2015.11.02-00.39.06:608][578]LogModuleManager: Shutting down and abandoning module UObjectPlugin (102)
[2015.11.02-00.39.06:608][578]LogModuleManager: Shutting down and abandoning module SubversionSourceControl (101)
[2015.11.02-00.39.06:613][578]LogModuleManager: Shutting down and abandoning module PerforceSourceControl (100)
[2015.11.02-00.39.06:624][578]LogModuleManager: Shutting down and abandoning module SourceControl (99)
[2015.11.02-00.39.06:634][578]LogModuleManager: Shutting down and abandoning module GitSourceControl (98)
[2015.11.02-00.39.06:643][578]LogModuleManager: Shutting down and abandoning module LightPropagationVolumeEditor (97)
[2015.11.02-00.39.06:643][578]LogModuleManager: Shutting down and abandoning module PaperTiledImporter (96)
[2015.11.02-00.39.06:653][578]LogModuleManager: Shutting down and abandoning module PaperSpriteSheetImporter (95)
[2015.11.02-00.39.06:659][578]LogModuleManager: Shutting down and abandoning module MeshPaint (94)
[2015.11.02-00.39.06:663][578]LogModuleManager: Shutting down and abandoning module SlateReflector (93)
[2015.11.02-00.39.06:670][578]LogModuleManager: Shutting down and abandoning module HotReload (92)
[2015.11.02-00.39.06:680][578]LogModuleManager: Shutting down and abandoning module MainFrame (91)
[2015.11.02-00.39.06:680][578]LogModuleManager: Shutting down and abandoning module LevelEditor (90)
[2015.11.02-00.39.06:686][578]LogModuleManager: Shutting down and abandoning module DirectoryWatcher (89)
[2015.11.02-00.39.06:688][578]LogModuleManager: Shutting down and abandoning module AssetRegistry (88)
[2015.11.02-00.39.06:767][578]LogModuleManager: Shutting down and abandoning module ContentBrowser (87)
[2015.11.02-00.39.06:768][578]LogModuleManager: Shutting down and abandoning module Paper2DEditor (86)
[2015.11.02-00.39.06:816][578]LogModuleManager: Shutting down and abandoning module UdpMessaging (85)
[2015.11.02-00.39.06:917][578]LogModuleManager: Shutting down and abandoning module LightPropagationVolumeRuntime (84)
[2015.11.02-00.39.06:917][578]LogModuleManager: Shutting down and abandoning module Paper2D (83)
[2015.11.02-00.39.06:939][578]LogModuleManager: Shutting down and abandoning module WindowsMoviePlayer (82)
[2015.11.02-00.39.06:954][578]LogModuleManager: Shutting down and abandoning module Media (81)
[2015.11.02-00.39.06:954][578]LogModuleManager: Shutting down and abandoning module WmfMedia (80)
[2015.11.02-00.39.06:954][578]LogModuleManager: Shutting down and abandoning module OnlineBlueprintSupport (79)
[2015.11.02-00.39.06:954][578]LogModuleManager: Shutting down and abandoning module GameplayTasksEditor (78)
[2015.11.02-00.39.06:954][578]LogModuleManager: Shutting down and abandoning module PropertyEditor (77)
[2015.11.02-00.39.06:954][578]LogModuleManager: Shutting down and abandoning module BehaviorTreeEditor (76)
[2015.11.02-00.39.06:971][578]LogModuleManager: Shutting down and abandoning module FunctionalTesting (75)
[2015.11.02-00.39.06:971][578]LogModuleManager: Shutting down and abandoning module CollisionAnalyzer (74)
[2015.11.02-00.39.06:980][578]LogModuleManager: Shutting down and abandoning module WorkspaceMenuStructure (73)
[2015.11.02-00.39.06:980][578]LogModuleManager: Shutting down and abandoning module MessageLog (72)
[2015.11.02-00.39.06:980][578]LogModuleManager: Shutting down and abandoning module Sequencer (71)
[2015.11.02-00.39.06:995][578]LogModuleManager: Shutting down and abandoning module AssetTools (70)
[2015.11.02-00.39.07:014][578]LogModuleManager: Shutting down and abandoning module UMGEditor (69)
[2015.11.02-00.39.07:030][578]LogModuleManager: Shutting down and abandoning module UMG (68)
[2015.11.02-00.39.07:034][578]LogModuleManager: Shutting down and abandoning module Slate (67)
[2015.11.02-00.39.07:034][578]LogModuleManager: Shutting down and abandoning module EditorStyle (66)
[2015.11.02-00.39.07:038][578]LogModuleManager: Shutting down and abandoning module SessionServices (65)
[2015.11.02-00.39.07:038][578]LogModuleManager: Shutting down and abandoning module SourceCodeAccess (64)
[2015.11.02-00.39.07:038][578]LogModuleManager: Shutting down and abandoning module HeadMountedDisplay (63)
[2015.11.02-00.39.07:038][578]LogModuleManager: Shutting down and abandoning module XAudio2 (62)
[2015.11.02-00.39.07:038][578]LogModuleManager: Shutting down and abandoning module Networking (60)
[2015.11.02-00.39.07:038][578]LogModuleManager: Shutting down and abandoning module Core (59)
[2015.11.02-00.39.07:038][578]LogModuleManager: Shutting down and abandoning module KismetCompiler (58)
[2015.11.02-00.39.07:038][578]LogModuleManager: Shutting down and abandoning module PhysXFormats (57)
[2015.11.02-00.39.07:038][578]LogModuleManager: Shutting down and abandoning module MeshUtilities (56)
[2015.11.02-00.39.07:052][578]LogModuleManager: Shutting down and abandoning module CookingStats (55)
[2015.11.02-00.39.07:071][578]LogModuleManager: Shutting down and abandoning module DerivedDataCache (54)
[2015.11.02-00.39.07:139][578]LogDerivedDataCache: Shutdown
[2015.11.02-00.39.07:139][578]LogModuleManager: Shutting down and abandoning module ShaderFormatOpenGL (53)
[2015.11.02-00.39.07:151][578]LogModuleManager: Shutting down and abandoning module ShaderFormatD3D (52)
[2015.11.02-00.39.07:151][578]LogModuleManager: Shutting down and abandoning module MetalShaderFormat (51)
[2015.11.02-00.39.07:169][578]LogModuleManager: Shutting down and abandoning module TextureFormatUncompressed (50)
[2015.11.02-00.39.07:169][578]LogModuleManager: Shutting down and abandoning module TextureFormatPVR (49)
[2015.11.02-00.39.07:169][578]LogModuleManager: Shutting down and abandoning module TextureFormatIntelISPCTexComp (48)
[2015.11.02-00.39.07:169][578]LogModuleManager: Shutting down and abandoning module TextureFormatDXT (47)
[2015.11.02-00.39.07:169][578]LogModuleManager: Shutting down and abandoning module ImageWrapper (46)
[2015.11.02-00.39.07:169][578]LogModuleManager: Shutting down and abandoning module TextureFormatASTC (45)
[2015.11.02-00.39.07:169][578]LogModuleManager: Shutting down and abandoning module TextureFormatAndroid (44)
[2015.11.02-00.39.07:169][578]LogModuleManager: Shutting down and abandoning module AudioFormatOpus (43)
[2015.11.02-00.39.07:193][578]LogModuleManager: Shutting down and abandoning module AudioFormatOgg (42)
[2015.11.02-00.39.07:193][578]LogModuleManager: Shutting down and abandoning module AudioFormatADPCM (41)
[2015.11.02-00.39.07:193][578]LogModuleManager: Shutting down and abandoning module LinuxTargetPlatform (40)
[2015.11.02-00.39.07:193][578]LogModuleManager: Shutting down and abandoning module LinuxServerTargetPlatform (39)
[2015.11.02-00.39.07:241][578]LogModuleManager: Shutting down and abandoning module LinuxNoEditorTargetPlatform (38)
[2015.11.02-00.39.07:247][578]LogModuleManager: Shutting down and abandoning module Messaging (37)
[2015.11.02-00.39.07:247][578]LogModuleManager: Shutting down and abandoning module IOSTargetPlatform (36)
[2015.11.02-00.39.07:247][578]LogModuleManager: Shutting down and abandoning module HTML5TargetPlatform (35)
[2015.11.02-00.39.07:247][578]LogModuleManager: Shutting down and abandoning module Android_PVRTCTargetPlatform (34)
[2015.11.02-00.39.07:256][578]LogModuleManager: Shutting down and abandoning module Android_ETC2TargetPlatform (33)
[2015.11.02-00.39.07:266][578]LogModuleManager: Shutting down and abandoning module Android_ETC1TargetPlatform (32)
[2015.11.02-00.39.07:271][578]LogModuleManager: Shutting down and abandoning module Android_DXTTargetPlatform (31)
[2015.11.02-00.39.07:279][578]LogModuleManager: Shutting down and abandoning module Android_ATCTargetPlatform (30)
[2015.11.02-00.39.07:289][578]LogModuleManager: Shutting down and abandoning module Android_ASTCTargetPlatform (29)
[2015.11.02-00.39.07:299][578]LogModuleManager: Shutting down and abandoning module AndroidTargetPlatform (28)
[2015.11.02-00.39.07:303][578]LogModuleManager: Shutting down and abandoning module WindowsTargetPlatform (27)
[2015.11.02-00.39.07:303][578]LogModuleManager: Shutting down and abandoning module WindowsServerTargetPlatform (26)
[2015.11.02-00.39.07:309][578]LogModuleManager: Shutting down and abandoning module WindowsNoEditorTargetPlatform (25)
[2015.11.02-00.39.07:315][578]LogModuleManager: Shutting down and abandoning module WindowsClientTargetPlatform (24)
[2015.11.02-00.39.07:316][578]LogModuleManager: Shutting down and abandoning module AllDesktopTargetPlatform (23)
[2015.11.02-00.39.07:316][578]LogModuleManager: Shutting down and abandoning module TargetPlatform (22)
[2015.11.02-00.39.07:316][578]LogModuleManager: Shutting down and abandoning module InputCore (21)
[2015.11.02-00.39.07:316][578]LogModuleManager: Shutting down and abandoning module Settings (20)
[2015.11.02-00.39.07:316][578]LogModuleManager: Shutting down and abandoning module OnlineSubsystem (18)
[2015.11.02-00.39.07:316][578]LogModuleManager: Shutting down and abandoning module HTTP (17)
[2015.11.02-00.39.09:321][578]LogModuleManager: Shutting down and abandoning module XMPP (16)
[2015.11.02-00.39.09:419][578]LogModuleManager: Shutting down and abandoning module ExampleDeviceProfileSelector (15)
[2015.11.02-00.39.09:419][578]LogModuleManager: Shutting down and abandoning module TextureCompressor (14)
[2015.11.02-00.39.09:449][578]LogModuleManager: Shutting down and abandoning module ShaderCore (13)
[2015.11.02-00.39.09:449][578]LogModuleManager: Shutting down and abandoning module Landscape (12)
[2015.11.02-00.39.09:449][578]LogModuleManager: Shutting down and abandoning module SlateRHIRenderer (11)
[2015.11.02-00.39.09:496][578]LogModuleManager: Shutting down and abandoning module OpenGLDrv (10)
[2015.11.02-00.39.09:503][578]LogModuleManager: Shutting down and abandoning module D3D11RHI (9)
[2015.11.02-00.39.09:503][578]LogModuleManager: Shutting down and abandoning module AnimGraphRuntime (8)
[2015.11.02-00.39.09:503][578]LogModuleManager: Shutting down and abandoning module Renderer (7)
[2015.11.02-00.39.09:503][578]LogModuleManager: Shutting down and abandoning module Engine (6)
[2015.11.02-00.39.09:503][578]LogModuleManager: Shutting down and abandoning module CoreUObject (5)
[2015.11.02-00.39.09:503][578]LogModuleManager: Shutting down and abandoning module NetworkFile (4)
[2015.11.02-00.39.09:514][578]LogModuleManager: Shutting down and abandoning module StreamingFile (3)
[2015.11.02-00.39.09:514][578]LogModuleManager: Shutting down and abandoning module SandboxFile (2)
[2015.11.02-00.39.09:530][578]LogModuleManager: Shutting down and abandoning module PakFile (1)
[2015.11.02-00.39.09:750][578]LogExit: Exiting.
[2015.11.02-00.39.09:793][578]Log file closed, 11/01/15 19:39:09
