Log file open, 08/29/17 20:10:16
LogInit:Display: Running engine for game: PonyKart
LogPlatformFile: Not using cached read wrapper
LogInit:Display: RandInit(-378630206) SRandInit(-378630206).
LogTaskGraph: Started task graph with 5 named threads and 8 total threads with 1 sets of task threads.
LogStats: Stats thread started at 0.067737
LogPluginManager: Loaded Plugin Paper2D, From C:/Program Files/Epic Games/UE_4.13/Engine/Plugins/2D/Paper2D/Paper2D.uplugin
LogPluginManager: Loaded Plugin LightPropagationVolume, From C:/Program Files/Epic Games/UE_4.13/Engine/Plugins/Blendables/LightPropagationVolume/LightPropagationVolume.uplugin
LogPluginManager: Loaded Plugin BlankPlugin, From C:/Program Files/Epic Games/UE_4.13/Engine/Plugins/Developer/BlankPlugin/BlankPlugin.uplugin
LogPluginManager: Loaded Plugin CodeLiteSourceCodeAccess, From C:/Program Files/Epic Games/UE_4.13/Engine/Plugins/Developer/CodeLiteSourceCodeAccess/CodeLiteSourceCodeAccess.uplugin
LogPluginManager: Loaded Plugin GitSourceControl, From C:/Program Files/Epic Games/UE_4.13/Engine/Plugins/Developer/GitSourceControl/GitSourceControl.uplugin
LogPluginManager: Loaded Plugin KDevelopSourceCodeAccess, From C:/Program Files/Epic Games/UE_4.13/Engine/Plugins/Developer/KDevelopSourceCodeAccess/KDevelopSourceCodeAccess.uplugin
LogPluginManager: Loaded Plugin NullSourceCodeAccess, From C:/Program Files/Epic Games/UE_4.13/Engine/Plugins/Developer/NullSourceCodeAccess/NullSourceCodeAccess.uplugin
LogPluginManager: Loaded Plugin OneSkyLocalizationService, From C:/Program Files/Epic Games/UE_4.13/Engine/Plugins/Developer/OneSkyLocalizationService/OneSkyLocalizationService.uplugin
LogPluginManager: Loaded Plugin PerforceSourceControl, From C:/Program Files/Epic Games/UE_4.13/Engine/Plugins/Developer/PerforceSourceControl/PerforceSourceControl.uplugin
LogPluginManager: Loaded Plugin SubversionSourceControl, From C:/Program Files/Epic Games/UE_4.13/Engine/Plugins/Developer/SubversionSourceControl/SubversionSourceControl.uplugin
LogPluginManager: Loaded Plugin UObjectPlugin, From C:/Program Files/Epic Games/UE_4.13/Engine/Plugins/Developer/UObjectPlugin/UObjectPlugin.uplugin
LogPluginManager: Loaded Plugin VisualStudioSourceCodeAccess, From C:/Program Files/Epic Games/UE_4.13/Engine/Plugins/Developer/VisualStudioSourceCodeAccess/VisualStudioSourceCodeAccess.uplugin
LogPluginManager: Loaded Plugin XCodeSourceCodeAccess, From C:/Program Files/Epic Games/UE_4.13/Engine/Plugins/Developer/XCodeSourceCodeAccess/XCodeSourceCodeAccess.uplugin
LogPluginManager: Loaded Plugin EpicSurvey, From C:/Program Files/Epic Games/UE_4.13/Engine/Plugins/Editor/EpicSurvey/EpicSurvey.uplugin
LogPluginManager: Loaded Plugin MacGraphicsSwitching, From C:/Program Files/Epic Games/UE_4.13/Engine/Plugins/Editor/MacGraphicsSwitching/MacGraphicsSwitching.uplugin
LogPluginManager: Loaded Plugin MobileLauncherProfileWizard, From C:/Program Files/Epic Games/UE_4.13/Engine/Plugins/Editor/MobileLauncherProfileWizard/MobileLauncherProfileWizard.uplugin
LogPluginManager: Loaded Plugin PluginBrowser, From C:/Program Files/Epic Games/UE_4.13/Engine/Plugins/Editor/PluginBrowser/PluginBrowser.uplugin
LogPluginManager: Loaded Plugin SpeedTreeImporter, From C:/Program Files/Epic Games/UE_4.13/Engine/Plugins/Editor/SpeedTreeImporter/SpeedTreeImporter.uplugin
LogPluginManager: Loaded Plugin SuperSearchEditor, From C:/Program Files/Epic Games/UE_4.13/Engine/Plugins/Editor/SuperSearchEditor/SuperSearchEditor.uplugin
LogPluginManager: Loaded Plugin AlembicImporter, From C:/Program Files/Epic Games/UE_4.13/Engine/Plugins/Experimental/AlembicImporter/AlembicImporter.uplugin
LogPluginManager: Loaded Plugin BlueprintStats, From C:/Program Files/Epic Games/UE_4.13/Engine/Plugins/Experimental/BlueprintStats/BlueprintStats.uplugin
LogPluginManager: Loaded Plugin CharacterAI, From C:/Program Files/Epic Games/UE_4.13/Engine/Plugins/Experimental/CharacterAI/CharacterAI.uplugin
LogPluginManager: Loaded Plugin CodeEditor, From C:/Program Files/Epic Games/UE_4.13/Engine/Plugins/Experimental/CodeEditor/CodeEditor.uplugin
LogPluginManager: Loaded Plugin CodeView, From C:/Program Files/Epic Games/UE_4.13/Engine/Plugins/Experimental/CodeView/CodeView.uplugin
LogPluginManager: Loaded Plugin HTML5Networking, From C:/Program Files/Epic Games/UE_4.13/Engine/Plugins/Experimental/HTML5Networking/HTML5Networking.uplugin
LogPluginManager: Loaded Plugin LiveEditor, From C:/Program Files/Epic Games/UE_4.13/Engine/Plugins/Experimental/LiveEditor/LiveEditor.uplugin
LogPluginManager: Loaded Plugin OSVR, From C:/Program Files/Epic Games/UE_4.13/Engine/Plugins/Experimental/OSVR/OSVR.uplugin
LogPluginManager: Loaded Plugin Phya, From C:/Program Files/Epic Games/UE_4.13/Engine/Plugins/Experimental/Phya/Phya.uplugin
LogPluginManager: Loaded Plugin SignificanceManager, From C:/Program Files/Epic Games/UE_4.13/Engine/Plugins/Experimental/SignificanceManager/SignificanceManager.uplugin
LogPluginManager: Loaded Plugin SimpleHMD, From C:/Program Files/Epic Games/UE_4.13/Engine/Plugins/Experimental/SimpleHMD/SimpleHMD.uplugin
LogPluginManager: Loaded Plugin StereoPanorama, From C:/Program Files/Epic Games/UE_4.13/Engine/Plugins/Experimental/StereoPanorama/StereoPanorama.uplugin
LogPluginManager: Loaded Plugin StructBox, From C:/Program Files/Epic Games/UE_4.13/Engine/Plugins/Experimental/StructBox/StructBox.uplugin
LogPluginManager: Loaded Plugin AndroidMedia, From C:/Program Files/Epic Games/UE_4.13/Engine/Plugins/Media/AndroidMedia/AndroidMedia.uplugin
LogPluginManager: Loaded Plugin AvfMedia, From C:/Program Files/Epic Games/UE_4.13/Engine/Plugins/Media/AvfMedia/AvfMedia.uplugin
LogPluginManager: Loaded Plugin MediaPlayerEditor, From C:/Program Files/Epic Games/UE_4.13/Engine/Plugins/Media/MediaPlayerEditor/MediaPlayerEditor.uplugin
LogPluginManager: Loaded Plugin WmfMedia, From C:/Program Files/Epic Games/UE_4.13/Engine/Plugins/Media/WmfMedia/WmfMedia.uplugin
LogPluginManager: Loaded Plugin MessagingDebugger, From C:/Program Files/Epic Games/UE_4.13/Engine/Plugins/Messaging/MessagingDebugger/MessagingDebugger.uplugin
LogPluginManager: Loaded Plugin TcpMessaging, From C:/Program Files/Epic Games/UE_4.13/Engine/Plugins/Messaging/TcpMessaging/TcpMessaging.uplugin
LogPluginManager: Loaded Plugin UdpMessaging, From C:/Program Files/Epic Games/UE_4.13/Engine/Plugins/Messaging/UdpMessaging/UdpMessaging.uplugin
LogPluginManager: Loaded Plugin LevelSequenceEditor, From C:/Program Files/Epic Games/UE_4.13/Engine/Plugins/MovieScene/LevelSequenceEditor/LevelSequenceEditor.uplugin
LogPluginManager: Loaded Plugin MatineeToLevelSequence, From C:/Program Files/Epic Games/UE_4.13/Engine/Plugins/MovieScene/MatineeToLevelSequence/MatineeToLevelSequence.uplugin
LogPluginManager: Loaded Plugin NetcodeUnitTest, From C:/Program Files/Epic Games/UE_4.13/Engine/Plugins/NetcodeUnitTest/NetcodeUnitTest/NetcodeUnitTest.uplugin
LogPluginManager: Loaded Plugin NUTUnrealEngine4, From C:/Program Files/Epic Games/UE_4.13/Engine/Plugins/NetcodeUnitTest/NUTUnrealEngine4/NUTUnrealEngine4.uplugin
LogPluginManager: Loaded Plugin OnlineSubsystemGooglePlay, From C:/Program Files/Epic Games/UE_4.13/Engine/Plugins/Online/Android/OnlineSubsystemGooglePlay/OnlineSubsystemGooglePlay.uplugin
LogPluginManager: Loaded Plugin OnlineSubsystemIOS, From C:/Program Files/Epic Games/UE_4.13/Engine/Plugins/Online/IOS/OnlineSubsystemIOS/OnlineSubsystemIOS.uplugin
LogPluginManager: Loaded Plugin OnlineFramework, From C:/Program Files/Epic Games/UE_4.13/Engine/Plugins/Online/OnlineFramework/OnlineFramework.uplugin
LogPluginManager: Loaded Plugin OnlineSubsystem, From C:/Program Files/Epic Games/UE_4.13/Engine/Plugins/Online/OnlineSubsystem/OnlineSubsystem.uplugin
LogPluginManager: Loaded Plugin OnlineSubsystemAmazon, From C:/Program Files/Epic Games/UE_4.13/Engine/Plugins/Online/OnlineSubsystemAmazon/OnlineSubsystemAmazon.uplugin
LogPluginManager: Loaded Plugin OnlineSubsystemFacebook, From C:/Program Files/Epic Games/UE_4.13/Engine/Plugins/Online/OnlineSubsystemFacebook/OnlineSubsystemFacebook.uplugin
LogPluginManager: Loaded Plugin OnlineSubsystemNull, From C:/Program Files/Epic Games/UE_4.13/Engine/Plugins/Online/OnlineSubsystemNull/OnlineSubsystemNull.uplugin
LogPluginManager: Loaded Plugin OnlineSubsystemOculus, From C:/Program Files/Epic Games/UE_4.13/Engine/Plugins/Online/OnlineSubsystemOculus/OnlineSubsystemOculus.uplugin
LogPluginManager: Loaded Plugin OnlineSubsystemSteam, From C:/Program Files/Epic Games/UE_4.13/Engine/Plugins/Online/OnlineSubsystemSteam/OnlineSubsystemSteam.uplugin
LogPluginManager: Loaded Plugin OnlineSubsystemUtils, From C:/Program Files/Epic Games/UE_4.13/Engine/Plugins/Online/OnlineSubsystemUtils/OnlineSubsystemUtils.uplugin
LogPluginManager: Loaded Plugin IOSTapJoy, From C:/Program Files/Epic Games/UE_4.13/Engine/Plugins/Runtime/Advertising/IOSTapJoy/IOSTapJoy.uplugin
LogPluginManager: Loaded Plugin AnalyticsBlueprintLibrary, From C:/Program Files/Epic Games/UE_4.13/Engine/Plugins/Runtime/Analytics/AnalyticsBlueprintLibrary/AnalyticsBlueprintLibrary.uplugin
LogPluginManager: Loaded Plugin AnalyticsMulticast, From C:/Program Files/Epic Games/UE_4.13/Engine/Plugins/Runtime/Analytics/AnalyticsMulticast/AnalyticsMulticast.uplugin
LogPluginManager: Loaded Plugin Apsalar, From C:/Program Files/Epic Games/UE_4.13/Engine/Plugins/Runtime/Analytics/Apsalar/Apsalar.uplugin
LogPluginManager: Loaded Plugin FileLogging, From C:/Program Files/Epic Games/UE_4.13/Engine/Plugins/Runtime/Analytics/FileLogging/FileLogging.uplugin
LogPluginManager: Loaded Plugin Flurry, From C:/Program Files/Epic Games/UE_4.13/Engine/Plugins/Runtime/Analytics/Flurry/Flurry.uplugin
LogPluginManager: Loaded Plugin AndroidDeviceProfileSelector, From C:/Program Files/Epic Games/UE_4.13/Engine/Plugins/Runtime/AndroidDeviceProfileSelector/AndroidDeviceProfileSelector.uplugin
LogPluginManager: Loaded Plugin AndroidMoviePlayer, From C:/Program Files/Epic Games/UE_4.13/Engine/Plugins/Runtime/AndroidMoviePlayer/AndroidMoviePlayer.uplugin
LogPluginManager: Loaded Plugin AppleMoviePlayer, From C:/Program Files/Epic Games/UE_4.13/Engine/Plugins/Runtime/AppleMoviePlayer/AppleMoviePlayer.uplugin
LogPluginManager: Loaded Plugin ArchVisCharacter, From C:/Program Files/Epic Games/UE_4.13/Engine/Plugins/Runtime/ArchVisCharacter/ArchVisCharacter.uplugin
LogPluginManager: Loaded Plugin CableComponent, From C:/Program Files/Epic Games/UE_4.13/Engine/Plugins/Runtime/CableComponent/CableComponent.uplugin
LogPluginManager: Loaded Plugin CustomMeshComponent, From C:/Program Files/Epic Games/UE_4.13/Engine/Plugins/Runtime/CustomMeshComponent/CustomMeshComponent.uplugin
LogPluginManager: Loaded Plugin ExampleDeviceProfileSelector, From C:/Program Files/Epic Games/UE_4.13/Engine/Plugins/Runtime/ExampleDeviceProfileSelector/ExampleDeviceProfileSelector.uplugin
LogPluginManager: Loaded Plugin GearVR, From C:/Program Files/Epic Games/UE_4.13/Engine/Plugins/Runtime/GearVR/GearVR.uplugin
LogPluginManager: Loaded Plugin GoogleVRController, From C:/Program Files/Epic Games/UE_4.13/Engine/Plugins/Runtime/GoogleVR/GoogleVRController/GoogleVRController.uplugin
LogPluginManager: Loaded Plugin GoogleVRHMD, From C:/Program Files/Epic Games/UE_4.13/Engine/Plugins/Runtime/GoogleVR/GoogleVRHMD/GoogleVRHMD.uplugin
LogPluginManager: Loaded Plugin IOSDeviceProfileSelector, From C:/Program Files/Epic Games/UE_4.13/Engine/Plugins/Runtime/IOSDeviceProfileSelector/IOSDeviceProfileSelector.uplugin
LogPluginManager: Loaded Plugin LeapMotion, From C:/Program Files/Epic Games/UE_4.13/Engine/Plugins/Runtime/LeapMotion/LeapMotion.uplugin
LogPluginManager: Loaded Plugin LinuxDeviceProfileSelector, From C:/Program Files/Epic Games/UE_4.13/Engine/Plugins/Runtime/LinuxDeviceProfileSelector/LinuxDeviceProfileSelector.uplugin
LogPluginManager: Loaded Plugin LiveEditorListenServer, From C:/Program Files/Epic Games/UE_4.13/Engine/Plugins/Runtime/LiveEditorListenServer/LiveEditorListenServer.uplugin
LogPluginManager: Loaded Plugin OculusAudio, From C:/Program Files/Epic Games/UE_4.13/Engine/Plugins/Runtime/OculusAudio/OculusAudio.uplugin
LogPluginManager: Loaded Plugin OculusInput, From C:/Program Files/Epic Games/UE_4.13/Engine/Plugins/Runtime/OculusInput/OculusInput.uplugin
LogPluginManager: Loaded Plugin OculusLibrary, From C:/Program Files/Epic Games/UE_4.13/Engine/Plugins/Runtime/OculusLibrary/OculusLibrary.uplugin
LogPluginManager: Loaded Plugin OculusRift, From C:/Program Files/Epic Games/UE_4.13/Engine/Plugins/Runtime/OculusRift/OculusRift.uplugin
LogPluginManager: Loaded Plugin Oodle, From C:/Program Files/Epic Games/UE_4.13/Engine/Plugins/Runtime/PacketHandlers/CompressionComponents/Oodle/Oodle.uplugin
LogPluginManager: Loaded Plugin ProceduralMeshComponent, From C:/Program Files/Epic Games/UE_4.13/Engine/Plugins/Runtime/ProceduralMeshComponent/ProceduralMeshComponent.uplugin
LogPluginManager: Loaded Plugin SoundMod, From C:/Program Files/Epic Games/UE_4.13/Engine/Plugins/Runtime/SoundMod/SoundMod.uplugin
LogPluginManager: Loaded Plugin SoundVisualizations, From C:/Program Files/Epic Games/UE_4.13/Engine/Plugins/Runtime/SoundVisualizations/SoundVisualizations.uplugin
LogPluginManager: Loaded Plugin SteamController, From C:/Program Files/Epic Games/UE_4.13/Engine/Plugins/Runtime/Steam/SteamController/SteamController.uplugin
LogPluginManager: Loaded Plugin SteamVR, From C:/Program Files/Epic Games/UE_4.13/Engine/Plugins/Runtime/Steam/SteamVR/SteamVR.uplugin
LogPluginManager: Loaded Plugin WebBrowserWidget, From C:/Program Files/Epic Games/UE_4.13/Engine/Plugins/Runtime/WebBrowserWidget/WebBrowserWidget.uplugin
LogPluginManager: Loaded Plugin WindowsDeviceProfileSelector, From C:/Program Files/Epic Games/UE_4.13/Engine/Plugins/Runtime/WindowsDeviceProfileSelector/WindowsDeviceProfileSelector.uplugin
LogPluginManager: Loaded Plugin WindowsMoviePlayer, From C:/Program Files/Epic Games/UE_4.13/Engine/Plugins/Runtime/WindowsMoviePlayer/WindowsMoviePlayer.uplugin
LogPluginManager: Loaded Plugin ScriptPlugin, From C:/Program Files/Epic Games/UE_4.13/Engine/Plugins/ScriptPlugin/ScriptPlugin.uplugin
LogPluginManager: Loaded Plugin SlateRemote, From C:/Program Files/Epic Games/UE_4.13/Engine/Plugins/Slate/SlateRemote/SlateRemote.uplugin
LogInit: Using libcurl 7.47.1
LogInit:  - built for x86_64-pc-win32
LogInit:  - supports SSL with WinSSL
LogInit:  - other features:
LogInit:      CURL_VERSION_SSL
LogInit:      CURL_VERSION_IPV6
LogInit:      CURL_VERSION_ASYNCHDNS
LogInit:      CURL_VERSION_LARGEFILE
LogInit:      CURL_VERSION_IDN
LogInit:  CurlRequestOptions (configurable via config and command line):
LogInit:  - bVerifyPeer = false  - Libcurl will NOT verify peer certificate
LogInit:  - bUseHttpProxy = false  - Libcurl will NOT use HTTP proxy
LogInit:  - bDontReuseConnections = false  - Libcurl will reuse connections
LogInit:  - CertBundlePath = nullptr  - Libcurl will use whatever was configured at build time.
LogOnline:Display: STEAM: Loading Steam SDK 1.32
LogOnline:Warning: STEAM: Steam API disabled!
LogOnline:Display: STEAM: OnlineSubsystemSteam::Shutdown()
LogInit: WinSock: version 1.1 (2.2), MaxSocks=32767, MaxUdp=65467
LogVoice:Warning: Failed to initialize voice interface
LogInit: Build: ++UE4+Release-4.13-CL-3172292
LogInit: Engine Version: 4.13.2-3172292+++UE4+Release-4.13
LogInit: Compatible Engine Version: 4.13.0-3106830+++UE4+Release-4.13
LogInit: Net CL: 3172292
LogDevObjectVersion: Number of dev versions registered: 13
LogDevObjectVersion:   Dev-Blueprints (B0D832E4-1F89-4F0D-ACCF-7EB736FD4AA2): 5
LogDevObjectVersion:   Dev-Build (E1C64328-A22C-4D53-A36C-8E866417BD8C): 0
LogDevObjectVersion:   Dev-Core (375EC13C-06E4-48FB-B500-84F0262A717E): 1
LogDevObjectVersion:   Dev-Editor (E4B068ED-F494-42E9-A231-DA0B2E46BB41): 6
LogDevObjectVersion:   Dev-Framework (CFFC743F-43B0-4480-9391-14DF171D2073): 12
LogDevObjectVersion:   Dev-Mobile (B02B49B5-BB20-44E9-A304-32B752E40360): 0
LogDevObjectVersion:   Dev-Networking (A4E4105C-59A1-49B5-A7C5-40C4547EDFEE): 0
LogDevObjectVersion:   Dev-Online (39C831C9-5AE6-47DC-9A44-9C173E1C8E7C): 0
LogDevObjectVersion:   Dev-Physics (78F01B33-EBEA-4F98-B9B4-84EACCB95AA2): 0
LogDevObjectVersion:   Dev-Platform (6631380F-2D4D-43E0-8009-CF276956A95A): 0
LogDevObjectVersion:   Dev-Rendering (12F88B9F-8875-4AFC-A67C-D90C383ABD29): 4
LogDevObjectVersion:   Dev-Sequencer (7B5AE74C-D270-4C10-A958-57980B212A5A): 0
LogDevObjectVersion:   Dev-VR (D7296918-1DD6-4BDD-9DE2-64A83CC13884): 0
LogInit: Compiled (64-bit): Oct 24 2016 14:29:06
LogInit: Compiled with Visual C++: 19.00.23026.00
LogInit: Build Configuration: Development
LogInit: Branch Name: ++UE4+Release-4.13
LogInit: Command line:  
LogInit: Base directory: C:/Program Files/Epic Games/UE_4.13/Engine/Binaries/Win64/
LogInit: Installed Engine Build: 1
LogInit: Presizing for max 8388607 objects, including 0 objects not considered by GC, pre-allocating 0 bytes for permanent pool.
LogInit: Object subsystem initialized
[2017.08.30-00.10.16:685][  0]LogInit: Selected Device Profile: [Windows]
[2017.08.30-00.10.16:685][  0]LogInit: Applying CVar settings loaded from the selected device profile: [Windows]
[2017.08.30-00.10.16:693][  0]LogInit: Computer: GARY-PC
[2017.08.30-00.10.16:693][  0]LogInit: User: Gary
[2017.08.30-00.10.16:693][  0]LogInit: CPU Page size=65536, Cores=4
[2017.08.30-00.10.16:693][  0]LogInit: High frequency timer resolution =3.905122 MHz
[2017.08.30-00.10.16:693][  0]LogMemory: Memory total: Physical=15.9GB (16GB approx)
[2017.08.30-00.10.16:693][  0]LogMemory: Platform Memory Stats for Windows
[2017.08.30-00.10.16:693][  0]LogMemory: Process Physical Memory: 258.73 MB used, 258.73 MB peak
[2017.08.30-00.10.16:693][  0]LogMemory: Process Virtual Memory: 260.37 MB used, 260.37 MB peak
[2017.08.30-00.10.16:693][  0]LogMemory: Physical Memory: 4006.98 MB used, 16322.38 MB total
[2017.08.30-00.10.16:693][  0]LogMemory: Virtual Memory: 627.91 MB used, 134217728.00 MB total
[2017.08.30-00.10.16:717][  0]LogTextLocalizationManager: No specific translations for ('en-US') exist, so ('en') translations will be used.
[2017.08.30-00.10.17:151][  0]LogD3D11RHI: D3D11 adapters:
[2017.08.30-00.10.17:175][  0]LogD3D11RHI:    0. 'NVIDIA GeForce GTX 970' (Feature Level 11_0)
[2017.08.30-00.10.17:175][  0]LogD3D11RHI:       4058/0/8161 MB DedicatedVideo/DedicatedSystem/SharedSystem, Outputs:1, VendorId:0x10de
[2017.08.30-00.10.17:177][  0]LogD3D11RHI:    1. 'Microsoft Basic Render Driver' (Feature Level 11_0)
[2017.08.30-00.10.17:177][  0]LogD3D11RHI:       0/0/8161 MB DedicatedVideo/DedicatedSystem/SharedSystem, Outputs:0, VendorId:0x1414
[2017.08.30-00.10.17:177][  0]LogD3D11RHI: Chosen D3D11 Adapter: 0
[2017.08.30-00.10.17:179][  0]LogD3D11RHI: Creating new Direct3DDevice
[2017.08.30-00.10.17:179][  0]LogD3D11RHI:     GPU DeviceId: 0x13c2 (for the marketing name, search the web for "GPU Device Id")
[2017.08.30-00.10.17:179][  0]LogWindows: EnumDisplayDevices:
[2017.08.30-00.10.17:179][  0]LogWindows:    0. 'NVIDIA GeForce GTX 970' (P:1 D:1)
[2017.08.30-00.10.17:179][  0]LogWindows:    1. 'NVIDIA GeForce GTX 970' (P:0 D:0)
[2017.08.30-00.10.17:179][  0]LogWindows:    2. 'NVIDIA GeForce GTX 970' (P:0 D:0)
[2017.08.30-00.10.17:180][  0]LogWindows:    3. 'NVIDIA GeForce GTX 970' (P:0 D:0)
[2017.08.30-00.10.17:180][  0]LogWindows: DebugString: FoundDriverCount:4 
[2017.08.30-00.10.17:180][  0]LogD3D11RHI:     Adapter Name: NVIDIA GeForce GTX 970
[2017.08.30-00.10.17:180][  0]LogD3D11RHI:   Driver Version: 376.53 (internal:21.21.13.7653, unified:376.53)
[2017.08.30-00.10.17:180][  0]LogD3D11RHI:      Driver Date: 12-29-2016
[2017.08.30-00.10.17:180][  0]LogRHI: Texture pool is 1361 MB (70% of 1945 MB)
[2017.08.30-00.10.17:191][  0]LogD3D11RHI: Async texture creation enabled
[2017.08.30-00.10.17:200][  0]LogD3D11RHI: GPU Timing Frequency: 1000.000000 (Debug: 2 1)
[2017.08.30-00.10.17:200][  0]LogShaderCompilers: Guid format shader working directory is -30 characters bigger than the processId version (F:/Users/Gary/Documents/GitHub/PonyKart-UE4/PonyKart Project Build/PonyKart/Intermediate/Shaders/WorkingDirectory/2612/).
[2017.08.30-00.10.17:200][  0]LogShaderCompilers: Cleaned the shader compiler working directory 'C:/Users/Gary/AppData/Local/Temp/UnrealShaderWorkingDir/0A7579E44A295BCC6FA5389BA8FBDB39/'.
[2017.08.30-00.10.17:200][  0]LogShaderCompilers:Display: Using Local Shader Compiler.
[2017.08.30-00.10.18:260][  0]LogTemp:Display: Loaded TP AllDesktopTargetPlatform
[2017.08.30-00.10.18:266][  0]LogTemp:Display: Loaded TP WindowsClientTargetPlatform
[2017.08.30-00.10.18:273][  0]LogTemp:Display: Loaded TP WindowsNoEditorTargetPlatform
[2017.08.30-00.10.18:279][  0]LogTemp:Display: Loaded TP WindowsServerTargetPlatform
[2017.08.30-00.10.18:285][  0]LogTemp:Display: Loaded TP WindowsTargetPlatform
[2017.08.30-00.10.18:290][  0]LogTemp:Display: Loaded TP AndroidTargetPlatform
[2017.08.30-00.10.18:294][  0]LogTemp:Display: Loaded TP Android_ASTCTargetPlatform
[2017.08.30-00.10.18:299][  0]LogTemp:Display: Loaded TP Android_ATCTargetPlatform
[2017.08.30-00.10.18:304][  0]LogTemp:Display: Loaded TP Android_DXTTargetPlatform
[2017.08.30-00.10.18:309][  0]LogTemp:Display: Loaded TP Android_ETC1TargetPlatform
[2017.08.30-00.10.18:313][  0]LogTemp:Display: Loaded TP Android_ETC2TargetPlatform
[2017.08.30-00.10.18:323][  0]LogTemp:Display: Loaded TP Android_MultiTargetPlatform
[2017.08.30-00.10.18:323][  0]LogTemp:Display: Loaded TP Android_PVRTCTargetPlatform
[2017.08.30-00.10.18:324][  0]LogTemp:Display: Loaded TP HTML5TargetPlatform
[2017.08.30-00.10.18:342][  0]LogTemp:Display: Loaded TP IOSTargetPlatform
[2017.08.30-00.10.18:346][  0]LogTemp:Display: Loaded TP TVOSTargetPlatform
[2017.08.30-00.10.18:351][  0]LogTemp:Display: Loaded TP LinuxClientTargetPlatform
[2017.08.30-00.10.18:356][  0]LogTemp:Display: Loaded TP LinuxNoEditorTargetPlatform
[2017.08.30-00.10.18:360][  0]LogTemp:Display: Loaded TP LinuxServerTargetPlatform
[2017.08.30-00.10.18:365][  0]LogTemp:Display: Loaded TP LinuxTargetPlatform
[2017.08.30-00.10.18:365][  0]LogTargetPlatformManager:Display: Building Assets For Windows
[2017.08.30-00.10.18:419][  0]LogDerivedDataCache:Display: Max Cache Size: 512 MB
[2017.08.30-00.10.18:458][  0]LogDerivedDataCache: Loaded boot cache 0.04s 63MB C:/Users/Gary/AppData/Local/UnrealEngine/4.13/DerivedDataCache/Boot.ddc.
[2017.08.30-00.10.18:458][  0]LogDerivedDataCache:Display: Loaded Boot cache: C:/Users/Gary/AppData/Local/UnrealEngine/4.13/DerivedDataCache/Boot.ddc
[2017.08.30-00.10.18:458][  0]LogDerivedDataCache: FDerivedDataBackendGraph:  Pak pak cache file F:/Users/Gary/Documents/GitHub/PonyKart-UE4/PonyKart Project Build/PonyKart/DerivedDataCache/DDC.ddp not found, will not use a pak cache.
[2017.08.30-00.10.18:458][  0]LogDerivedDataCache: Unable to find inner node Pak for hierarchical cache Hierarchy.
[2017.08.30-00.10.18:458][  0]LogDerivedDataCache: FDerivedDataBackendGraph:  CompressedPak pak cache file F:/Users/Gary/Documents/GitHub/PonyKart-UE4/PonyKart Project Build/PonyKart/DerivedDataCache/Compressed.ddp not found, will not use a pak cache.
[2017.08.30-00.10.18:458][  0]LogDerivedDataCache: Unable to find inner node CompressedPak for hierarchical cache Hierarchy.
[2017.08.30-00.10.18:471][  0]LogDerivedDataCache:Display: Pak cache opened for reading ../../../Engine/DerivedDataCache/Compressed.ddp.
[2017.08.30-00.10.18:483][  0]LogDerivedDataCache: Using Local data cache path C:/Users/Gary/AppData/Local/UnrealEngine/Common/DerivedDataCache: Writable
[2017.08.30-00.10.18:626][  0]LogInit: Selected Device Profile: [Windows]
[2017.08.30-00.10.18:628][  0]LogContentStreaming: Texture pool size is 0.00 MB
[2017.08.30-00.10.18:696][  0]LogMeshUtilities: No automatic mesh reduction module available
[2017.08.30-00.10.18:696][  0]LogMeshUtilities: No automatic mesh merging module available
[2017.08.30-00.10.18:696][  0]LogMeshUtilities: No distributed automatic mesh merging module available
[2017.08.30-00.10.18:745][  0]LogMaterial: Uniform references updated for custom material expression Custom.
[2017.08.30-00.10.18:930][  0]LogNetVersion: GetLocalNetworkVersion: CL: 3106830, ProjectName: ponykart, ProjectVersion: , EngineNetworkVersion: 1, GameNetworkVersion: 0, NetworkChecksum: 2940303804
[2017.08.30-00.10.18:963][  0]LogAssetRegistry: FAssetRegistry took 0.0212 seconds to start up
[2017.08.30-00.10.18:986][  0]LogPackageLocalizationCache: Processed 3 localized package path(s) for 2 prioritized culture(s) in 0.021090 seconds
[2017.08.30-00.10.18:991][  0]LogUObjectArray: 29785 objects as part of root set at end of initial load.
[2017.08.30-00.10.18:991][  0]LogUObjectAllocator: 6339056 out of 0 bytes used by permanent object pool.
[2017.08.30-00.10.18:991][  0]LogUObjectArray: CloseDisregardForGC: 0/0 objects in disregard for GC pool
[2017.08.30-00.10.19:145][  0]LogSlate: SlateFontCache - WITH_FREETYPE: 1, WITH_HARFBUZZ: 1
[2017.08.30-00.10.19:145][  0]LogSlate: SlateFontCache - WITH_FREETYPE: 1, WITH_HARFBUZZ: 1
[2017.08.30-00.10.19:605][  0]LogTcpMessaging: Initializing TcpMessaging bridge
[2017.08.30-00.10.19:623][  0]LogUdpMessaging: Initializing bridge on interface 0.0.0.0:0 to multicast group 230.0.0.1:6666.
[2017.08.30-00.10.19:822][  0]SourceControl: Info Source control is disabled
[2017.08.30-00.10.19:840][  0]SourceControl: Info Source control is disabled
[2017.08.30-00.10.19:847][  0]SourceControl: Info Source control is disabled
[2017.08.30-00.10.19:854][  0]SourceControl: Info Source control is disabled
[2017.08.30-00.10.19:977][  0]LogLinker:Warning: Can't find file '/Game/VehicleBP/VehicleOverview'
[2017.08.30-00.10.19:977][  0]LogLinker:Warning: Can't find file '/Game/VehicleBP/VehicleOverview'
[2017.08.30-00.10.19:977][  0]LogUObjectGlobals:Warning: Failed to find object 'Class /Game/VehicleBP/VehicleOverview.VehicleOverview_C'
[2017.08.30-00.10.20:141][  0]LogEngine: Initializing Engine...
[2017.08.30-00.10.20:142][  0]LogHMD: Failed to initialize OpenVR with code 110
[2017.08.30-00.10.20:238][  0]LogAIModule: Creating AISystem for world Untitled
[2017.08.30-00.10.20:244][  0]LogInit: XAudio2 using 'Speakers (Realtek High Definition Audio)' : 2 channels at 48 kHz using 32 bits per sample (channel mask 0x3)
[2017.08.30-00.10.20:249][  0]LogInit: FAudioDevice initialized.
[2017.08.30-00.10.20:275][  0]LogDerivedDataCache: Saved boot cache 0.03s 63MB C:/Users/Gary/AppData/Local/UnrealEngine/4.13/DerivedDataCache/Boot.ddc.
[2017.08.30-00.10.20:283][  0]LogInit: Texture streaming: Enabled
[2017.08.30-00.10.20:302][  0]LogInit: Transaction tracking system initialized
[2017.08.30-00.10.20:318][  0]BlueprintLog: New page: Editor Load
[2017.08.30-00.10.20:394][  0]LocalizationService: Info Localization service is disabled
[2017.08.30-00.10.20:455][  0]LogConsoleResponse:Display: 
[2017.08.30-00.10.20:534][  0]LogCook:Display: Max memory allowance for cook 16384mb min free memory 0mb
[2017.08.30-00.10.20:534][  0]LogCook:Display: Mobile HDR setting 1
[2017.08.30-00.10.20:546][  0]LogFileCache: Scanning file cache for directory 'F:/Users/Gary/Documents/GitHub/PonyKart-UE4/PonyKart Project Build/PonyKart/Content/' took 0.02s
[2017.08.30-00.10.20:661][  0]SourceControl: Info Source control is disabled
[2017.08.30-00.10.20:661][  0]Cmd: MAP LOAD FILE="F:/Users/Gary/Documents/GitHub/PonyKart-UE4/PonyKart Project Build/PonyKart/Content/Maps/MainMenu.umap" TEMPLATE=0 SHOWPROGRESS=1 FEATURELEVEL=3
[2017.08.30-00.10.20:661][  0]LightingResults: New page: Lighting Build
[2017.08.30-00.10.20:664][  0]MapCheck: New page: Map Check
[2017.08.30-00.10.20:664][  0]LightingResults: New page: Lighting Build
[2017.08.30-00.10.21:051][  0]LogAIModule: Creating AISystem for world MainMenu
[2017.08.30-00.10.21:053][  0]LogEditorServer: Finished looking for orphan Actors (0.000 secs)
[2017.08.30-00.10.21:053][  0]Cmd: MAP CHECKDEP NOCLEARLOG
[2017.08.30-00.10.21:086][  0]MapCheck: Info Map check complete: 0 Error(s), 0 Warning(s), took 33.165ms to complete.
[2017.08.30-00.10.21:086][  0]LogFileHelpers: Loading map 'MainMenu' took 0.425
[2017.08.30-00.10.21:223][  0]LogCollectionManager: Loaded 1 collections in 0.001717 seconds
[2017.08.30-00.10.21:260][  0]LogFileCache: Scanning file cache for directory 'F:/Users/Gary/Documents/GitHub/PonyKart-UE4/PonyKart Project Build/PonyKart/Saved/Collections/' took 0.01s
[2017.08.30-00.10.21:260][  0]LogFileCache: Scanning file cache for directory 'F:/Users/Gary/Documents/GitHub/PonyKart-UE4/PonyKart Project Build/PonyKart/Content/Developers/Gary/Collections/' took 0.01s
[2017.08.30-00.10.21:260][  0]LogFileCache: Scanning file cache for directory 'F:/Users/Gary/Documents/GitHub/PonyKart-UE4/PonyKart Project Build/PonyKart/Content/Collections/' took 0.01s
[2017.08.30-00.10.21:260][  0]LogCollectionManager: Rebuilt the GUID cache for 1 collections in 0.000003 seconds
[2017.08.30-00.10.21:260][  0]LogCollectionManager: Rebuilt the hierarchy cache for 1 collections in 0.000000 seconds
[2017.08.30-00.10.21:267][  0]LogContentBrowser: Native class hierarchy populated in 0.0068 seconds. Added 2143 classes and 418 folders.
[2017.08.30-00.10.21:270][  0]LogStats: UGameplayTagsManager::ConstructGameplayTagTree: Construct from data asset -  0.000 s
[2017.08.30-00.10.21:270][  0]LogStats: UGameplayTagsManager::ConstructGameplayTagTree: GameplayTagTreeChangedEvent.Broadcast -  0.000 s
[2017.08.30-00.10.21:271][  0]LogContentBrowser: Native class hierarchy updated for 'GameplayTags' in 0.0004 seconds. Added 12 classes and 0 folders.
[2017.08.30-00.10.21:275][  0]LogContentBrowser: Native class hierarchy updated for 'WidgetCarousel' in 0.0003 seconds. Added 0 classes and 0 folders.
[2017.08.30-00.10.21:307][  0]LogContentBrowser: Native class hierarchy updated for 'AddContentDialog' in 0.0003 seconds. Added 0 classes and 0 folders.
[2017.08.30-00.10.21:311][  0]LogContentBrowser: Native class hierarchy updated for 'SceneOutliner' in 0.0003 seconds. Added 1 classes and 2 folders.
[2017.08.30-00.10.21:321][  0]LogCrashTracker: Crashtracker disabled due to settings.
[2017.08.30-00.10.21:325][  0]LogUObjectGlobals:Warning: Failed to find object 'Class None.'
[2017.08.30-00.10.21:351][  0]LogContentBrowser: Native class hierarchy updated for 'HierarchicalLODOutliner' in 0.0003 seconds. Added 1 classes and 2 folders.
[2017.08.30-00.10.21:351][  0]LogLoad: (Engine Initialization) Total time: 5.50 seconds
[2017.08.30-00.10.21:351][  0]LogLoad: (Engine Initialization) Total Blueprint compile time: 0.15 seconds
[2017.08.30-00.10.21:351][  0]LogExternalProfiler: Found external profiler: VSPerf
[2017.08.30-00.10.21:351][  0]LogExternalProfiler: Using external profiler: VSPerf
[2017.08.30-00.10.21:360][  0]LogWindowsTextInputMethodSystem:Display: IME system now deactivated.
[2017.08.30-00.10.21:360][  0]LogOcInput: OculusInput pre-init called
[2017.08.30-00.10.21:378][  0]LogContentStreaming: Texture pool size now 1000 MB
[2017.08.30-00.10.21:550][  1]LogRenderer: Reallocating scene render targets to support 1204x568 (Frame:2).
[2017.08.30-00.10.21:550][  1]LogAssetRegistry: Asset discovery search completed in 2.6081 seconds
[2017.08.30-00.10.21:550][  1]LogCollectionManager: Rebuilt the object cache for 1 collections in 0.000005 seconds (found 0 objects)
[2017.08.30-00.10.21:550][  1]LogCollectionManager: Fixed up redirectors for 1 collections in 0.000016 seconds (updated 0 objects)
[2017.08.30-00.14.24:908][134]LogSavePackage: Save=6.42ms
[2017.08.30-00.14.24:908][134]LogSavePackage: Moving 'F:/Users/Gary/Documents/GitHub/PonyKart-UE4/PonyKart Project Build/PonyKart/Saved/pk_KartInfoA1BB3C424C8B05016EDDB3B2607F5FBE.tmp' to 'F:/Users/Gary/Documents/GitHub/PonyKart-UE4/PonyKart Project Build/PonyKart/Content/Blueprints/AllLevels/pk_KartInfo.uasset'
[2017.08.30-00.14.24:912][134]LogSavePackage:Display: Finished SavePackage F:/Users/Gary/Documents/GitHub/PonyKart-UE4/PonyKart Project Build/PonyKart/Content/Blueprints/AllLevels/pk_KartInfo.uasset
[2017.08.30-00.17.13:224][625]LogSavePackage: Save=3.88ms
[2017.08.30-00.17.13:224][625]LogSavePackage: Moving 'F:/Users/Gary/Documents/GitHub/PonyKart-UE4/PonyKart Project Build/PonyKart/Saved/pk_KartInfoE6E5272248DAA9517CF3AC8B4051C41D.tmp' to 'F:/Users/Gary/Documents/GitHub/PonyKart-UE4/PonyKart Project Build/PonyKart/Content/Blueprints/AllLevels/pk_KartInfo.uasset'
[2017.08.30-00.17.13:225][625]LogSavePackage:Display: Finished SavePackage F:/Users/Gary/Documents/GitHub/PonyKart-UE4/PonyKart Project Build/PonyKart/Content/Blueprints/AllLevels/pk_KartInfo.uasset
[2017.08.30-00.18.42:806][349]LogSlate:Warning: Prevented a slow task dialog from being summoned while a context menu was open
[2017.08.30-00.19.55:338][985]LogSlate:Warning: Prevented a slow task dialog from being summoned while a context menu was open
[2017.08.30-00.20.00:500][602]LogSlate:Warning: Prevented a slow task dialog from being summoned while a context menu was open
[2017.08.30-00.21.13:336][331]LogFileHelpers: Editor autosave (incl. sublevels) for '/Game/Maps/MainMenu' took 0.016
[2017.08.30-00.21.13:337][331]OBJ SavePackage: Generating thumbnails for [0] asset(s) in package [/Game/Blueprints/AllLevels/pk_KartTable] ([1] browsable assets)...
[2017.08.30-00.21.13:337][331]OBJ SavePackage: Finished generating thumbnails for package [/Game/Blueprints/AllLevels/pk_KartTable]
[2017.08.30-00.21.13:342][331]LogSavePackage: Save=3.39ms
[2017.08.30-00.21.13:342][331]LogSavePackage: Moving 'F:/Users/Gary/Documents/GitHub/PonyKart-UE4/PonyKart Project Build/PonyKart/Saved/pk_KartTable_Auto170065DDA4CE9BB5D30EE43A3E9316DB4.tmp' to 'F:/Users/Gary/Documents/GitHub/PonyKart-UE4/PonyKart Project Build/PonyKart/Saved/Autosaves/Game/Blueprints/AllLevels/pk_KartTable_Auto1.uasset'
[2017.08.30-00.21.13:342][331]LogSavePackage:Display: Finished SavePackage F:/Users/Gary/Documents/GitHub/PonyKart-UE4/PonyKart Project Build/PonyKart/Saved/Autosaves/Game/Blueprints/AllLevels/pk_KartTable_Auto1.uasset
[2017.08.30-00.21.13:342][331]LogFileHelpers: Auto-saving content packages took 0.006
[2017.08.30-00.22.27:380][207]LogSlate:Warning: Prevented a slow task dialog from being summoned while a context menu was open
[2017.08.30-00.23.03:764][560]LogSlate:Warning: Prevented a slow task dialog from being summoned while a context menu was open
[2017.08.30-00.24.52:524][591]LogSlate:Warning: Prevented a slow task dialog from being summoned while a context menu was open
[2017.08.30-00.25.46:552][ 60]LogSlate:Warning: Prevented a slow task dialog from being summoned while a context menu was open
[2017.08.30-00.26.35:229][887]LogSlate:Warning: Prevented a slow task dialog from being summoned while a context menu was open
[2017.08.30-00.27.22:572][552]LogSlate:Warning: Prevented a slow task dialog from being summoned while a context menu was open
[2017.08.30-00.27.56:094][564]LogSavePackage: Save=4.13ms
[2017.08.30-00.27.56:094][564]LogSavePackage: Moving 'F:/Users/Gary/Documents/GitHub/PonyKart-UE4/PonyKart Project Build/PonyKart/Saved/pk_KartTable38238AE04B32FCD75D5B90BF4F9EEEEC.tmp' to 'F:/Users/Gary/Documents/GitHub/PonyKart-UE4/PonyKart Project Build/PonyKart/Content/Blueprints/AllLevels/pk_KartTable.uasset'
[2017.08.30-00.27.56:095][564]LogSavePackage:Display: Finished SavePackage F:/Users/Gary/Documents/GitHub/PonyKart-UE4/PonyKart Project Build/PonyKart/Content/Blueprints/AllLevels/pk_KartTable.uasset
[2017.08.30-00.29.19:655][582]LogSavePackage: Save=3.61ms
[2017.08.30-00.29.19:655][582]LogSavePackage: Moving 'F:/Users/Gary/Documents/GitHub/PonyKart-UE4/PonyKart Project Build/PonyKart/Saved/pk_KartTableD1A8C2D34316244BD5B364A030E80038.tmp' to 'F:/Users/Gary/Documents/GitHub/PonyKart-UE4/PonyKart Project Build/PonyKart/Content/Blueprints/AllLevels/pk_KartTable.uasset'
[2017.08.30-00.29.19:656][582]LogSavePackage:Display: Finished SavePackage F:/Users/Gary/Documents/GitHub/PonyKart-UE4/PonyKart Project Build/PonyKart/Content/Blueprints/AllLevels/pk_KartTable.uasset
[2017.08.30-00.30.32:121][178]LogContentBrowser: Native class hierarchy updated for 'BlueprintGraph' in 0.0006 seconds. Added 112 classes and 0 folders.
[2017.08.30-00.36.09:501][221]LogSlate:Warning: Prevented a slow task dialog from being summoned while a context menu was open
[2017.08.30-00.38.41:115][856]LogRenderer: Reallocating scene render targets to support 1204x704 (Frame:115853).
[2017.08.30-00.42.59:588][751]LogSavePackage: Save=4.15ms
[2017.08.30-00.42.59:588][751]LogSavePackage: Moving 'F:/Users/Gary/Documents/GitHub/PonyKart-UE4/PonyKart Project Build/PonyKart/Saved/pk_LevelInfo3BCE7A1A4620AE6670A082A629A330CD.tmp' to 'F:/Users/Gary/Documents/GitHub/PonyKart-UE4/PonyKart Project Build/PonyKart/Content/Blueprints/AllLevels/pk_LevelInfo.uasset'
[2017.08.30-00.42.59:590][751]LogSavePackage:Display: Finished SavePackage F:/Users/Gary/Documents/GitHub/PonyKart-UE4/PonyKart Project Build/PonyKart/Content/Blueprints/AllLevels/pk_LevelInfo.uasset
[2017.08.30-00.45.35:886][700]LogSavePackage: Save=3.38ms
[2017.08.30-00.45.35:886][700]LogSavePackage: Moving 'F:/Users/Gary/Documents/GitHub/PonyKart-UE4/PonyKart Project Build/PonyKart/Saved/pk_LevelTable713B652A4E9AC43D59CEFCA640069F19.tmp' to 'F:/Users/Gary/Documents/GitHub/PonyKart-UE4/PonyKart Project Build/PonyKart/Content/Blueprints/AllLevels/pk_LevelTable.uasset'
[2017.08.30-00.45.35:887][700]LogSavePackage:Display: Finished SavePackage F:/Users/Gary/Documents/GitHub/PonyKart-UE4/PonyKart Project Build/PonyKart/Content/Blueprints/AllLevels/pk_LevelTable.uasset
[2017.08.30-00.49.11:518][  9]LogSavePackage: Save=4.76ms
[2017.08.30-00.49.11:518][  9]LogSavePackage: Moving 'F:/Users/Gary/Documents/GitHub/PonyKart-UE4/PonyKart Project Build/PonyKart/Saved/pk_LevelInfoD87550D340E73EB047AE70AE0B39464B.tmp' to 'F:/Users/Gary/Documents/GitHub/PonyKart-UE4/PonyKart Project Build/PonyKart/Content/Blueprints/AllLevels/pk_LevelInfo.uasset'
[2017.08.30-00.49.11:520][  9]LogSavePackage:Display: Finished SavePackage F:/Users/Gary/Documents/GitHub/PonyKart-UE4/PonyKart Project Build/PonyKart/Content/Blueprints/AllLevels/pk_LevelInfo.uasset
[2017.08.30-00.49.11:547][  9]LogSavePackage: Save=22.37ms
[2017.08.30-00.49.11:547][  9]LogSavePackage: Moving 'F:/Users/Gary/Documents/GitHub/PonyKart-UE4/PonyKart Project Build/PonyKart/Saved/pk_LevelTable1E6345A94A8BB73A6C152FA8A8F77727.tmp' to 'F:/Users/Gary/Documents/GitHub/PonyKart-UE4/PonyKart Project Build/PonyKart/Content/Blueprints/AllLevels/pk_LevelTable.uasset'
[2017.08.30-00.49.11:549][  9]LogSavePackage:Display: Finished SavePackage F:/Users/Gary/Documents/GitHub/PonyKart-UE4/PonyKart Project Build/PonyKart/Content/Blueprints/AllLevels/pk_LevelTable.uasset
[2017.08.30-00.53.07:365][496]LogSavePackage: Save=78.79ms
[2017.08.30-00.53.07:365][496]LogSavePackage: Moving 'F:/Users/Gary/Documents/GitHub/PonyKart-UE4/PonyKart Project Build/PonyKart/Saved/UEDPCMainMenuA1036EFF43FC600749BDD39993995D11.tmp' to 'F:/Users/Gary/Documents/GitHub/PonyKart-UE4/PonyKart Project Build/PonyKart/Saved/Autosaves/Game/Maps/UEDPCMainMenu.umap'
[2017.08.30-00.53.07:366][496]LogSavePackage:Display: Finished SavePackage F:/Users/Gary/Documents/GitHub/PonyKart-UE4/PonyKart Project Build/PonyKart/Saved/Autosaves/Game/Maps/UEDPCMainMenu.umap
[2017.08.30-00.53.07:371][496]LogEditorTransaction: Undo Spawn Play From Here Start
[2017.08.30-00.53.31:854][258]LogActorComponent: UnregisterComponent: (/Engine/Transient.EditorFloorComp) Not registered. Aborting.
[2017.08.30-00.53.32:054][259]Cmd: QUIT_EDITOR
[2017.08.30-00.53.32:080][259]LogWindowsTextInputMethodSystem:Display: IME system now deactivated.
[2017.08.30-00.53.32:098][259]LogExit: Preparing to exit.
[2017.08.30-00.53.32:577][259]LogExit: Editor shut down
[2017.08.30-00.53.32:577][259]LogExit: Transaction tracking system shut down
[2017.08.30-00.53.32:721][259]LogObj: Freed 0b from 0 cluster array pools.
[2017.08.30-00.53.32:721][259]LogExit: Object subsystem successfully closed.
[2017.08.30-00.53.32:736][259]LogD3D11RHI: Shutdown
[2017.08.30-00.53.32:736][259]LogD3D11RHI: CleanupD3DDevice
[2017.08.30-00.53.32:787][259]LogD3D11RHI: ~FD3D11DynamicRHI
[2017.08.30-00.53.32:797][259]LogModuleManager: Shutting down and abandoning module SequencerWidgets (239)
[2017.08.30-00.53.32:797][259]LogModuleManager: Shutting down and abandoning module BlueprintGraph (238)
[2017.08.30-00.53.32:797][259]LogModuleManager: Shutting down and abandoning module BlueprintProfiler (237)
[2017.08.30-00.53.32:797][259]LogModuleManager: Shutting down and abandoning module DataTableEditor (236)
[2017.08.30-00.53.32:797][259]LogModuleManager: Shutting down and abandoning module HierarchicalLODOutliner (235)
[2017.08.30-00.53.32:797][259]LogModuleManager: Shutting down and abandoning module CrashTracker (234)
[2017.08.30-00.53.32:797][259]LogModuleManager: Shutting down and abandoning module SceneOutliner (233)
[2017.08.30-00.53.32:797][259]LogModuleManager: Shutting down and abandoning module WidgetCarousel (232)
[2017.08.30-00.53.32:797][259]LogModuleManager: Shutting down and abandoning module AddContentDialog (231)
[2017.08.30-00.53.32:797][259]LogDirectoryWatcher: A directory notification for 'C:/Program Files/Epic Games/UE_4.13/FeaturePacks/' was aborted.
[2017.08.30-00.53.32:798][259]LogModuleManager: Shutting down and abandoning module GameplayTags (230)
[2017.08.30-00.53.32:798][259]LogModuleManager: Shutting down and abandoning module EditorWidgets (229)
[2017.08.30-00.53.32:798][259]LogModuleManager: Shutting down and abandoning module CollectionManager (228)
[2017.08.30-00.53.32:798][259]LogDirectoryWatcher: A directory notification for 'F:/Users/Gary/Documents/GitHub/PonyKart-UE4/PonyKart Project Build/PonyKart/Content/Collections/' was aborted.
[2017.08.30-00.53.32:798][259]LogDirectoryWatcher: A directory notification for 'F:/Users/Gary/Documents/GitHub/PonyKart-UE4/PonyKart Project Build/PonyKart/Content/Developers/Gary/Collections/' was aborted.
[2017.08.30-00.53.32:798][259]LogDirectoryWatcher: A directory notification for 'F:/Users/Gary/Documents/GitHub/PonyKart-UE4/PonyKart Project Build/PonyKart/Saved/Collections/' was aborted.
[2017.08.30-00.53.32:798][259]LogModuleManager: Shutting down and abandoning module StatsViewer (227)
[2017.08.30-00.53.32:798][259]LogModuleManager: Shutting down and abandoning module FoliageEdit (226)
[2017.08.30-00.53.32:798][259]LogModuleManager: Shutting down and abandoning module LandscapeEditor (225)
[2017.08.30-00.53.32:798][259]LogModuleManager: Shutting down and abandoning module SceneDepthPickerMode (224)
[2017.08.30-00.53.32:798][259]LogModuleManager: Shutting down and abandoning module ActorPickerMode (223)
[2017.08.30-00.53.32:798][259]LogModuleManager: Shutting down and abandoning module GeometryMode (222)
[2017.08.30-00.53.32:798][259]LogModuleManager: Shutting down and abandoning module TextureAlignMode (221)
[2017.08.30-00.53.32:798][259]LogModuleManager: Shutting down and abandoning module BspMode (220)
[2017.08.30-00.53.32:798][259]LogModuleManager: Shutting down and abandoning module HardwareSurvey (219)
[2017.08.30-00.53.32:798][259]LogModuleManager: Shutting down and abandoning module SequenceRecorderSections (218)
[2017.08.30-00.53.32:798][259]LogModuleManager: Shutting down and abandoning module SequenceRecorder (217)
[2017.08.30-00.53.32:798][259]LogModuleManager: Shutting down and abandoning module AutomationWorker (216)
[2017.08.30-00.53.32:798][259]LogModuleManager: Shutting down and abandoning module MatineeToLevelSequence (215)
[2017.08.30-00.53.32:798][259]LogModuleManager: Shutting down and abandoning module PlacementMode (214)
[2017.08.30-00.53.32:798][259]LogModuleManager: Shutting down and abandoning module LevelSequenceEditor (213)
[2017.08.30-00.53.32:798][259]LogModuleManager: Shutting down and abandoning module WmfMediaFactory (212)
[2017.08.30-00.53.32:798][259]LogModuleManager: Shutting down and abandoning module WmfMediaEditor (211)
[2017.08.30-00.53.32:798][259]LogModuleManager: Shutting down and abandoning module AvfMediaFactory (210)
[2017.08.30-00.53.32:798][259]LogModuleManager: Shutting down and abandoning module AvfMediaEditor (209)
[2017.08.30-00.53.32:798][259]LogModuleManager: Shutting down and abandoning module Media (208)
[2017.08.30-00.53.32:798][259]LogModuleManager: Shutting down and abandoning module AndroidMediaFactory (207)
[2017.08.30-00.53.32:798][259]LogModuleManager: Shutting down and abandoning module AndroidMediaEditor (206)
[2017.08.30-00.53.32:798][259]LogModuleManager: Shutting down and abandoning module CharacterAI (205)
[2017.08.30-00.53.32:798][259]LogModuleManager: Shutting down and abandoning module SmartSnapping (204)
[2017.08.30-00.53.32:798][259]LogModuleManager: Shutting down and abandoning module SessionServices (203)
[2017.08.30-00.53.32:798][259]LogModuleManager: Shutting down and abandoning module ViewportSnapping (202)
[2017.08.30-00.53.32:798][259]LogModuleManager: Shutting down and abandoning module ViewportInteraction (201)
[2017.08.30-00.53.32:798][259]LogModuleManager: Shutting down and abandoning module LogVisualizer (200)
[2017.08.30-00.53.32:798][259]LogModuleManager: Shutting down and abandoning module GameProjectGeneration (199)
[2017.08.30-00.53.32:799][259]LogModuleManager: Shutting down and abandoning module IntroTutorials (198)
[2017.08.30-00.53.32:799][259]LogModuleManager: Shutting down and abandoning module EditorLiveStreaming (197)
[2017.08.30-00.53.32:799][259]LogModuleManager: Shutting down and abandoning module IOSPlatformEditor (196)
[2017.08.30-00.53.32:799][259]LogModuleManager: Shutting down and abandoning module HTML5PlatformEditor (195)
[2017.08.30-00.53.32:799][259]LogModuleManager: Shutting down and abandoning module AndroidDeviceDetection (194)
[2017.08.30-00.53.33:244][259]LogModuleManager: Shutting down and abandoning module AndroidPlatformEditor (193)
[2017.08.30-00.53.33:244][259]LogModuleManager: Shutting down and abandoning module IOSRuntimeSettings (192)
[2017.08.30-00.53.33:244][259]LogModuleManager: Shutting down and abandoning module AndroidRuntimeSettings (191)
[2017.08.30-00.53.33:244][259]LogModuleManager: Shutting down and abandoning module NiagaraEditor (190)
[2017.08.30-00.53.33:244][259]LogModuleManager: Shutting down and abandoning module MergeActors (189)
[2017.08.30-00.53.33:244][259]LogModuleManager: Shutting down and abandoning module SizeMap (188)
[2017.08.30-00.53.33:244][259]LogModuleManager: Shutting down and abandoning module TreeMap (187)
[2017.08.30-00.53.33:244][259]LogModuleManager: Shutting down and abandoning module ReferenceViewer (186)
[2017.08.30-00.53.33:244][259]LogModuleManager: Shutting down and abandoning module LocalizationService (185)
[2017.08.30-00.53.33:245][259]LogModuleManager: Shutting down and abandoning module LocalizationDashboard (184)
[2017.08.30-00.53.33:245][259]LogModuleManager: Shutting down and abandoning module HardwareTargeting (183)
[2017.08.30-00.53.33:245][259]LogModuleManager: Shutting down and abandoning module DeviceProfileEditor (182)
[2017.08.30-00.53.33:245][259]LogModuleManager: Shutting down and abandoning module UndoHistory (181)
[2017.08.30-00.53.33:245][259]LogModuleManager: Shutting down and abandoning module UserFeedback (180)
[2017.08.30-00.53.33:245][259]LogModuleManager: Shutting down and abandoning module XmlParser (179)
[2017.08.30-00.53.33:245][259]LogModuleManager: Shutting down and abandoning module Blutility (178)
[2017.08.30-00.53.33:245][259]LogModuleManager: Shutting down and abandoning module ProjectTargetPlatformEditor (177)
[2017.08.30-00.53.33:245][259]LogModuleManager: Shutting down and abandoning module ProjectSettingsViewer (176)
[2017.08.30-00.53.33:245][259]LogModuleManager: Shutting down and abandoning module InputBindingEditor (175)
[2017.08.30-00.53.33:245][259]LogModuleManager: Shutting down and abandoning module EditorSettingsViewer (174)
[2017.08.30-00.53.33:245][259]LogModuleManager: Shutting down and abandoning module SettingsEditor (173)
[2017.08.30-00.53.33:245][259]LogModuleManager: Shutting down and abandoning module ProjectLauncher (172)
[2017.08.30-00.53.33:245][259]LogModuleManager: Shutting down and abandoning module SessionFrontend (171)
[2017.08.30-00.53.33:245][259]LogModuleManager: Shutting down and abandoning module ProfilerClient (170)
[2017.08.30-00.53.33:245][259]LogModuleManager: Shutting down and abandoning module TargetDeviceServices (169)
[2017.08.30-00.53.33:245][259]LogModuleManager: Shutting down and abandoning module DeviceManager (168)
[2017.08.30-00.53.33:301][259]LogModuleManager: Shutting down and abandoning module AutomationController (167)
[2017.08.30-00.53.33:301][259]LogModuleManager: Shutting down and abandoning module AutomationWindow (166)
[2017.08.30-00.53.33:301][259]LogModuleManager: Shutting down and abandoning module Layers (165)
[2017.08.30-00.53.33:301][259]LogModuleManager: Shutting down and abandoning module ComponentVisualizers (164)
[2017.08.30-00.53.33:301][259]LogModuleManager: Shutting down and abandoning module DetailCustomizations (163)
[2017.08.30-00.53.33:301][259]LogModuleManager: Shutting down and abandoning module PackagesDialog (162)
[2017.08.30-00.53.33:301][259]LogModuleManager: Shutting down and abandoning module AnimGraph (161)
[2017.08.30-00.53.33:301][259]LogModuleManager: Shutting down and abandoning module Persona (160)
[2017.08.30-00.53.33:302][259]LogModuleManager: Shutting down and abandoning module Kismet (159)
[2017.08.30-00.53.33:314][259]LogModuleManager: Shutting down and abandoning module GraphEditor (158)
[2017.08.30-00.53.33:314][259]LogModuleManager: Shutting down and abandoning module ClassViewer (157)
[2017.08.30-00.53.33:317][259]LogModuleManager: Shutting down and abandoning module Toolbox (156)
[2017.08.30-00.53.33:317][259]LogModuleManager: Shutting down and abandoning module ModuleUI (155)
[2017.08.30-00.53.33:317][259]LogModuleManager: Shutting down and abandoning module MovieSceneTools (154)
[2017.08.30-00.53.33:317][259]LogModuleManager: Shutting down and abandoning module OutputLog (153)
[2017.08.30-00.53.33:317][259]LogModuleManager: Shutting down and abandoning module GammaUI (152)
[2017.08.30-00.53.33:317][259]LogModuleManager: Shutting down and abandoning module Documentation (151)
[2017.08.30-00.53.33:317][259]LogModuleManager: Shutting down and abandoning module Niagara (150)
[2017.08.30-00.53.33:317][259]LogModuleManager: Shutting down and abandoning module StreamingPauseRendering (149)
[2017.08.30-00.53.33:317][259]LogModuleManager: Shutting down and abandoning module AnalyticsET (148)
[2017.08.30-00.53.33:317][259]LogModuleManager: Shutting down and abandoning module PortalServices (147)
[2017.08.30-00.53.33:317][259]LogModuleManager: Shutting down and abandoning module PortalRpc (146)
[2017.08.30-00.53.33:317][259]LogModuleManager: Shutting down and abandoning module MessagingRpc (145)
[2017.08.30-00.53.33:317][259]LogModuleManager: Shutting down and abandoning module GameplayDebugger (144)
[2017.08.30-00.53.33:317][259]LogModuleManager: Shutting down and abandoning module AITestSuite (143)
[2017.08.30-00.53.33:317][259]LogModuleManager: Shutting down and abandoning module AIModule (142)
[2017.08.30-00.53.33:317][259]LogModuleManager: Shutting down and abandoning module ProfilerService (141)
[2017.08.30-00.53.33:413][259]LogModuleManager: Shutting down and abandoning module TaskGraph (140)
[2017.08.30-00.53.33:413][259]LogModuleManager: Shutting down and abandoning module SlateRemote (139)
[2017.08.30-00.53.33:413][259]LogModuleManager: Shutting down and abandoning module SteamVRController (138)
[2017.08.30-00.53.33:413][259]LogModuleManager: Shutting down and abandoning module SteamVR (137)
[2017.08.30-00.53.33:413][259]LogModuleManager: Shutting down and abandoning module ProceduralMeshComponentEditor (136)
[2017.08.30-00.53.33:413][259]LogModuleManager: Shutting down and abandoning module ProceduralMeshComponent (135)
[2017.08.30-00.53.33:413][259]LogModuleManager: Shutting down and abandoning module OculusLibrary (134)
[2017.08.30-00.53.33:413][259]LogModuleManager: Shutting down and abandoning module OculusInput (133)
[2017.08.30-00.53.33:414][259]LogModuleManager: Shutting down and abandoning module CustomMeshComponent (132)
[2017.08.30-00.53.33:414][259]LogModuleManager: Shutting down and abandoning module CableComponent (131)
[2017.08.30-00.53.33:414][259]LogModuleManager: Shutting down and abandoning module ArchVisCharacter (130)
[2017.08.30-00.53.33:414][259]LogModuleManager: Shutting down and abandoning module MediaPlayerEditor (129)
[2017.08.30-00.53.33:414][259]LogModuleManager: Shutting down and abandoning module HTML5Networking (128)
[2017.08.30-00.53.33:414][259]LogModuleManager: Shutting down and abandoning module GeometryCacheEd (127)
[2017.08.30-00.53.33:414][259]LogModuleManager: Shutting down and abandoning module GeometryCache (126)
[2017.08.30-00.53.33:414][259]LogModuleManager: Shutting down and abandoning module AlembicLibrary (125)
[2017.08.30-00.53.33:414][259]LogModuleManager: Shutting down and abandoning module AlembicImporter (124)
[2017.08.30-00.53.33:414][259]LogModuleManager: Shutting down and abandoning module SuperSearch (123)
[2017.08.30-00.53.33:414][259]LogModuleManager: Shutting down and abandoning module SuperSearchEditor (122)
[2017.08.30-00.53.33:414][259]LogModuleManager: Shutting down and abandoning module SpeedTreeImporter (121)
[2017.08.30-00.53.33:414][259]LogModuleManager: Shutting down and abandoning module PluginBrowser (120)
[2017.08.30-00.53.33:414][259]LogModuleManager: Shutting down and abandoning module MobileLauncherProfileWizard (119)
[2017.08.30-00.53.33:414][259]LogModuleManager: Shutting down and abandoning module EpicSurvey (118)
[2017.08.30-00.53.33:414][259]LogModuleManager: Shutting down and abandoning module DesktopPlatform (117)
[2017.08.30-00.53.33:414][259]LogModuleManager: Shutting down and abandoning module VisualStudioSourceCodeAccess (116)
[2017.08.30-00.53.33:414][259]LogModuleManager: Shutting down and abandoning module UObjectPlugin (115)
[2017.08.30-00.53.33:414][259]LogModuleManager: Shutting down and abandoning module SubversionSourceControl (114)
[2017.08.30-00.53.33:414][259]LogModuleManager: Shutting down and abandoning module PerforceSourceControl (113)
[2017.08.30-00.53.33:414][259]LogModuleManager: Shutting down and abandoning module SourceControl (112)
[2017.08.30-00.53.33:414][259]LogModuleManager: Shutting down and abandoning module GitSourceControl (111)
[2017.08.30-00.53.33:414][259]LogModuleManager: Shutting down and abandoning module LightPropagationVolumeEditor (110)
[2017.08.30-00.53.33:414][259]LogModuleManager: Shutting down and abandoning module PaperTiledImporter (109)
[2017.08.30-00.53.33:414][259]LogModuleManager: Shutting down and abandoning module PaperSpriteSheetImporter (108)
[2017.08.30-00.53.33:414][259]LogModuleManager: Shutting down and abandoning module MeshPaint (107)
[2017.08.30-00.53.33:414][259]LogModuleManager: Shutting down and abandoning module FbxAutomationBuilderModule (106)
[2017.08.30-00.53.33:414][259]LogModuleManager: Shutting down and abandoning module PixelInspectorModule (105)
[2017.08.30-00.53.33:414][259]LogModuleManager: Shutting down and abandoning module HotReload (104)
[2017.08.30-00.53.33:415][259]LogModuleManager: Shutting down and abandoning module MainFrame (103)
[2017.08.30-00.53.33:415][259]LogModuleManager: Shutting down and abandoning module LevelEditor (102)
[2017.08.30-00.53.33:416][259]LogModuleManager: Shutting down and abandoning module ContentBrowser (101)
[2017.08.30-00.53.33:418][259]LogModuleManager: Shutting down and abandoning module Paper2DEditor (100)
[2017.08.30-00.53.33:418][259]LogModuleManager: Shutting down and abandoning module UdpMessaging (99)
[2017.08.30-00.53.33:519][259]LogModuleManager: Shutting down and abandoning module TcpMessaging (98)
[2017.08.30-00.53.33:620][259]LogModuleManager: Shutting down and abandoning module LightPropagationVolumeRuntime (97)
[2017.08.30-00.53.33:620][259]LogModuleManager: Shutting down and abandoning module Paper2D (96)
[2017.08.30-00.53.33:620][259]LogModuleManager: Shutting down and abandoning module WindowsMoviePlayer (95)
[2017.08.30-00.53.33:620][259]LogModuleManager: Shutting down and abandoning module WmfMedia (94)
[2017.08.30-00.53.33:620][259]LogModuleManager: Shutting down and abandoning module MediaAssets (93)
[2017.08.30-00.53.33:620][259]LogModuleManager: Shutting down and abandoning module GameLiveStreaming (92)
[2017.08.30-00.53.33:620][259]LogModuleManager: Shutting down and abandoning module GameplayTagsEditor (91)
[2017.08.30-00.53.33:620][259]LogModuleManager: Shutting down and abandoning module VREditor (90)
[2017.08.30-00.53.33:620][259]LogModuleManager: Shutting down and abandoning module GameplayTasksEditor (89)
[2017.08.30-00.53.33:620][259]LogModuleManager: Shutting down and abandoning module PropertyEditor (88)
[2017.08.30-00.53.33:620][259]LogModuleManager: Shutting down and abandoning module BehaviorTreeEditor (87)
[2017.08.30-00.53.33:620][259]LogModuleManager: Shutting down and abandoning module FunctionalTesting (86)
[2017.08.30-00.53.33:620][259]LogModuleManager: Shutting down and abandoning module CollisionAnalyzer (85)
[2017.08.30-00.53.33:620][259]LogModuleManager: Shutting down and abandoning module Sequencer (84)
[2017.08.30-00.53.33:620][259]LogModuleManager: Shutting down and abandoning module WorkspaceMenuStructure (83)
[2017.08.30-00.53.33:620][259]LogModuleManager: Shutting down and abandoning module MessageLog (82)
[2017.08.30-00.53.33:620][259]LogModuleManager: Shutting down and abandoning module AssetTools (81)
[2017.08.30-00.53.33:620][259]LogModuleManager: Shutting down and abandoning module UMGEditor (80)
[2017.08.30-00.53.33:620][259]LogModuleManager: Shutting down and abandoning module UMG (79)
[2017.08.30-00.53.33:620][259]LogModuleManager: Shutting down and abandoning module SlateReflector (78)
[2017.08.30-00.53.33:620][259]LogModuleManager: Shutting down and abandoning module Slate (77)
[2017.08.30-00.53.33:620][259]LogModuleManager: Shutting down and abandoning module EditorStyle (76)
[2017.08.30-00.53.33:623][259]LogModuleManager: Shutting down and abandoning module SourceCodeAccess (75)
[2017.08.30-00.53.33:623][259]LogModuleManager: Shutting down and abandoning module HeadMountedDisplay (74)
[2017.08.30-00.53.33:623][259]LogModuleManager: Shutting down and abandoning module XAudio2 (73)
[2017.08.30-00.53.33:623][259]LogModuleManager: Shutting down and abandoning module Networking (72)
[2017.08.30-00.53.33:623][259]LogModuleManager: Shutting down and abandoning module Core (71)
[2017.08.30-00.53.33:623][259]LogModuleManager: Shutting down and abandoning module DirectoryWatcher (70)
[2017.08.30-00.53.33:623][259]LogDirectoryWatcher: A directory notification for '../../../Engine/Content/' was aborted.
[2017.08.30-00.53.33:623][259]LogDirectoryWatcher: A directory notification for 'F:/Users/Gary/Documents/GitHub/PonyKart-UE4/PonyKart Project Build/PonyKart/Content/' was aborted.
[2017.08.30-00.53.33:623][259]LogDirectoryWatcher: A directory notification for '../../../Engine/Plugins/2D/Paper2D/Content/' was aborted.
[2017.08.30-00.53.33:624][259]LogModuleManager: Shutting down and abandoning module AssetRegistry (69)
[2017.08.30-00.53.33:789][259]LogModuleManager: Shutting down and abandoning module KismetCompiler (68)
[2017.08.30-00.53.33:789][259]LogModuleManager: Shutting down and abandoning module PhysXFormats (67)
[2017.08.30-00.53.33:789][259]LogModuleManager: Shutting down and abandoning module MeshUtilities (66)
[2017.08.30-00.53.33:789][259]LogModuleManager: Shutting down and abandoning module DerivedDataCache (65)
[2017.08.30-00.53.33:815][259]LogDerivedDataCache: Shutdown
[2017.08.30-00.53.33:815][259]LogModuleManager: Shutting down and abandoning module VulkanShaderFormat (64)
[2017.08.30-00.53.33:815][259]LogModuleManager: Shutting down and abandoning module ShaderFormatOpenGL (63)
[2017.08.30-00.53.33:815][259]LogModuleManager: Shutting down and abandoning module ShaderFormatD3D (62)
[2017.08.30-00.53.33:815][259]LogModuleManager: Shutting down and abandoning module MetalShaderFormat (61)
[2017.08.30-00.53.33:815][259]LogModuleManager: Shutting down and abandoning module TextureFormatUncompressed (60)
[2017.08.30-00.53.33:815][259]LogModuleManager: Shutting down and abandoning module TextureFormatPVR (59)
[2017.08.30-00.53.33:815][259]LogModuleManager: Shutting down and abandoning module TextureFormatDXT (58)
[2017.08.30-00.53.33:815][259]LogModuleManager: Shutting down and abandoning module TextureFormatIntelISPCTexComp (57)
[2017.08.30-00.53.33:815][259]LogModuleManager: Shutting down and abandoning module ImageWrapper (56)
[2017.08.30-00.53.33:815][259]LogModuleManager: Shutting down and abandoning module TextureFormatASTC (55)
[2017.08.30-00.53.33:815][259]LogModuleManager: Shutting down and abandoning module TextureFormatAndroid (54)
[2017.08.30-00.53.33:815][259]LogModuleManager: Shutting down and abandoning module AudioFormatOpus (53)
[2017.08.30-00.53.33:815][259]LogModuleManager: Shutting down and abandoning module AudioFormatOgg (52)
[2017.08.30-00.53.33:815][259]LogModuleManager: Shutting down and abandoning module AudioFormatADPCM (51)
[2017.08.30-00.53.33:815][259]LogModuleManager: Shutting down and abandoning module LinuxTargetPlatform (50)
[2017.08.30-00.53.33:815][259]LogModuleManager: Shutting down and abandoning module LinuxServerTargetPlatform (49)
[2017.08.30-00.53.33:815][259]LogModuleManager: Shutting down and abandoning module LinuxNoEditorTargetPlatform (48)
[2017.08.30-00.53.33:815][259]LogModuleManager: Shutting down and abandoning module LinuxClientTargetPlatform (47)
[2017.08.30-00.53.33:815][259]LogModuleManager: Shutting down and abandoning module TVOSTargetPlatform (46)
[2017.08.30-00.53.33:815][259]LogModuleManager: Shutting down and abandoning module Messaging (45)
[2017.08.30-00.53.33:815][259]LogModuleManager: Shutting down and abandoning module IOSTargetPlatform (44)
[2017.08.30-00.53.33:815][259]LogModuleManager: Shutting down and abandoning module HTML5TargetPlatform (43)
[2017.08.30-00.53.33:815][259]LogModuleManager: Shutting down and abandoning module Android_PVRTCTargetPlatform (42)
[2017.08.30-00.53.33:815][259]LogModuleManager: Shutting down and abandoning module Android_MultiTargetPlatform (41)
[2017.08.30-00.53.33:815][259]LogModuleManager: Shutting down and abandoning module Android_ETC2TargetPlatform (40)
[2017.08.30-00.53.33:815][259]LogModuleManager: Shutting down and abandoning module Android_ETC1TargetPlatform (39)
[2017.08.30-00.53.33:815][259]LogModuleManager: Shutting down and abandoning module Android_DXTTargetPlatform (38)
[2017.08.30-00.53.33:815][259]LogModuleManager: Shutting down and abandoning module Android_ATCTargetPlatform (37)
[2017.08.30-00.53.33:815][259]LogModuleManager: Shutting down and abandoning module Android_ASTCTargetPlatform (36)
[2017.08.30-00.53.33:815][259]LogModuleManager: Shutting down and abandoning module AndroidTargetPlatform (35)
[2017.08.30-00.53.33:815][259]LogModuleManager: Shutting down and abandoning module WindowsTargetPlatform (34)
[2017.08.30-00.53.33:815][259]LogModuleManager: Shutting down and abandoning module WindowsServerTargetPlatform (33)
[2017.08.30-00.53.33:815][259]LogModuleManager: Shutting down and abandoning module WindowsNoEditorTargetPlatform (32)
[2017.08.30-00.53.33:815][259]LogModuleManager: Shutting down and abandoning module WindowsClientTargetPlatform (31)
[2017.08.30-00.53.33:815][259]LogModuleManager: Shutting down and abandoning module AllDesktopTargetPlatform (30)
[2017.08.30-00.53.33:815][259]LogModuleManager: Shutting down and abandoning module TargetPlatform (29)
[2017.08.30-00.53.33:815][259]LogModuleManager: Shutting down and abandoning module InputCore (28)
[2017.08.30-00.53.33:815][259]LogModuleManager: Shutting down and abandoning module Settings (27)
[2017.08.30-00.53.33:815][259]LogModuleManager: Shutting down and abandoning module OculusRift (26)
[2017.08.30-00.53.33:815][259]LogModuleManager: Shutting down and abandoning module GearVR (25)
[2017.08.30-00.53.33:815][259]LogModuleManager: Shutting down and abandoning module ExampleDeviceProfileSelector (24)
[2017.08.30-00.53.33:815][259]LogModuleManager: Shutting down and abandoning module OnlineBlueprintSupport (23)
[2017.08.30-00.53.33:815][259]LogModuleManager: Shutting down and abandoning module Voice (21)
[2017.08.30-00.53.33:815][259]LogModuleManager: Shutting down and abandoning module OnlineSubsystem (17)
[2017.08.30-00.53.33:815][259]LogOnline:Display: NULL: FOnlineSubsystemNull::Shutdown()
[2017.08.30-00.53.33:816][259]LogOnline:Display: Unloading online subsystem: STEAM
[2017.08.30-00.53.33:816][259]LogOnline:Display: Unloading online subsystem: NULL
[2017.08.30-00.53.33:816][259]LogModuleManager: Shutting down and abandoning module HTTP (16)
[2017.08.30-00.53.33:816][259]LogHttp:Display: Http module shutting down, but needs to wait on 1 outstanding Http requests:
[2017.08.30-00.53.33:816][259]LogHttp:Display: 	verb=[POST] url=[https://datarouter.ol.epicgames.com/datarouter/api/v1/public/data?SessionID=%7B14E0AB82-4C3D-8DC6-8815-91BFF00CE8B7%7D&AppID=UEEditor.Rocket.Release&AppVersion=4.13.2-3172292%2B%2B%2BUE4%2BRelease-4.13&UserID=5e424bd34fcec041fca8e183614cc47a%7Cc8589a177a054e7787ebf917e28d2cbe%7C16c1c745-8550-4113-947a-940016429e72&AppEnvironment=datacollector-binary&UploadType=eteventstream] status=Processing
[2017.08.30-00.53.33:850][259]LogModuleManager: Shutting down and abandoning module XMPP (15)
[2017.08.30-00.53.33:850][259]LogModuleManager: Shutting down and abandoning module TextureCompressor (14)
[2017.08.30-00.53.33:851][259]LogModuleManager: Shutting down and abandoning module ShaderCore (13)
[2017.08.30-00.53.33:851][259]LogModuleManager: Shutting down and abandoning module Landscape (12)
[2017.08.30-00.53.33:851][259]LogModuleManager: Shutting down and abandoning module SlateRHIRenderer (11)
[2017.08.30-00.53.33:864][259]LogModuleManager: Shutting down and abandoning module OpenGLDrv (10)
[2017.08.30-00.53.33:864][259]LogModuleManager: Shutting down and abandoning module D3D11RHI (9)
[2017.08.30-00.53.33:864][259]LogModuleManager: Shutting down and abandoning module AnimGraphRuntime (8)
[2017.08.30-00.53.33:865][259]LogModuleManager: Shutting down and abandoning module Renderer (7)
[2017.08.30-00.53.33:865][259]LogModuleManager: Shutting down and abandoning module Engine (6)
[2017.08.30-00.53.33:865][259]LogModuleManager: Shutting down and abandoning module CoreUObject (5)
[2017.08.30-00.53.33:865][259]LogModuleManager: Shutting down and abandoning module NetworkFile (4)
[2017.08.30-00.53.33:865][259]LogModuleManager: Shutting down and abandoning module StreamingFile (3)
[2017.08.30-00.53.33:865][259]LogModuleManager: Shutting down and abandoning module SandboxFile (2)
[2017.08.30-00.53.33:865][259]LogModuleManager: Shutting down and abandoning module PakFile (1)
[2017.08.30-00.53.33:869][259]LogExit: Exiting.
[2017.08.30-00.53.33:909][259]Log file closed, 08/29/17 20:53:33
