[2015.11.01-00.22.19:905][  0]Log file open, 10/31/15 20:22:19
[2015.11.01-00.22.19:905][  0]LogInit:Display: Running engine for game: PonyKart
[2015.11.01-00.22.19:905][  0]LogInit:Display: RandInit(-93882009) SRandInit(-93881988).
[2015.11.01-00.22.19:905][  0]LogTaskGraph: Started task graph with 4 named threads and 7 total threads.
[2015.11.01-00.22.19:905][  0]LogStats: Stats thread started at 0.350329
[2015.11.01-00.22.19:905][  0]LogInit: Version: 4.9.2-2707645+++depot+UE4-Releases+4.9
[2015.11.01-00.22.19:905][  0]LogInit: API Version: 2672455
[2015.11.01-00.22.19:905][  0]LogInit: Compiled (64-bit): Sep 28 2015 10:25:44
[2015.11.01-00.22.19:905][  0]LogInit: Compiled with Visual C++: 18.00.21005.01
[2015.11.01-00.22.19:905][  0]LogInit: Build Configuration: Development
[2015.11.01-00.22.19:905][  0]LogInit: Branch Name: ++depot+UE4-Releases+4.9
[2015.11.01-00.22.19:905][  0]LogInit: Command line:  
[2015.11.01-00.22.19:905][  0]LogInit: Base directory: C:/Program Files/Epic Games/4.9/Engine/Binaries/Win64/
[2015.11.01-00.22.19:905][  0]LogInit: Rocket: 1
[2015.11.01-00.22.20:092][  0]LogInit: Using libcurl 7.41.0
[2015.11.01-00.22.20:092][  0]LogInit:  - built for x86_64-pc-win32
[2015.11.01-00.22.20:092][  0]LogInit:  - supports SSL with WinSSL
[2015.11.01-00.22.20:092][  0]LogInit:  - other features:
[2015.11.01-00.22.20:092][  0]LogInit:      CURL_VERSION_SSL
[2015.11.01-00.22.20:092][  0]LogInit:      CURL_VERSION_IPV6
[2015.11.01-00.22.20:092][  0]LogInit:      CURL_VERSION_ASYNCHDNS
[2015.11.01-00.22.20:092][  0]LogInit:      CURL_VERSION_LARGEFILE
[2015.11.01-00.22.20:092][  0]LogInit:      CURL_VERSION_IDN
[2015.11.01-00.22.20:092][  0]LogInit:  CurlRequestOptions (configurable via config and command line):
[2015.11.01-00.22.20:092][  0]LogInit:  - bVerifyPeer = true  - Libcurl will verify peer certificate
[2015.11.01-00.22.20:092][  0]LogInit:  - bUseHttpProxy = false  - Libcurl will NOT use HTTP proxy
[2015.11.01-00.22.20:092][  0]LogInit:  - bDontReuseConnections = false  - Libcurl will reuse connections
[2015.11.01-00.22.20:092][  0]LogInit:  - CertBundlePath = nullptr  - Libcurl will use whatever was configured at build time.
[2015.11.01-00.22.20:594][  0]LogInit: Presizing for 0 objects not considered by GC, pre-allocating 0 bytes.
[2015.11.01-00.22.20:610][  0]LogInit: Object subsystem initialized
[2015.11.01-00.22.20:610][  0]LogInit: Selected Device Profile: [Windows]
[2015.11.01-00.22.20:610][  0]LogInit: Applying CVar settings loaded from the selected device profile: [Windows]
[2015.11.01-00.22.20:851][  0]LogInit: Computer: HP-PC
[2015.11.01-00.22.20:851][  0]LogInit: User: Amber
[2015.11.01-00.22.20:851][  0]LogInit: CPU Page size=4096, Cores=4
[2015.11.01-00.22.20:851][  0]LogInit: High frequency timer resolution =14.318180 MHz
[2015.11.01-00.22.20:851][  0]LogMemory: Memory total: Physical=6.0GB (6GB approx)
[2015.11.01-00.22.20:851][  0]LogMemory: Platform Memory Stats for Windows
[2015.11.01-00.22.20:851][  0]LogMemory: Process Physical Memory: 54.40 MB used, 54.40 MB peak
[2015.11.01-00.22.20:851][  0]LogMemory: Process Virtual Memory: 55.31 MB used, 55.31 MB peak
[2015.11.01-00.22.20:851][  0]LogMemory: Physical Memory: 3414.93 MB used, 6141.22 MB total
[2015.11.01-00.22.20:851][  0]LogMemory: Virtual Memory: 364.01 MB used, 134217728.00 MB total
[2015.11.01-00.22.23:102][  0]LogTextLocalizationManager: No specific translations for ('en-US') exist, so ('en') translations will be used.
[2015.11.01-00.22.25:482][  0]LogD3D11RHI: Found D3D11 adapter 0: NVIDIA GeForce GTX 550 Ti (Feature Level 11_0)
[2015.11.01-00.22.25:482][  0]LogD3D11RHI: Adapter has 972MB of dedicated video memory, 0MB of dedicated system memory, and 3070MB of shared system memory, 1 output[s]
[2015.11.01-00.22.25:484][  0]LogD3D11RHI: Found D3D11 adapter 1: Microsoft Basic Render Driver (Feature Level 11_0)
[2015.11.01-00.22.25:484][  0]LogD3D11RHI: Adapter has 0MB of dedicated video memory, 0MB of dedicated system memory, and 3070MB of shared system memory, 0 output[s]