[2015.11.01-00.45.16:391][  0]Log file open, 10/31/15 20:45:16
[2015.11.01-00.45.16:391][  0]LogInit:Display: Running engine for game: PonyKart
[2015.11.01-00.45.16:391][  0]LogInit:Display: RandInit(-1775436064) SRandInit(-1775436043).
[2015.11.01-00.45.16:391][  0]LogTaskGraph: Started task graph with 4 named threads and 7 total threads.
[2015.11.01-00.45.16:391][  0]LogStats: Stats thread started at 0.123900
[2015.11.01-00.45.16:391][  0]LogInit: Version: 4.9.2-2707645+++depot+UE4-Releases+4.9
[2015.11.01-00.45.16:391][  0]LogInit: API Version: 2672455
[2015.11.01-00.45.16:391][  0]LogInit: Compiled (64-bit): Sep 28 2015 10:25:44
[2015.11.01-00.45.16:391][  0]LogInit: Compiled with Visual C++: 18.00.21005.01
[2015.11.01-00.45.16:391][  0]LogInit: Build Configuration: Development
[2015.11.01-00.45.16:391][  0]LogInit: Branch Name: ++depot+UE4-Releases+4.9
[2015.11.01-00.45.16:391][  0]LogInit: Command line:  
[2015.11.01-00.45.16:391][  0]LogInit: Base directory: C:/Program Files/Epic Games/4.9/Engine/Binaries/Win64/
[2015.11.01-00.45.16:391][  0]LogInit: Rocket: 1
[2015.11.01-00.45.16:406][  0]LogInit: Using libcurl 7.41.0
[2015.11.01-00.45.16:406][  0]LogInit:  - built for x86_64-pc-win32
[2015.11.01-00.45.16:406][  0]LogInit:  - supports SSL with WinSSL
[2015.11.01-00.45.16:406][  0]LogInit:  - other features:
[2015.11.01-00.45.16:406][  0]LogInit:      CURL_VERSION_SSL
[2015.11.01-00.45.16:406][  0]LogInit:      CURL_VERSION_IPV6
[2015.11.01-00.45.16:406][  0]LogInit:      CURL_VERSION_ASYNCHDNS
[2015.11.01-00.45.16:406][  0]LogInit:      CURL_VERSION_LARGEFILE
[2015.11.01-00.45.16:406][  0]LogInit:      CURL_VERSION_IDN
[2015.11.01-00.45.16:406][  0]LogInit:  CurlRequestOptions (configurable via config and command line):
[2015.11.01-00.45.16:406][  0]LogInit:  - bVerifyPeer = true  - Libcurl will verify peer certificate
[2015.11.01-00.45.16:406][  0]LogInit:  - bUseHttpProxy = false  - Libcurl will NOT use HTTP proxy
[2015.11.01-00.45.16:406][  0]LogInit:  - bDontReuseConnections = false  - Libcurl will reuse connections
[2015.11.01-00.45.16:406][  0]LogInit:  - CertBundlePath = nullptr  - Libcurl will use whatever was configured at build time.
[2015.11.01-00.45.16:422][  0]LogInit: Presizing for 0 objects not considered by GC, pre-allocating 0 bytes.
[2015.11.01-00.45.16:437][  0]LogInit: Object subsystem initialized
[2015.11.01-00.45.16:437][  0]LogInit: Selected Device Profile: [Windows]
[2015.11.01-00.45.16:437][  0]LogInit: Applying CVar settings loaded from the selected device profile: [Windows]
[2015.11.01-00.45.16:458][  0]LogInit: Computer: HP-PC
[2015.11.01-00.45.16:458][  0]LogInit: User: Amber
[2015.11.01-00.45.16:458][  0]LogInit: CPU Page size=4096, Cores=4
[2015.11.01-00.45.16:458][  0]LogInit: High frequency timer resolution =14.318180 MHz
[2015.11.01-00.45.16:458][  0]LogMemory: Memory total: Physical=6.0GB (6GB approx)
[2015.11.01-00.45.16:458][  0]LogMemory: Platform Memory Stats for Windows
[2015.11.01-00.45.16:458][  0]LogMemory: Process Physical Memory: 54.04 MB used, 54.04 MB peak
[2015.11.01-00.45.16:458][  0]LogMemory: Process Virtual Memory: 55.40 MB used, 55.40 MB peak
[2015.11.01-00.45.16:458][  0]LogMemory: Physical Memory: 1687.35 MB used, 6141.22 MB total
[2015.11.01-00.45.16:458][  0]LogMemory: Virtual Memory: 364.01 MB used, 134217728.00 MB total
[2015.11.01-00.45.16:551][  0]LogTextLocalizationManager: No specific translations for ('en-US') exist, so ('en') translations will be used.
[2015.11.01-00.45.17:427][  0]LogD3D11RHI: Found D3D11 adapter 0: NVIDIA GeForce GTX 550 Ti (Feature Level 11_0)
[2015.11.01-00.45.17:427][  0]LogD3D11RHI: Adapter has 972MB of dedicated video memory, 0MB of dedicated system memory, and 3070MB of shared system memory, 1 output[s]
[2015.11.01-00.45.17:430][  0]LogD3D11RHI: Found D3D11 adapter 1: Microsoft Basic Render Driver (Feature Level 11_0)
[2015.11.01-00.45.17:430][  0]LogD3D11RHI: Adapter has 0MB of dedicated video memory, 0MB of dedicated system memory, and 3070MB of shared system memory, 0 output[s]
[2015.11.01-00.45.17:430][  0]LogD3D11RHI: Chosen D3D11 Adapter Id = 0
[2015.11.01-00.45.17:437][  0]LogD3D11RHI: !Direct3DDevice
[2015.11.01-00.45.17:437][  0]LogRHI: Texture pool is 680 MB (70% of 972 MB)
[2015.11.01-00.45.17:453][  0]LogD3D11RHI: Async texture creation enabled
[2015.11.01-00.45.17:474][  0]LogShaderCompilers: Guid format shader working directory is 14 characters bigger than the processId version (../../../../../../Users/Amber/Documents/Game Development/PonyKart-UE4/PonyKart Project Build/PonyKart/Intermediate/Shaders/WorkingDirectory/16048/).
[2015.11.01-00.45.17:474][  0]LogShaderCompilers: Cleaned the shader compiler working directory '../../../../../../Users/Amber/Documents/Game Development/PonyKart-UE4/PonyKart Project Build/PonyKart/Intermediate/Shaders/tmp/B29559404DCA04F67AFBEF9EB36D5968/'.
[2015.11.01-00.45.17:475][  0]LogShaderCompilers:Display: Using Local Shader Compiler.
[2015.11.01-00.45.19:943][  0]LogTemp:Display: Loaded TP AllDesktopTargetPlatform
[2015.11.01-00.45.19:952][  0]LogTemp:Display: Loaded TP WindowsClientTargetPlatform
[2015.11.01-00.45.19:962][  0]LogTemp:Display: Loaded TP WindowsNoEditorTargetPlatform
[2015.11.01-00.45.19:972][  0]LogTemp:Display: Loaded TP WindowsServerTargetPlatform
[2015.11.01-00.45.19:980][  0]LogTemp:Display: Loaded TP WindowsTargetPlatform
[2015.11.01-00.45.19:987][  0]LogTemp:Display: Loaded TP AndroidTargetPlatform
[2015.11.01-00.45.19:994][  0]LogTemp:Display: Loaded TP Android_ASTCTargetPlatform
[2015.11.01-00.45.20:000][  0]LogTemp:Display: Loaded TP Android_ATCTargetPlatform
[2015.11.01-00.45.20:007][  0]LogTemp:Display: Loaded TP Android_DXTTargetPlatform
[2015.11.01-00.45.20:014][  0]LogTemp:Display: Loaded TP Android_ETC1TargetPlatform
[2015.11.01-00.45.20:021][  0]LogTemp:Display: Loaded TP Android_ETC2TargetPlatform
[2015.11.01-00.45.20:028][  0]LogTemp:Display: Loaded TP Android_PVRTCTargetPlatform
[2015.11.01-00.45.20:029][  0]LogTemp:Display: Loaded TP HTML5TargetPlatform
[2015.11.01-00.45.20:052][  0]LogTemp:Display: Loaded TP IOSTargetPlatform
[2015.11.01-00.45.20:058][  0]LogTemp:Display: Loaded TP LinuxNoEditorTargetPlatform
[2015.11.01-00.45.20:064][  0]LogTemp:Display: Loaded TP LinuxServerTargetPlatform
[2015.11.01-00.45.20:071][  0]LogTemp:Display: Loaded TP LinuxTargetPlatform
[2015.11.01-00.45.20:071][  0]LogTargetPlatformManager:Display: Building Assets For Windows
[2015.11.01-00.45.20:236][  0]LogDerivedDataCache:Display: Max Cache Size: 512 MB
[2015.11.01-00.45.20:344][  0]LogDerivedDataCache: Loaded boot cache 0.11s 41MB C:/Users/Amber/AppData/Local/UnrealEngine/4.9/DerivedDataCache/Boot.ddc.
[2015.11.01-00.45.20:344][  0]LogDerivedDataCache:Display: Loaded Boot cache: C:/Users/Amber/AppData/Local/UnrealEngine/4.9/DerivedDataCache/Boot.ddc
[2015.11.01-00.45.20:344][  0]LogDerivedDataCache: FDerivedDataBackendGraph:  Pak pak cache file ../../../../../../Users/Amber/Documents/Game Development/PonyKart-UE4/PonyKart Project Build/PonyKart/DerivedDataCache/DDC.ddp not found, will not use a pak cache.
[2015.11.01-00.45.20:344][  0]LogDerivedDataCache: Unable to find inner node Pak for hierarchical cache Hierarchy.
[2015.11.01-00.45.20:344][  0]LogDerivedDataCache: FDerivedDataBackendGraph:  CompressedPak pak cache file ../../../../../../Users/Amber/Documents/Game Development/PonyKart-UE4/PonyKart Project Build/PonyKart/DerivedDataCache/Compressed.ddp not found, will not use a pak cache.
[2015.11.01-00.45.20:344][  0]LogDerivedDataCache: Unable to find inner node CompressedPak for hierarchical cache Hierarchy.
[2015.11.01-00.45.20:524][  0]LogDerivedDataCache:Display: Pak cache opened for reading ../../../Engine/DerivedDataCache/Compressed.ddp.
[2015.11.01-00.45.20:536][  0]LogDerivedDataCache: Using Local data cache path C:/Users/Amber/AppData/Local/UnrealEngine/Common/DerivedDataCache: Writable
[2015.11.01-00.45.20:839][  0]LogInit: Selected Device Profile: [Windows]
[2015.11.01-00.45.20:844][  0]LogContentStreaming: Texture pool size is 0.000000MB
[2015.11.01-00.45.21:060][  0]LogMeshUtilities: No automatic mesh reduction module available
[2015.11.01-00.45.21:060][  0]LogMeshUtilities: No automatic mesh merging module available
[2015.11.01-00.45.21:538][  0]LogInit: WinSock: version 1.1 (2.2), MaxSocks=32767, MaxUdp=65467
[2015.11.01-00.45.22:782][  0]UdpMessaging: Initializing bridge on interface 0.0.0.0:0 to multicast group 230.0.0.1:6666.
[2015.11.01-00.45.22:900][  0]LogAssetRegistry: FAssetRegistry took 0.0110 seconds to start up
[2015.11.01-00.45.23:179][  0]SourceControl: Info Source control is disabled
[2015.11.01-00.45.23:196][  0]SourceControl: Info Source control is disabled
[2015.11.01-00.45.23:213][  0]SourceControl: Info Source control is disabled
[2015.11.01-00.45.23:229][  0]SourceControl: Info Source control is disabled
[2015.11.01-00.45.23:453][  0]LogLinker:Warning: Asset '../../../Engine/Plugins/Runtime/LeapMotionController/Content/LM_PassthroughMaterial.uasset' has been saved with empty engine version. The asset will be loaded but may be incompatible.
[2015.11.01-00.45.23:579][  0]LogObj: 28361 objects as part of root set at end of initial load.
[2015.11.01-00.45.23:579][  0]LogUObjectAllocator: 6038864 out of 0 bytes used by permanent object pool.
[2015.11.01-00.45.23:671][  0]LogEngine: Initializing Engine...
[2015.11.01-00.45.23:675][  0]LogHMD: Can't find Oculus library dev build: is proper Runtime installed? Version: 0.7.0.0
[2015.11.01-00.45.23:682][  0]LogHMD: SteamVR failed to initialize.  Err: 108
[2015.11.01-00.45.23:920][  0]LogAIModule: Creating AISystem for world NewWorld
[2015.11.01-00.45.23:930][  0]LogInit: XAudio2 using 'Headphones (Realtek High Definition Audio)' : 2 channels at 48 kHz using 32 bits per sample (channel mask 0x3)
[2015.11.01-00.45.23:978][  0]LogInit: FAudioDevice initialized.
[2015.11.01-00.45.24:025][  0]LogDerivedDataCache: Saved boot cache 0.05s 41MB C:/Users/Amber/AppData/Local/UnrealEngine/4.9/DerivedDataCache/Boot.ddc.
[2015.11.01-00.45.24:040][  0]LogInit: Texture streaming: Enabled
[2015.11.01-00.45.24:049][  0]LogAnalytics: Creating configured Analytics provider AnalyticsET
[2015.11.01-00.45.24:049][  0]LogAnalytics: [UEEditor.Rocket.Release] APIServer = http://et2.epicgames.com/ET2/. AppVersion = 4.9.2-2707645+++depot+UE4-Releases+4.9
[2015.11.01-00.45.24:050][  0]LogAnalytics: [UEEditor.Rocket.Release] SetUserId fe48c13c4235ff87278523820fd1a74f|128e7d1d796a429f9247afe84ab758e1|a78d9d35-53ca-49d3-80af-52a3ac8256d6
[2015.11.01-00.45.24:050][  0]LogAnalytics: [UEEditor.Rocket.Release] AnalyticsET::StartSession
[2015.11.01-00.45.24:104][  0]LogInit: Transaction tracking system initialized
[2015.11.01-00.45.24:172][  0]BlueprintLog: New page: Editor Load
[2015.11.01-00.45.24:308][  0]LocalizationService: Info Localization service is disabled
[2015.11.01-00.45.24:448][  0]LogConsoleResponse:Display: 
[2015.11.01-00.45.24:687][  0]LogCook:Display: Done creating registry. It took  0.00s.
[2015.11.01-00.45.24:727][  0]LogFileCache: Scanning file cache for directory 'C:/Users/Amber/Documents/Game Development/PonyKart-UE4/PonyKart Project Build/PonyKart/Content/' took 0.02s
[2015.11.01-00.45.24:789][  0]SourceControl: Info Source control is disabled
[2015.11.01-00.45.24:789][  0]Cmd: MAP LOAD FILE="../../../../../../Users/Amber/Documents/Game Development/PonyKart-UE4/PonyKart Project Build/PonyKart/Content/Maps/KartTestMap.umap" TEMPLATE=0 SHOWPROGRESS=1 FEATURELEVEL=3
[2015.11.01-00.45.24:790][  0]LightingResults: New page: Lighting Build
[2015.11.01-00.45.24:795][  0]MapCheck: New page: Map Check
[2015.11.01-00.45.24:795][  0]LightingResults: New page: Lighting Build
[2015.11.01-00.45.24:813][  0]LogParticles: Destroying 0 GPU particle simulations for FXSystem 0x00000095CE8DE160
[2015.11.01-00.45.27:141][  0]LogAIModule: Creating AISystem for world KartTestMap
[2015.11.01-00.45.29:199][  0]LogEditorServer: Finished looking for orphan Actors (0.000 secs)
[2015.11.01-00.45.29:199][  0]Cmd: MAP CHECKDEP NOCLEARLOG
[2015.11.01-00.45.29:330][  0]MapCheck: Info Map check complete: 0 Error(s), 0 Warning(s), took 130.639ms to complete.
[2015.11.01-00.45.29:330][  0]LogFileHelpers: Loading map 'KartTestMap' took 4.542
[2015.11.01-00.45.29:480][  0]LogCollectionManager: Loaded 0 collections in 0.003594 seconds
[2015.11.01-00.45.29:529][  0]LogFileCache: Scanning file cache for directory 'C:/Users/Amber/Documents/Game Development/PonyKart-UE4/PonyKart Project Build/PonyKart/Saved/Collections/' took 0.01s
[2015.11.01-00.45.29:529][  0]LogFileCache: Scanning file cache for directory 'C:/Users/Amber/Documents/Game Development/PonyKart-UE4/PonyKart Project Build/PonyKart/Content/Developers/Amber/Collections/' took 0.01s
[2015.11.01-00.45.29:529][  0]LogFileCache: Scanning file cache for directory 'C:/Users/Amber/Documents/Game Development/PonyKart-UE4/PonyKart Project Build/PonyKart/Content/Collections/' took 0.01s
[2015.11.01-00.45.29:529][  0]LogContentBrowser: Native class hierarchy populated in 0.0120 seconds. Added 1867 classes and 333 folders.
[2015.11.01-00.45.29:537][  0]LogCollectionManager: Rebuilt the GUID cache for 0 collections in 0.000005 seconds
[2015.11.01-00.45.29:548][  0]LogContentBrowser: Native class hierarchy updated for 'WidgetCarousel' in 0.0005 seconds. Added 0 classes and 0 folders.
[2015.11.01-00.45.29:634][  0]LogContentBrowser: Native class hierarchy updated for 'AddContentDialog' in 0.0006 seconds. Added 0 classes and 0 folders.
[2015.11.01-00.45.29:641][  0]LogContentBrowser: Native class hierarchy updated for 'SceneOutliner' in 0.0006 seconds. Added 1 classes and 2 folders.
[2015.11.01-00.45.29:866][  0]LogCrashTracker: Crashtracker disabled due to settings.
[2015.11.01-00.45.30:366][  0]LogUObjectGlobals:Warning: Failed to find object 'Class None.'
[2015.11.01-00.45.30:532][  0]LogLoad: Full Startup: 14.98 seconds (BP compile: 0.28 seconds)
[2015.11.01-00.45.33:822][  0]LogContentStreaming: Texture pool size now 1000 MB
[2015.11.01-00.45.34:359][  0]LogRenderer: Reallocating scene render targets to support 1148x436 (Frame:2).
[2015.11.01-00.45.36:344][  1]Cmd: UpdateLandscapeEditorData -warnings
[2015.11.01-00.45.37:725][  1]LogEditorViewport: Clicking on Actor (LMB): Landscape (Landscape)
[2015.11.01-00.45.39:497][  7]LogAssetRegistry: Asset discovery search completed in 16.6078 seconds
[2015.11.01-00.45.39:497][  7]LogCollectionManager: Rebuilt the object cache for 0 collections in 0.000002 seconds (found 0 objects)
[2015.11.01-00.45.39:600][  7]LogCollectionManager: Fixed up redirectors for 0 collections in 0.039564 seconds (updated 0 objects)
[2015.11.01-00.45.42:383][ 16]LogBlueprintUserMessages: Early PlayInEditor Detection: Level '/Game/Maps/KartTestMap.KartTestMap:PersistentLevel' has LevelScriptBlueprint '/Game/Maps/KartTestMap.KartTestMap:PersistentLevel.KartTestMap' with GeneratedClass '/Game/Maps/KartTestMap.KartTestMap_C' with ClassGeneratedBy '/Game/Maps/KartTestMap.KartTestMap:PersistentLevel.KartTestMap'
[2015.11.01-00.45.42:383][ 16]LogPlayLevel: PlayLevel: No blueprints needed recompiling
[2015.11.01-00.45.42:519][ 16]PIE: New page: PIE session: KartTestMap (Oct 31, 2015, 4:45:42 PM)
[2015.11.01-00.45.42:616][ 16]LogPlayLevel: Creating play world package: /Game/Maps/UEDPIE_0_KartTestMap
[2015.11.01-00.45.42:819][ 16]LogPlayLevel: PIE: StaticDuplicateObject took: (0.203333s)
[2015.11.01-00.45.42:820][ 16]LogAIModule: Creating AISystem for world KartTestMap
[2015.11.01-00.45.42:821][ 16]LogPlayLevel: PIE: World Init took: (0.001450s)
[2015.11.01-00.45.42:821][ 16]LogPlayLevel: PIE: Created PIE world by copying editor world from /Game/Maps/KartTestMap.KartTestMap to /Game/Maps/UEDPIE_0_KartTestMap.KartTestMap (0.205119s)
[2015.11.01-00.45.43:243][ 16]LogInit: XAudio2 using 'Headphones (Realtek High Definition Audio)' : 2 channels at 48 kHz using 32 bits per sample (channel mask 0x3)
[2015.11.01-00.45.43:255][ 16]LogInit: FAudioDevice initialized.
[2015.11.01-00.45.58:225][ 16]LogLinker:Warning: Can't find file '/Game/Blueprints/KartTestGameMode'
[2015.11.01-00.45.58:226][ 16]LogLinker:Warning: Can't find file '/Game/Blueprints/KartTestGameMode'
[2015.11.01-00.45.58:227][ 16]LogUObjectGlobals:Warning: Failed to find object 'Class /Game/Blueprints/KartTestGameMode.KartTestGameMode_C'
[2015.11.01-00.45.58:227][ 16]LogWorld: Game class is 'GameMode'
[2015.11.01-00.45.58:573][ 16]LogWorld: Bringing World /Game/Maps/UEDPIE_0_KartTestMap.KartTestMap up for play (max tick rate 0) at 2015.10.31-20.45.58
[2015.11.01-00.45.58:574][ 16]LogActor:Warning: GameSession /Game/Maps/UEDPIE_0_KartTestMap.KartTestMap:PersistentLevel.GameSession_0 has natively added scene component(s), but none of them were set as the actor's RootComponent - picking one arbitrarily
[2015.11.01-00.45.58:642][ 16]LogActor:Warning: GameNetworkManager /Game/Maps/UEDPIE_0_KartTestMap.KartTestMap:PersistentLevel.GameNetworkManager_0 has natively added scene component(s), but none of them were set as the actor's RootComponent - picking one arbitrarily
[2015.11.01-00.45.58:805][ 16]LogWorld: Bringing up level for play took: 0.513392
[2015.11.01-00.45.59:173][ 16]PIE: Info Play in editor start time for /Game/Maps/UEDPIE_0_KartTestMap 17.288
[2015.11.01-00.45.59:174][ 16]LogBlueprintUserMessages: Late PlayInEditor Detection: Level '/Game/Maps/KartTestMap.KartTestMap:PersistentLevel' has LevelScriptBlueprint '/Game/Maps/KartTestMap.KartTestMap:PersistentLevel.KartTestMap' with GeneratedClass '/Game/Maps/KartTestMap.KartTestMap_C' with ClassGeneratedBy '/Game/Maps/KartTestMap.KartTestMap:PersistentLevel.KartTestMap'
[2015.11.01-00.46.00:871][ 17]LogLinker:Warning: Asset '../../../Engine/Content/ArtTools/RenderToTexture/Macros/RenderToTextureMacros.uasset' has been saved with empty engine version. The asset will be loaded but may be incompatible.
[2015.11.01-00.46.03:251][ 17]LogContentBrowser: Native class hierarchy updated for 'BlueprintGraph' in 0.0011 seconds. Added 107 classes and 0 folders.
[2015.11.01-00.47.26:895][ 17]LogOutputDevice: === Handled error: ===

Ensure condition failed: bFoundWidget [File:D:\BuildFarm\buildmachine_++depot+UE4-Releases+4.9\Engine\Source\Runtime\Slate\Private\Framework\Application\SlateApplication.cpp] [Line: 2655]
Attempting to LockCursor() to widget but could not find widget SViewport [SEditorViewport.cpp(42)]
Stack: 
UE4Editor-Core.dll!FWindowsPlatformStackWalk::StackWalkAndDump() [d:\buildfarm\buildmachine_++depot+ue4-releases+4.9\engine\source\runtime\core\private\windows\windowsplatformstackwalk.cpp:175]
UE4Editor-Core.dll!FDebug::EnsureFailed() [d:\buildfarm\buildmachine_++depot+ue4-releases+4.9\engine\source\runtime\core\private\misc\outputdevice.cpp:258]
UE4Editor-Core.dll!FDebug::OptionallyLogFormattedEnsureMessageReturningFalse() [d:\buildfarm\buildmachine_++depot+ue4-releases+4.9\engine\source\runtime\core\private\misc\outputdevice.cpp:368]
UE4Editor-Slate.dll!FSlateApplication::LockCursor() [d:\buildfarm\buildmachine_++depot+ue4-releases+4.9\engine\source\runtime\slate\private\framework\application\slateapplication.cpp:2655]
UE4Editor-Slate.dll!FSlateApplication::ProcessReply() [d:\buildfarm\buildmachine_++depot+ue4-releases+4.9\engine\source\runtime\slate\private\framework\application\slateapplication.cpp:2587]
UE4Editor-Slate.dll!FEventRouter::Route<FReply,FEventRouter::FBubblePolicy,FPointerEvent,<lambda_c3d17fbe9fe4c04b22c811907fd44efe> >() [d:\buildfarm\buildmachine_++depot+ue4-releases+4.9\engine\source\runtime\slate\private\framework\application\slateapplication.cpp:215]
UE4Editor-Slate.dll!FSlateApplication::RoutePointerDownEvent() [d:\buildfarm\buildmachine_++depot+ue4-releases+4.9\engine\source\runtime\slate\private\framework\application\slateapplication.cpp:4193]
UE4Editor-Slate.dll!FSlateApplication::ProcessMouseButtonDownEvent() [d:\buildfarm\buildmachine_++depot+ue4-releases+4.9\engine\source\runtime\slate\private\framework\application\slateapplication.cpp:4143]
UE4Editor-Slate.dll!FSlateApplication::OnMouseDown() [d:\buildfarm\buildmachine_++depot+ue4-releases+4.9\engine\source\runtime\slate\private\framework\application\slateapplication.cpp:4079]
UE4Editor-Core.dll!FWindowsApplication::ProcessDeferredMessage() [d:\buildfarm\buildmachine_++depot+ue4-releases+4.9\engine\source\runtime\core\private\windows\windowsapplication.cpp:1341]
UE4Editor-Core.dll!FWindowsApplication::DeferMessage() [d:\buildfarm\buildmachine_++depot+ue4-releases+4.9\engine\source\runtime\core\private\windows\windowsapplication.cpp:1708]
UE4Editor-Core.dll!FWindowsApplication::ProcessMessage() [d:\buildfarm\buildmachine_++depot+ue4-releases+4.9\engine\source\runtime\core\private\windows\windowsapplication.cpp:706]
UE4Editor-Core.dll!FWindowsApplication::AppWndProc() [d:\buildfarm\buildmachine_++depot+ue4-releases+4.9\engine\source\runtime\core\private\windows\windowsapplication.cpp:628]
USER32.dll
USER32.dll
UE4Editor-Core.dll!FWindowsPlatformMisc::PumpMessages() [d:\buildfarm\buildmachine_++depot+ue4-releases+4.9\engine\source\runtime\core\private\windows\windowsplatformmisc.cpp:884]
UE4Editor.exe!FEngineLoop::Tick() [d:\buildfarm\buildmachine_++depot+ue4-releases+4.9\engine\source\runtime\launch\private\launchengineloop.cpp:2392]
UE4Editor.exe!GuardedMain() [d:\buildfarm\buildmachine_++depot+ue4-releases+4.9\engine\source\runtime\launch\private\launch.cpp:142]
UE4Editor.exe!GuardedMainWrapper() [d:\buildfarm\buildmachine_++depot+ue4-releases+4.9\engine\source\runtime\launch\private\windows\launchwindows.cpp:126]
UE4Editor.exe!WinMain() [d:\buildfarm\buildmachine_++depot+ue4-releases+4.9\engine\source\runtime\launch\private\windows\launchwindows.cpp:200]
UE4Editor.exe!__tmainCRTStartup() [f:\dd\vctools\crt\crtw32\dllstuff\crtexe.c:618]
KERNEL32.DLL
ntdll.dll
ntdll.dll

[2015.11.01-00.48.55:302][251]LogBlueprintUserMessages: Early EndPlayMap Detection: Level '/Game/Maps/KartTestMap.KartTestMap:PersistentLevel' has LevelScriptBlueprint '/Game/Maps/KartTestMap.KartTestMap:PersistentLevel.KartTestMap' with GeneratedClass '/Game/Maps/KartTestMap.KartTestMap_C' with ClassGeneratedBy '/Game/Maps/KartTestMap.KartTestMap:PersistentLevel.KartTestMap'
[2015.11.01-00.48.55:694][251]LogBlueprintUserMessages: Late EndPlayMap Detection: Level '/Game/Maps/KartTestMap.KartTestMap:PersistentLevel' has LevelScriptBlueprint '/Game/Maps/KartTestMap.KartTestMap:PersistentLevel.KartTestMap' with GeneratedClass '/Game/Maps/KartTestMap.KartTestMap_C' with ClassGeneratedBy '/Game/Maps/KartTestMap.KartTestMap:PersistentLevel.KartTestMap'
[2015.11.01-00.48.55:953][251]LogParticles: Destroying 0 GPU particle simulations for FXSystem 0x00000095C07B3420
[2015.11.01-00.49.03:719][953]LogBlueprintUserMessages: Early PlayInEditor Detection: Level '/Game/Maps/KartTestMap.KartTestMap:PersistentLevel' has LevelScriptBlueprint '/Game/Maps/KartTestMap.KartTestMap:PersistentLevel.KartTestMap' with GeneratedClass '/Game/Maps/KartTestMap.KartTestMap_C' with ClassGeneratedBy '/Game/Maps/KartTestMap.KartTestMap:PersistentLevel.KartTestMap'
[2015.11.01-00.49.03:719][953]LogPlayLevel: PlayLevel: No blueprints needed recompiling
[2015.11.01-00.49.03:719][953]PIE: New page: PIE session: KartTestMap (Oct 31, 2015, 4:49:03 PM)
[2015.11.01-00.49.03:719][953]LogPlayLevel: Creating play world package: /Game/Maps/UEDPIE_0_KartTestMap
[2015.11.01-00.49.03:871][953]LogPlayLevel: PIE: StaticDuplicateObject took: (0.151833s)
[2015.11.01-00.49.03:873][953]LogAIModule: Creating AISystem for world KartTestMap
[2015.11.01-00.49.03:874][953]LogPlayLevel: PIE: World Init took: (0.002458s)
[2015.11.01-00.49.03:874][953]LogPlayLevel: PIE: Created PIE world by copying editor world from /Game/Maps/KartTestMap.KartTestMap to /Game/Maps/UEDPIE_0_KartTestMap.KartTestMap (0.154622s)
[2015.11.01-00.49.03:933][953]LogInit: XAudio2 using 'Headphones (Realtek High Definition Audio)' : 2 channels at 48 kHz using 32 bits per sample (channel mask 0x3)
[2015.11.01-00.49.03:948][953]LogInit: FAudioDevice initialized.
[2015.11.01-00.49.03:993][953]LogLinker:Warning: Can't find file '/Game/Blueprints/KartTestGameMode'
[2015.11.01-00.49.03:995][953]LogLinker:Warning: Can't find file '/Game/Blueprints/KartTestGameMode'
[2015.11.01-00.49.03:995][953]LogUObjectGlobals:Warning: Failed to find object 'Class /Game/Blueprints/KartTestGameMode.KartTestGameMode_C'
[2015.11.01-00.49.03:995][953]LogWorld: Game class is 'GameMode'
[2015.11.01-00.49.04:268][953]LogWorld: Bringing World /Game/Maps/UEDPIE_0_KartTestMap.KartTestMap up for play (max tick rate 0) at 2015.10.31-20.49.04
[2015.11.01-00.49.04:269][953]LogActor:Warning: GameSession /Game/Maps/UEDPIE_0_KartTestMap.KartTestMap:PersistentLevel.GameSession_1 has natively added scene component(s), but none of them were set as the actor's RootComponent - picking one arbitrarily
[2015.11.01-00.49.04:269][953]LogActor:Warning: GameNetworkManager /Game/Maps/UEDPIE_0_KartTestMap.KartTestMap:PersistentLevel.GameNetworkManager_1 has natively added scene component(s), but none of them were set as the actor's RootComponent - picking one arbitrarily
[2015.11.01-00.49.04:274][953]LogWorld: Bringing up level for play took: 0.276503
[2015.11.01-00.49.04:375][953]PIE: Info Play in editor start time for /Game/Maps/UEDPIE_0_KartTestMap 0.489
[2015.11.01-00.49.04:375][953]LogBlueprintUserMessages: Late PlayInEditor Detection: Level '/Game/Maps/KartTestMap.KartTestMap:PersistentLevel' has LevelScriptBlueprint '/Game/Maps/KartTestMap.KartTestMap:PersistentLevel.KartTestMap' with GeneratedClass '/Game/Maps/KartTestMap.KartTestMap_C' with ClassGeneratedBy '/Game/Maps/KartTestMap.KartTestMap:PersistentLevel.KartTestMap'
[2015.11.01-00.49.28:319][968]LogBlueprintUserMessages: Early EndPlayMap Detection: Level '/Game/Maps/KartTestMap.KartTestMap:PersistentLevel' has LevelScriptBlueprint '/Game/Maps/KartTestMap.KartTestMap:PersistentLevel.KartTestMap' with GeneratedClass '/Game/Maps/KartTestMap.KartTestMap_C' with ClassGeneratedBy '/Game/Maps/KartTestMap.KartTestMap:PersistentLevel.KartTestMap'
[2015.11.01-00.49.28:405][968]LogBlueprintUserMessages: Late EndPlayMap Detection: Level '/Game/Maps/KartTestMap.KartTestMap:PersistentLevel' has LevelScriptBlueprint '/Game/Maps/KartTestMap.KartTestMap:PersistentLevel.KartTestMap' with GeneratedClass '/Game/Maps/KartTestMap.KartTestMap_C' with ClassGeneratedBy '/Game/Maps/KartTestMap.KartTestMap:PersistentLevel.KartTestMap'
[2015.11.01-00.49.28:459][968]LogParticles: Destroying 0 GPU particle simulations for FXSystem 0x00000095F8AD19E0
[2015.11.01-00.49.30:980][ 85]LogWindowsTextInputMethodSystem:Display: IME system now deactivated.
[2015.11.01-00.49.31:650][ 86]Cmd: QUIT_EDITOR
[2015.11.01-00.49.32:957][ 86]LogExit: Preparing to exit.
[2015.11.01-00.49.34:176][ 86]LogExit: Editor shut down
[2015.11.01-00.49.34:177][ 86]LogExit: Transaction tracking system shut down
[2015.11.01-00.49.34:232][ 86]LogParticles: Destroying 0 GPU particle simulations for FXSystem 0x00000095D5A81620
[2015.11.01-00.49.34:235][ 86]LogParticles: Destroying 0 GPU particle simulations for FXSystem 0x00000095BEDA6340
[2015.11.01-00.49.37:430][ 86]LogParticles: Destroying 0 GPU particle simulations for FXSystem 0x00000095E5364400
[2015.11.01-00.49.37:430][ 86]LogParticles: Destroying 0 GPU particle simulations for FXSystem 0x00000095E5357BA0
[2015.11.01-00.49.37:430][ 86]LogParticles: Destroying 0 GPU particle simulations for FXSystem 0x00000095E5498720
[2015.11.01-00.49.37:430][ 86]LogParticles: Destroying 0 GPU particle simulations for FXSystem 0x00000095E5498680
[2015.11.01-00.49.37:430][ 86]LogParticles: Destroying 0 GPU particle simulations for FXSystem 0x00000095E54982C0
[2015.11.01-00.49.37:430][ 86]LogExit: Object subsystem successfully closed.
[2015.11.01-00.49.38:050][ 86]LogD3D11RHI: Shutdown
[2015.11.01-00.49.38:050][ 86]LogD3D11RHI: CleanupD3DDevice
[2015.11.01-00.49.38:392][ 86]LogD3D11RHI: ~FD3D11DynamicRHI
[2015.11.01-00.49.41:309][ 86]LogModuleManager: Shutting down and abandoning module BlueprintGraph (198)
[2015.11.01-00.49.41:309][ 86]LogModuleManager: Shutting down and abandoning module CrashTracker (197)
[2015.11.01-00.49.41:309][ 86]LogModuleManager: Shutting down and abandoning module SceneOutliner (196)
[2015.11.01-00.49.41:309][ 86]LogModuleManager: Shutting down and abandoning module SuperSearch (195)
[2015.11.01-00.49.41:309][ 86]LogModuleManager: Shutting down and abandoning module WidgetCarousel (194)
[2015.11.01-00.49.41:309][ 86]LogModuleManager: Shutting down and abandoning module AddContentDialog (193)
[2015.11.01-00.49.41:403][ 86]LogModuleManager: Shutting down and abandoning module EditorWidgets (192)
[2015.11.01-00.49.41:403][ 86]LogModuleManager: Shutting down and abandoning module CollectionManager (191)
[2015.11.01-00.49.41:438][ 86]LogModuleManager: Shutting down and abandoning module StatsViewer (190)
[2015.11.01-00.49.41:605][ 86]LogModuleManager: Shutting down and abandoning module FoliageEdit (189)
[2015.11.01-00.49.41:625][ 86]LogModuleManager: Shutting down and abandoning module LandscapeEditor (188)
[2015.11.01-00.49.41:824][ 86]LogModuleManager: Shutting down and abandoning module ActorPickerMode (187)
[2015.11.01-00.49.41:824][ 86]LogModuleManager: Shutting down and abandoning module GeometryMode (186)
[2015.11.01-00.49.41:824][ 86]LogModuleManager: Shutting down and abandoning module TextureAlignMode (185)
[2015.11.01-00.49.41:824][ 86]LogModuleManager: Shutting down and abandoning module BspMode (184)
[2015.11.01-00.49.41:824][ 86]LogModuleManager: Shutting down and abandoning module PlacementMode (183)
[2015.11.01-00.49.41:824][ 86]LogModuleManager: Shutting down and abandoning module AutomationWorker (182)
[2015.11.01-00.49.41:841][ 86]LogModuleManager: Shutting down and abandoning module CharacterAI (181)
[2015.11.01-00.49.41:841][ 86]LogModuleManager: Shutting down and abandoning module SmartSnapping (180)
[2015.11.01-00.49.41:841][ 86]LogModuleManager: Shutting down and abandoning module ViewportSnapping (179)
[2015.11.01-00.49.41:841][ 86]LogModuleManager: Shutting down and abandoning module LogVisualizer (178)
[2015.11.01-00.49.41:986][ 86]LogModuleManager: Shutting down and abandoning module GameProjectGeneration (177)
[2015.11.01-00.49.42:009][ 86]LogModuleManager: Shutting down and abandoning module IntroTutorials (176)
[2015.11.01-00.49.42:112][ 86]LogModuleManager: Shutting down and abandoning module EditorLiveStreaming (175)
[2015.11.01-00.49.42:112][ 86]LogModuleManager: Shutting down and abandoning module IOSPlatformEditor (174)
[2015.11.01-00.49.42:122][ 86]LogModuleManager: Shutting down and abandoning module HTML5PlatformEditor (173)
[2015.11.01-00.49.42:122][ 86]LogModuleManager: Shutting down and abandoning module AndroidDeviceDetection (172)
[2015.11.01-00.49.42:271][ 86]LogModuleManager: Shutting down and abandoning module AndroidPlatformEditor (171)
[2015.11.01-00.49.42:271][ 86]LogModuleManager: Shutting down and abandoning module IOSRuntimeSettings (170)
[2015.11.01-00.49.42:271][ 86]LogModuleManager: Shutting down and abandoning module AndroidRuntimeSettings (169)
[2015.11.01-00.49.42:271][ 86]LogModuleManager: Shutting down and abandoning module MergeActors (168)
[2015.11.01-00.49.42:296][ 86]LogModuleManager: Shutting down and abandoning module SizeMap (167)
[2015.11.01-00.49.42:296][ 86]LogModuleManager: Shutting down and abandoning module TreeMap (166)
[2015.11.01-00.49.42:303][ 86]LogModuleManager: Shutting down and abandoning module ReferenceViewer (165)
[2015.11.01-00.49.42:303][ 86]LogModuleManager: Shutting down and abandoning module LocalizationService (164)
[2015.11.01-00.49.42:313][ 86]LogModuleManager: Shutting down and abandoning module LocalizationDashboard (163)
[2015.11.01-00.49.42:347][ 86]LogModuleManager: Shutting down and abandoning module HardwareTargeting (162)
[2015.11.01-00.49.42:348][ 86]LogModuleManager: Shutting down and abandoning module DeviceProfileEditor (161)
[2015.11.01-00.49.42:348][ 86]LogModuleManager: Shutting down and abandoning module UndoHistory (160)
[2015.11.01-00.49.42:370][ 86]LogModuleManager: Shutting down and abandoning module GameplayTagsEditor (159)
[2015.11.01-00.49.42:370][ 86]LogModuleManager: Shutting down and abandoning module UserFeedback (158)
[2015.11.01-00.49.42:370][ 86]LogModuleManager: Shutting down and abandoning module XmlParser (157)
[2015.11.01-00.49.42:390][ 86]LogModuleManager: Shutting down and abandoning module Blutility (156)
[2015.11.01-00.49.42:390][ 86]LogModuleManager: Shutting down and abandoning module ProjectTargetPlatformEditor (155)
[2015.11.01-00.49.42:401][ 86]LogModuleManager: Shutting down and abandoning module ProjectSettingsViewer (154)
[2015.11.01-00.49.42:401][ 86]LogModuleManager: Shutting down and abandoning module InputBindingEditor (153)
[2015.11.01-00.49.42:453][ 86]LogModuleManager: Shutting down and abandoning module EditorSettingsViewer (152)
[2015.11.01-00.49.42:453][ 86]LogModuleManager: Shutting down and abandoning module SettingsEditor (151)
[2015.11.01-00.49.42:468][ 86]LogModuleManager: Shutting down and abandoning module ProjectLauncher (150)
[2015.11.01-00.49.42:480][ 86]LogModuleManager: Shutting down and abandoning module SessionFrontend (149)
[2015.11.01-00.49.42:485][ 86]LogModuleManager: Shutting down and abandoning module ProfilerClient (148)
[2015.11.01-00.49.42:495][ 86]LogModuleManager: Shutting down and abandoning module TargetDeviceServices (147)
[2015.11.01-00.49.42:495][ 86]LogModuleManager: Shutting down and abandoning module DeviceManager (146)
[2015.11.01-00.49.42:514][ 86]LogModuleManager: Shutting down and abandoning module AutomationController (145)
[2015.11.01-00.49.42:524][ 86]LogModuleManager: Shutting down and abandoning module AutomationWindow (144)
[2015.11.01-00.49.42:538][ 86]LogModuleManager: Shutting down and abandoning module Layers (143)
[2015.11.01-00.49.42:556][ 86]LogModuleManager: Shutting down and abandoning module ComponentVisualizers (142)
[2015.11.01-00.49.42:556][ 86]LogModuleManager: Shutting down and abandoning module DetailCustomizations (141)
[2015.11.01-00.49.42:619][ 86]LogModuleManager: Shutting down and abandoning module PackagesDialog (140)
[2015.11.01-00.49.42:620][ 86]LogModuleManager: Shutting down and abandoning module Persona (139)
[2015.11.01-00.49.42:635][ 86]LogModuleManager: Shutting down and abandoning module Kismet (138)
[2015.11.01-00.49.42:644][ 86]LogModuleManager: Shutting down and abandoning module GraphEditor (137)
[2015.11.01-00.49.42:644][ 86]LogModuleManager: Shutting down and abandoning module ClassViewer (136)
[2015.11.01-00.49.42:649][ 86]LogModuleManager: Shutting down and abandoning module Toolbox (135)
[2015.11.01-00.49.42:649][ 86]LogModuleManager: Shutting down and abandoning module ModuleUI (134)
[2015.11.01-00.49.42:655][ 86]LogModuleManager: Shutting down and abandoning module MovieSceneTools (133)
[2015.11.01-00.49.42:655][ 86]LogModuleManager: Shutting down and abandoning module OutputLog (132)
[2015.11.01-00.49.42:664][ 86]LogModuleManager: Shutting down and abandoning module GammaUI (131)
[2015.11.01-00.49.42:671][ 86]LogModuleManager: Shutting down and abandoning module Documentation (130)
[2015.11.01-00.49.42:671][ 86]LogModuleManager: Shutting down and abandoning module GameLiveStreaming (129)
[2015.11.01-00.49.42:678][ 86]LogModuleManager: Shutting down and abandoning module StreamingPauseRendering (128)
[2015.11.01-00.49.42:684][ 86]LogModuleManager: Shutting down and abandoning module AnalyticsET (127)
[2015.11.01-00.49.42:684][ 86]LogModuleManager: Shutting down and abandoning module Analytics (126)
[2015.11.01-00.49.42:684][ 86]LogModuleManager: Shutting down and abandoning module AITestSuite (125)
[2015.11.01-00.49.42:693][ 86]LogModuleManager: Shutting down and abandoning module GameplayDebugger (124)
[2015.11.01-00.49.42:693][ 86]LogModuleManager: Shutting down and abandoning module AIModule (123)
[2015.11.01-00.49.42:694][ 86]LogModuleManager: Shutting down and abandoning module ProfilerService (122)
[2015.11.01-00.49.42:900][ 86]LogModuleManager: Shutting down and abandoning module TaskGraph (121)
[2015.11.01-00.49.42:924][ 86]LogModuleManager: Shutting down and abandoning module SlateRemote (120)
[2015.11.01-00.49.42:924][ 86]LogModuleManager: Shutting down and abandoning module SteamVRController (119)
[2015.11.01-00.49.42:924][ 86]LogModuleManager: Shutting down and abandoning module SteamVR (118)
[2015.11.01-00.49.42:924][ 86]LogModuleManager: Shutting down and abandoning module ProceduralMeshComponent (117)
[2015.11.01-00.49.42:924][ 86]LogModuleManager: Shutting down and abandoning module OculusRift (116)
[2015.11.01-00.49.42:924][ 86]LogModuleManager: Shutting down and abandoning module OculusLibrary (115)
[2015.11.01-00.49.42:924][ 86]LogModuleManager: Shutting down and abandoning module LeapMotionController (114)
[2015.11.01-00.49.42:965][ 86]LogModuleManager: Shutting down and abandoning module CustomMeshComponent (113)
[2015.11.01-00.49.42:977][ 86]LogModuleManager: Shutting down and abandoning module CableComponent (112)
[2015.11.01-00.49.42:977][ 86]LogModuleManager: Shutting down and abandoning module ArchVisCharacter (111)
[2015.11.01-00.49.42:977][ 86]LogModuleManager: Shutting down and abandoning module MessagingDebugger (110)
[2015.11.01-00.49.42:992][ 86]LogModuleManager: Shutting down and abandoning module MediaPlayerEditor (109)
[2015.11.01-00.49.43:022][ 86]LogModuleManager: Shutting down and abandoning module HTML5Networking (108)
[2015.11.01-00.49.43:022][ 86]LogModuleManager: Shutting down and abandoning module SpeedTreeImporter (107)
[2015.11.01-00.49.43:022][ 86]LogModuleManager: Shutting down and abandoning module PluginBrowser (106)
[2015.11.01-00.49.43:030][ 86]LogModuleManager: Shutting down and abandoning module EpicSurvey (105)
[2015.11.01-00.49.43:030][ 86]LogModuleManager: Shutting down and abandoning module DesktopPlatform (104)
[2015.11.01-00.49.43:040][ 86]LogModuleManager: Shutting down and abandoning module VisualStudioSourceCodeAccess (103)
[2015.11.01-00.49.43:050][ 86]LogModuleManager: Shutting down and abandoning module UObjectPlugin (102)
[2015.11.01-00.49.43:050][ 86]LogModuleManager: Shutting down and abandoning module SubversionSourceControl (101)
[2015.11.01-00.49.43:063][ 86]LogModuleManager: Shutting down and abandoning module PerforceSourceControl (100)
[2015.11.01-00.49.43:073][ 86]LogModuleManager: Shutting down and abandoning module SourceControl (99)
[2015.11.01-00.49.43:079][ 86]LogModuleManager: Shutting down and abandoning module GitSourceControl (98)
[2015.11.01-00.49.43:085][ 86]LogModuleManager: Shutting down and abandoning module LightPropagationVolumeEditor (97)
[2015.11.01-00.49.43:086][ 86]LogModuleManager: Shutting down and abandoning module PaperTiledImporter (96)
[2015.11.01-00.49.43:095][ 86]LogModuleManager: Shutting down and abandoning module PaperSpriteSheetImporter (95)
[2015.11.01-00.49.43:101][ 86]LogModuleManager: Shutting down and abandoning module MeshPaint (94)
[2015.11.01-00.49.43:106][ 86]LogModuleManager: Shutting down and abandoning module SlateReflector (93)
[2015.11.01-00.49.43:112][ 86]LogModuleManager: Shutting down and abandoning module HotReload (92)
[2015.11.01-00.49.43:123][ 86]LogModuleManager: Shutting down and abandoning module MainFrame (91)
[2015.11.01-00.49.43:123][ 86]LogModuleManager: Shutting down and abandoning module LevelEditor (90)
[2015.11.01-00.49.43:130][ 86]LogModuleManager: Shutting down and abandoning module DirectoryWatcher (89)
[2015.11.01-00.49.43:135][ 86]LogModuleManager: Shutting down and abandoning module AssetRegistry (88)
[2015.11.01-00.49.43:271][ 86]LogModuleManager: Shutting down and abandoning module ContentBrowser (87)
[2015.11.01-00.49.43:272][ 86]LogModuleManager: Shutting down and abandoning module Paper2DEditor (86)
[2015.11.01-00.49.43:316][ 86]LogModuleManager: Shutting down and abandoning module UdpMessaging (85)
[2015.11.01-00.49.43:417][ 86]LogModuleManager: Shutting down and abandoning module LightPropagationVolumeRuntime (84)
[2015.11.01-00.49.43:417][ 86]LogModuleManager: Shutting down and abandoning module Paper2D (83)
[2015.11.01-00.49.43:448][ 86]LogModuleManager: Shutting down and abandoning module WindowsMoviePlayer (82)
[2015.11.01-00.49.43:458][ 86]LogModuleManager: Shutting down and abandoning module Media (81)
[2015.11.01-00.49.43:458][ 86]LogModuleManager: Shutting down and abandoning module WmfMedia (80)
[2015.11.01-00.49.43:474][ 86]LogModuleManager: Shutting down and abandoning module OnlineBlueprintSupport (79)
[2015.11.01-00.49.43:474][ 86]LogModuleManager: Shutting down and abandoning module GameplayTasksEditor (78)
[2015.11.01-00.49.43:474][ 86]LogModuleManager: Shutting down and abandoning module PropertyEditor (77)
[2015.11.01-00.49.43:474][ 86]LogModuleManager: Shutting down and abandoning module BehaviorTreeEditor (76)
[2015.11.01-00.49.43:500][ 86]LogModuleManager: Shutting down and abandoning module FunctionalTesting (75)
[2015.11.01-00.49.43:500][ 86]LogModuleManager: Shutting down and abandoning module CollisionAnalyzer (74)
[2015.11.01-00.49.43:517][ 86]LogModuleManager: Shutting down and abandoning module WorkspaceMenuStructure (73)
[2015.11.01-00.49.43:517][ 86]LogModuleManager: Shutting down and abandoning module MessageLog (72)
[2015.11.01-00.49.43:517][ 86]LogModuleManager: Shutting down and abandoning module Sequencer (71)
[2015.11.01-00.49.43:529][ 86]LogModuleManager: Shutting down and abandoning module AssetTools (70)
[2015.11.01-00.49.43:548][ 86]LogModuleManager: Shutting down and abandoning module UMGEditor (69)
[2015.11.01-00.49.43:559][ 86]LogModuleManager: Shutting down and abandoning module UMG (68)
[2015.11.01-00.49.43:564][ 86]LogModuleManager: Shutting down and abandoning module Slate (67)
[2015.11.01-00.49.43:564][ 86]LogModuleManager: Shutting down and abandoning module EditorStyle (66)
[2015.11.01-00.49.43:569][ 86]LogModuleManager: Shutting down and abandoning module SessionServices (65)
[2015.11.01-00.49.43:569][ 86]LogModuleManager: Shutting down and abandoning module SourceCodeAccess (64)
[2015.11.01-00.49.43:569][ 86]LogModuleManager: Shutting down and abandoning module HeadMountedDisplay (63)
[2015.11.01-00.49.43:569][ 86]LogModuleManager: Shutting down and abandoning module XAudio2 (62)
[2015.11.01-00.49.43:569][ 86]LogModuleManager: Shutting down and abandoning module Networking (60)
[2015.11.01-00.49.43:569][ 86]LogModuleManager: Shutting down and abandoning module Core (59)
[2015.11.01-00.49.43:569][ 86]LogModuleManager: Shutting down and abandoning module KismetCompiler (58)
[2015.11.01-00.49.43:569][ 86]LogModuleManager: Shutting down and abandoning module PhysXFormats (57)
[2015.11.01-00.49.43:573][ 86]LogModuleManager: Shutting down and abandoning module MeshUtilities (56)
[2015.11.01-00.49.43:580][ 86]LogModuleManager: Shutting down and abandoning module CookingStats (55)
[2015.11.01-00.49.43:600][ 86]LogModuleManager: Shutting down and abandoning module DerivedDataCache (54)
[2015.11.01-00.49.43:678][ 86]LogDerivedDataCache: Shutdown
[2015.11.01-00.49.43:678][ 86]LogModuleManager: Shutting down and abandoning module ShaderFormatOpenGL (53)
[2015.11.01-00.49.43:687][ 86]LogModuleManager: Shutting down and abandoning module ShaderFormatD3D (52)
[2015.11.01-00.49.43:688][ 86]LogModuleManager: Shutting down and abandoning module MetalShaderFormat (51)
[2015.11.01-00.49.43:696][ 86]LogModuleManager: Shutting down and abandoning module TextureFormatUncompressed (50)
[2015.11.01-00.49.43:696][ 86]LogModuleManager: Shutting down and abandoning module TextureFormatPVR (49)
[2015.11.01-00.49.43:699][ 86]LogModuleManager: Shutting down and abandoning module TextureFormatIntelISPCTexComp (48)
[2015.11.01-00.49.43:700][ 86]LogModuleManager: Shutting down and abandoning module TextureFormatDXT (47)
[2015.11.01-00.49.43:706][ 86]LogModuleManager: Shutting down and abandoning module ImageWrapper (46)
[2015.11.01-00.49.43:706][ 86]LogModuleManager: Shutting down and abandoning module TextureFormatASTC (45)
[2015.11.01-00.49.43:706][ 86]LogModuleManager: Shutting down and abandoning module TextureFormatAndroid (44)
[2015.11.01-00.49.43:706][ 86]LogModuleManager: Shutting down and abandoning module AudioFormatOpus (43)
[2015.11.01-00.49.43:714][ 86]LogModuleManager: Shutting down and abandoning module AudioFormatOgg (42)
[2015.11.01-00.49.43:718][ 86]LogModuleManager: Shutting down and abandoning module AudioFormatADPCM (41)
[2015.11.01-00.49.43:718][ 86]LogModuleManager: Shutting down and abandoning module LinuxTargetPlatform (40)
[2015.11.01-00.49.43:719][ 86]LogModuleManager: Shutting down and abandoning module LinuxServerTargetPlatform (39)
[2015.11.01-00.49.43:723][ 86]LogModuleManager: Shutting down and abandoning module LinuxNoEditorTargetPlatform (38)
[2015.11.01-00.49.43:723][ 86]LogModuleManager: Shutting down and abandoning module Messaging (37)
[2015.11.01-00.49.43:723][ 86]LogModuleManager: Shutting down and abandoning module IOSTargetPlatform (36)
[2015.11.01-00.49.43:723][ 86]LogModuleManager: Shutting down and abandoning module HTML5TargetPlatform (35)
[2015.11.01-00.49.43:723][ 86]LogModuleManager: Shutting down and abandoning module Android_PVRTCTargetPlatform (34)
[2015.11.01-00.49.43:726][ 86]LogModuleManager: Shutting down and abandoning module Android_ETC2TargetPlatform (33)
[2015.11.01-00.49.43:731][ 86]LogModuleManager: Shutting down and abandoning module Android_ETC1TargetPlatform (32)
[2015.11.01-00.49.43:732][ 86]LogModuleManager: Shutting down and abandoning module Android_DXTTargetPlatform (31)
[2015.11.01-00.49.43:737][ 86]LogModuleManager: Shutting down and abandoning module Android_ATCTargetPlatform (30)
[2015.11.01-00.49.43:737][ 86]LogModuleManager: Shutting down and abandoning module Android_ASTCTargetPlatform (29)
[2015.11.01-00.49.43:743][ 86]LogModuleManager: Shutting down and abandoning module AndroidTargetPlatform (28)
[2015.11.01-00.49.43:748][ 86]LogModuleManager: Shutting down and abandoning module WindowsTargetPlatform (27)
[2015.11.01-00.49.43:749][ 86]LogModuleManager: Shutting down and abandoning module WindowsServerTargetPlatform (26)
[2015.11.01-00.49.43:751][ 86]LogModuleManager: Shutting down and abandoning module WindowsNoEditorTargetPlatform (25)
[2015.11.01-00.49.43:758][ 86]LogModuleManager: Shutting down and abandoning module WindowsClientTargetPlatform (24)
[2015.11.01-00.49.43:766][ 86]LogModuleManager: Shutting down and abandoning module AllDesktopTargetPlatform (23)
[2015.11.01-00.49.43:774][ 86]LogModuleManager: Shutting down and abandoning module TargetPlatform (22)
[2015.11.01-00.49.43:775][ 86]LogModuleManager: Shutting down and abandoning module InputCore (21)
[2015.11.01-00.49.43:775][ 86]LogModuleManager: Shutting down and abandoning module Settings (20)
[2015.11.01-00.49.43:775][ 86]LogModuleManager: Shutting down and abandoning module OnlineSubsystem (18)
[2015.11.01-00.49.43:775][ 86]LogModuleManager: Shutting down and abandoning module HTTP (17)
[2015.11.01-00.49.44:777][ 86]LogModuleManager: Shutting down and abandoning module XMPP (16)
[2015.11.01-00.49.44:803][ 86]LogModuleManager: Shutting down and abandoning module ExampleDeviceProfileSelector (15)
[2015.11.01-00.49.44:803][ 86]LogModuleManager: Shutting down and abandoning module TextureCompressor (14)
[2015.11.01-00.49.44:813][ 86]LogModuleManager: Shutting down and abandoning module ShaderCore (13)
[2015.11.01-00.49.44:813][ 86]LogModuleManager: Shutting down and abandoning module Landscape (12)
[2015.11.01-00.49.44:814][ 86]LogModuleManager: Shutting down and abandoning module SlateRHIRenderer (11)
[2015.11.01-00.49.44:845][ 86]LogModuleManager: Shutting down and abandoning module OpenGLDrv (10)
[2015.11.01-00.49.44:854][ 86]LogModuleManager: Shutting down and abandoning module D3D11RHI (9)
[2015.11.01-00.49.44:854][ 86]LogModuleManager: Shutting down and abandoning module AnimGraphRuntime (8)
[2015.11.01-00.49.44:854][ 86]LogModuleManager: Shutting down and abandoning module Renderer (7)
[2015.11.01-00.49.44:854][ 86]LogModuleManager: Shutting down and abandoning module Engine (6)
[2015.11.01-00.49.44:854][ 86]LogModuleManager: Shutting down and abandoning module CoreUObject (5)
[2015.11.01-00.49.44:854][ 86]LogModuleManager: Shutting down and abandoning module NetworkFile (4)
[2015.11.01-00.49.44:874][ 86]LogModuleManager: Shutting down and abandoning module StreamingFile (3)
[2015.11.01-00.49.44:945][ 86]LogModuleManager: Shutting down and abandoning module SandboxFile (2)
[2015.11.01-00.49.44:977][ 86]LogModuleManager: Shutting down and abandoning module PakFile (1)
[2015.11.01-00.49.45:081][ 86]LogExit: Exiting.
[2015.11.01-00.49.45:122][ 86]Log file closed, 10/31/15 20:49:45
