[2015.10.28-17.10.35:623][  0]Log file open, 10/28/15 13:10:35
[2015.10.28-17.10.35:623][  0]LogInit:Display: Running engine for game: PonyKart
[2015.10.28-17.10.35:623][  0]LogInit:Display: RandInit(417290459) SRandInit(417290487).
[2015.10.28-17.10.35:623][  0]LogTaskGraph: Started task graph with 4 named threads and 7 total threads.
[2015.10.28-17.10.35:623][  0]LogStats: Stats thread started at 0.303208
[2015.10.28-17.10.35:623][  0]LogInit: Version: 4.9.2-2707645+++depot+UE4-Releases+4.9
[2015.10.28-17.10.35:623][  0]LogInit: API Version: 2672455
[2015.10.28-17.10.35:623][  0]LogInit: Compiled (64-bit): Sep 28 2015 10:25:44
[2015.10.28-17.10.35:623][  0]LogInit: Compiled with Visual C++: 18.00.21005.01
[2015.10.28-17.10.35:623][  0]LogInit: Build Configuration: Development
[2015.10.28-17.10.35:623][  0]LogInit: Branch Name: ++depot+UE4-Releases+4.9
[2015.10.28-17.10.35:623][  0]LogInit: Command line:  
[2015.10.28-17.10.35:623][  0]LogInit: Base directory: C:/Program Files/Epic Games/4.9/Engine/Binaries/Win64/
[2015.10.28-17.10.35:623][  0]LogInit: Rocket: 1
[2015.10.28-17.10.35:712][  0]LogInit: Using libcurl 7.41.0
[2015.10.28-17.10.35:712][  0]LogInit:  - built for x86_64-pc-win32
[2015.10.28-17.10.35:712][  0]LogInit:  - supports SSL with WinSSL
[2015.10.28-17.10.35:712][  0]LogInit:  - other features:
[2015.10.28-17.10.35:712][  0]LogInit:      CURL_VERSION_SSL
[2015.10.28-17.10.35:712][  0]LogInit:      CURL_VERSION_IPV6
[2015.10.28-17.10.35:712][  0]LogInit:      CURL_VERSION_ASYNCHDNS
[2015.10.28-17.10.35:712][  0]LogInit:      CURL_VERSION_LARGEFILE
[2015.10.28-17.10.35:712][  0]LogInit:      CURL_VERSION_IDN
[2015.10.28-17.10.35:712][  0]LogInit:  CurlRequestOptions (configurable via config and command line):
[2015.10.28-17.10.35:712][  0]LogInit:  - bVerifyPeer = true  - Libcurl will verify peer certificate
[2015.10.28-17.10.35:712][  0]LogInit:  - bUseHttpProxy = false  - Libcurl will NOT use HTTP proxy
[2015.10.28-17.10.35:712][  0]LogInit:  - bDontReuseConnections = false  - Libcurl will reuse connections
[2015.10.28-17.10.35:712][  0]LogInit:  - CertBundlePath = nullptr  - Libcurl will use whatever was configured at build time.
[2015.10.28-17.10.36:118][  0]LogInit: Presizing for 0 objects not considered by GC, pre-allocating 0 bytes.
[2015.10.28-17.10.36:130][  0]LogInit: Object subsystem initialized
[2015.10.28-17.10.36:132][  0]LogInit: Selected Device Profile: [Windows]
[2015.10.28-17.10.36:132][  0]LogInit: Applying CVar settings loaded from the selected device profile: [Windows]
[2015.10.28-17.10.36:161][  0]LogInit: Computer: HP-PC
[2015.10.28-17.10.36:161][  0]LogInit: User: Amber
[2015.10.28-17.10.36:161][  0]LogInit: CPU Page size=4096, Cores=4
[2015.10.28-17.10.36:161][  0]LogInit: High frequency timer resolution =14.318180 MHz
[2015.10.28-17.10.36:161][  0]LogMemory: Memory total: Physical=6.0GB (6GB approx)
[2015.10.28-17.10.36:161][  0]LogMemory: Platform Memory Stats for Windows
[2015.10.28-17.10.36:161][  0]LogMemory: Process Physical Memory: 54.23 MB used, 54.23 MB peak
[2015.10.28-17.10.36:161][  0]LogMemory: Process Virtual Memory: 55.20 MB used, 55.20 MB peak
[2015.10.28-17.10.36:161][  0]LogMemory: Physical Memory: 3283.48 MB used, 6141.22 MB total
[2015.10.28-17.10.36:161][  0]LogMemory: Virtual Memory: 364.01 MB used, 134217728.00 MB total
[2015.10.28-17.10.36:832][  0]LogTextLocalizationManager: No specific translations for ('en-US') exist, so ('en') translations will be used.
[2015.10.28-17.10.38:191][  0]LogD3D11RHI: Found D3D11 adapter 0: NVIDIA GeForce GTX 550 Ti (Feature Level 11_0)
[2015.10.28-17.10.38:191][  0]LogD3D11RHI: Adapter has 972MB of dedicated video memory, 0MB of dedicated system memory, and 3070MB of shared system memory, 2 output[s]
[2015.10.28-17.10.38:195][  0]LogD3D11RHI: Found D3D11 adapter 1: Microsoft Basic Render Driver (Feature Level 11_0)
[2015.10.28-17.10.38:195][  0]LogD3D11RHI: Adapter has 0MB of dedicated video memory, 0MB of dedicated system memory, and 3070MB of shared system memory, 0 output[s]
[2015.10.28-17.10.38:195][  0]LogD3D11RHI: Chosen D3D11 Adapter Id = 0
[2015.10.28-17.10.38:206][  0]LogD3D11RHI: !Direct3DDevice
[2015.10.28-17.10.38:206][  0]LogRHI: Texture pool is 680 MB (70% of 972 MB)
[2015.10.28-17.10.38:225][  0]LogD3D11RHI: Async texture creation enabled
[2015.10.28-17.10.38:250][  0]LogShaderCompilers: Guid format shader working directory is 15 characters bigger than the processId version (../../../../../../Users/Amber/Documents/Game Development/PonyKart-UE4/PonyKart Project Build/PonyKart/Intermediate/Shaders/WorkingDirectory/3004/).
[2015.10.28-17.10.38:251][  0]LogShaderCompilers: Cleaned the shader compiler working directory '../../../../../../Users/Amber/Documents/Game Development/PonyKart-UE4/PonyKart Project Build/PonyKart/Intermediate/Shaders/tmp/A019BD1C4819E569042858ADAB6934B2/'.
[2015.10.28-17.10.38:251][  0]LogShaderCompilers:Display: Using Local Shader Compiler.
[2015.10.28-17.10.44:787][  0]LogTemp:Display: Loaded TP AllDesktopTargetPlatform
[2015.10.28-17.10.44:803][  0]LogTemp:Display: Loaded TP WindowsClientTargetPlatform
[2015.10.28-17.10.44:820][  0]LogTemp:Display: Loaded TP WindowsNoEditorTargetPlatform
[2015.10.28-17.10.44:831][  0]LogTemp:Display: Loaded TP WindowsServerTargetPlatform
[2015.10.28-17.10.44:843][  0]LogTemp:Display: Loaded TP WindowsTargetPlatform
[2015.10.28-17.10.44:869][  0]LogTemp:Display: Loaded TP AndroidTargetPlatform
[2015.10.28-17.10.44:882][  0]LogTemp:Display: Loaded TP Android_ASTCTargetPlatform
[2015.10.28-17.10.44:894][  0]LogTemp:Display: Loaded TP Android_ATCTargetPlatform
[2015.10.28-17.10.44:910][  0]LogTemp:Display: Loaded TP Android_DXTTargetPlatform
[2015.10.28-17.10.44:926][  0]LogTemp:Display: Loaded TP Android_ETC1TargetPlatform
[2015.10.28-17.10.44:940][  0]LogTemp:Display: Loaded TP Android_ETC2TargetPlatform
[2015.10.28-17.10.44:953][  0]LogTemp:Display: Loaded TP Android_PVRTCTargetPlatform
[2015.10.28-17.10.44:956][  0]LogTemp:Display: Loaded TP HTML5TargetPlatform
[2015.10.28-17.10.45:165][  0]LogTemp:Display: Loaded TP IOSTargetPlatform
[2015.10.28-17.10.45:201][  0]LogTemp:Display: Loaded TP LinuxNoEditorTargetPlatform
[2015.10.28-17.10.45:217][  0]LogTemp:Display: Loaded TP LinuxServerTargetPlatform
[2015.10.28-17.10.45:241][  0]LogTemp:Display: Loaded TP LinuxTargetPlatform
[2015.10.28-17.10.45:241][  0]LogTargetPlatformManager:Display: Building Assets For Windows
[2015.10.28-17.10.46:836][  0]LogDerivedDataCache:Display: Max Cache Size: 512 MB
[2015.10.28-17.10.47:943][  0]LogDerivedDataCache: Loaded boot cache 1.10s 41MB C:/Users/Amber/AppData/Local/UnrealEngine/4.9/DerivedDataCache/Boot.ddc.
[2015.10.28-17.10.47:943][  0]LogDerivedDataCache:Display: Loaded Boot cache: C:/Users/Amber/AppData/Local/UnrealEngine/4.9/DerivedDataCache/Boot.ddc
[2015.10.28-17.10.47:943][  0]LogDerivedDataCache: FDerivedDataBackendGraph:  Pak pak cache file ../../../../../../Users/Amber/Documents/Game Development/PonyKart-UE4/PonyKart Project Build/PonyKart/DerivedDataCache/DDC.ddp not found, will not use a pak cache.
[2015.10.28-17.10.47:943][  0]LogDerivedDataCache: Unable to find inner node Pak for hierarchical cache Hierarchy.
[2015.10.28-17.10.47:943][  0]LogDerivedDataCache: FDerivedDataBackendGraph:  CompressedPak pak cache file ../../../../../../Users/Amber/Documents/Game Development/PonyKart-UE4/PonyKart Project Build/PonyKart/DerivedDataCache/Compressed.ddp not found, will not use a pak cache.
[2015.10.28-17.10.47:943][  0]LogDerivedDataCache: Unable to find inner node CompressedPak for hierarchical cache Hierarchy.
[2015.10.28-17.10.48:242][  0]LogDerivedDataCache:Display: Pak cache opened for reading ../../../Engine/DerivedDataCache/Compressed.ddp.
[2015.10.28-17.10.48:280][  0]LogDerivedDataCache: Using Local data cache path C:/Users/Amber/AppData/Local/UnrealEngine/Common/DerivedDataCache: Writable
[2015.10.28-17.11.05:169][  0]LogInit: Selected Device Profile: [Windows]
[2015.10.28-17.11.05:252][  0]LogContentStreaming: Texture pool size is 0.000000MB
[2015.10.28-17.11.06:675][  0]LogMeshUtilities: No automatic mesh reduction module available
[2015.10.28-17.11.06:675][  0]LogMeshUtilities: No automatic mesh merging module available
[2015.10.28-17.11.12:213][  0]LogInit: WinSock: version 1.1 (2.2), MaxSocks=32767, MaxUdp=65467
[2015.10.28-17.11.56:657][  0]UdpMessaging: Initializing bridge on interface 0.0.0.0:0 to multicast group 230.0.0.1:6666.
[2015.10.28-17.11.59:386][  0]LogAssetRegistry: FAssetRegistry took 0.0239 seconds to start up
[2015.10.28-17.12.03:674][  0]SourceControl: Info Source control is disabled
[2015.10.28-17.12.03:785][  0]SourceControl: Info Source control is disabled
[2015.10.28-17.12.03:978][  0]SourceControl: Info Source control is disabled
[2015.10.28-17.12.04:131][  0]SourceControl: Info Source control is disabled
[2015.10.28-17.12.07:084][  0]LogLinker:Warning: Asset '../../../Engine/Plugins/Runtime/LeapMotionController/Content/LM_PassthroughMaterial.uasset' has been saved with empty engine version. The asset will be loaded but may be incompatible.
[2015.10.28-17.12.08:174][  0]LogObj: 28361 objects as part of root set at end of initial load.
[2015.10.28-17.12.08:174][  0]LogUObjectAllocator: 6038872 out of 0 bytes used by permanent object pool.
[2015.10.28-17.12.10:214][  0]LogEngine: Initializing Engine...
[2015.10.28-17.12.10:293][  0]LogHMD: Can't find Oculus library dev build: is proper Runtime installed? Version: 0.7.0.0
[2015.10.28-17.12.13:214][  0]LogHMD: SteamVR failed to initialize.  Err: 108
[2015.10.28-17.12.15:537][  0]LogAIModule: Creating AISystem for world NewWorld
[2015.10.28-17.12.15:681][  0]LogInit: XAudio2 using 'Headphones (Realtek High Definition Audio)' : 2 channels at 48 kHz using 32 bits per sample (channel mask 0x3)
[2015.10.28-17.12.15:756][  0]LogInit: FAudioDevice initialized.
[2015.10.28-17.12.15:924][  0]LogDerivedDataCache: Saved boot cache 0.17s 41MB C:/Users/Amber/AppData/Local/UnrealEngine/4.9/DerivedDataCache/Boot.ddc.
[2015.10.28-17.12.16:164][  0]LogInit: Texture streaming: Enabled
[2015.10.28-17.12.16:674][  0]LogAnalytics: Creating configured Analytics provider AnalyticsET
[2015.10.28-17.12.17:128][  0]LogAnalytics: [UEEditor.Rocket.Release] APIServer = http://et2.epicgames.com/ET2/. AppVersion = 4.9.2-2707645+++depot+UE4-Releases+4.9
[2015.10.28-17.12.17:128][  0]LogAnalytics: [UEEditor.Rocket.Release] SetUserId fe48c13c4235ff87278523820fd1a74f|128e7d1d796a429f9247afe84ab758e1|a78d9d35-53ca-49d3-80af-52a3ac8256d6
[2015.10.28-17.12.17:234][  0]LogAnalytics: [UEEditor.Rocket.Release] AnalyticsET::StartSession
[2015.10.28-17.12.18:024][  0]LogInit: Transaction tracking system initialized
[2015.10.28-17.12.22:105][  0]BlueprintLog: New page: Editor Load
[2015.10.28-17.12.27:201][  0]LocalizationService: Info Localization service is disabled
[2015.10.28-17.12.30:066][  0]LogConsoleResponse:Display: 
[2015.10.28-17.12.36:102][  0]LogFileCache: Scanning file cache for directory 'C:/Users/Amber/Documents/Game Development/PonyKart-UE4/PonyKart Project Build/PonyKart/Content/' took 0.08s
[2015.10.28-17.12.36:102][  0]LogCook:Display: Done creating registry. It took  0.00s.
[2015.10.28-17.12.40:952][  0]SourceControl: Info Source control is disabled
[2015.10.28-17.12.41:081][  0]Cmd: MAP LOAD FILE="../../../../../../Users/Amber/Documents/Game Development/PonyKart-UE4/PonyKart Project Build/PonyKart/Content/Maps/KartTestMap.umap" TEMPLATE=0 SHOWPROGRESS=1 FEATURELEVEL=3
[2015.10.28-17.12.41:310][  0]LightingResults: New page: Lighting Build
[2015.10.28-17.12.41:662][  0]MapCheck: New page: Map Check
[2015.10.28-17.12.41:662][  0]LightingResults: New page: Lighting Build
[2015.10.28-17.12.41:684][  0]LogParticles: Destroying 0 GPU particle simulations for FXSystem 0x000000F4AE77A160
[2015.10.28-17.12.52:263][  0]LogAIModule: Creating AISystem for world KartTestMap
[2015.10.28-17.12.53:299][  0]LogEditorServer: Finished looking for orphan Actors (0.044 secs)
[2015.10.28-17.12.53:632][  0]Cmd: MAP CHECKDEP NOCLEARLOG
[2015.10.28-17.12.53:964][  0]MapCheck: Info Map check complete: 0 Error(s), 0 Warning(s), took 330.981ms to complete.
[2015.10.28-17.12.53:965][  0]LogFileHelpers: Loading map 'KartTestMap' took 12.917
[2015.10.28-17.13.04:308][  0]LogCollectionManager: Loaded 0 collections in 0.010905 seconds
[2015.10.28-17.13.06:251][  0]LogFileCache: Scanning file cache for directory 'C:/Users/Amber/Documents/Game Development/PonyKart-UE4/PonyKart Project Build/PonyKart/Saved/Collections/' took 0.01s
[2015.10.28-17.13.06:251][  0]LogFileCache: Scanning file cache for directory 'C:/Users/Amber/Documents/Game Development/PonyKart-UE4/PonyKart Project Build/PonyKart/Content/Developers/Amber/Collections/' took 0.03s
[2015.10.28-17.13.06:251][  0]LogFileCache: Scanning file cache for directory 'C:/Users/Amber/Documents/Game Development/PonyKart-UE4/PonyKart Project Build/PonyKart/Content/Collections/' took 0.01s
[2015.10.28-17.13.06:251][  0]LogContentBrowser: Native class hierarchy populated in 1.0835 seconds. Added 1867 classes and 333 folders.
[2015.10.28-17.13.06:798][  0]LogCollectionManager: Rebuilt the GUID cache for 0 collections in 0.000005 seconds
[2015.10.28-17.13.07:678][  0]LogContentBrowser: Native class hierarchy updated for 'WidgetCarousel' in 0.0008 seconds. Added 0 classes and 0 folders.
[2015.10.28-17.13.21:929][  0]LogContentBrowser: Native class hierarchy updated for 'AddContentDialog' in 0.0009 seconds. Added 0 classes and 0 folders.
[2015.10.28-17.13.22:544][  0]LogContentBrowser: Native class hierarchy updated for 'SceneOutliner' in 0.0007 seconds. Added 1 classes and 2 folders.
[2015.10.28-17.13.27:097][  0]LogCrashTracker: Crashtracker disabled due to settings.
[2015.10.28-17.13.28:484][  0]LogUObjectGlobals:Warning: Failed to find object 'Class None.'
[2015.10.28-17.13.29:410][  0]LogLoad: Full Startup: 178.80 seconds (BP compile: 1.20 seconds)
[2015.10.28-17.13.34:559][  0]LogContentStreaming: Texture pool size now 1000 MB
[2015.10.28-17.13.43:289][  0]LogRenderer: Reallocating scene render targets to support 780x496 (Frame:2).
[2015.10.28-17.14.04:773][  8]LogAssetRegistry: Asset discovery search completed in 125.3992 seconds
[2015.10.28-17.14.04:828][  8]LogCollectionManager: Rebuilt the object cache for 0 collections in 0.000002 seconds (found 0 objects)
[2015.10.28-17.14.04:945][  8]LogCollectionManager: Fixed up redirectors for 0 collections in 0.108605 seconds (updated 0 objects)
[2015.10.28-17.41.06:022][756]LogBlueprintUserMessages: Early PlayInEditor Detection: Level '/Game/Maps/KartTestMap.KartTestMap:PersistentLevel' has LevelScriptBlueprint '/Game/Maps/KartTestMap.KartTestMap:PersistentLevel.KartTestMap' with GeneratedClass '/Game/Maps/KartTestMap.KartTestMap_C' with ClassGeneratedBy '/Game/Maps/KartTestMap.KartTestMap:PersistentLevel.KartTestMap'
[2015.10.28-17.41.06:023][756]LogPlayLevel: PlayLevel: No blueprints needed recompiling
[2015.10.28-17.41.06:064][756]PIE: New page: PIE session: KartTestMap (Oct 28, 2015, 9:41:06 AM)
[2015.10.28-17.41.06:067][756]LogPlayLevel: Creating play world package: /Game/Maps/UEDPIE_0_KartTestMap
[2015.10.28-17.41.06:159][756]LogPlayLevel: PIE: StaticDuplicateObject took: (0.091505s)
[2015.10.28-17.41.06:166][756]LogAIModule: Creating AISystem for world KartTestMap
[2015.10.28-17.41.06:167][756]LogPlayLevel: PIE: World Init took: (0.008451s)
[2015.10.28-17.41.06:170][756]LogPlayLevel: PIE: Created PIE world by copying editor world from /Game/Maps/KartTestMap.KartTestMap to /Game/Maps/UEDPIE_0_KartTestMap.KartTestMap (0.103014s)
[2015.10.28-17.41.06:280][756]LogInit: XAudio2 using 'Headphones (Realtek High Definition Audio)' : 2 channels at 48 kHz using 32 bits per sample (channel mask 0x3)
[2015.10.28-17.41.06:301][756]LogInit: FAudioDevice initialized.
[2015.10.28-17.41.06:398][756]LogLinker:Warning: Can't find file '/Game/Blueprints/KartTestGameMode'
[2015.10.28-17.41.06:400][756]LogLinker:Warning: Can't find file '/Game/Blueprints/KartTestGameMode'
[2015.10.28-17.41.06:400][756]LogUObjectGlobals:Warning: Failed to find object 'Class /Game/Blueprints/KartTestGameMode.KartTestGameMode_C'
[2015.10.28-17.41.06:400][756]LogWorld: Game class is 'GameMode'
[2015.10.28-17.41.06:463][756]LogWorld: Bringing World /Game/Maps/UEDPIE_0_KartTestMap.KartTestMap up for play (max tick rate 0) at 2015.10.28-13.41.06
[2015.10.28-17.41.06:463][756]LogActor:Warning: GameSession /Game/Maps/UEDPIE_0_KartTestMap.KartTestMap:PersistentLevel.GameSession_0 has natively added scene component(s), but none of them were set as the actor's RootComponent - picking one arbitrarily
[2015.10.28-17.41.06:464][756]LogActor:Warning: GameNetworkManager /Game/Maps/UEDPIE_0_KartTestMap.KartTestMap:PersistentLevel.GameNetworkManager_0 has natively added scene component(s), but none of them were set as the actor's RootComponent - picking one arbitrarily
[2015.10.28-17.41.06:464][756]LogWorld: Bringing up level for play took: 0.014139
[2015.10.28-17.41.06:526][756]PIE: Info Play in editor start time for /Game/Maps/UEDPIE_0_KartTestMap 0.592
[2015.10.28-17.41.06:526][756]LogBlueprintUserMessages: Late PlayInEditor Detection: Level '/Game/Maps/KartTestMap.KartTestMap:PersistentLevel' has LevelScriptBlueprint '/Game/Maps/KartTestMap.KartTestMap:PersistentLevel.KartTestMap' with GeneratedClass '/Game/Maps/KartTestMap.KartTestMap_C' with ClassGeneratedBy '/Game/Maps/KartTestMap.KartTestMap:PersistentLevel.KartTestMap'
[2015.10.28-17.43.08:766][114]LogBlueprintUserMessages: Early EndPlayMap Detection: Level '/Game/Maps/KartTestMap.KartTestMap:PersistentLevel' has LevelScriptBlueprint '/Game/Maps/KartTestMap.KartTestMap:PersistentLevel.KartTestMap' with GeneratedClass '/Game/Maps/KartTestMap.KartTestMap_C' with ClassGeneratedBy '/Game/Maps/KartTestMap.KartTestMap:PersistentLevel.KartTestMap'
[2015.10.28-17.43.08:834][114]LogBlueprintUserMessages: Late EndPlayMap Detection: Level '/Game/Maps/KartTestMap.KartTestMap:PersistentLevel' has LevelScriptBlueprint '/Game/Maps/KartTestMap.KartTestMap:PersistentLevel.KartTestMap' with GeneratedClass '/Game/Maps/KartTestMap.KartTestMap_C' with ClassGeneratedBy '/Game/Maps/KartTestMap.KartTestMap:PersistentLevel.KartTestMap'
[2015.10.28-17.43.08:865][114]LogParticles: Destroying 0 GPU particle simulations for FXSystem 0x000000F4A0AC6160
[2015.10.28-17.43.10:567][196]LogWindowsTextInputMethodSystem:Display: IME system now deactivated.
[2015.10.28-17.43.11:460][197]Cmd: QUIT_EDITOR
[2015.10.28-17.43.13:167][197]LogExit: Preparing to exit.
[2015.10.28-17.43.16:103][197]LogExit: Editor shut down
[2015.10.28-17.43.16:105][197]LogExit: Transaction tracking system shut down
[2015.10.28-17.43.17:134][197]LogParticles: Destroying 0 GPU particle simulations for FXSystem 0x000000F4A113FC40
[2015.10.28-17.43.17:136][197]LogParticles: Destroying 0 GPU particle simulations for FXSystem 0x000000F4BEAD2AC0
[2015.10.28-17.43.17:138][197]LogParticles: Destroying 0 GPU particle simulations for FXSystem 0x000000F4BEA0EAC0
[2015.10.28-17.43.17:142][197]LogParticles: Destroying 0 GPU particle simulations for FXSystem 0x000000F4BEE0A340
[2015.10.28-17.43.27:881][197]LogExit: Object subsystem successfully closed.
[2015.10.28-17.43.28:246][197]LogD3D11RHI: Shutdown
[2015.10.28-17.43.28:246][197]LogD3D11RHI: CleanupD3DDevice
[2015.10.28-17.43.28:557][197]LogD3D11RHI: ~FD3D11DynamicRHI
[2015.10.28-17.43.30:429][197]LogModuleManager: Shutting down and abandoning module CrashTracker (197)
[2015.10.28-17.43.30:429][197]LogModuleManager: Shutting down and abandoning module SceneOutliner (196)
[2015.10.28-17.43.30:429][197]LogModuleManager: Shutting down and abandoning module SuperSearch (195)
[2015.10.28-17.43.30:429][197]LogModuleManager: Shutting down and abandoning module WidgetCarousel (194)
[2015.10.28-17.43.30:429][197]LogModuleManager: Shutting down and abandoning module AddContentDialog (193)
[2015.10.28-17.43.31:495][197]LogModuleManager: Shutting down and abandoning module EditorWidgets (192)
[2015.10.28-17.43.31:495][197]LogModuleManager: Shutting down and abandoning module CollectionManager (191)
[2015.10.28-17.43.31:617][197]LogModuleManager: Shutting down and abandoning module StatsViewer (190)
[2015.10.28-17.43.31:858][197]LogModuleManager: Shutting down and abandoning module FoliageEdit (189)
[2015.10.28-17.43.31:873][197]LogModuleManager: Shutting down and abandoning module LandscapeEditor (188)
[2015.10.28-17.43.31:904][197]LogModuleManager: Shutting down and abandoning module ActorPickerMode (187)
[2015.10.28-17.43.31:904][197]LogModuleManager: Shutting down and abandoning module GeometryMode (186)
[2015.10.28-17.43.31:904][197]LogModuleManager: Shutting down and abandoning module TextureAlignMode (185)
[2015.10.28-17.43.31:904][197]LogModuleManager: Shutting down and abandoning module BspMode (184)
[2015.10.28-17.43.31:904][197]LogModuleManager: Shutting down and abandoning module PlacementMode (183)
[2015.10.28-17.43.31:909][197]LogModuleManager: Shutting down and abandoning module AutomationWorker (182)
[2015.10.28-17.43.31:934][197]LogModuleManager: Shutting down and abandoning module CharacterAI (181)
[2015.10.28-17.43.31:934][197]LogModuleManager: Shutting down and abandoning module SmartSnapping (180)
[2015.10.28-17.43.31:934][197]LogModuleManager: Shutting down and abandoning module ViewportSnapping (179)
[2015.10.28-17.43.31:934][197]LogModuleManager: Shutting down and abandoning module LogVisualizer (178)
[2015.10.28-17.43.31:956][197]LogModuleManager: Shutting down and abandoning module GameProjectGeneration (177)
[2015.10.28-17.43.31:970][197]LogModuleManager: Shutting down and abandoning module IntroTutorials (176)
[2015.10.28-17.43.31:993][197]LogModuleManager: Shutting down and abandoning module EditorLiveStreaming (175)
[2015.10.28-17.43.31:993][197]LogModuleManager: Shutting down and abandoning module IOSPlatformEditor (174)
[2015.10.28-17.43.31:998][197]LogModuleManager: Shutting down and abandoning module HTML5PlatformEditor (173)
[2015.10.28-17.43.31:998][197]LogModuleManager: Shutting down and abandoning module AndroidDeviceDetection (172)
[2015.10.28-17.43.32:988][197]LogModuleManager: Shutting down and abandoning module AndroidPlatformEditor (171)
[2015.10.28-17.43.32:988][197]LogModuleManager: Shutting down and abandoning module IOSRuntimeSettings (170)
[2015.10.28-17.43.32:988][197]LogModuleManager: Shutting down and abandoning module AndroidRuntimeSettings (169)
[2015.10.28-17.43.32:988][197]LogModuleManager: Shutting down and abandoning module MergeActors (168)
[2015.10.28-17.43.33:056][197]LogModuleManager: Shutting down and abandoning module SizeMap (167)
[2015.10.28-17.43.33:056][197]LogModuleManager: Shutting down and abandoning module TreeMap (166)
[2015.10.28-17.43.33:075][197]LogModuleManager: Shutting down and abandoning module ReferenceViewer (165)
[2015.10.28-17.43.33:075][197]LogModuleManager: Shutting down and abandoning module LocalizationService (164)
[2015.10.28-17.43.33:132][197]LogModuleManager: Shutting down and abandoning module LocalizationDashboard (163)
[2015.10.28-17.43.33:218][197]LogModuleManager: Shutting down and abandoning module HardwareTargeting (162)
[2015.10.28-17.43.33:218][197]LogModuleManager: Shutting down and abandoning module DeviceProfileEditor (161)
[2015.10.28-17.43.33:218][197]LogModuleManager: Shutting down and abandoning module UndoHistory (160)
[2015.10.28-17.43.33:235][197]LogModuleManager: Shutting down and abandoning module GameplayTagsEditor (159)
[2015.10.28-17.43.33:235][197]LogModuleManager: Shutting down and abandoning module UserFeedback (158)
[2015.10.28-17.43.33:235][197]LogModuleManager: Shutting down and abandoning module XmlParser (157)
[2015.10.28-17.43.33:235][197]LogModuleManager: Shutting down and abandoning module Blutility (156)
[2015.10.28-17.43.33:235][197]LogModuleManager: Shutting down and abandoning module ProjectTargetPlatformEditor (155)
[2015.10.28-17.43.33:287][197]LogModuleManager: Shutting down and abandoning module ProjectSettingsViewer (154)
[2015.10.28-17.43.33:287][197]LogModuleManager: Shutting down and abandoning module InputBindingEditor (153)
[2015.10.28-17.43.33:311][197]LogModuleManager: Shutting down and abandoning module EditorSettingsViewer (152)
[2015.10.28-17.43.33:311][197]LogModuleManager: Shutting down and abandoning module SettingsEditor (151)
[2015.10.28-17.43.33:406][197]LogModuleManager: Shutting down and abandoning module ProjectLauncher (150)
[2015.10.28-17.43.33:483][197]LogModuleManager: Shutting down and abandoning module SessionFrontend (149)
[2015.10.28-17.43.33:519][197]LogModuleManager: Shutting down and abandoning module ProfilerClient (148)
[2015.10.28-17.43.33:531][197]LogModuleManager: Shutting down and abandoning module TargetDeviceServices (147)
[2015.10.28-17.43.33:531][197]LogModuleManager: Shutting down and abandoning module DeviceManager (146)
[2015.10.28-17.43.33:576][197]LogModuleManager: Shutting down and abandoning module AutomationController (145)
[2015.10.28-17.43.33:603][197]LogModuleManager: Shutting down and abandoning module AutomationWindow (144)
[2015.10.28-17.43.33:665][197]LogModuleManager: Shutting down and abandoning module Layers (143)
[2015.10.28-17.43.33:739][197]LogModuleManager: Shutting down and abandoning module ComponentVisualizers (142)
[2015.10.28-17.43.33:739][197]LogModuleManager: Shutting down and abandoning module DetailCustomizations (141)
[2015.10.28-17.43.33:792][197]LogModuleManager: Shutting down and abandoning module PackagesDialog (140)
[2015.10.28-17.43.33:949][197]LogModuleManager: Shutting down and abandoning module Persona (139)
[2015.10.28-17.43.34:066][197]LogModuleManager: Shutting down and abandoning module Kismet (138)
[2015.10.28-17.43.34:083][197]LogModuleManager: Shutting down and abandoning module GraphEditor (137)
[2015.10.28-17.43.34:083][197]LogModuleManager: Shutting down and abandoning module ClassViewer (136)
[2015.10.28-17.43.34:102][197]LogModuleManager: Shutting down and abandoning module Toolbox (135)
[2015.10.28-17.43.34:102][197]LogModuleManager: Shutting down and abandoning module ModuleUI (134)
[2015.10.28-17.43.34:113][197]LogModuleManager: Shutting down and abandoning module MovieSceneTools (133)
[2015.10.28-17.43.34:113][197]LogModuleManager: Shutting down and abandoning module OutputLog (132)
[2015.10.28-17.43.34:121][197]LogModuleManager: Shutting down and abandoning module GammaUI (131)
[2015.10.28-17.43.34:131][197]LogModuleManager: Shutting down and abandoning module Documentation (130)
[2015.10.28-17.43.34:131][197]LogModuleManager: Shutting down and abandoning module GameLiveStreaming (129)
[2015.10.28-17.43.34:132][197]LogModuleManager: Shutting down and abandoning module StreamingPauseRendering (128)
[2015.10.28-17.43.34:132][197]LogModuleManager: Shutting down and abandoning module AnalyticsET (127)
[2015.10.28-17.43.34:132][197]LogModuleManager: Shutting down and abandoning module Analytics (126)
[2015.10.28-17.43.34:132][197]LogModuleManager: Shutting down and abandoning module AITestSuite (125)
[2015.10.28-17.43.34:141][197]LogModuleManager: Shutting down and abandoning module GameplayDebugger (124)
[2015.10.28-17.43.34:141][197]LogModuleManager: Shutting down and abandoning module AIModule (123)
[2015.10.28-17.43.34:141][197]LogModuleManager: Shutting down and abandoning module ProfilerService (122)
[2015.10.28-17.43.34:391][197]LogModuleManager: Shutting down and abandoning module TaskGraph (121)
[2015.10.28-17.43.34:452][197]LogModuleManager: Shutting down and abandoning module SlateRemote (120)
[2015.10.28-17.43.34:452][197]LogModuleManager: Shutting down and abandoning module SteamVRController (119)
[2015.10.28-17.43.34:452][197]LogModuleManager: Shutting down and abandoning module SteamVR (118)
[2015.10.28-17.43.34:452][197]LogModuleManager: Shutting down and abandoning module ProceduralMeshComponent (117)
[2015.10.28-17.43.34:452][197]LogModuleManager: Shutting down and abandoning module OculusRift (116)
[2015.10.28-17.43.34:452][197]LogModuleManager: Shutting down and abandoning module OculusLibrary (115)
[2015.10.28-17.43.34:452][197]LogModuleManager: Shutting down and abandoning module LeapMotionController (114)
[2015.10.28-17.43.34:522][197]LogModuleManager: Shutting down and abandoning module CustomMeshComponent (113)
[2015.10.28-17.43.34:533][197]LogModuleManager: Shutting down and abandoning module CableComponent (112)
[2015.10.28-17.43.34:533][197]LogModuleManager: Shutting down and abandoning module ArchVisCharacter (111)
[2015.10.28-17.43.34:533][197]LogModuleManager: Shutting down and abandoning module MessagingDebugger (110)
[2015.10.28-17.43.34:557][197]LogModuleManager: Shutting down and abandoning module MediaPlayerEditor (109)
[2015.10.28-17.43.34:587][197]LogModuleManager: Shutting down and abandoning module HTML5Networking (108)
[2015.10.28-17.43.34:587][197]LogModuleManager: Shutting down and abandoning module SpeedTreeImporter (107)
[2015.10.28-17.43.34:587][197]LogModuleManager: Shutting down and abandoning module PluginBrowser (106)
[2015.10.28-17.43.34:599][197]LogModuleManager: Shutting down and abandoning module EpicSurvey (105)
[2015.10.28-17.43.34:599][197]LogModuleManager: Shutting down and abandoning module DesktopPlatform (104)
[2015.10.28-17.43.34:609][197]LogModuleManager: Shutting down and abandoning module VisualStudioSourceCodeAccess (103)
[2015.10.28-17.43.34:609][197]LogModuleManager: Shutting down and abandoning module UObjectPlugin (102)
[2015.10.28-17.43.34:609][197]LogModuleManager: Shutting down and abandoning module SubversionSourceControl (101)
[2015.10.28-17.43.34:622][197]LogModuleManager: Shutting down and abandoning module PerforceSourceControl (100)
[2015.10.28-17.43.34:632][197]LogModuleManager: Shutting down and abandoning module SourceControl (99)
[2015.10.28-17.43.34:636][197]LogModuleManager: Shutting down and abandoning module GitSourceControl (98)
[2015.10.28-17.43.34:646][197]LogModuleManager: Shutting down and abandoning module LightPropagationVolumeEditor (97)
[2015.10.28-17.43.34:646][197]LogModuleManager: Shutting down and abandoning module PaperTiledImporter (96)
[2015.10.28-17.43.34:649][197]LogModuleManager: Shutting down and abandoning module PaperSpriteSheetImporter (95)
[2015.10.28-17.43.34:653][197]LogModuleManager: Shutting down and abandoning module MeshPaint (94)
[2015.10.28-17.43.34:660][197]LogModuleManager: Shutting down and abandoning module SlateReflector (93)
[2015.10.28-17.43.34:673][197]LogModuleManager: Shutting down and abandoning module HotReload (92)
[2015.10.28-17.43.34:687][197]LogModuleManager: Shutting down and abandoning module MainFrame (91)
[2015.10.28-17.43.34:687][197]LogModuleManager: Shutting down and abandoning module LevelEditor (90)
[2015.10.28-17.43.34:700][197]LogModuleManager: Shutting down and abandoning module DirectoryWatcher (89)
[2015.10.28-17.43.34:708][197]LogModuleManager: Shutting down and abandoning module AssetRegistry (88)
[2015.10.28-17.43.35:021][197]LogModuleManager: Shutting down and abandoning module ContentBrowser (87)
[2015.10.28-17.43.35:025][197]LogModuleManager: Shutting down and abandoning module Paper2DEditor (86)
[2015.10.28-17.43.35:114][197]LogModuleManager: Shutting down and abandoning module UdpMessaging (85)
[2015.10.28-17.43.36:116][197]LogModuleManager: Shutting down and abandoning module LightPropagationVolumeRuntime (84)
[2015.10.28-17.43.36:125][197]LogModuleManager: Shutting down and abandoning module Paper2D (83)
[2015.10.28-17.43.36:204][197]LogModuleManager: Shutting down and abandoning module WindowsMoviePlayer (82)
[2015.10.28-17.43.36:269][197]LogModuleManager: Shutting down and abandoning module Media (81)
[2015.10.28-17.43.36:269][197]LogModuleManager: Shutting down and abandoning module WmfMedia (80)
[2015.10.28-17.43.36:270][197]LogModuleManager: Shutting down and abandoning module OnlineBlueprintSupport (79)
[2015.10.28-17.43.36:270][197]LogModuleManager: Shutting down and abandoning module GameplayTasksEditor (78)
[2015.10.28-17.43.36:270][197]LogModuleManager: Shutting down and abandoning module PropertyEditor (77)
[2015.10.28-17.43.36:270][197]LogModuleManager: Shutting down and abandoning module BehaviorTreeEditor (76)
[2015.10.28-17.43.36:603][197]LogModuleManager: Shutting down and abandoning module FunctionalTesting (75)
[2015.10.28-17.43.36:603][197]LogModuleManager: Shutting down and abandoning module CollisionAnalyzer (74)
[2015.10.28-17.43.36:626][197]LogModuleManager: Shutting down and abandoning module WorkspaceMenuStructure (73)
[2015.10.28-17.43.36:626][197]LogModuleManager: Shutting down and abandoning module MessageLog (72)
[2015.10.28-17.43.36:626][197]LogModuleManager: Shutting down and abandoning module Sequencer (71)
[2015.10.28-17.43.36:653][197]LogModuleManager: Shutting down and abandoning module AssetTools (70)
[2015.10.28-17.43.37:161][197]LogModuleManager: Shutting down and abandoning module UMGEditor (69)
[2015.10.28-17.43.37:323][197]LogModuleManager: Shutting down and abandoning module UMG (68)
[2015.10.28-17.43.37:388][197]LogModuleManager: Shutting down and abandoning module Slate (67)
[2015.10.28-17.43.37:389][197]LogModuleManager: Shutting down and abandoning module EditorStyle (66)
[2015.10.28-17.43.37:452][197]LogModuleManager: Shutting down and abandoning module SessionServices (65)
[2015.10.28-17.43.37:452][197]LogModuleManager: Shutting down and abandoning module SourceCodeAccess (64)
[2015.10.28-17.43.37:452][197]LogModuleManager: Shutting down and abandoning module HeadMountedDisplay (63)
[2015.10.28-17.43.37:452][197]LogModuleManager: Shutting down and abandoning module XAudio2 (62)
[2015.10.28-17.43.37:452][197]LogModuleManager: Shutting down and abandoning module Networking (60)
[2015.10.28-17.43.37:453][197]LogModuleManager: Shutting down and abandoning module Core (59)
[2015.10.28-17.43.37:453][197]LogModuleManager: Shutting down and abandoning module KismetCompiler (58)
[2015.10.28-17.43.37:453][197]LogModuleManager: Shutting down and abandoning module PhysXFormats (57)
[2015.10.28-17.43.37:455][197]LogModuleManager: Shutting down and abandoning module MeshUtilities (56)
[2015.10.28-17.43.38:111][197]LogModuleManager: Shutting down and abandoning module CookingStats (55)
[2015.10.28-17.43.38:128][197]LogModuleManager: Shutting down and abandoning module DerivedDataCache (54)
[2015.10.28-17.43.38:432][197]LogDerivedDataCache: Shutdown
[2015.10.28-17.43.38:432][197]LogModuleManager: Shutting down and abandoning module ShaderFormatOpenGL (53)
[2015.10.28-17.43.38:547][197]LogModuleManager: Shutting down and abandoning module ShaderFormatD3D (52)
[2015.10.28-17.43.38:547][197]LogModuleManager: Shutting down and abandoning module MetalShaderFormat (51)
[2015.10.28-17.43.38:619][197]LogModuleManager: Shutting down and abandoning module TextureFormatUncompressed (50)
[2015.10.28-17.43.38:619][197]LogModuleManager: Shutting down and abandoning module TextureFormatPVR (49)
[2015.10.28-17.43.38:619][197]LogModuleManager: Shutting down and abandoning module TextureFormatIntelISPCTexComp (48)
[2015.10.28-17.43.38:619][197]LogModuleManager: Shutting down and abandoning module TextureFormatDXT (47)
[2015.10.28-17.43.38:619][197]LogModuleManager: Shutting down and abandoning module ImageWrapper (46)
[2015.10.28-17.43.38:619][197]LogModuleManager: Shutting down and abandoning module TextureFormatASTC (45)
[2015.10.28-17.43.38:619][197]LogModuleManager: Shutting down and abandoning module TextureFormatAndroid (44)
[2015.10.28-17.43.38:619][197]LogModuleManager: Shutting down and abandoning module AudioFormatOpus (43)
[2015.10.28-17.43.38:702][197]LogModuleManager: Shutting down and abandoning module AudioFormatOgg (42)
[2015.10.28-17.43.38:702][197]LogModuleManager: Shutting down and abandoning module AudioFormatADPCM (41)
[2015.10.28-17.43.38:702][197]LogModuleManager: Shutting down and abandoning module LinuxTargetPlatform (40)
[2015.10.28-17.43.38:702][197]LogModuleManager: Shutting down and abandoning module LinuxServerTargetPlatform (39)
[2015.10.28-17.43.39:686][197]LogModuleManager: Shutting down and abandoning module LinuxNoEditorTargetPlatform (38)
[2015.10.28-17.43.39:785][197]LogModuleManager: Shutting down and abandoning module Messaging (37)
[2015.10.28-17.43.39:785][197]LogModuleManager: Shutting down and abandoning module IOSTargetPlatform (36)
[2015.10.28-17.43.39:785][197]LogModuleManager: Shutting down and abandoning module HTML5TargetPlatform (35)
[2015.10.28-17.43.39:785][197]LogModuleManager: Shutting down and abandoning module Android_PVRTCTargetPlatform (34)
[2015.10.28-17.43.41:194][197]LogModuleManager: Shutting down and abandoning module Android_ETC2TargetPlatform (33)
[2015.10.28-17.43.41:771][197]LogModuleManager: Shutting down and abandoning module Android_ETC1TargetPlatform (32)
[2015.10.28-17.43.45:445][197]LogModuleManager: Shutting down and abandoning module Android_DXTTargetPlatform (31)
[2015.10.28-17.43.47:466][197]LogModuleManager: Shutting down and abandoning module Android_ATCTargetPlatform (30)
[2015.10.28-17.43.48:224][197]LogModuleManager: Shutting down and abandoning module Android_ASTCTargetPlatform (29)
[2015.10.28-17.43.48:572][197]LogModuleManager: Shutting down and abandoning module AndroidTargetPlatform (28)
[2015.10.28-17.43.49:290][197]LogModuleManager: Shutting down and abandoning module WindowsTargetPlatform (27)
[2015.10.28-17.43.49:290][197]LogModuleManager: Shutting down and abandoning module WindowsServerTargetPlatform (26)
[2015.10.28-17.43.50:250][197]LogModuleManager: Shutting down and abandoning module WindowsNoEditorTargetPlatform (25)
[2015.10.28-17.43.50:937][197]LogModuleManager: Shutting down and abandoning module WindowsClientTargetPlatform (24)
[2015.10.28-17.43.51:622][197]LogModuleManager: Shutting down and abandoning module AllDesktopTargetPlatform (23)
[2015.10.28-17.43.51:622][197]LogModuleManager: Shutting down and abandoning module TargetPlatform (22)
[2015.10.28-17.43.51:622][197]LogModuleManager: Shutting down and abandoning module InputCore (21)
[2015.10.28-17.43.51:622][197]LogModuleManager: Shutting down and abandoning module Settings (20)
[2015.10.28-17.43.51:622][197]LogModuleManager: Shutting down and abandoning module OnlineSubsystem (18)
[2015.10.28-17.43.51:622][197]LogModuleManager: Shutting down and abandoning module HTTP (17)
[2015.10.28-17.43.54:983][197]LogModuleManager: Shutting down and abandoning module XMPP (16)
[2015.10.28-17.43.57:973][197]LogModuleManager: Shutting down and abandoning module ExampleDeviceProfileSelector (15)
[2015.10.28-17.43.57:973][197]LogModuleManager: Shutting down and abandoning module TextureCompressor (14)
[2015.10.28-17.43.58:984][197]LogModuleManager: Shutting down and abandoning module ShaderCore (13)
[2015.10.28-17.43.58:984][197]LogModuleManager: Shutting down and abandoning module Landscape (12)
[2015.10.28-17.43.58:984][197]LogModuleManager: Shutting down and abandoning module SlateRHIRenderer (11)
[2015.10.28-17.44.00:083][197]LogModuleManager: Shutting down and abandoning module OpenGLDrv (10)
[2015.10.28-17.44.01:285][197]LogModuleManager: Shutting down and abandoning module D3D11RHI (9)
[2015.10.28-17.44.01:285][197]LogModuleManager: Shutting down and abandoning module AnimGraphRuntime (8)
[2015.10.28-17.44.01:302][197]LogModuleManager: Shutting down and abandoning module Renderer (7)
[2015.10.28-17.44.01:310][197]LogModuleManager: Shutting down and abandoning module Engine (6)
[2015.10.28-17.44.01:310][197]LogModuleManager: Shutting down and abandoning module CoreUObject (5)
[2015.10.28-17.44.01:310][197]LogModuleManager: Shutting down and abandoning module NetworkFile (4)
[2015.10.28-17.44.01:731][197]LogModuleManager: Shutting down and abandoning module StreamingFile (3)
[2015.10.28-17.44.01:731][197]LogModuleManager: Shutting down and abandoning module SandboxFile (2)
[2015.10.28-17.44.01:852][197]LogModuleManager: Shutting down and abandoning module PakFile (1)
[2015.10.28-17.44.03:471][197]LogExit: Exiting.
[2015.10.28-17.44.03:550][197]Log file closed, 10/28/15 13:44:03
