[2015.11.08-01.13.17:795][  0]Log file open, 11/07/15 20:13:17
[2015.11.08-01.13.17:796][  0]LogInit:Display: Running engine for game: PonyKart
[2015.11.08-01.13.17:796][  0]LogInit:Display: RandInit(1961045841) SRandInit(1961045862).
[2015.11.08-01.13.17:796][  0]LogTaskGraph: Started task graph with 4 named threads and 7 total threads.
[2015.11.08-01.13.17:796][  0]LogStats: Stats thread started at 0.171491
[2015.11.08-01.13.17:796][  0]LogInit: Version: 4.9.2-2707645+++depot+UE4-Releases+4.9
[2015.11.08-01.13.17:796][  0]LogInit: API Version: 2672455
[2015.11.08-01.13.17:796][  0]LogInit: Compiled (64-bit): Sep 28 2015 10:25:44
[2015.11.08-01.13.17:796][  0]LogInit: Compiled with Visual C++: 18.00.21005.01
[2015.11.08-01.13.17:796][  0]LogInit: Build Configuration: Development
[2015.11.08-01.13.17:796][  0]LogInit: Branch Name: ++depot+UE4-Releases+4.9
[2015.11.08-01.13.17:796][  0]LogInit: Command line:  
[2015.11.08-01.13.17:796][  0]LogInit: Base directory: C:/Program Files/Epic Games/4.9/Engine/Binaries/Win64/
[2015.11.08-01.13.17:796][  0]LogInit: Rocket: 1
[2015.11.08-01.13.17:838][  0]LogInit: Using libcurl 7.41.0
[2015.11.08-01.13.17:838][  0]LogInit:  - built for x86_64-pc-win32
[2015.11.08-01.13.17:838][  0]LogInit:  - supports SSL with WinSSL
[2015.11.08-01.13.17:838][  0]LogInit:  - other features:
[2015.11.08-01.13.17:838][  0]LogInit:      CURL_VERSION_SSL
[2015.11.08-01.13.17:838][  0]LogInit:      CURL_VERSION_IPV6
[2015.11.08-01.13.17:838][  0]LogInit:      CURL_VERSION_ASYNCHDNS
[2015.11.08-01.13.17:838][  0]LogInit:      CURL_VERSION_LARGEFILE
[2015.11.08-01.13.17:838][  0]LogInit:      CURL_VERSION_IDN
[2015.11.08-01.13.17:838][  0]LogInit:  CurlRequestOptions (configurable via config and command line):
[2015.11.08-01.13.17:838][  0]LogInit:  - bVerifyPeer = true  - Libcurl will verify peer certificate
[2015.11.08-01.13.17:838][  0]LogInit:  - bUseHttpProxy = false  - Libcurl will NOT use HTTP proxy
[2015.11.08-01.13.17:838][  0]LogInit:  - bDontReuseConnections = false  - Libcurl will reuse connections
[2015.11.08-01.13.17:838][  0]LogInit:  - CertBundlePath = nullptr  - Libcurl will use whatever was configured at build time.
[2015.11.08-01.13.17:929][  0]LogInit: Presizing for 0 objects not considered by GC, pre-allocating 0 bytes.
[2015.11.08-01.13.17:942][  0]LogInit: Object subsystem initialized
[2015.11.08-01.13.17:944][  0]LogInit: Selected Device Profile: [Windows]
[2015.11.08-01.13.17:944][  0]LogInit: Applying CVar settings loaded from the selected device profile: [Windows]
[2015.11.08-01.13.17:975][  0]LogInit: Computer: HP-PC
[2015.11.08-01.13.17:975][  0]LogInit: User: Amber
[2015.11.08-01.13.17:975][  0]LogInit: CPU Page size=4096, Cores=4
[2015.11.08-01.13.17:975][  0]LogInit: High frequency timer resolution =14.318180 MHz
[2015.11.08-01.13.17:975][  0]LogMemory: Memory total: Physical=6.0GB (6GB approx)
[2015.11.08-01.13.17:975][  0]LogMemory: Platform Memory Stats for Windows
[2015.11.08-01.13.17:975][  0]LogMemory: Process Physical Memory: 54.46 MB used, 54.46 MB peak
[2015.11.08-01.13.17:975][  0]LogMemory: Process Virtual Memory: 55.26 MB used, 55.26 MB peak
[2015.11.08-01.13.17:975][  0]LogMemory: Physical Memory: 2077.54 MB used, 6141.22 MB total
[2015.11.08-01.13.17:975][  0]LogMemory: Virtual Memory: 364.00 MB used, 134217728.00 MB total
[2015.11.08-01.13.18:420][  0]LogTextLocalizationManager: No specific translations for ('en-US') exist, so ('en') translations will be used.
[2015.11.08-01.13.19:431][  0]LogD3D11RHI: Found D3D11 adapter 0: NVIDIA GeForce GTX 550 Ti (Feature Level 11_0)
[2015.11.08-01.13.19:431][  0]LogD3D11RHI: Adapter has 972MB of dedicated video memory, 0MB of dedicated system memory, and 3070MB of shared system memory, 1 output[s]
[2015.11.08-01.13.19:433][  0]LogD3D11RHI: Found D3D11 adapter 1: Microsoft Basic Render Driver (Feature Level 11_0)
[2015.11.08-01.13.19:433][  0]LogD3D11RHI: Adapter has 0MB of dedicated video memory, 0MB of dedicated system memory, and 3070MB of shared system memory, 0 output[s]
[2015.11.08-01.13.19:434][  0]LogD3D11RHI: Chosen D3D11 Adapter Id = 0
[2015.11.08-01.13.19:441][  0]LogD3D11RHI: !Direct3DDevice
[2015.11.08-01.13.19:442][  0]LogRHI: Texture pool is 680 MB (70% of 972 MB)
[2015.11.08-01.13.19:459][  0]LogD3D11RHI: Async texture creation enabled
[2015.11.08-01.13.19:481][  0]LogShaderCompilers: Guid format shader working directory is 15 characters bigger than the processId version (../../../../../../Users/Amber/Documents/Game Development/PonyKart-UE4/PonyKart Project Build/PonyKart/Intermediate/Shaders/WorkingDirectory/5820/).
[2015.11.08-01.13.19:481][  0]LogShaderCompilers: Cleaned the shader compiler working directory '../../../../../../Users/Amber/Documents/Game Development/PonyKart-UE4/PonyKart Project Build/PonyKart/Intermediate/Shaders/tmp/33AD751E445F1279BB1EC18D074CBB79/'.
[2015.11.08-01.13.19:481][  0]LogShaderCompilers:Display: Using Local Shader Compiler.
[2015.11.08-01.13.24:039][  0]LogTemp:Display: Loaded TP AllDesktopTargetPlatform
[2015.11.08-01.13.24:050][  0]LogTemp:Display: Loaded TP WindowsClientTargetPlatform
[2015.11.08-01.13.24:060][  0]LogTemp:Display: Loaded TP WindowsNoEditorTargetPlatform
[2015.11.08-01.13.24:069][  0]LogTemp:Display: Loaded TP WindowsServerTargetPlatform
[2015.11.08-01.13.24:079][  0]LogTemp:Display: Loaded TP WindowsTargetPlatform
[2015.11.08-01.13.24:089][  0]LogTemp:Display: Loaded TP AndroidTargetPlatform
[2015.11.08-01.13.24:097][  0]LogTemp:Display: Loaded TP Android_ASTCTargetPlatform
[2015.11.08-01.13.24:103][  0]LogTemp:Display: Loaded TP Android_ATCTargetPlatform
[2015.11.08-01.13.24:111][  0]LogTemp:Display: Loaded TP Android_DXTTargetPlatform
[2015.11.08-01.13.24:117][  0]LogTemp:Display: Loaded TP Android_ETC1TargetPlatform
[2015.11.08-01.13.24:124][  0]LogTemp:Display: Loaded TP Android_ETC2TargetPlatform
[2015.11.08-01.13.24:132][  0]LogTemp:Display: Loaded TP Android_PVRTCTargetPlatform
[2015.11.08-01.13.24:133][  0]LogTemp:Display: Loaded TP HTML5TargetPlatform
[2015.11.08-01.13.24:225][  0]LogTemp:Display: Loaded TP IOSTargetPlatform
[2015.11.08-01.13.24:231][  0]LogTemp:Display: Loaded TP LinuxNoEditorTargetPlatform
[2015.11.08-01.13.24:237][  0]LogTemp:Display: Loaded TP LinuxServerTargetPlatform
[2015.11.08-01.13.24:249][  0]LogTemp:Display: Loaded TP LinuxTargetPlatform
[2015.11.08-01.13.24:249][  0]LogTargetPlatformManager:Display: Building Assets For Windows
[2015.11.08-01.13.25:188][  0]LogDerivedDataCache:Display: Max Cache Size: 512 MB
[2015.11.08-01.13.25:936][  0]LogDerivedDataCache: Loaded boot cache 0.75s 41MB C:/Users/Amber/AppData/Local/UnrealEngine/4.9/DerivedDataCache/Boot.ddc.
[2015.11.08-01.13.25:936][  0]LogDerivedDataCache:Display: Loaded Boot cache: C:/Users/Amber/AppData/Local/UnrealEngine/4.9/DerivedDataCache/Boot.ddc
[2015.11.08-01.13.25:936][  0]LogDerivedDataCache: FDerivedDataBackendGraph:  Pak pak cache file ../../../../../../Users/Amber/Documents/Game Development/PonyKart-UE4/PonyKart Project Build/PonyKart/DerivedDataCache/DDC.ddp not found, will not use a pak cache.
[2015.11.08-01.13.25:936][  0]LogDerivedDataCache: Unable to find inner node Pak for hierarchical cache Hierarchy.
[2015.11.08-01.13.25:936][  0]LogDerivedDataCache: FDerivedDataBackendGraph:  CompressedPak pak cache file ../../../../../../Users/Amber/Documents/Game Development/PonyKart-UE4/PonyKart Project Build/PonyKart/DerivedDataCache/Compressed.ddp not found, will not use a pak cache.
[2015.11.08-01.13.25:936][  0]LogDerivedDataCache: Unable to find inner node CompressedPak for hierarchical cache Hierarchy.
[2015.11.08-01.13.26:207][  0]LogDerivedDataCache:Display: Pak cache opened for reading ../../../Engine/DerivedDataCache/Compressed.ddp.
[2015.11.08-01.13.26:301][  0]LogDerivedDataCache: Using Local data cache path C:/Users/Amber/AppData/Local/UnrealEngine/Common/DerivedDataCache: Writable
[2015.11.08-01.13.36:468][  0]LogInit: Selected Device Profile: [Windows]
[2015.11.08-01.13.36:474][  0]LogContentStreaming: Texture pool size is 0.000000MB
[2015.11.08-01.13.36:777][  0]LogMeshUtilities: No automatic mesh reduction module available
[2015.11.08-01.13.36:777][  0]LogMeshUtilities: No automatic mesh merging module available
[2015.11.08-01.13.37:932][  0]LogInit: WinSock: version 1.1 (2.2), MaxSocks=32767, MaxUdp=65467
[2015.11.08-01.13.48:966][  0]UdpMessaging: Initializing bridge on interface 0.0.0.0:0 to multicast group 230.0.0.1:6666.
[2015.11.08-01.13.49:514][  0]LogAssetRegistry: FAssetRegistry took 0.0119 seconds to start up
[2015.11.08-01.13.50:172][  0]SourceControl: Info Source control is disabled
[2015.11.08-01.13.53:375][  0]SourceControl: Info Source control is disabled
[2015.11.08-01.13.53:393][  0]SourceControl: Info Source control is disabled
[2015.11.08-01.13.53:411][  0]SourceControl: Info Source control is disabled
[2015.11.08-01.13.54:528][  0]LogLinker:Warning: Asset '../../../Engine/Plugins/Runtime/LeapMotionController/Content/LM_PassthroughMaterial.uasset' has been saved with empty engine version. The asset will be loaded but may be incompatible.
[2015.11.08-01.13.54:838][  0]LogObj: 28361 objects as part of root set at end of initial load.
[2015.11.08-01.13.54:838][  0]LogUObjectAllocator: 6038872 out of 0 bytes used by permanent object pool.
[2015.11.08-01.13.55:098][  0]LogEngine: Initializing Engine...
[2015.11.08-01.13.55:102][  0]LogHMD: Can't find Oculus library dev build: is proper Runtime installed? Version: 0.7.0.0
[2015.11.08-01.13.55:381][  0]LogHMD: SteamVR failed to initialize.  Err: 108
[2015.11.08-01.13.55:821][  0]LogAIModule: Creating AISystem for world NewWorld
[2015.11.08-01.13.55:837][  0]LogInit: XAudio2 using 'Headphones (Realtek High Definition Audio)' : 2 channels at 48 kHz using 32 bits per sample (channel mask 0x3)
[2015.11.08-01.13.55:854][  0]LogInit: FAudioDevice initialized.
[2015.11.08-01.13.55:899][  0]LogDerivedDataCache: Saved boot cache 0.04s 41MB C:/Users/Amber/AppData/Local/UnrealEngine/4.9/DerivedDataCache/Boot.ddc.
[2015.11.08-01.13.55:915][  0]LogInit: Texture streaming: Enabled
[2015.11.08-01.13.55:926][  0]LogAnalytics: Creating configured Analytics provider AnalyticsET
[2015.11.08-01.13.55:926][  0]LogAnalytics: [UEEditor.Rocket.Release] APIServer = http://et2.epicgames.com/ET2/. AppVersion = 4.9.2-2707645+++depot+UE4-Releases+4.9
[2015.11.08-01.13.55:926][  0]LogAnalytics: [UEEditor.Rocket.Release] SetUserId fe48c13c4235ff87278523820fd1a74f|128e7d1d796a429f9247afe84ab758e1|a78d9d35-53ca-49d3-80af-52a3ac8256d6
[2015.11.08-01.13.55:926][  0]LogAnalytics: [UEEditor.Rocket.Release] AnalyticsET::StartSession
[2015.11.08-01.13.56:102][  0]LogInit: Transaction tracking system initialized
[2015.11.08-01.13.56:154][  0]BlueprintLog: New page: Editor Load
[2015.11.08-01.13.56:453][  0]LocalizationService: Info Localization service is disabled
[2015.11.08-01.13.57:281][  0]LogLinker:Warning: Can't find file '/Game/VehicleBP/VehicleOverview'
[2015.11.08-01.13.57:281][  0]LogLinker:Warning: Can't find file '/Game/VehicleBP/VehicleOverview'
[2015.11.08-01.13.57:281][  0]LogUObjectGlobals:Warning: Failed to find object 'Class /Game/VehicleBP/VehicleOverview.VehicleOverview_C'
[2015.11.08-01.13.57:974][  0]LogConsoleResponse:Display: 
[2015.11.08-01.14.03:476][  0]LogCook:Display: Done creating registry. It took  0.00s.
[2015.11.08-01.14.04:202][  0]LogFileCache: Scanning file cache for directory 'C:/Users/Amber/Documents/Game Development/PonyKart-UE4/PonyKart Project Build/PonyKart/Content/' took 0.02s
[2015.11.08-01.14.04:202][  0]SourceControl: Info Source control is disabled
[2015.11.08-01.14.04:202][  0]Cmd: MAP LOAD FILE="../../../../../../Users/Amber/Documents/Game Development/PonyKart-UE4/PonyKart Project Build/PonyKart/Content/Maps/KartTestMap.umap" TEMPLATE=0 SHOWPROGRESS=1 FEATURELEVEL=3
[2015.11.08-01.14.04:297][  0]LightingResults: New page: Lighting Build
[2015.11.08-01.14.04:302][  0]MapCheck: New page: Map Check
[2015.11.08-01.14.04:302][  0]LightingResults: New page: Lighting Build
[2015.11.08-01.14.04:321][  0]LogParticles: Destroying 0 GPU particle simulations for FXSystem 0x0000008D5E4A6160
[2015.11.08-01.14.46:109][  0]LogAIModule: Creating AISystem for world KartTestMap
[2015.11.08-01.14.49:225][  0]LogEditorServer: Finished looking for orphan Actors (0.000 secs)
[2015.11.08-01.14.49:227][  0]Cmd: MAP CHECKDEP NOCLEARLOG
[2015.11.08-01.14.49:388][  0]MapCheck: Info Map check complete: 0 Error(s), 0 Warning(s), took 161.421ms to complete.
[2015.11.08-01.14.49:389][  0]LogFileHelpers: Loading map 'KartTestMap' took 45.187
[2015.11.08-01.14.49:912][  0]LogCollectionManager: Loaded 0 collections in 0.003816 seconds
[2015.11.08-01.14.49:963][  0]LogFileCache: Scanning file cache for directory 'C:/Users/Amber/Documents/Game Development/PonyKart-UE4/PonyKart Project Build/PonyKart/Saved/Collections/' took 0.01s
[2015.11.08-01.14.49:963][  0]LogFileCache: Scanning file cache for directory 'C:/Users/Amber/Documents/Game Development/PonyKart-UE4/PonyKart Project Build/PonyKart/Content/Developers/Amber/Collections/' took 0.01s
[2015.11.08-01.14.49:963][  0]LogFileCache: Scanning file cache for directory 'C:/Users/Amber/Documents/Game Development/PonyKart-UE4/PonyKart Project Build/PonyKart/Content/Collections/' took 0.01s
[2015.11.08-01.14.49:963][  0]LogContentBrowser: Native class hierarchy populated in 0.0134 seconds. Added 1867 classes and 333 folders.
[2015.11.08-01.14.50:011][  0]LogCollectionManager: Rebuilt the GUID cache for 0 collections in 0.000006 seconds
[2015.11.08-01.14.50:083][  0]LogContentBrowser: Native class hierarchy updated for 'WidgetCarousel' in 0.0005 seconds. Added 0 classes and 0 folders.
[2015.11.08-01.14.55:300][  0]LogContentBrowser: Native class hierarchy updated for 'AddContentDialog' in 0.0006 seconds. Added 0 classes and 0 folders.
[2015.11.08-01.14.55:528][  0]LogContentBrowser: Native class hierarchy updated for 'SceneOutliner' in 0.0006 seconds. Added 1 classes and 2 folders.
[2015.11.08-01.14.56:147][  0]LogCrashTracker: Crashtracker disabled due to settings.
[2015.11.08-01.14.56:322][  0]LogUObjectGlobals:Warning: Failed to find object 'Class None.'
[2015.11.08-01.14.56:615][  0]LogLoad: Full Startup: 100.53 seconds (BP compile: 0.51 seconds)
[2015.11.08-01.14.59:032][  0]LogContentStreaming: Texture pool size now 200 MB
[2015.11.08-01.14.59:255][  0]LogRenderer: Reallocating scene render targets to support 1308x640 (Frame:2).
[2015.11.08-01.14.59:809][  1]Cmd: UpdateLandscapeEditorData -warnings
[2015.11.08-01.15.02:746][  8]LogAssetRegistry: Asset discovery search completed in 73.2437 seconds
[2015.11.08-01.15.02:746][  8]LogCollectionManager: Rebuilt the object cache for 0 collections in 0.000002 seconds (found 0 objects)
[2015.11.08-01.15.02:746][  8]LogCollectionManager: Fixed up redirectors for 0 collections in 0.000037 seconds (updated 0 objects)
[2015.11.08-04.07.56:395][240]LogWindowsTextInputMethodSystem:Display: IME system now deactivated.
[2015.11.08-04.07.57:066][241]Cmd: QUIT_EDITOR
[2015.11.08-04.07.57:685][241]LogExit: Preparing to exit.
[2015.11.08-04.07.59:977][241]LogExit: Editor shut down
[2015.11.08-04.07.59:978][241]LogExit: Transaction tracking system shut down
[2015.11.08-04.08.01:601][241]LogParticles: Destroying 0 GPU particle simulations for FXSystem 0x0000008D6B5398A0
[2015.11.08-04.08.04:556][241]LogParticles: Destroying 0 GPU particle simulations for FXSystem 0x0000008D71B2F880
[2015.11.08-04.08.04:556][241]LogParticles: Destroying 0 GPU particle simulations for FXSystem 0x0000008D71DA16C0
[2015.11.08-04.08.04:556][241]LogParticles: Destroying 0 GPU particle simulations for FXSystem 0x0000008D71D04A40
[2015.11.08-04.08.04:556][241]LogExit: Object subsystem successfully closed.
[2015.11.08-04.08.04:851][241]LogD3D11RHI: Shutdown
[2015.11.08-04.08.04:851][241]LogD3D11RHI: CleanupD3DDevice
[2015.11.08-04.08.05:002][241]LogD3D11RHI: ~FD3D11DynamicRHI
[2015.11.08-04.08.05:821][241]LogModuleManager: Shutting down and abandoning module CrashTracker (197)
[2015.11.08-04.08.05:821][241]LogModuleManager: Shutting down and abandoning module SceneOutliner (196)
[2015.11.08-04.08.05:821][241]LogModuleManager: Shutting down and abandoning module SuperSearch (195)
[2015.11.08-04.08.05:821][241]LogModuleManager: Shutting down and abandoning module WidgetCarousel (194)
[2015.11.08-04.08.05:821][241]LogModuleManager: Shutting down and abandoning module AddContentDialog (193)
[2015.11.08-04.08.05:843][241]LogModuleManager: Shutting down and abandoning module EditorWidgets (192)
[2015.11.08-04.08.05:843][241]LogModuleManager: Shutting down and abandoning module CollectionManager (191)
[2015.11.08-04.08.05:852][241]LogModuleManager: Shutting down and abandoning module StatsViewer (190)
[2015.11.08-04.08.05:861][241]LogModuleManager: Shutting down and abandoning module FoliageEdit (189)
[2015.11.08-04.08.05:864][241]LogModuleManager: Shutting down and abandoning module LandscapeEditor (188)
[2015.11.08-04.08.05:888][241]LogModuleManager: Shutting down and abandoning module ActorPickerMode (187)
[2015.11.08-04.08.05:888][241]LogModuleManager: Shutting down and abandoning module GeometryMode (186)
[2015.11.08-04.08.05:888][241]LogModuleManager: Shutting down and abandoning module TextureAlignMode (185)
[2015.11.08-04.08.05:888][241]LogModuleManager: Shutting down and abandoning module BspMode (184)
[2015.11.08-04.08.05:888][241]LogModuleManager: Shutting down and abandoning module PlacementMode (183)
[2015.11.08-04.08.05:888][241]LogModuleManager: Shutting down and abandoning module AutomationWorker (182)
[2015.11.08-04.08.05:898][241]LogModuleManager: Shutting down and abandoning module CharacterAI (181)
[2015.11.08-04.08.05:898][241]LogModuleManager: Shutting down and abandoning module SmartSnapping (180)
[2015.11.08-04.08.05:898][241]LogModuleManager: Shutting down and abandoning module ViewportSnapping (179)
[2015.11.08-04.08.05:898][241]LogModuleManager: Shutting down and abandoning module LogVisualizer (178)
[2015.11.08-04.08.05:910][241]LogModuleManager: Shutting down and abandoning module GameProjectGeneration (177)
[2015.11.08-04.08.05:919][241]LogModuleManager: Shutting down and abandoning module IntroTutorials (176)
[2015.11.08-04.08.05:939][241]LogModuleManager: Shutting down and abandoning module EditorLiveStreaming (175)
[2015.11.08-04.08.05:939][241]LogModuleManager: Shutting down and abandoning module IOSPlatformEditor (174)
[2015.11.08-04.08.05:948][241]LogModuleManager: Shutting down and abandoning module HTML5PlatformEditor (173)
[2015.11.08-04.08.05:948][241]LogModuleManager: Shutting down and abandoning module AndroidDeviceDetection (172)
[2015.11.08-04.08.06:075][241]LogModuleManager: Shutting down and abandoning module AndroidPlatformEditor (171)
[2015.11.08-04.08.06:075][241]LogModuleManager: Shutting down and abandoning module IOSRuntimeSettings (170)
[2015.11.08-04.08.06:075][241]LogModuleManager: Shutting down and abandoning module AndroidRuntimeSettings (169)
[2015.11.08-04.08.06:075][241]LogModuleManager: Shutting down and abandoning module MergeActors (168)
[2015.11.08-04.08.06:126][241]LogModuleManager: Shutting down and abandoning module SizeMap (167)
[2015.11.08-04.08.06:126][241]LogModuleManager: Shutting down and abandoning module TreeMap (166)
[2015.11.08-04.08.06:193][241]LogModuleManager: Shutting down and abandoning module ReferenceViewer (165)
[2015.11.08-04.08.06:193][241]LogModuleManager: Shutting down and abandoning module LocalizationService (164)
[2015.11.08-04.08.06:230][241]LogModuleManager: Shutting down and abandoning module LocalizationDashboard (163)
[2015.11.08-04.08.06:275][241]LogModuleManager: Shutting down and abandoning module HardwareTargeting (162)
[2015.11.08-04.08.06:275][241]LogModuleManager: Shutting down and abandoning module DeviceProfileEditor (161)
[2015.11.08-04.08.06:275][241]LogModuleManager: Shutting down and abandoning module UndoHistory (160)
[2015.11.08-04.08.06:304][241]LogModuleManager: Shutting down and abandoning module GameplayTagsEditor (159)
[2015.11.08-04.08.06:304][241]LogModuleManager: Shutting down and abandoning module UserFeedback (158)
[2015.11.08-04.08.06:304][241]LogModuleManager: Shutting down and abandoning module XmlParser (157)
[2015.11.08-04.08.06:304][241]LogModuleManager: Shutting down and abandoning module Blutility (156)
[2015.11.08-04.08.06:304][241]LogModuleManager: Shutting down and abandoning module ProjectTargetPlatformEditor (155)
[2015.11.08-04.08.06:353][241]LogModuleManager: Shutting down and abandoning module ProjectSettingsViewer (154)
[2015.11.08-04.08.06:353][241]LogModuleManager: Shutting down and abandoning module InputBindingEditor (153)
[2015.11.08-04.08.06:414][241]LogModuleManager: Shutting down and abandoning module EditorSettingsViewer (152)
[2015.11.08-04.08.06:414][241]LogModuleManager: Shutting down and abandoning module SettingsEditor (151)
[2015.11.08-04.08.06:506][241]LogModuleManager: Shutting down and abandoning module ProjectLauncher (150)
[2015.11.08-04.08.06:535][241]LogModuleManager: Shutting down and abandoning module SessionFrontend (149)
[2015.11.08-04.08.06:547][241]LogModuleManager: Shutting down and abandoning module ProfilerClient (148)
[2015.11.08-04.08.06:581][241]LogModuleManager: Shutting down and abandoning module TargetDeviceServices (147)
[2015.11.08-04.08.06:581][241]LogModuleManager: Shutting down and abandoning module DeviceManager (146)
[2015.11.08-04.08.06:600][241]LogModuleManager: Shutting down and abandoning module AutomationController (145)
[2015.11.08-04.08.06:619][241]LogModuleManager: Shutting down and abandoning module AutomationWindow (144)
[2015.11.08-04.08.06:663][241]LogModuleManager: Shutting down and abandoning module Layers (143)
[2015.11.08-04.08.06:868][241]LogModuleManager: Shutting down and abandoning module ComponentVisualizers (142)
[2015.11.08-04.08.06:868][241]LogModuleManager: Shutting down and abandoning module DetailCustomizations (141)
[2015.11.08-04.08.06:915][241]LogModuleManager: Shutting down and abandoning module PackagesDialog (140)
[2015.11.08-04.08.06:915][241]LogModuleManager: Shutting down and abandoning module Persona (139)
[2015.11.08-04.08.07:022][241]LogModuleManager: Shutting down and abandoning module Kismet (138)
[2015.11.08-04.08.07:047][241]LogModuleManager: Shutting down and abandoning module GraphEditor (137)
[2015.11.08-04.08.07:047][241]LogModuleManager: Shutting down and abandoning module ClassViewer (136)
[2015.11.08-04.08.07:072][241]LogModuleManager: Shutting down and abandoning module Toolbox (135)
[2015.11.08-04.08.07:072][241]LogModuleManager: Shutting down and abandoning module ModuleUI (134)
[2015.11.08-04.08.07:121][241]LogModuleManager: Shutting down and abandoning module MovieSceneTools (133)
[2015.11.08-04.08.07:121][241]LogModuleManager: Shutting down and abandoning module OutputLog (132)
[2015.11.08-04.08.07:166][241]LogModuleManager: Shutting down and abandoning module GammaUI (131)
[2015.11.08-04.08.07:234][241]LogModuleManager: Shutting down and abandoning module Documentation (130)
[2015.11.08-04.08.07:234][241]LogModuleManager: Shutting down and abandoning module GameLiveStreaming (129)
[2015.11.08-04.08.07:291][241]LogModuleManager: Shutting down and abandoning module StreamingPauseRendering (128)
[2015.11.08-04.08.07:291][241]LogModuleManager: Shutting down and abandoning module AnalyticsET (127)
[2015.11.08-04.08.07:291][241]LogModuleManager: Shutting down and abandoning module Analytics (126)
[2015.11.08-04.08.07:291][241]LogModuleManager: Shutting down and abandoning module AITestSuite (125)
[2015.11.08-04.08.07:338][241]LogModuleManager: Shutting down and abandoning module GameplayDebugger (124)
[2015.11.08-04.08.07:338][241]LogModuleManager: Shutting down and abandoning module AIModule (123)
[2015.11.08-04.08.07:338][241]LogModuleManager: Shutting down and abandoning module ProfilerService (122)
[2015.11.08-04.08.07:453][241]LogModuleManager: Shutting down and abandoning module TaskGraph (121)
[2015.11.08-04.08.07:631][241]LogModuleManager: Shutting down and abandoning module SlateRemote (120)
[2015.11.08-04.08.07:631][241]LogModuleManager: Shutting down and abandoning module SteamVRController (119)
[2015.11.08-04.08.07:631][241]LogModuleManager: Shutting down and abandoning module SteamVR (118)
[2015.11.08-04.08.07:631][241]LogModuleManager: Shutting down and abandoning module ProceduralMeshComponent (117)
[2015.11.08-04.08.07:631][241]LogModuleManager: Shutting down and abandoning module OculusRift (116)
[2015.11.08-04.08.07:631][241]LogModuleManager: Shutting down and abandoning module OculusLibrary (115)
[2015.11.08-04.08.07:631][241]LogModuleManager: Shutting down and abandoning module LeapMotionController (114)
[2015.11.08-04.08.07:713][241]LogModuleManager: Shutting down and abandoning module CustomMeshComponent (113)
[2015.11.08-04.08.07:742][241]LogModuleManager: Shutting down and abandoning module CableComponent (112)
[2015.11.08-04.08.07:742][241]LogModuleManager: Shutting down and abandoning module ArchVisCharacter (111)
[2015.11.08-04.08.07:742][241]LogModuleManager: Shutting down and abandoning module MessagingDebugger (110)
[2015.11.08-04.08.07:753][241]LogModuleManager: Shutting down and abandoning module MediaPlayerEditor (109)
[2015.11.08-04.08.07:768][241]LogModuleManager: Shutting down and abandoning module HTML5Networking (108)
[2015.11.08-04.08.07:768][241]LogModuleManager: Shutting down and abandoning module SpeedTreeImporter (107)
[2015.11.08-04.08.07:768][241]LogModuleManager: Shutting down and abandoning module PluginBrowser (106)
[2015.11.08-04.08.07:784][241]LogModuleManager: Shutting down and abandoning module EpicSurvey (105)
[2015.11.08-04.08.07:784][241]LogModuleManager: Shutting down and abandoning module DesktopPlatform (104)
[2015.11.08-04.08.07:800][241]LogModuleManager: Shutting down and abandoning module VisualStudioSourceCodeAccess (103)
[2015.11.08-04.08.07:800][241]LogModuleManager: Shutting down and abandoning module UObjectPlugin (102)
[2015.11.08-04.08.07:800][241]LogModuleManager: Shutting down and abandoning module SubversionSourceControl (101)
[2015.11.08-04.08.07:809][241]LogModuleManager: Shutting down and abandoning module PerforceSourceControl (100)
[2015.11.08-04.08.08:135][241]LogModuleManager: Shutting down and abandoning module SourceControl (99)
[2015.11.08-04.08.08:172][241]LogModuleManager: Shutting down and abandoning module GitSourceControl (98)
[2015.11.08-04.08.08:201][241]LogModuleManager: Shutting down and abandoning module LightPropagationVolumeEditor (97)
[2015.11.08-04.08.08:201][241]LogModuleManager: Shutting down and abandoning module PaperTiledImporter (96)
[2015.11.08-04.08.08:220][241]LogModuleManager: Shutting down and abandoning module PaperSpriteSheetImporter (95)
[2015.11.08-04.08.08:231][241]LogModuleManager: Shutting down and abandoning module MeshPaint (94)
[2015.11.08-04.08.08:241][241]LogModuleManager: Shutting down and abandoning module SlateReflector (93)
[2015.11.08-04.08.08:263][241]LogModuleManager: Shutting down and abandoning module HotReload (92)
[2015.11.08-04.08.08:286][241]LogModuleManager: Shutting down and abandoning module MainFrame (91)
[2015.11.08-04.08.08:286][241]LogModuleManager: Shutting down and abandoning module LevelEditor (90)
[2015.11.08-04.08.08:298][241]LogModuleManager: Shutting down and abandoning module DirectoryWatcher (89)
[2015.11.08-04.08.08:303][241]LogModuleManager: Shutting down and abandoning module AssetRegistry (88)
[2015.11.08-04.08.08:453][241]LogModuleManager: Shutting down and abandoning module ContentBrowser (87)
[2015.11.08-04.08.08:455][241]LogModuleManager: Shutting down and abandoning module Paper2DEditor (86)
[2015.11.08-04.08.08:480][241]LogModuleManager: Shutting down and abandoning module UdpMessaging (85)
[2015.11.08-04.08.08:581][241]LogModuleManager: Shutting down and abandoning module LightPropagationVolumeRuntime (84)
[2015.11.08-04.08.08:581][241]LogModuleManager: Shutting down and abandoning module Paper2D (83)
[2015.11.08-04.08.08:614][241]LogModuleManager: Shutting down and abandoning module WindowsMoviePlayer (82)
[2015.11.08-04.08.08:654][241]LogModuleManager: Shutting down and abandoning module Media (81)
[2015.11.08-04.08.08:654][241]LogModuleManager: Shutting down and abandoning module WmfMedia (80)
[2015.11.08-04.08.08:654][241]LogModuleManager: Shutting down and abandoning module OnlineBlueprintSupport (79)
[2015.11.08-04.08.08:654][241]LogModuleManager: Shutting down and abandoning module GameplayTasksEditor (78)
[2015.11.08-04.08.08:654][241]LogModuleManager: Shutting down and abandoning module PropertyEditor (77)
[2015.11.08-04.08.08:654][241]LogModuleManager: Shutting down and abandoning module BehaviorTreeEditor (76)
[2015.11.08-04.08.08:675][241]LogModuleManager: Shutting down and abandoning module FunctionalTesting (75)
[2015.11.08-04.08.08:675][241]LogModuleManager: Shutting down and abandoning module CollisionAnalyzer (74)
[2015.11.08-04.08.08:685][241]LogModuleManager: Shutting down and abandoning module WorkspaceMenuStructure (73)
[2015.11.08-04.08.08:685][241]LogModuleManager: Shutting down and abandoning module MessageLog (72)
[2015.11.08-04.08.08:685][241]LogModuleManager: Shutting down and abandoning module Sequencer (71)
[2015.11.08-04.08.08:718][241]LogModuleManager: Shutting down and abandoning module AssetTools (70)
[2015.11.08-04.08.08:783][241]LogModuleManager: Shutting down and abandoning module UMGEditor (69)
[2015.11.08-04.08.08:813][241]LogModuleManager: Shutting down and abandoning module UMG (68)
[2015.11.08-04.08.08:817][241]LogModuleManager: Shutting down and abandoning module Slate (67)
[2015.11.08-04.08.08:817][241]LogModuleManager: Shutting down and abandoning module EditorStyle (66)
[2015.11.08-04.08.08:821][241]LogModuleManager: Shutting down and abandoning module SessionServices (65)
[2015.11.08-04.08.08:821][241]LogModuleManager: Shutting down and abandoning module SourceCodeAccess (64)
[2015.11.08-04.08.08:821][241]LogModuleManager: Shutting down and abandoning module HeadMountedDisplay (63)
[2015.11.08-04.08.08:821][241]LogModuleManager: Shutting down and abandoning module XAudio2 (62)
[2015.11.08-04.08.08:821][241]LogModuleManager: Shutting down and abandoning module Networking (60)
[2015.11.08-04.08.08:821][241]LogModuleManager: Shutting down and abandoning module Core (59)
[2015.11.08-04.08.08:821][241]LogModuleManager: Shutting down and abandoning module KismetCompiler (58)
[2015.11.08-04.08.08:821][241]LogModuleManager: Shutting down and abandoning module PhysXFormats (57)
[2015.11.08-04.08.08:821][241]LogModuleManager: Shutting down and abandoning module MeshUtilities (56)
[2015.11.08-04.08.08:832][241]LogModuleManager: Shutting down and abandoning module CookingStats (55)
[2015.11.08-04.08.08:838][241]LogModuleManager: Shutting down and abandoning module DerivedDataCache (54)
[2015.11.08-04.08.08:866][241]LogDerivedDataCache: Shutdown
[2015.11.08-04.08.08:866][241]LogModuleManager: Shutting down and abandoning module ShaderFormatOpenGL (53)
[2015.11.08-04.08.08:914][241]LogModuleManager: Shutting down and abandoning module ShaderFormatD3D (52)
[2015.11.08-04.08.08:914][241]LogModuleManager: Shutting down and abandoning module MetalShaderFormat (51)
[2015.11.08-04.08.08:935][241]LogModuleManager: Shutting down and abandoning module TextureFormatUncompressed (50)
[2015.11.08-04.08.08:935][241]LogModuleManager: Shutting down and abandoning module TextureFormatPVR (49)
[2015.11.08-04.08.08:935][241]LogModuleManager: Shutting down and abandoning module TextureFormatIntelISPCTexComp (48)
[2015.11.08-04.08.08:935][241]LogModuleManager: Shutting down and abandoning module TextureFormatDXT (47)
[2015.11.08-04.08.08:935][241]LogModuleManager: Shutting down and abandoning module ImageWrapper (46)
[2015.11.08-04.08.08:935][241]LogModuleManager: Shutting down and abandoning module TextureFormatASTC (45)
[2015.11.08-04.08.08:936][241]LogModuleManager: Shutting down and abandoning module TextureFormatAndroid (44)
[2015.11.08-04.08.08:936][241]LogModuleManager: Shutting down and abandoning module AudioFormatOpus (43)
[2015.11.08-04.08.08:951][241]LogModuleManager: Shutting down and abandoning module AudioFormatOgg (42)
[2015.11.08-04.08.08:951][241]LogModuleManager: Shutting down and abandoning module AudioFormatADPCM (41)
[2015.11.08-04.08.08:951][241]LogModuleManager: Shutting down and abandoning module LinuxTargetPlatform (40)
[2015.11.08-04.08.08:951][241]LogModuleManager: Shutting down and abandoning module LinuxServerTargetPlatform (39)
[2015.11.08-04.08.08:963][241]LogModuleManager: Shutting down and abandoning module LinuxNoEditorTargetPlatform (38)
[2015.11.08-04.08.08:985][241]LogModuleManager: Shutting down and abandoning module Messaging (37)
[2015.11.08-04.08.08:985][241]LogModuleManager: Shutting down and abandoning module IOSTargetPlatform (36)
[2015.11.08-04.08.08:985][241]LogModuleManager: Shutting down and abandoning module HTML5TargetPlatform (35)
[2015.11.08-04.08.08:985][241]LogModuleManager: Shutting down and abandoning module Android_PVRTCTargetPlatform (34)
[2015.11.08-04.08.08:991][241]LogModuleManager: Shutting down and abandoning module Android_ETC2TargetPlatform (33)
[2015.11.08-04.08.08:992][241]LogModuleManager: Shutting down and abandoning module Android_ETC1TargetPlatform (32)
[2015.11.08-04.08.08:996][241]LogModuleManager: Shutting down and abandoning module Android_DXTTargetPlatform (31)
[2015.11.08-04.08.09:003][241]LogModuleManager: Shutting down and abandoning module Android_ATCTargetPlatform (30)
[2015.11.08-04.08.09:010][241]LogModuleManager: Shutting down and abandoning module Android_ASTCTargetPlatform (29)
[2015.11.08-04.08.09:015][241]LogModuleManager: Shutting down and abandoning module AndroidTargetPlatform (28)
[2015.11.08-04.08.09:054][241]LogModuleManager: Shutting down and abandoning module WindowsTargetPlatform (27)
[2015.11.08-04.08.09:054][241]LogModuleManager: Shutting down and abandoning module WindowsServerTargetPlatform (26)
[2015.11.08-04.08.09:113][241]LogModuleManager: Shutting down and abandoning module WindowsNoEditorTargetPlatform (25)
[2015.11.08-04.08.09:172][241]LogModuleManager: Shutting down and abandoning module WindowsClientTargetPlatform (24)
[2015.11.08-04.08.09:172][241]LogModuleManager: Shutting down and abandoning module AllDesktopTargetPlatform (23)
[2015.11.08-04.08.09:173][241]LogModuleManager: Shutting down and abandoning module TargetPlatform (22)
[2015.11.08-04.08.09:173][241]LogModuleManager: Shutting down and abandoning module InputCore (21)
[2015.11.08-04.08.09:173][241]LogModuleManager: Shutting down and abandoning module Settings (20)
[2015.11.08-04.08.09:173][241]LogModuleManager: Shutting down and abandoning module OnlineSubsystem (18)
[2015.11.08-04.08.09:173][241]LogModuleManager: Shutting down and abandoning module HTTP (17)
[2015.11.08-04.08.11:177][241]LogModuleManager: Shutting down and abandoning module XMPP (16)
[2015.11.08-04.08.11:207][241]LogModuleManager: Shutting down and abandoning module ExampleDeviceProfileSelector (15)
[2015.11.08-04.08.11:207][241]LogModuleManager: Shutting down and abandoning module TextureCompressor (14)
[2015.11.08-04.08.11:256][241]LogModuleManager: Shutting down and abandoning module ShaderCore (13)
[2015.11.08-04.08.11:256][241]LogModuleManager: Shutting down and abandoning module Landscape (12)
[2015.11.08-04.08.11:256][241]LogModuleManager: Shutting down and abandoning module SlateRHIRenderer (11)
[2015.11.08-04.08.11:334][241]LogModuleManager: Shutting down and abandoning module OpenGLDrv (10)
[2015.11.08-04.08.11:344][241]LogModuleManager: Shutting down and abandoning module D3D11RHI (9)
[2015.11.08-04.08.11:344][241]LogModuleManager: Shutting down and abandoning module AnimGraphRuntime (8)
[2015.11.08-04.08.11:348][241]LogModuleManager: Shutting down and abandoning module Renderer (7)
[2015.11.08-04.08.11:348][241]LogModuleManager: Shutting down and abandoning module Engine (6)
[2015.11.08-04.08.11:348][241]LogModuleManager: Shutting down and abandoning module CoreUObject (5)
[2015.11.08-04.08.11:348][241]LogModuleManager: Shutting down and abandoning module NetworkFile (4)
[2015.11.08-04.08.11:351][241]LogModuleManager: Shutting down and abandoning module StreamingFile (3)
[2015.11.08-04.08.11:351][241]LogModuleManager: Shutting down and abandoning module SandboxFile (2)
[2015.11.08-04.08.11:355][241]LogModuleManager: Shutting down and abandoning module PakFile (1)
[2015.11.08-04.08.11:364][241]LogExit: Exiting.
[2015.11.08-04.08.11:373][241]Log file closed, 11/07/15 23:08:11
