[2015.10.04-01.49.12:465][  0]Log file open, 10/03/15 21:49:12
[2015.10.04-01.49.12:465][  0]LogInit:Display: Running engine for game: PonyKart
[2015.10.04-01.49.12:465][  0]LogInit:Display: RandInit(-1860841496) SRandInit(-1860841475).
[2015.10.04-01.49.12:465][  0]LogTaskGraph: Started task graph with 4 named threads and 7 total threads.
[2015.10.04-01.49.12:465][  0]LogStats: Stats thread started at 0.104508
[2015.10.04-01.49.12:465][  0]LogInit: Version: 4.9.2-2707645+++depot+UE4-Releases+4.9
[2015.10.04-01.49.12:465][  0]LogInit: API Version: 2672455
[2015.10.04-01.49.12:465][  0]LogInit: Compiled (64-bit): Sep 28 2015 10:25:44
[2015.10.04-01.49.12:465][  0]LogInit: Compiled with Visual C++: 18.00.21005.01
[2015.10.04-01.49.12:465][  0]LogInit: Build Configuration: Development
[2015.10.04-01.49.12:465][  0]LogInit: Branch Name: ++depot+UE4-Releases+4.9
[2015.10.04-01.49.12:465][  0]LogInit: Command line: 
[2015.10.04-01.49.12:465][  0]LogInit: Base directory: C:/Program Files/Epic Games/4.9/Engine/Binaries/Win64/
[2015.10.04-01.49.12:465][  0]LogInit: Rocket: 1
[2015.10.04-01.49.12:479][  0]LogInit: Using libcurl 7.41.0
[2015.10.04-01.49.12:479][  0]LogInit:  - built for x86_64-pc-win32
[2015.10.04-01.49.12:479][  0]LogInit:  - supports SSL with WinSSL
[2015.10.04-01.49.12:479][  0]LogInit:  - other features:
[2015.10.04-01.49.12:479][  0]LogInit:      CURL_VERSION_SSL
[2015.10.04-01.49.12:479][  0]LogInit:      CURL_VERSION_IPV6
[2015.10.04-01.49.12:479][  0]LogInit:      CURL_VERSION_ASYNCHDNS
[2015.10.04-01.49.12:479][  0]LogInit:      CURL_VERSION_LARGEFILE
[2015.10.04-01.49.12:479][  0]LogInit:      CURL_VERSION_IDN
[2015.10.04-01.49.12:479][  0]LogInit:  CurlRequestOptions (configurable via config and command line):
[2015.10.04-01.49.12:479][  0]LogInit:  - bVerifyPeer = true  - Libcurl will verify peer certificate
[2015.10.04-01.49.12:479][  0]LogInit:  - bUseHttpProxy = false  - Libcurl will NOT use HTTP proxy
[2015.10.04-01.49.12:479][  0]LogInit:  - bDontReuseConnections = false  - Libcurl will reuse connections
[2015.10.04-01.49.12:480][  0]LogInit:  - CertBundlePath = nullptr  - Libcurl will use whatever was configured at build time.
[2015.10.04-01.49.12:492][  0]LogInit: Presizing for 0 objects not considered by GC, pre-allocating 0 bytes.
[2015.10.04-01.49.12:504][  0]LogInit: Object subsystem initialized
[2015.10.04-01.49.12:507][  0]LogInit: Selected Device Profile: [Windows]
[2015.10.04-01.49.12:507][  0]LogInit: Applying CVar settings loaded from the selected device profile: [Windows]
[2015.10.04-01.49.12:555][  0]LogInit: Computer: HP-PC
[2015.10.04-01.49.12:555][  0]LogInit: User: Amber
[2015.10.04-01.49.12:555][  0]LogInit: CPU Page size=4096, Cores=4
[2015.10.04-01.49.12:555][  0]LogInit: High frequency timer resolution =14.318180 MHz
[2015.10.04-01.49.12:555][  0]LogMemory: Memory total: Physical=6.0GB (6GB approx)
[2015.10.04-01.49.12:555][  0]LogMemory: Platform Memory Stats for Windows
[2015.10.04-01.49.12:555][  0]LogMemory: Process Physical Memory: 53.89 MB used, 53.89 MB peak
[2015.10.04-01.49.12:555][  0]LogMemory: Process Virtual Memory: 57.27 MB used, 57.27 MB peak
[2015.10.04-01.49.12:555][  0]LogMemory: Physical Memory: 3099.95 MB used, 6141.22 MB total
[2015.10.04-01.49.12:555][  0]LogMemory: Virtual Memory: 366.95 MB used, 134217728.00 MB total
[2015.10.04-01.49.12:612][  0]LogTextLocalizationManager: No specific translations for ('en-US') exist, so ('en') translations will be used.
[2015.10.04-01.49.13:719][  0]LogD3D11RHI: Found D3D11 adapter 0: NVIDIA GeForce GTX 550 Ti (Feature Level 11_0)
[2015.10.04-01.49.13:719][  0]LogD3D11RHI: Adapter has 972MB of dedicated video memory, 0MB of dedicated system memory, and 3070MB of shared system memory, 2 output[s]
[2015.10.04-01.49.13:722][  0]LogD3D11RHI: Found D3D11 adapter 1: Microsoft Basic Render Driver (Feature Level 11_0)
[2015.10.04-01.49.13:722][  0]LogD3D11RHI: Adapter has 0MB of dedicated video memory, 0MB of dedicated system memory, and 3070MB of shared system memory, 0 output[s]
[2015.10.04-01.49.13:722][  0]LogD3D11RHI: Chosen D3D11 Adapter Id = 0
[2015.10.04-01.49.13:730][  0]LogD3D11RHI: !Direct3DDevice
[2015.10.04-01.49.13:730][  0]LogRHI: Texture pool is 680 MB (70% of 972 MB)
[2015.10.04-01.49.13:759][  0]LogD3D11RHI: Async texture creation enabled
[2015.10.04-01.49.13:781][  0]LogShaderCompilers: Guid format shader working directory is 14 characters bigger than the processId version (../../../../../../Users/Amber/Documents/Game Development/PonyKart-UE4/PonyKart Project Build/PonyKart/Intermediate/Shaders/WorkingDirectory/12116/).
[2015.10.04-01.49.13:827][  0]LogShaderCompilers: Cleaned the shader compiler working directory '../../../../../../Users/Amber/Documents/Game Development/PonyKart-UE4/PonyKart Project Build/PonyKart/Intermediate/Shaders/tmp/3B056A9146E0F62EBA5F8AA2118069DF/'.
[2015.10.04-01.49.13:827][  0]LogShaderCompilers:Display: Using Local Shader Compiler.
[2015.10.04-01.49.16:495][  0]LogTemp:Display: Loaded TP AllDesktopTargetPlatform
[2015.10.04-01.49.16:505][  0]LogTemp:Display: Loaded TP WindowsClientTargetPlatform
[2015.10.04-01.49.16:515][  0]LogTemp:Display: Loaded TP WindowsNoEditorTargetPlatform
[2015.10.04-01.49.16:524][  0]LogTemp:Display: Loaded TP WindowsServerTargetPlatform
[2015.10.04-01.49.16:534][  0]LogTemp:Display: Loaded TP WindowsTargetPlatform
[2015.10.04-01.49.16:544][  0]LogTemp:Display: Loaded TP AndroidTargetPlatform
[2015.10.04-01.49.16:551][  0]LogTemp:Display: Loaded TP Android_ASTCTargetPlatform
[2015.10.04-01.49.16:558][  0]LogTemp:Display: Loaded TP Android_ATCTargetPlatform
[2015.10.04-01.49.16:565][  0]LogTemp:Display: Loaded TP Android_DXTTargetPlatform
[2015.10.04-01.49.16:571][  0]LogTemp:Display: Loaded TP Android_ETC1TargetPlatform
[2015.10.04-01.49.16:577][  0]LogTemp:Display: Loaded TP Android_ETC2TargetPlatform
[2015.10.04-01.49.16:584][  0]LogTemp:Display: Loaded TP Android_PVRTCTargetPlatform
[2015.10.04-01.49.16:585][  0]LogTemp:Display: Loaded TP HTML5TargetPlatform
[2015.10.04-01.49.16:612][  0]LogTemp:Display: Loaded TP IOSTargetPlatform
[2015.10.04-01.49.16:619][  0]LogTemp:Display: Loaded TP LinuxNoEditorTargetPlatform
[2015.10.04-01.49.16:625][  0]LogTemp:Display: Loaded TP LinuxServerTargetPlatform
[2015.10.04-01.49.16:635][  0]LogTemp:Display: Loaded TP LinuxTargetPlatform
[2015.10.04-01.49.16:635][  0]LogTargetPlatformManager:Display: Building Assets For Windows
[2015.10.04-01.49.16:776][  0]LogDerivedDataCache:Display: Max Cache Size: 512 MB
[2015.10.04-01.49.21:814][  0]LogDerivedDataCache: Loaded boot cache 5.04s 44MB C:/Users/Amber/AppData/Local/UnrealEngine/4.9/DerivedDataCache/Boot.ddc.
[2015.10.04-01.49.21:814][  0]LogDerivedDataCache:Display: Loaded Boot cache: C:/Users/Amber/AppData/Local/UnrealEngine/4.9/DerivedDataCache/Boot.ddc
[2015.10.04-01.49.21:814][  0]LogDerivedDataCache: FDerivedDataBackendGraph:  Pak pak cache file ../../../../../../Users/Amber/Documents/Game Development/PonyKart-UE4/PonyKart Project Build/PonyKart/DerivedDataCache/DDC.ddp not found, will not use a pak cache.
[2015.10.04-01.49.21:814][  0]LogDerivedDataCache: Unable to find inner node Pak for hierarchical cache Hierarchy.
[2015.10.04-01.49.21:814][  0]LogDerivedDataCache: FDerivedDataBackendGraph:  CompressedPak pak cache file ../../../../../../Users/Amber/Documents/Game Development/PonyKart-UE4/PonyKart Project Build/PonyKart/DerivedDataCache/Compressed.ddp not found, will not use a pak cache.
[2015.10.04-01.49.21:814][  0]LogDerivedDataCache: Unable to find inner node CompressedPak for hierarchical cache Hierarchy.
[2015.10.04-01.49.22:007][  0]LogDerivedDataCache:Display: Pak cache opened for reading ../../../Engine/DerivedDataCache/Compressed.ddp.
[2015.10.04-01.49.22:019][  0]LogDerivedDataCache: Using Local data cache path C:/Users/Amber/AppData/Local/UnrealEngine/Common/DerivedDataCache: Writable
[2015.10.04-01.49.22:336][  0]LogInit: Selected Device Profile: [Windows]
[2015.10.04-01.49.22:340][  0]LogContentStreaming: Texture pool size is 0.000000MB
[2015.10.04-01.49.22:617][  0]LogMeshUtilities: No automatic mesh reduction module available
[2015.10.04-01.49.22:617][  0]LogMeshUtilities: No automatic mesh merging module available
[2015.10.04-01.49.22:712][  0]LogEnum:Warning: Enum Text 2 for Enum EViewModeIndex failed to resolve to any value
[2015.10.04-01.49.24:819][  0]LogInit: WinSock: version 1.1 (2.2), MaxSocks=32767, MaxUdp=65467
[2015.10.04-01.49.42:906][  0]UdpMessaging: Initializing bridge on interface 0.0.0.0:0 to multicast group 230.0.0.1:6666.
[2015.10.04-01.49.43:550][  0]LogAssetRegistry: FAssetRegistry took 0.0117 seconds to start up
[2015.10.04-01.49.44:281][  0]SourceControl: Info Source control is disabled
[2015.10.04-01.49.44:350][  0]SourceControl: Info Source control is disabled
[2015.10.04-01.49.44:367][  0]SourceControl: Info Source control is disabled
[2015.10.04-01.49.44:385][  0]SourceControl: Info Source control is disabled
[2015.10.04-01.49.44:893][  0]LogLinker:Warning: Asset '../../../Engine/Plugins/Runtime/LeapMotionController/Content/LM_PassthroughMaterial.uasset' has been saved with empty engine version. The asset will be loaded but may be incompatible.
[2015.10.04-01.49.45:036][  0]LogObj: 28361 objects as part of root set at end of initial load.
[2015.10.04-01.49.45:036][  0]LogUObjectAllocator: 6038872 out of 0 bytes used by permanent object pool.
[2015.10.04-01.49.45:169][  0]LogEngine: Initializing Engine...
[2015.10.04-01.49.45:175][  0]LogHMD: Can't find Oculus library dev build: is proper Runtime installed? Version: 0.7.0.0
[2015.10.04-01.49.45:189][  0]LogHMD: SteamVR failed to initialize.  Err: 108
[2015.10.04-01.49.45:821][  0]LogAIModule: Creating AISystem for world NewWorld
[2015.10.04-01.49.45:833][  0]LogInit: XAudio2 using 'Headphones (Realtek High Definition Audio)' : 2 channels at 48 kHz using 32 bits per sample (channel mask 0x3)
[2015.10.04-01.49.45:847][  0]LogInit: FAudioDevice initialized.
[2015.10.04-01.49.45:891][  0]LogDerivedDataCache: Saved boot cache 0.04s 41MB C:/Users/Amber/AppData/Local/UnrealEngine/4.9/DerivedDataCache/Boot.ddc.
[2015.10.04-01.49.45:906][  0]LogInit: Texture streaming: Enabled
[2015.10.04-01.49.45:915][  0]LogAnalytics: Creating configured Analytics provider AnalyticsET
[2015.10.04-01.49.45:915][  0]LogAnalytics: [UEEditor.Rocket.Release] APIServer = http://et2.epicgames.com/ET2/. AppVersion = 4.9.2-2707645+++depot+UE4-Releases+4.9
[2015.10.04-01.49.45:915][  0]LogAnalytics: [UEEditor.Rocket.Release] SetUserId fe48c13c4235ff87278523820fd1a74f|128e7d1d796a429f9247afe84ab758e1|a78d9d35-53ca-49d3-80af-52a3ac8256d6
[2015.10.04-01.49.45:916][  0]LogAnalytics: [UEEditor.Rocket.Release] AnalyticsET::StartSession
[2015.10.04-01.49.45:972][  0]LogInit: Transaction tracking system initialized
[2015.10.04-01.49.46:022][  0]BlueprintLog: New page: Editor Load
[2015.10.04-01.49.46:195][  0]LocalizationService: Info Localization service is disabled
[2015.10.04-01.49.46:950][  0]LogConsoleResponse:Display: 
[2015.10.04-01.49.48:446][  0]LogFileCache: Scanning file cache for directory 'C:/Users/Amber/Documents/Game Development/PonyKart-UE4/PonyKart Project Build/PonyKart/Content/' took 0.04s
[2015.10.04-01.49.48:446][  0]LogCook:Display: Done creating registry. It took  0.00s.
[2015.10.04-01.49.48:736][  0]SourceControl: Info Source control is disabled
[2015.10.04-01.49.48:736][  0]Cmd: MAP LOAD FILE="../../../Engine/Content/Maps/Templates/Template_Default.umap" TEMPLATE=1 SHOWPROGRESS=1 FEATURELEVEL=3
[2015.10.04-01.49.48:737][  0]LightingResults: New page: Lighting Build
[2015.10.04-01.49.48:742][  0]MapCheck: New page: Map Check
[2015.10.04-01.49.48:742][  0]LightingResults: New page: Lighting Build
[2015.10.04-01.49.48:759][  0]LogParticles: Destroying 0 GPU particle simulations for FXSystem 0x0000005AE5842160
[2015.10.04-01.49.49:287][  0]LogAIModule: Creating AISystem for world Untitled_1
[2015.10.04-01.49.49:424][  0]LogEditorServer: Finished looking for orphan Actors (0.000 secs)
[2015.10.04-01.49.49:433][  0]Cmd: MAP CHECKDEP NOCLEARLOG
[2015.10.04-01.49.49:518][  0]MapCheck: Info Map check complete: 0 Error(s), 0 Warning(s), took 84.583ms to complete.
[2015.10.04-01.49.49:518][  0]LogFileHelpers: Loading map 'Template_Default' took 0.782
[2015.10.04-01.49.52:210][  0]LogCollectionManager: Loaded 0 collections in 0.003758 seconds
[2015.10.04-01.49.52:297][  0]LogFileCache: Scanning file cache for directory 'C:/Users/Amber/Documents/Game Development/PonyKart-UE4/PonyKart Project Build/PonyKart/Saved/Collections/' took 0.01s
[2015.10.04-01.49.52:297][  0]LogFileCache: Scanning file cache for directory 'C:/Users/Amber/Documents/Game Development/PonyKart-UE4/PonyKart Project Build/PonyKart/Content/Developers/Amber/Collections/' took 0.01s
[2015.10.04-01.49.52:297][  0]LogFileCache: Scanning file cache for directory 'C:/Users/Amber/Documents/Game Development/PonyKart-UE4/PonyKart Project Build/PonyKart/Content/Collections/' took 0.01s
[2015.10.04-01.49.52:297][  0]LogContentBrowser: Native class hierarchy populated in 0.0134 seconds. Added 1867 classes and 333 folders.
[2015.10.04-01.49.52:439][  0]LogCollectionManager: Rebuilt the GUID cache for 0 collections in 0.000005 seconds
[2015.10.04-01.49.52:972][  0]LogContentBrowser: Native class hierarchy updated for 'WidgetCarousel' in 0.0005 seconds. Added 0 classes and 0 folders.
[2015.10.04-01.49.57:780][  0]LogContentBrowser: Native class hierarchy updated for 'AddContentDialog' in 0.0005 seconds. Added 0 classes and 0 folders.
[2015.10.04-01.49.58:098][  0]LogContentBrowser: Native class hierarchy updated for 'SceneOutliner' in 0.0006 seconds. Added 1 classes and 2 folders.
[2015.10.04-01.50.05:674][  0]LogCrashTracker: Crashtracker disabled due to settings.
[2015.10.04-01.50.07:426][  0]LogUObjectGlobals:Warning: Failed to find object 'Class None.'
[2015.10.04-01.50.07:659][  0]LogLoad: Full Startup: 56.90 seconds (BP compile: 0.19 seconds)
[2015.10.04-01.50.13:279][  0]LogContentStreaming: Texture pool size now 1000 MB
[2015.10.04-01.50.16:143][  0]LogRenderer: Reallocating scene render targets to support 1460x680 (Frame:2).
[2015.10.04-01.50.17:775][  5]LogAssetRegistry: Asset discovery search completed in 34.2372 seconds
[2015.10.04-01.50.17:776][  5]LogCollectionManager: Rebuilt the object cache for 0 collections in 0.000002 seconds (found 0 objects)
[2015.10.04-01.50.17:776][  5]LogCollectionManager: Fixed up redirectors for 0 collections in 0.000042 seconds (updated 0 objects)
[2015.10.04-02.01.41:495][660]LogEditorFactories: Performing atomic reimport of [C:/Users/Amber/Documents/Game Development/PonyKart-UE4/PonyKart Development Assets/Model assets/Tracks and track assets/Cloudsdale/CloudsdaleTrackUE Export.fbx]
[2015.10.04-02.01.41:815][660]LogFbx: Loading FBX Scene from C:/Users/Amber/Documents/Game Development/PonyKart-UE4/PonyKart Development Assets/Model assets/Tracks and track assets/Cloudsdale/CloudsdaleTrackUE Export.fbx
[2015.10.04-02.01.41:909][660]LogFbx: FBX Scene Loaded Succesfully
[2015.10.04-02.01.42:171][660]LogFbx:Warning: Warning Warning: No smoothing group information was found in this FBX scene.  Please make sure to enable the 'Export Smoothing Groups' option in the FBX Exporter plug-in before exporting the file.  Even for tools that don't support smoothing groups, the FBX Exporter will generate appropriate smoothing data at export-time so that correct vertex normals can be inferred while importing.
[2015.10.04-02.01.42:350][660]LogFbx:Warning: Triangulating static mesh FactoryGlass
[2015.10.04-02.01.42:707][660]LogFbx:Warning: Triangulating static mesh Clouds
[2015.10.04-02.02.28:965][660]LogFbx:Warning: Triangulating static mesh Columns
[2015.10.04-02.02.30:730][660]LogFbx:Warning: Triangulating static mesh Base
[2015.10.04-02.02.31:734][660]LogFbx:Warning: Triangulating static mesh Buildings Base
[2015.10.04-02.02.34:299][660]LogFbx:Warning: Triangulating static mesh OverArches
[2015.10.04-02.02.34:995][660]LogFbx:Warning: Triangulating static mesh Ramps
[2015.10.04-02.02.35:020][660]LogFbx:Warning: Triangulating static mesh ColumnClouds
[2015.10.04-02.02.35:296][660]LogFbx:Warning: Triangulating static mesh Factory
[2015.10.04-02.02.36:717][660]LogFbx:Warning: Triangulating static mesh Plane.001
[2015.10.04-02.02.37:772][660]LogFbx:Warning: Triangulating static mesh Road
[2015.10.04-02.02.45:129][660]LogStaticMesh: Building static mesh CloudsdaleTrackUE_Export...
[2015.10.04-02.02.48:555][660]LogStaticMesh: Built static mesh [3.501972.2s] /Game/Models/CD/CloudsdaleTrackUE_Export.CloudsdaleTrackUE_Export
[2015.10.04-02.02.49:088][660]LogStaticMesh:Warning: CloudsdaleTrackUE_Export has degenerate tangent bases which will result in incorrect shading. 
[2015.10.04-02.02.49:089][660]LogFbx:Warning: Warning CloudsdaleTrackUE_Export has degenerate tangent bases which will result in incorrect shading. 
[2015.10.04-02.02.49:267][660]LogEditorFactories: -- imported successfully
[2015.10.04-02.02.50:341][661]LogFileHelpers: Editor autosave (incl. sublevels) for '/Temp/Untitled_1' took 0.072
[2015.10.04-02.02.50:482][661]OBJ SavePackage: Generating thumbnails for [1] asset(s) in package [/Game/Models/CD/CloudsdaleTrackUE_Export] ([1] browsable assets)...
[2015.10.04-02.02.50:520][661]OBJ SavePackage:     Rendered thumbnail for [StaticMesh /Game/Models/CD/CloudsdaleTrackUE_Export.CloudsdaleTrackUE_Export]
[2015.10.04-02.02.50:520][661]OBJ SavePackage: Finished generating thumbnails for package [/Game/Models/CD/CloudsdaleTrackUE_Export]
[2015.10.04-02.02.50:855][661]LogSavePackage: Save=166.751709ms
[2015.10.04-02.02.50:855][661]LogSavePackage: Moving '../../../../../../Users/Amber/Documents/Game Development/PonyKart-UE4/PonyKart Project Build/PonyKart/Saved/CloudsdaleTrackUE_Export_Auto1999E975C43B583C3845BF6ADE7AAE951.tmp' to '../../../../../../Users/Amber/Documents/Game Development/PonyKart-UE4/PonyKart Project Build/PonyKart/Saved/Autosaves/Game/Models/CD/CloudsdaleTrackUE_Export_Auto1.uasset'
[2015.10.04-02.02.50:914][661]LogSavePackage: Total save time: 360.906135ms
[2015.10.04-02.02.50:914][661]LogSavePackage:Warning: Finished SavePackage ../../../../../../Users/Amber/Documents/Game Development/PonyKart-UE4/PonyKart Project Build/PonyKart/Saved/Autosaves/Game/Models/CD/CloudsdaleTrackUE_Export_Auto1.uasset
[2015.10.04-02.02.50:914][661]LogFileHelpers: Auto-saving content packages took 0.572
[2015.10.04-02.03.32:301][963]LogAIModule: Creating AISystem for world Test
[2015.10.04-02.03.36:511][963]Cmd: MAP LOAD FILE="../../../../../../Users/Amber/Documents/Game Development/PonyKart-UE4/PonyKart Project Build/PonyKart/Content/Levels/Test.umap" TEMPLATE=0 SHOWPROGRESS=1 FEATURELEVEL=3
[2015.10.04-02.03.36:512][963]LightingResults: New page: Lighting Build
[2015.10.04-02.03.36:591][963]LoadErrors: New page: Loading map: Test.umap
[2015.10.04-02.03.36:640][963]MapCheck: New page: Map Check
[2015.10.04-02.03.36:640][963]LightingResults: New page: Lighting Build
[2015.10.04-02.03.36:658][963]LogParticles: Destroying 0 GPU particle simulations for FXSystem 0x0000005AD55C4360
[2015.10.04-02.03.37:196][963]LogEditorServer: Finished looking for orphan Actors (0.000 secs)
[2015.10.04-02.03.37:257][963]Cmd: MAP CHECKDEP NOCLEARLOG
[2015.10.04-02.03.37:346][963]MapCheck: Info Map check complete: 0 Error(s), 0 Warning(s), took 89.325ms to complete.
[2015.10.04-02.03.37:346][963]LogFileHelpers: Loading map 'Test' took 0.838
[2015.10.04-02.03.44:774][311]LogEditorViewport: Clicking on Actor (LMB): StaticMeshActor (CloudsdaleTrackUE_Export)
[2015.10.04-02.03.46:878][312]LogEditorViewport: Clicking on Actor (LMB): StaticMeshActor (CloudsdaleTrackUE_Export)
[2015.10.04-02.03.47:434][334]Cmd: DELETE
[2015.10.04-02.03.47:434][334]Cmd: ACTOR DELETE
[2015.10.04-02.03.47:780][334]LogEditorActor: Deleted Actor: StaticMeshActor
[2015.10.04-02.03.47:934][334]LogEditorActor: Deleted 1 Actors (0.195 secs)
[2015.10.04-02.04.06:841][974]LogFactory: FactoryCreateBinary: StaticMesh with FbxFactory (0 0 ../../../../../../Users/Amber/Documents/Game Development/PonyKart-UE4/PonyKart Development Assets/Model assets/Tracks and track assets/Cloudsdale/CloudsdaleTrackUE Export.fbx)
[2015.10.04-02.04.06:887][974]LogFbx: ItemName: GlobalSettings, ItemCount : 1
[2015.10.04-02.04.06:888][974]LogFbx: ItemName: NodeAttribute, ItemCount : 1
[2015.10.04-02.04.06:888][974]LogFbx: ItemName: Geometry, ItemCount : 11
[2015.10.04-02.04.06:888][974]LogFbx: ItemName: Model, ItemCount : 12
[2015.10.04-02.04.06:888][974]LogFbx: ItemName: Material, ItemCount : 6
[2015.10.04-02.04.06:897][974]LogFbx: Loading FBX Scene from ../../../../../../Users/Amber/Documents/Game Development/PonyKart-UE4/PonyKart Development Assets/Model assets/Tracks and track assets/Cloudsdale/CloudsdaleTrackUE Export.fbx
[2015.10.04-02.04.06:979][974]LogFbx: FBX Scene Loaded Succesfully
[2015.10.04-02.04.13:767][974]LogFbx: Loading FBX Scene from ../../../../../../Users/Amber/Documents/Game Development/PonyKart-UE4/PonyKart Development Assets/Model assets/Tracks and track assets/Cloudsdale/CloudsdaleTrackUE Export.fbx
[2015.10.04-02.04.13:850][974]LogFbx: FBX Scene Loaded Succesfully
[2015.10.04-02.04.13:854][974]LogFbx:Warning: Triangulating static mesh FactoryGlass
[2015.10.04-02.04.14:111][974]LogFbx:Warning: Triangulating static mesh Clouds
[2015.10.04-02.05.01:003][974]LogFbx:Warning: Triangulating static mesh Columns
[2015.10.04-02.05.02:718][974]LogFbx:Warning: Triangulating static mesh Base
[2015.10.04-02.05.03:671][974]LogFbx:Warning: Triangulating static mesh Buildings Base
[2015.10.04-02.05.06:004][974]LogFbx:Warning: Triangulating static mesh OverArches
[2015.10.04-02.05.06:569][974]LogFbx:Warning: Triangulating static mesh Ramps
[2015.10.04-02.05.06:594][974]LogFbx:Warning: Triangulating static mesh ColumnClouds
[2015.10.04-02.05.06:847][974]LogFbx:Warning: Triangulating static mesh Factory
[2015.10.04-02.05.07:980][974]LogFbx:Warning: Triangulating static mesh Plane.001
[2015.10.04-02.05.08:933][974]LogFbx:Warning: Triangulating static mesh Road
[2015.10.04-02.05.15:838][974]LogStaticMesh: Building static mesh CloudsdaleTrackUE_Export...
[2015.10.04-02.05.19:131][974]LogStaticMesh: Built static mesh [3.331290.2s] /Game/Models/CD/CloudsdaleTrackUE_Export.CloudsdaleTrackUE_Export
[2015.10.04-02.05.19:625][974]LogStaticMesh:Warning: CloudsdaleTrackUE_Export has degenerate tangent bases which will result in incorrect shading. 
[2015.10.04-02.05.19:707][974]FBXImport:Warning: Warning Warning: No smoothing group information was found in this FBX scene.  Please make sure to enable the 'Export Smoothing Groups' option in the FBX Exporter plug-in before exporting the file.  Even for tools that don't support smoothing groups, the FBX Exporter will generate appropriate smoothing data at export-time so that correct vertex normals can be inferred while importing. 
[2015.10.04-02.05.19:707][974]FBXImport:Warning: Warning CloudsdaleTrackUE_Export has degenerate tangent bases which will result in incorrect shading.  
[2015.10.04-02.07.36:724][  3]LogActorFactory: Actor Factory created CloudsdaleTrackUE_Export
[2015.10.04-02.07.37:703][ 35]LogActorFactory: Actor Factory created CloudsdaleTrackUE_Export
[2015.10.04-02.08.39:687][793]LogFactory: FactoryCreateBinary: StaticMesh with FbxFactory (0 0 ../../../../../../Users/Amber/Documents/Game Development/PonyKart-UE4/PonyKart Development Assets/Model assets/Tracks and track assets/Cloudsdale/CloudsdaleTrackUE Export.fbx)
[2015.10.04-02.08.39:708][793]LogFbx: ItemName: GlobalSettings, ItemCount : 1
[2015.10.04-02.08.39:708][793]LogFbx: ItemName: NodeAttribute, ItemCount : 2
[2015.10.04-02.08.39:708][793]LogFbx: ItemName: Geometry, ItemCount : 28
[2015.10.04-02.08.39:708][793]LogFbx: ItemName: Model, ItemCount : 30
[2015.10.04-02.08.39:708][793]LogFbx: ItemName: Material, ItemCount : 6
[2015.10.04-02.08.39:716][793]LogFbx: Loading FBX Scene from ../../../../../../Users/Amber/Documents/Game Development/PonyKart-UE4/PonyKart Development Assets/Model assets/Tracks and track assets/Cloudsdale/CloudsdaleTrackUE Export.fbx
[2015.10.04-02.08.39:831][793]LogFbx: FBX Scene Loaded Succesfully
[2015.10.04-02.08.43:834][793]LogFbx: Loading FBX Scene from ../../../../../../Users/Amber/Documents/Game Development/PonyKart-UE4/PonyKart Development Assets/Model assets/Tracks and track assets/Cloudsdale/CloudsdaleTrackUE Export.fbx
[2015.10.04-02.08.43:950][793]LogFbx: FBX Scene Loaded Succesfully
[2015.10.04-02.08.43:956][793]LogFbx:Warning: Triangulating static mesh Mball.000
[2015.10.04-02.08.52:598][793]LogFbx:Warning: Triangulating static mesh Mball.001
[2015.10.04-02.08.59:176][793]LogFbx:Warning: Triangulating static mesh Buildings Base.003
[2015.10.04-02.08.59:863][793]LogFbx:Warning: Triangulating static mesh Buildings Base.002
[2015.10.04-02.09.00:512][793]LogFbx:Warning: Triangulating static mesh Buildings Base.001
[2015.10.04-02.09.01:205][793]LogFbx:Warning: Triangulating static mesh Factory.005
[2015.10.04-02.09.01:213][793]LogFbx:Warning: Triangulating static mesh Factory.004
[2015.10.04-02.09.01:341][793]LogFbx:Warning: Triangulating static mesh Factory.003
[2015.10.04-02.09.01:643][793]LogFbx:Warning: Triangulating static mesh Factory.002
[2015.10.04-02.09.01:943][793]LogFbx:Warning: Triangulating static mesh Factory.001
[2015.10.04-02.09.02:242][793]LogFbx:Warning: Triangulating static mesh Clouds.006
[2015.10.04-02.09.03:344][793]LogFbx:Warning: Triangulating static mesh Clouds.005
[2015.10.04-02.09.09:171][793]LogFbx:Warning: Triangulating static mesh Clouds.004
[2015.10.04-02.09.11:704][793]LogFbx:Warning: Triangulating static mesh Clouds.003
[2015.10.04-02.09.23:269][793]LogFbx:Warning: Triangulating static mesh Clouds.002
[2015.10.04-02.09.35:274][793]LogFbx:Warning: Triangulating static mesh Clouds.001
[2015.10.04-02.09.45:941][793]LogFbx:Warning: Triangulating static mesh FactoryGlass
[2015.10.04-02.09.46:202][793]LogFbx:Warning: Triangulating static mesh Clouds
[2015.10.04-02.09.52:211][793]LogFbx:Warning: Triangulating static mesh Columns
[2015.10.04-02.09.54:035][793]LogFbx:Warning: Triangulating static mesh Base
[2015.10.04-02.09.54:923][793]LogFbx:Warning: Triangulating static mesh Buildings Base
[2015.10.04-02.09.55:543][793]LogFbx:Warning: Triangulating static mesh OverArches
[2015.10.04-02.09.56:156][793]LogFbx:Warning: Triangulating static mesh Ramps
[2015.10.04-02.09.56:184][793]LogFbx:Warning: Triangulating static mesh Factory
[2015.10.04-02.09.56:334][793]LogFbx:Warning: Triangulating static mesh Plane.001
[2015.10.04-02.09.57:326][793]LogFbx:Warning: Triangulating static mesh Road
[2015.10.04-02.10.04:572][793]LogStaticMesh: Building static mesh CloudsdaleTrackUE_Export...
[2015.10.04-02.10.10:229][793]LogStaticMesh: Built static mesh [5.655820.2s] /Game/Models/CD/CloudsdaleTrackUE_Export.CloudsdaleTrackUE_Export
[2015.10.04-02.10.10:976][793]FBXImport:Warning: Warning Warning: No smoothing group information was found in this FBX scene.  Please make sure to enable the 'Export Smoothing Groups' option in the FBX Exporter plug-in before exporting the file.  Even for tools that don't support smoothing groups, the FBX Exporter will generate appropriate smoothing data at export-time so that correct vertex normals can be inferred while importing. 
[2015.10.04-02.10.18:054][932]LogActorFactory: Actor Factory created CloudsdaleTrackUE_Export
[2015.10.04-02.10.18:702][968]LogActorFactory: Actor Factory created CloudsdaleTrackUE_Export
[2015.10.04-02.10.53:679][674]MapCheck: New page: Map Check
[2015.10.04-02.10.53:867][674]Cmd: MAP REBUILD ALLVISIBLE
[2015.10.04-02.10.53:890][674]LogEditorServer: Rebuildmap Clear paths rebuilt
[2015.10.04-02.10.54:127][674]LightingResults: New page: Lighting Build - Oct 3, 2015, 6:10:54 PM
[2015.10.04-02.11.10:166][674]LightingResults:Warning: Performance Warning No importance volume found and the scene is so large that the automatically synthesized volume will not yield good results.  Please add a tightly bounding lightmass importance volume to optimize your scene's quality and lighting build times.
[2015.10.04-02.11.10:167][674]LogStaticLightingSystem: Running Lightmass w/ ImmediateImport mode ENABLED
[2015.10.04-02.11.10:167][674]LogStaticLightingSystem: Running Lightmass w/ ImmediateProcess mode ENABLED
[2015.10.04-02.11.10:168][674]LogStaticLightingSystem: Running Lightmass w/ Sorting mode ENABLED
[2015.10.04-02.11.10:168][674]LogStaticLightingSystem: Running Lightmass w/ Mapping paddings ENABLED
[2015.10.04-02.11.10:168][674]LogStaticLightingSystem: Running Lightmass w/ Mapping debug paddings DISABLED
[2015.10.04-02.11.11:628][674]LogEditorBuildUtils: Build time 0:00:17
[2015.10.04-02.11.19:729][696]Job is a success!
[2015.10.04-02.11.19:730][696]LightingResults:Error: Error CloudsdaleTrackUE_Export Object has overlapping UVs.
[2015.10.04-02.11.19:730][696]LightingResults: Info CloudsdaleTrackUE_Export Lightmap UV are overlapping by 63.0%. Please adjust content - Enable Error Coloring to visualize.
[2015.10.04-02.11.20:264][697]LogTexture:Display: Building textures: SkyOcclusion1_1 (AutoDXT)
[2015.10.04-02.11.20:369][697]LogTexture:Display: Building textures: LQ_Lightmap_1_1 (DXT1)
[2015.10.04-02.11.20:405][697]LogTexture:Display: Building textures: HQ_Lightmap1_1 (AutoDXT)
[2015.10.04-02.11.20:477][697]LogTexture:Display: Building textures: ShadowMapTexture2D_1 (G8)
[2015.10.04-02.11.20:980][697]Lightmass on HP-PC: 7.04 sec total, 481 ms importing, 253 ms setup, 1.92 sec photons, 4.06 sec processing, 0 ms extra exporting [3/3 mappings]. Threads: 16.2 sec total, 3.36 sec processing.
[2015.10.04-02.11.21:139][697]LogStaticLightingSystem: Illumination: 26.6 sec (236 ms encoding lightmaps)
[2015.10.04-02.11.21:139][697]LogStaticLightingSystem: Lightmap texture memory:  0.0 MB (0.0 MB streaming, 0.0 MB non-streaming), 2 textures
[2015.10.04-02.11.21:139][697]LogStaticLightingSystem: Shadowmap texture memory: 0.0 MB (0.0 MB streaming, 0.0 MB non-streaming), 1 textures
[2015.10.04-02.11.27:183][698]Cmd: MAP CHECK NOTIFYRESULTS
[2015.10.04-02.11.27:184][698]MapCheck: New page: Test - Oct 3, 2015, 6:11:27 PM
[2015.10.04-02.11.27:275][698]MapCheck:Error: Error CloudsdaleTrackUE_Export_4 Component is a static type but has invalid lightmap settings!  Indirect lighting will be black.  Common causes are lightmap resolution of 0, LightmapCoordinateIndex out of bounds. 
[2015.10.04-02.11.27:275][698]MapCheck:Warning: Warning CloudsdaleTrackUE_Export_4 Static mesh actor has NULL StaticMesh property 
[2015.10.04-02.11.27:311][698]MapCheck:Warning: Warning CloudsdaleTrackUE_Export_4 Static mesh actor has NULL StaticMesh property 
[2015.10.04-02.11.27:391][698]MapCheck:Warning: Performance Warning Fluttershy SkeletalMeshActor 'No_SkeletalMesh' casts shadow but has no PhysicsAsset assigned.  The shadow will be low res and inefficient 
[2015.10.04-02.11.27:391][698]MapCheck:Warning: Warning Fluttershy Skeletal mesh actor has NULL SkeletalMesh property 
[2015.10.04-02.11.27:391][698]MapCheck:Warning: Performance Warning TwilightSparkle SkeletalMeshActor '/Game/Models/Characters/TwilightSparkle/TwilightSparkle.TwilightSparkle' casts shadow but has no PhysicsAsset assigned.  The shadow will be low res and inefficient 
[2015.10.04-02.11.27:500][698]MapCheck: Info Map check complete: 1 Error(s), 5 Warning(s), took 316.989ms to complete.
[2015.10.04-02.12.16:660][831]LogWindowsTextInputMethodSystem:Display: IME system now deactivated.
[2015.10.04-02.12.17:240][832]Cmd: QUIT_EDITOR
[2015.10.04-02.12.17:652][832]LogExit: Preparing to exit.
[2015.10.04-02.12.18:143][832]LogExit: Editor shut down
[2015.10.04-02.12.18:143][832]LogExit: Transaction tracking system shut down
[2015.10.04-02.12.18:146][832]LogParticles: Destroying 0 GPU particle simulations for FXSystem 0x0000005AEFDC47C0
[2015.10.04-02.12.18:146][832]LogParticles: Destroying 0 GPU particle simulations for FXSystem 0x0000005AE0BB6F20
[2015.10.04-02.12.18:146][832]LogParticles: Destroying 0 GPU particle simulations for FXSystem 0x0000005AEFE5D260
[2015.10.04-02.12.18:369][832]LogParticles: Destroying 0 GPU particle simulations for FXSystem 0x0000005AF7B08220
[2015.10.04-02.12.18:369][832]LogExit: Object subsystem successfully closed.
[2015.10.04-02.12.18:389][832]LogD3D11RHI: Shutdown
[2015.10.04-02.12.18:389][832]LogD3D11RHI: CleanupD3DDevice
[2015.10.04-02.12.18:540][832]LogD3D11RHI: ~FD3D11DynamicRHI
[2015.10.04-02.12.18:567][832]LogModuleManager: Shutting down and abandoning module CrashTracker (197)
[2015.10.04-02.12.18:567][832]LogModuleManager: Shutting down and abandoning module SceneOutliner (196)
[2015.10.04-02.12.18:567][832]LogModuleManager: Shutting down and abandoning module SuperSearch (195)
[2015.10.04-02.12.18:567][832]LogModuleManager: Shutting down and abandoning module WidgetCarousel (194)
[2015.10.04-02.12.18:567][832]LogModuleManager: Shutting down and abandoning module AddContentDialog (193)
[2015.10.04-02.12.18:591][832]LogModuleManager: Shutting down and abandoning module EditorWidgets (192)
[2015.10.04-02.12.18:591][832]LogModuleManager: Shutting down and abandoning module CollectionManager (191)
[2015.10.04-02.12.18:591][832]LogModuleManager: Shutting down and abandoning module StatsViewer (190)
[2015.10.04-02.12.18:591][832]LogModuleManager: Shutting down and abandoning module FoliageEdit (189)
[2015.10.04-02.12.18:591][832]LogModuleManager: Shutting down and abandoning module LandscapeEditor (188)
[2015.10.04-02.12.18:591][832]LogModuleManager: Shutting down and abandoning module ActorPickerMode (187)
[2015.10.04-02.12.18:591][832]LogModuleManager: Shutting down and abandoning module GeometryMode (186)
[2015.10.04-02.12.18:591][832]LogModuleManager: Shutting down and abandoning module TextureAlignMode (185)
[2015.10.04-02.12.18:591][832]LogModuleManager: Shutting down and abandoning module BspMode (184)
[2015.10.04-02.12.18:591][832]LogModuleManager: Shutting down and abandoning module PlacementMode (183)
[2015.10.04-02.12.18:591][832]LogModuleManager: Shutting down and abandoning module AutomationWorker (182)
[2015.10.04-02.12.18:591][832]LogModuleManager: Shutting down and abandoning module CharacterAI (181)
[2015.10.04-02.12.18:591][832]LogModuleManager: Shutting down and abandoning module SmartSnapping (180)
[2015.10.04-02.12.18:591][832]LogModuleManager: Shutting down and abandoning module ViewportSnapping (179)
[2015.10.04-02.12.18:591][832]LogModuleManager: Shutting down and abandoning module LogVisualizer (178)
[2015.10.04-02.12.18:592][832]LogModuleManager: Shutting down and abandoning module GameProjectGeneration (177)
[2015.10.04-02.12.18:592][832]LogModuleManager: Shutting down and abandoning module IntroTutorials (176)
[2015.10.04-02.12.18:621][832]LogModuleManager: Shutting down and abandoning module EditorLiveStreaming (175)
[2015.10.04-02.12.18:621][832]LogModuleManager: Shutting down and abandoning module IOSPlatformEditor (174)
[2015.10.04-02.12.18:621][832]LogModuleManager: Shutting down and abandoning module HTML5PlatformEditor (173)
[2015.10.04-02.12.18:621][832]LogModuleManager: Shutting down and abandoning module AndroidDeviceDetection (172)
[2015.10.04-02.12.18:993][832]LogModuleManager: Shutting down and abandoning module AndroidPlatformEditor (171)
[2015.10.04-02.12.18:993][832]LogModuleManager: Shutting down and abandoning module IOSRuntimeSettings (170)
[2015.10.04-02.12.18:993][832]LogModuleManager: Shutting down and abandoning module AndroidRuntimeSettings (169)
[2015.10.04-02.12.18:993][832]LogModuleManager: Shutting down and abandoning module MergeActors (168)
[2015.10.04-02.12.18:993][832]LogModuleManager: Shutting down and abandoning module SizeMap (167)
[2015.10.04-02.12.18:993][832]LogModuleManager: Shutting down and abandoning module TreeMap (166)
[2015.10.04-02.12.18:993][832]LogModuleManager: Shutting down and abandoning module ReferenceViewer (165)
[2015.10.04-02.12.18:993][832]LogModuleManager: Shutting down and abandoning module LocalizationService (164)
[2015.10.04-02.12.18:993][832]LogModuleManager: Shutting down and abandoning module LocalizationDashboard (163)
[2015.10.04-02.12.18:993][832]LogModuleManager: Shutting down and abandoning module HardwareTargeting (162)
[2015.10.04-02.12.18:993][832]LogModuleManager: Shutting down and abandoning module DeviceProfileEditor (161)
[2015.10.04-02.12.18:993][832]LogModuleManager: Shutting down and abandoning module UndoHistory (160)
[2015.10.04-02.12.18:993][832]LogModuleManager: Shutting down and abandoning module GameplayTagsEditor (159)
[2015.10.04-02.12.18:993][832]LogModuleManager: Shutting down and abandoning module UserFeedback (158)
[2015.10.04-02.12.18:993][832]LogModuleManager: Shutting down and abandoning module XmlParser (157)
[2015.10.04-02.12.18:993][832]LogModuleManager: Shutting down and abandoning module Blutility (156)
[2015.10.04-02.12.18:993][832]LogModuleManager: Shutting down and abandoning module ProjectTargetPlatformEditor (155)
[2015.10.04-02.12.18:993][832]LogModuleManager: Shutting down and abandoning module ProjectSettingsViewer (154)
[2015.10.04-02.12.18:993][832]LogModuleManager: Shutting down and abandoning module InputBindingEditor (153)
[2015.10.04-02.12.18:993][832]LogModuleManager: Shutting down and abandoning module EditorSettingsViewer (152)
[2015.10.04-02.12.18:994][832]LogModuleManager: Shutting down and abandoning module SettingsEditor (151)
[2015.10.04-02.12.18:994][832]LogModuleManager: Shutting down and abandoning module ProjectLauncher (150)
[2015.10.04-02.12.18:994][832]LogModuleManager: Shutting down and abandoning module SessionFrontend (149)
[2015.10.04-02.12.18:994][832]LogModuleManager: Shutting down and abandoning module ProfilerClient (148)
[2015.10.04-02.12.18:994][832]LogModuleManager: Shutting down and abandoning module TargetDeviceServices (147)
[2015.10.04-02.12.18:994][832]LogModuleManager: Shutting down and abandoning module DeviceManager (146)
[2015.10.04-02.12.18:994][832]LogModuleManager: Shutting down and abandoning module AutomationController (145)
[2015.10.04-02.12.18:994][832]LogModuleManager: Shutting down and abandoning module AutomationWindow (144)
[2015.10.04-02.12.18:994][832]LogModuleManager: Shutting down and abandoning module Layers (143)
[2015.10.04-02.12.18:994][832]LogModuleManager: Shutting down and abandoning module ComponentVisualizers (142)
[2015.10.04-02.12.18:994][832]LogModuleManager: Shutting down and abandoning module DetailCustomizations (141)
[2015.10.04-02.12.18:994][832]LogModuleManager: Shutting down and abandoning module PackagesDialog (140)
[2015.10.04-02.12.18:994][832]LogModuleManager: Shutting down and abandoning module Persona (139)
[2015.10.04-02.12.18:994][832]LogModuleManager: Shutting down and abandoning module Kismet (138)
[2015.10.04-02.12.18:994][832]LogModuleManager: Shutting down and abandoning module GraphEditor (137)
[2015.10.04-02.12.18:994][832]LogModuleManager: Shutting down and abandoning module ClassViewer (136)
[2015.10.04-02.12.18:994][832]LogModuleManager: Shutting down and abandoning module Toolbox (135)
[2015.10.04-02.12.18:994][832]LogModuleManager: Shutting down and abandoning module ModuleUI (134)
[2015.10.04-02.12.18:994][832]LogModuleManager: Shutting down and abandoning module MovieSceneTools (133)
[2015.10.04-02.12.18:994][832]LogModuleManager: Shutting down and abandoning module OutputLog (132)
[2015.10.04-02.12.18:994][832]LogModuleManager: Shutting down and abandoning module GammaUI (131)
[2015.10.04-02.12.18:994][832]LogModuleManager: Shutting down and abandoning module Documentation (130)
[2015.10.04-02.12.18:995][832]LogModuleManager: Shutting down and abandoning module GameLiveStreaming (129)
[2015.10.04-02.12.18:995][832]LogModuleManager: Shutting down and abandoning module StreamingPauseRendering (128)
[2015.10.04-02.12.18:995][832]LogModuleManager: Shutting down and abandoning module AnalyticsET (127)
[2015.10.04-02.12.18:995][832]LogModuleManager: Shutting down and abandoning module Analytics (126)
[2015.10.04-02.12.18:995][832]LogModuleManager: Shutting down and abandoning module AITestSuite (125)
[2015.10.04-02.12.18:995][832]LogModuleManager: Shutting down and abandoning module GameplayDebugger (124)
[2015.10.04-02.12.18:995][832]LogModuleManager: Shutting down and abandoning module AIModule (123)
[2015.10.04-02.12.18:995][832]LogModuleManager: Shutting down and abandoning module ProfilerService (122)
[2015.10.04-02.12.19:090][832]LogModuleManager: Shutting down and abandoning module TaskGraph (121)
[2015.10.04-02.12.19:090][832]LogModuleManager: Shutting down and abandoning module SlateRemote (120)
[2015.10.04-02.12.19:090][832]LogModuleManager: Shutting down and abandoning module SteamVRController (119)
[2015.10.04-02.12.19:090][832]LogModuleManager: Shutting down and abandoning module SteamVR (118)
[2015.10.04-02.12.19:090][832]LogModuleManager: Shutting down and abandoning module ProceduralMeshComponent (117)
[2015.10.04-02.12.19:090][832]LogModuleManager: Shutting down and abandoning module OculusRift (116)
[2015.10.04-02.12.19:090][832]LogModuleManager: Shutting down and abandoning module OculusLibrary (115)
[2015.10.04-02.12.19:090][832]LogModuleManager: Shutting down and abandoning module LeapMotionController (114)
[2015.10.04-02.12.19:108][832]LogModuleManager: Shutting down and abandoning module CustomMeshComponent (113)
[2015.10.04-02.12.19:108][832]LogModuleManager: Shutting down and abandoning module CableComponent (112)
[2015.10.04-02.12.19:108][832]LogModuleManager: Shutting down and abandoning module ArchVisCharacter (111)
[2015.10.04-02.12.19:108][832]LogModuleManager: Shutting down and abandoning module MessagingDebugger (110)
[2015.10.04-02.12.19:108][832]LogModuleManager: Shutting down and abandoning module MediaPlayerEditor (109)
[2015.10.04-02.12.19:108][832]LogModuleManager: Shutting down and abandoning module HTML5Networking (108)
[2015.10.04-02.12.19:108][832]LogModuleManager: Shutting down and abandoning module SpeedTreeImporter (107)
[2015.10.04-02.12.19:108][832]LogModuleManager: Shutting down and abandoning module PluginBrowser (106)
[2015.10.04-02.12.19:108][832]LogModuleManager: Shutting down and abandoning module EpicSurvey (105)
[2015.10.04-02.12.19:108][832]LogModuleManager: Shutting down and abandoning module DesktopPlatform (104)
[2015.10.04-02.12.19:108][832]LogModuleManager: Shutting down and abandoning module VisualStudioSourceCodeAccess (103)
[2015.10.04-02.12.19:108][832]LogModuleManager: Shutting down and abandoning module UObjectPlugin (102)
[2015.10.04-02.12.19:108][832]LogModuleManager: Shutting down and abandoning module SubversionSourceControl (101)
[2015.10.04-02.12.19:108][832]LogModuleManager: Shutting down and abandoning module PerforceSourceControl (100)
[2015.10.04-02.12.19:108][832]LogModuleManager: Shutting down and abandoning module SourceControl (99)
[2015.10.04-02.12.19:109][832]LogModuleManager: Shutting down and abandoning module GitSourceControl (98)
[2015.10.04-02.12.19:109][832]LogModuleManager: Shutting down and abandoning module LightPropagationVolumeEditor (97)
[2015.10.04-02.12.19:109][832]LogModuleManager: Shutting down and abandoning module PaperTiledImporter (96)
[2015.10.04-02.12.19:109][832]LogModuleManager: Shutting down and abandoning module PaperSpriteSheetImporter (95)
[2015.10.04-02.12.19:109][832]LogModuleManager: Shutting down and abandoning module MeshPaint (94)
[2015.10.04-02.12.19:109][832]LogModuleManager: Shutting down and abandoning module SlateReflector (93)
[2015.10.04-02.12.19:109][832]LogModuleManager: Shutting down and abandoning module HotReload (92)
[2015.10.04-02.12.19:109][832]LogModuleManager: Shutting down and abandoning module MainFrame (91)
[2015.10.04-02.12.19:109][832]LogModuleManager: Shutting down and abandoning module LevelEditor (90)
[2015.10.04-02.12.19:110][832]LogModuleManager: Shutting down and abandoning module DirectoryWatcher (89)
[2015.10.04-02.12.19:112][832]LogModuleManager: Shutting down and abandoning module AssetRegistry (88)
[2015.10.04-02.12.19:238][832]LogModuleManager: Shutting down and abandoning module ContentBrowser (87)
[2015.10.04-02.12.19:239][832]LogModuleManager: Shutting down and abandoning module Paper2DEditor (86)
[2015.10.04-02.12.19:239][832]LogModuleManager: Shutting down and abandoning module UdpMessaging (85)
[2015.10.04-02.12.19:340][832]LogModuleManager: Shutting down and abandoning module LightPropagationVolumeRuntime (84)
[2015.10.04-02.12.19:340][832]LogModuleManager: Shutting down and abandoning module Paper2D (83)
[2015.10.04-02.12.19:340][832]LogModuleManager: Shutting down and abandoning module WindowsMoviePlayer (82)
[2015.10.04-02.12.19:344][832]LogModuleManager: Shutting down and abandoning module Media (81)
[2015.10.04-02.12.19:344][832]LogModuleManager: Shutting down and abandoning module WmfMedia (80)
[2015.10.04-02.12.19:344][832]LogModuleManager: Shutting down and abandoning module OnlineBlueprintSupport (79)
[2015.10.04-02.12.19:344][832]LogModuleManager: Shutting down and abandoning module GameplayTasksEditor (78)
[2015.10.04-02.12.19:344][832]LogModuleManager: Shutting down and abandoning module PropertyEditor (77)
[2015.10.04-02.12.19:344][832]LogModuleManager: Shutting down and abandoning module BehaviorTreeEditor (76)
[2015.10.04-02.12.19:344][832]LogModuleManager: Shutting down and abandoning module FunctionalTesting (75)
[2015.10.04-02.12.19:344][832]LogModuleManager: Shutting down and abandoning module CollisionAnalyzer (74)
[2015.10.04-02.12.19:344][832]LogModuleManager: Shutting down and abandoning module WorkspaceMenuStructure (73)
[2015.10.04-02.12.19:344][832]LogModuleManager: Shutting down and abandoning module MessageLog (72)
[2015.10.04-02.12.19:344][832]LogModuleManager: Shutting down and abandoning module Sequencer (71)
[2015.10.04-02.12.19:344][832]LogModuleManager: Shutting down and abandoning module AssetTools (70)
[2015.10.04-02.12.19:344][832]LogModuleManager: Shutting down and abandoning module UMGEditor (69)
[2015.10.04-02.12.19:345][832]LogModuleManager: Shutting down and abandoning module UMG (68)
[2015.10.04-02.12.19:345][832]LogModuleManager: Shutting down and abandoning module Slate (67)
[2015.10.04-02.12.19:345][832]LogModuleManager: Shutting down and abandoning module EditorStyle (66)
[2015.10.04-02.12.19:348][832]LogModuleManager: Shutting down and abandoning module SessionServices (65)
[2015.10.04-02.12.19:348][832]LogModuleManager: Shutting down and abandoning module SourceCodeAccess (64)
[2015.10.04-02.12.19:348][832]LogModuleManager: Shutting down and abandoning module HeadMountedDisplay (63)
[2015.10.04-02.12.19:348][832]LogModuleManager: Shutting down and abandoning module XAudio2 (62)
[2015.10.04-02.12.19:348][832]LogModuleManager: Shutting down and abandoning module Networking (60)
[2015.10.04-02.12.19:348][832]LogModuleManager: Shutting down and abandoning module Core (59)
[2015.10.04-02.12.19:348][832]LogModuleManager: Shutting down and abandoning module KismetCompiler (58)
[2015.10.04-02.12.19:348][832]LogModuleManager: Shutting down and abandoning module PhysXFormats (57)
[2015.10.04-02.12.19:348][832]LogModuleManager: Shutting down and abandoning module MeshUtilities (56)
[2015.10.04-02.12.19:348][832]LogModuleManager: Shutting down and abandoning module CookingStats (55)
[2015.10.04-02.12.19:349][832]LogModuleManager: Shutting down and abandoning module DerivedDataCache (54)
[2015.10.04-02.12.19:370][832]LogDerivedDataCache: Shutdown
[2015.10.04-02.12.19:370][832]LogModuleManager: Shutting down and abandoning module ShaderFormatOpenGL (53)
[2015.10.04-02.12.19:370][832]LogModuleManager: Shutting down and abandoning module ShaderFormatD3D (52)
[2015.10.04-02.12.19:370][832]LogModuleManager: Shutting down and abandoning module MetalShaderFormat (51)
[2015.10.04-02.12.19:370][832]LogModuleManager: Shutting down and abandoning module TextureFormatUncompressed (50)
[2015.10.04-02.12.19:370][832]LogModuleManager: Shutting down and abandoning module TextureFormatPVR (49)
[2015.10.04-02.12.19:370][832]LogModuleManager: Shutting down and abandoning module TextureFormatIntelISPCTexComp (48)
[2015.10.04-02.12.19:370][832]LogModuleManager: Shutting down and abandoning module TextureFormatDXT (47)
[2015.10.04-02.12.19:370][832]LogModuleManager: Shutting down and abandoning module ImageWrapper (46)
[2015.10.04-02.12.19:370][832]LogModuleManager: Shutting down and abandoning module TextureFormatASTC (45)
[2015.10.04-02.12.19:370][832]LogModuleManager: Shutting down and abandoning module TextureFormatAndroid (44)
[2015.10.04-02.12.19:370][832]LogModuleManager: Shutting down and abandoning module AudioFormatOpus (43)
[2015.10.04-02.12.19:370][832]LogModuleManager: Shutting down and abandoning module AudioFormatOgg (42)
[2015.10.04-02.12.19:370][832]LogModuleManager: Shutting down and abandoning module AudioFormatADPCM (41)
[2015.10.04-02.12.19:370][832]LogModuleManager: Shutting down and abandoning module LinuxTargetPlatform (40)
[2015.10.04-02.12.19:370][832]LogModuleManager: Shutting down and abandoning module LinuxServerTargetPlatform (39)
[2015.10.04-02.12.19:370][832]LogModuleManager: Shutting down and abandoning module LinuxNoEditorTargetPlatform (38)
[2015.10.04-02.12.19:370][832]LogModuleManager: Shutting down and abandoning module Messaging (37)
[2015.10.04-02.12.19:370][832]LogModuleManager: Shutting down and abandoning module IOSTargetPlatform (36)
[2015.10.04-02.12.19:370][832]LogModuleManager: Shutting down and abandoning module HTML5TargetPlatform (35)
[2015.10.04-02.12.19:370][832]LogModuleManager: Shutting down and abandoning module Android_PVRTCTargetPlatform (34)
[2015.10.04-02.12.19:370][832]LogModuleManager: Shutting down and abandoning module Android_ETC2TargetPlatform (33)
[2015.10.04-02.12.19:370][832]LogModuleManager: Shutting down and abandoning module Android_ETC1TargetPlatform (32)
[2015.10.04-02.12.19:370][832]LogModuleManager: Shutting down and abandoning module Android_DXTTargetPlatform (31)
[2015.10.04-02.12.19:370][832]LogModuleManager: Shutting down and abandoning module Android_ATCTargetPlatform (30)
[2015.10.04-02.12.19:370][832]LogModuleManager: Shutting down and abandoning module Android_ASTCTargetPlatform (29)
[2015.10.04-02.12.19:370][832]LogModuleManager: Shutting down and abandoning module AndroidTargetPlatform (28)
[2015.10.04-02.12.19:370][832]LogModuleManager: Shutting down and abandoning module WindowsTargetPlatform (27)
[2015.10.04-02.12.19:370][832]LogModuleManager: Shutting down and abandoning module WindowsServerTargetPlatform (26)
[2015.10.04-02.12.19:370][832]LogModuleManager: Shutting down and abandoning module WindowsNoEditorTargetPlatform (25)
[2015.10.04-02.12.19:370][832]LogModuleManager: Shutting down and abandoning module WindowsClientTargetPlatform (24)
[2015.10.04-02.12.19:370][832]LogModuleManager: Shutting down and abandoning module AllDesktopTargetPlatform (23)
[2015.10.04-02.12.19:370][832]LogModuleManager: Shutting down and abandoning module TargetPlatform (22)
[2015.10.04-02.12.19:370][832]LogModuleManager: Shutting down and abandoning module InputCore (21)
[2015.10.04-02.12.19:370][832]LogModuleManager: Shutting down and abandoning module Settings (20)
[2015.10.04-02.12.19:371][832]LogModuleManager: Shutting down and abandoning module OnlineSubsystem (18)
[2015.10.04-02.12.19:371][832]LogModuleManager: Shutting down and abandoning module HTTP (17)
[2015.10.04-02.12.21:375][832]LogModuleManager: Shutting down and abandoning module XMPP (16)
[2015.10.04-02.12.21:375][832]LogModuleManager: Shutting down and abandoning module ExampleDeviceProfileSelector (15)
[2015.10.04-02.12.21:375][832]LogModuleManager: Shutting down and abandoning module TextureCompressor (14)
[2015.10.04-02.12.21:375][832]LogModuleManager: Shutting down and abandoning module ShaderCore (13)
[2015.10.04-02.12.21:375][832]LogModuleManager: Shutting down and abandoning module Landscape (12)
[2015.10.04-02.12.21:375][832]LogModuleManager: Shutting down and abandoning module SlateRHIRenderer (11)
[2015.10.04-02.12.21:378][832]LogModuleManager: Shutting down and abandoning module OpenGLDrv (10)
[2015.10.04-02.12.21:378][832]LogModuleManager: Shutting down and abandoning module D3D11RHI (9)
[2015.10.04-02.12.21:378][832]LogModuleManager: Shutting down and abandoning module AnimGraphRuntime (8)
[2015.10.04-02.12.21:378][832]LogModuleManager: Shutting down and abandoning module Renderer (7)
[2015.10.04-02.12.21:378][832]LogModuleManager: Shutting down and abandoning module Engine (6)
[2015.10.04-02.12.21:378][832]LogModuleManager: Shutting down and abandoning module CoreUObject (5)
[2015.10.04-02.12.21:378][832]LogModuleManager: Shutting down and abandoning module NetworkFile (4)
[2015.10.04-02.12.21:378][832]LogModuleManager: Shutting down and abandoning module StreamingFile (3)
[2015.10.04-02.12.21:378][832]LogModuleManager: Shutting down and abandoning module SandboxFile (2)
[2015.10.04-02.12.21:378][832]LogModuleManager: Shutting down and abandoning module PakFile (1)
[2015.10.04-02.12.21:379][832]LogExit: Exiting.
[2015.10.04-02.12.21:381][832]Log file closed, 10/03/15 22:12:21
