[2015.09.22-20.35.11:771][  0]Log file open, 09/22/15 16:35:11
[2015.09.22-20.35.11:771][  0]LogInit:Display: Running engine for game: PonyKart
[2015.09.22-20.35.11:771][  0]LogInit:Display: RandInit(1058204388) SRandInit(1058204416).
[2015.09.22-20.35.11:771][  0]LogTaskGraph: Started task graph with 4 named threads and 7 total threads.
[2015.09.22-20.35.11:771][  0]LogStats: Stats thread started at 0.381846
[2015.09.22-20.35.11:771][  0]LogInit: Version: 4.9.1-2689999+++depot+UE4-Releases+4.9
[2015.09.22-20.35.11:771][  0]LogInit: API Version: 2672455
[2015.09.22-20.35.11:771][  0]LogInit: Compiled (64-bit): Sep 14 2015 04:12:03
[2015.09.22-20.35.11:771][  0]LogInit: Compiled with Visual C++: 18.00.21005.01
[2015.09.22-20.35.11:771][  0]LogInit: Build Configuration: Development
[2015.09.22-20.35.11:771][  0]LogInit: Branch Name: ++depot+UE4-Releases+4.9
[2015.09.22-20.35.11:771][  0]LogInit: Command line:  
[2015.09.22-20.35.11:771][  0]LogInit: Base directory: C:/Program Files/Epic Games/4.9/Engine/Binaries/Win64/
[2015.09.22-20.35.11:771][  0]LogInit: Rocket: 1
[2015.09.22-20.35.11:943][  0]LogInit: Using libcurl 7.41.0
[2015.09.22-20.35.11:943][  0]LogInit:  - built for x86_64-pc-win32
[2015.09.22-20.35.11:943][  0]LogInit:  - supports SSL with WinSSL
[2015.09.22-20.35.11:943][  0]LogInit:  - other features:
[2015.09.22-20.35.11:943][  0]LogInit:      CURL_VERSION_SSL
[2015.09.22-20.35.11:943][  0]LogInit:      CURL_VERSION_IPV6
[2015.09.22-20.35.11:943][  0]LogInit:      CURL_VERSION_ASYNCHDNS
[2015.09.22-20.35.11:943][  0]LogInit:      CURL_VERSION_LARGEFILE
[2015.09.22-20.35.11:943][  0]LogInit:      CURL_VERSION_IDN
[2015.09.22-20.35.11:943][  0]LogInit:  CurlRequestOptions (configurable via config and command line):
[2015.09.22-20.35.11:943][  0]LogInit:  - bVerifyPeer = true  - Libcurl will verify peer certificate
[2015.09.22-20.35.11:943][  0]LogInit:  - bUseHttpProxy = false  - Libcurl will NOT use HTTP proxy
[2015.09.22-20.35.11:943][  0]LogInit:  - bDontReuseConnections = false  - Libcurl will reuse connections
[2015.09.22-20.35.11:943][  0]LogInit:  - CertBundlePath = nullptr  - Libcurl will use whatever was configured at build time.
[2015.09.22-20.35.12:052][  0]LogInit: Presizing for 0 objects not considered by GC, pre-allocating 0 bytes.
[2015.09.22-20.35.12:052][  0]LogInit: Object subsystem initialized
[2015.09.22-20.35.12:068][  0]LogInit: Selected Device Profile: [Windows]
[2015.09.22-20.35.12:068][  0]LogInit: Applying CVar settings loaded from the selected device profile: [Windows]
[2015.09.22-20.35.12:130][  0]LogInit: Computer: HP-PC
[2015.09.22-20.35.12:130][  0]LogInit: User: Amber
[2015.09.22-20.35.12:130][  0]LogInit: CPU Page size=4096, Cores=4
[2015.09.22-20.35.12:130][  0]LogInit: High frequency timer resolution =14.318180 MHz
[2015.09.22-20.35.12:130][  0]LogMemory: Memory total: Physical=6.0GB (6GB approx)
[2015.09.22-20.35.12:130][  0]LogMemory: Platform Memory Stats for Windows
[2015.09.22-20.35.12:130][  0]LogMemory: Process Physical Memory: 53.87 MB used, 53.87 MB peak
[2015.09.22-20.35.12:130][  0]LogMemory: Process Virtual Memory: 57.23 MB used, 57.23 MB peak
[2015.09.22-20.35.12:130][  0]LogMemory: Physical Memory: 1963.24 MB used, 6141.22 MB total
[2015.09.22-20.35.12:130][  0]LogMemory: Virtual Memory: 365.93 MB used, 134217728.00 MB total
[2015.09.22-20.35.12:785][  0]LogTextLocalizationManager: No specific translations for ('en-US') exist, so ('en') translations will be used.
[2015.09.22-20.35.13:917][  0]LogD3D11RHI: Found D3D11 adapter 0: NVIDIA GeForce GTX 550 Ti (Feature Level 11_0)
[2015.09.22-20.35.13:917][  0]LogD3D11RHI: Adapter has 972MB of dedicated video memory, 0MB of dedicated system memory, and 3070MB of shared system memory, 2 output[s]
[2015.09.22-20.35.13:920][  0]LogD3D11RHI: Found D3D11 adapter 1: Microsoft Basic Render Driver (Feature Level 11_0)
[2015.09.22-20.35.13:920][  0]LogD3D11RHI: Adapter has 0MB of dedicated video memory, 0MB of dedicated system memory, and 3070MB of shared system memory, 0 output[s]
[2015.09.22-20.35.13:920][  0]LogD3D11RHI: Chosen D3D11 Adapter Id = 0
[2015.09.22-20.35.13:927][  0]LogD3D11RHI: !Direct3DDevice
[2015.09.22-20.35.13:927][  0]LogRHI: Texture pool is 680 MB (70% of 972 MB)
[2015.09.22-20.35.13:942][  0]LogD3D11RHI: Async texture creation enabled
[2015.09.22-20.35.13:962][  0]LogShaderCompilers: Guid format shader working directory is 15 characters bigger than the processId version (../../../../../../Users/Amber/Documents/Game Development/PonyKart Package/PonyKart Project/PonyKart/Intermediate/Shaders/WorkingDirectory/8104/).
[2015.09.22-20.35.13:962][  0]LogShaderCompilers: Cleaned the shader compiler working directory '../../../../../../Users/Amber/Documents/Game Development/PonyKart Package/PonyKart Project/PonyKart/Intermediate/Shaders/tmp/A5D584D0447C3A4496D5D1A63FB142EC/'.
[2015.09.22-20.35.13:962][  0]LogShaderCompilers:Display: Using Local Shader Compiler.
[2015.09.22-20.35.19:774][  0]LogTemp:Display: Loaded TP AllDesktopTargetPlatform
[2015.09.22-20.35.19:783][  0]LogTemp:Display: Loaded TP WindowsClientTargetPlatform
[2015.09.22-20.35.19:794][  0]LogTemp:Display: Loaded TP WindowsNoEditorTargetPlatform
[2015.09.22-20.35.19:804][  0]LogTemp:Display: Loaded TP WindowsServerTargetPlatform
[2015.09.22-20.35.19:813][  0]LogTemp:Display: Loaded TP WindowsTargetPlatform
[2015.09.22-20.35.19:824][  0]LogTemp:Display: Loaded TP AndroidTargetPlatform
[2015.09.22-20.35.19:830][  0]LogTemp:Display: Loaded TP Android_ASTCTargetPlatform
[2015.09.22-20.35.19:837][  0]LogTemp:Display: Loaded TP Android_ATCTargetPlatform
[2015.09.22-20.35.19:844][  0]LogTemp:Display: Loaded TP Android_DXTTargetPlatform
[2015.09.22-20.35.19:850][  0]LogTemp:Display: Loaded TP Android_ETC1TargetPlatform
[2015.09.22-20.35.19:857][  0]LogTemp:Display: Loaded TP Android_ETC2TargetPlatform
[2015.09.22-20.35.19:864][  0]LogTemp:Display: Loaded TP Android_PVRTCTargetPlatform
[2015.09.22-20.35.19:865][  0]LogTemp:Display: Loaded TP HTML5TargetPlatform
[2015.09.22-20.35.19:971][  0]LogTemp:Display: Loaded TP IOSTargetPlatform
[2015.09.22-20.35.19:977][  0]LogTemp:Display: Loaded TP LinuxNoEditorTargetPlatform
[2015.09.22-20.35.19:984][  0]LogTemp:Display: Loaded TP LinuxServerTargetPlatform
[2015.09.22-20.35.19:994][  0]LogTemp:Display: Loaded TP LinuxTargetPlatform
[2015.09.22-20.35.19:994][  0]LogTargetPlatformManager:Display: Building Assets For Windows
[2015.09.22-20.35.21:197][  0]LogDerivedDataCache:Display: Max Cache Size: 512 MB
[2015.09.22-20.35.21:742][  0]LogDerivedDataCache: Loaded boot cache 0.55s 41MB C:/Users/Amber/AppData/Local/UnrealEngine/4.9/DerivedDataCache/Boot.ddc.
[2015.09.22-20.35.21:742][  0]LogDerivedDataCache:Display: Loaded Boot cache: C:/Users/Amber/AppData/Local/UnrealEngine/4.9/DerivedDataCache/Boot.ddc
[2015.09.22-20.35.21:762][  0]LogDerivedDataCache: FDerivedDataBackendGraph:  Pak pak cache file ../../../../../../Users/Amber/Documents/Game Development/PonyKart Package/PonyKart Project/PonyKart/DerivedDataCache/DDC.ddp not found, will not use a pak cache.
[2015.09.22-20.35.21:762][  0]LogDerivedDataCache: Unable to find inner node Pak for hierarchical cache Hierarchy.
[2015.09.22-20.35.21:762][  0]LogDerivedDataCache: FDerivedDataBackendGraph:  CompressedPak pak cache file ../../../../../../Users/Amber/Documents/Game Development/PonyKart Package/PonyKart Project/PonyKart/DerivedDataCache/Compressed.ddp not found, will not use a pak cache.
[2015.09.22-20.35.21:762][  0]LogDerivedDataCache: Unable to find inner node CompressedPak for hierarchical cache Hierarchy.
[2015.09.22-20.35.22:251][  0]LogDerivedDataCache:Display: Pak cache opened for reading ../../../Engine/DerivedDataCache/Compressed.ddp.
[2015.09.22-20.35.22:344][  0]LogDerivedDataCache: Using Local data cache path C:/Users/Amber/AppData/Local/UnrealEngine/Common/DerivedDataCache: Writable
[2015.09.22-20.35.39:835][  0]LogInit: Selected Device Profile: [Windows]
[2015.09.22-20.35.40:039][  0]LogContentStreaming: Texture pool size is 0.000000MB
[2015.09.22-20.35.42:219][  0]LogMeshUtilities: No automatic mesh reduction module available
[2015.09.22-20.35.42:219][  0]LogMeshUtilities: No automatic mesh merging module available
[2015.09.22-20.35.42:934][  0]LogEnum:Warning: Enum Text 2 for Enum EViewModeIndex failed to resolve to any value
[2015.09.22-20.35.48:191][  0]LogInit: WinSock: version 1.1 (2.2), MaxSocks=32767, MaxUdp=65467
[2015.09.22-20.36.03:607][  0]UdpMessaging: Initializing bridge on interface 0.0.0.0:0 to multicast group 230.0.0.1:6666.
[2015.09.22-20.36.04:712][  0]LogAssetRegistry: FAssetRegistry took 0.0153 seconds to start up
[2015.09.22-20.36.09:229][  0]SourceControl: Info Source control is disabled
[2015.09.22-20.36.09:231][  0]SourceControl: Info Source control is disabled
[2015.09.22-20.36.09:424][  0]SourceControl: Info Source control is disabled
[2015.09.22-20.36.09:569][  0]SourceControl: Info Source control is disabled
[2015.09.22-20.36.12:010][  0]LogLinker:Warning: Asset '../../../Engine/Plugins/Runtime/LeapMotionController/Content/LM_PassthroughMaterial.uasset' has been saved with empty engine version. The asset will be loaded but may be incompatible.
[2015.09.22-20.36.12:670][  0]LogObj: 28361 objects as part of root set at end of initial load.
[2015.09.22-20.36.12:670][  0]LogUObjectAllocator: 6038864 out of 0 bytes used by permanent object pool.
[2015.09.22-20.36.13:725][  0]LogEngine: Initializing Engine...
[2015.09.22-20.36.13:781][  0]LogHMD: Can't find Oculus library dev build: is proper Runtime installed? Version: 0.7.0.0
[2015.09.22-20.36.14:167][  0]LogHMD: SteamVR failed to initialize.  Err: 108
[2015.09.22-20.36.16:160][  0]LogAIModule: Creating AISystem for world NewWorld
[2015.09.22-20.36.16:657][  0]LogInit: XAudio2 using 'Headphones (Realtek High Definition Audio)' : 2 channels at 48 kHz using 32 bits per sample (channel mask 0x3)
[2015.09.22-20.36.16:721][  0]LogInit: FAudioDevice initialized.
[2015.09.22-20.36.17:103][  0]LogDerivedDataCache: Saved boot cache 0.38s 41MB C:/Users/Amber/AppData/Local/UnrealEngine/4.9/DerivedDataCache/Boot.ddc.
[2015.09.22-20.36.17:132][  0]LogInit: Texture streaming: Enabled
[2015.09.22-20.36.17:382][  0]LogAnalytics: Creating configured Analytics provider AnalyticsET
[2015.09.22-20.36.17:383][  0]LogAnalytics: [UEEditor.Rocket.Release] APIServer = http://et2.epicgames.com/ET2/. AppVersion = 4.9.1-2689999+++depot+UE4-Releases+4.9
[2015.09.22-20.36.17:384][  0]LogAnalytics: [UEEditor.Rocket.Release] SetUserId fe48c13c4235ff87278523820fd1a74f|128e7d1d796a429f9247afe84ab758e1|a78d9d35-53ca-49d3-80af-52a3ac8256d6
[2015.09.22-20.36.17:450][  0]LogAnalytics: [UEEditor.Rocket.Release] AnalyticsET::StartSession
[2015.09.22-20.36.18:806][  0]LogInit: Transaction tracking system initialized
[2015.09.22-20.36.22:356][  0]BlueprintLog: New page: Editor Load
[2015.09.22-20.36.26:468][  0]LocalizationService: Info Localization service is disabled
[2015.09.22-20.36.29:479][  0]LogConsoleResponse:Display: 
[2015.09.22-20.36.36:995][  0]LogFileCache: Scanning file cache for directory 'C:/Users/Amber/Documents/Game Development/PonyKart Package/PonyKart Project/PonyKart/Content/' took 0.13s
[2015.09.22-20.36.36:995][  0]LogCook:Display: Done creating registry. It took  0.00s.
[2015.09.22-20.36.40:547][  0]SourceControl: Info Source control is disabled
[2015.09.22-20.36.40:841][  0]Cmd: MAP LOAD FILE="../../../Engine/Content/Maps/Templates/Template_Default.umap" TEMPLATE=1 SHOWPROGRESS=1 FEATURELEVEL=3
[2015.09.22-20.36.41:121][  0]LightingResults: New page: Lighting Build
[2015.09.22-20.36.42:082][  0]MapCheck: New page: Map Check
[2015.09.22-20.36.42:082][  0]LightingResults: New page: Lighting Build
[2015.09.22-20.36.44:274][  0]LogParticles: Destroying 0 GPU particle simulations for FXSystem 0x0000008CD1422160
[2015.09.22-20.36.50:698][  0]LogAIModule: Creating AISystem for world Untitled_1
[2015.09.22-20.36.54:027][  0]LogEditorServer: Finished looking for orphan Actors (0.018 secs)
[2015.09.22-20.36.54:852][  0]Cmd: MAP CHECKDEP NOCLEARLOG
[2015.09.22-20.36.55:077][  0]MapCheck: Info Map check complete: 0 Error(s), 0 Warning(s), took 224.793ms to complete.
[2015.09.22-20.36.55:082][  0]LogFileHelpers: Loading map 'Template_Default' took 14.318
[2015.09.22-20.37.07:013][  0]LogCollectionManager: Loaded 0 collections in 0.005416 seconds
[2015.09.22-20.37.07:331][  0]LogFileCache: Scanning file cache for directory 'C:/Users/Amber/Documents/Game Development/PonyKart Package/PonyKart Project/PonyKart/Saved/Collections/' took 0.01s
[2015.09.22-20.37.07:331][  0]LogFileCache: Scanning file cache for directory 'C:/Users/Amber/Documents/Game Development/PonyKart Package/PonyKart Project/PonyKart/Content/Developers/Amber/Collections/' took 0.01s
[2015.09.22-20.37.07:331][  0]LogFileCache: Scanning file cache for directory 'C:/Users/Amber/Documents/Game Development/PonyKart Package/PonyKart Project/PonyKart/Content/Collections/' took 0.01s
[2015.09.22-20.37.07:331][  0]LogContentBrowser: Native class hierarchy populated in 0.1035 seconds. Added 1867 classes and 333 folders.
[2015.09.22-20.37.07:545][  0]LogCollectionManager: Rebuilt the GUID cache for 0 collections in 0.000005 seconds
[2015.09.22-20.37.08:056][  0]LogContentBrowser: Native class hierarchy updated for 'WidgetCarousel' in 0.0006 seconds. Added 0 classes and 0 folders.
[2015.09.22-20.37.11:787][  0]LogContentBrowser: Native class hierarchy updated for 'AddContentDialog' in 0.0006 seconds. Added 0 classes and 0 folders.
[2015.09.22-20.37.12:065][  0]LogContentBrowser: Native class hierarchy updated for 'SceneOutliner' in 0.0006 seconds. Added 1 classes and 2 folders.
[2015.09.22-20.37.14:777][  0]LogCrashTracker: Crashtracker disabled due to settings.
[2015.09.22-20.37.15:271][  0]LogUObjectGlobals:Warning: Failed to find object 'Class None.'
[2015.09.22-20.37.15:371][  0]LogLoad: Full Startup: 126.06 seconds (BP compile: 1.53 seconds)
[2015.09.22-20.37.18:812][  0]LogContentStreaming: Texture pool size now 1000 MB
[2015.09.22-20.37.24:396][  1]LogRenderer: Reallocating scene render targets to support 772x356 (Frame:2).
[2015.09.22-20.37.29:125][  1]LogEditorViewport: Clicking on Actor (LMB): StaticMeshActor (Floor)
[2015.09.22-20.37.39:872][  8]LogAssetRegistry: Asset discovery search completed in 95.1719 seconds
[2015.09.22-20.37.39:893][  8]LogCollectionManager: Rebuilt the object cache for 0 collections in 0.000002 seconds (found 0 objects)
[2015.09.22-20.37.39:933][  8]LogCollectionManager: Fixed up redirectors for 0 collections in 0.059312 seconds (updated 0 objects)
[2015.09.22-20.38.34:244][849]LogSavePackage: Save=146.800644ms
[2015.09.22-20.38.34:244][849]LogSavePackage: Moving '../../../../../../Users/Amber/Documents/Game Development/PonyKart Package/PonyKart Project/PonyKart/Saved/TwilightAoFA4DE2544A44686C3D2751A89B495A6B.tmp' to '../../../../../../Users/Amber/Documents/Game Development/PonyKart Package/PonyKart Project/PonyKart/Content/Models/Characters/TwilightSparkle/TwilightAo.uasset'
[2015.09.22-20.38.34:261][849]LogSavePackage: Total save time: 173.825931ms
[2015.09.22-20.38.34:261][849]LogSavePackage:Warning: Finished SavePackage ../../../../../../Users/Amber/Documents/Game Development/PonyKart Package/PonyKart Project/PonyKart/Content/Models/Characters/TwilightSparkle/TwilightAo.uasset
[2015.09.22-20.38.34:313][849]LogSavePackage: Save=19.118492ms
[2015.09.22-20.38.34:314][849]LogSavePackage: Moving '../../../../../../Users/Amber/Documents/Game Development/PonyKart Package/PonyKart Project/PonyKart/Saved/TwilightBody8C10542E4A9866359DC660BDCC34FE94.tmp' to '../../../../../../Users/Amber/Documents/Game Development/PonyKart Package/PonyKart Project/PonyKart/Content/Models/Characters/TwilightSparkle/TwilightBody.uasset'
[2015.09.22-20.38.34:317][849]LogSavePackage: Total save time: 23.271602ms
[2015.09.22-20.38.34:317][849]LogSavePackage:Warning: Finished SavePackage ../../../../../../Users/Amber/Documents/Game Development/PonyKart Package/PonyKart Project/PonyKart/Content/Models/Characters/TwilightSparkle/TwilightBody.uasset
[2015.09.22-20.38.34:413][849]LogSavePackage: Save=22.577381ms
[2015.09.22-20.38.34:413][849]LogSavePackage: Moving '../../../../../../Users/Amber/Documents/Game Development/PonyKart Package/PonyKart Project/PonyKart/Saved/TwilightBodyMat200EEA5E4827F392C9CC8D9773362812.tmp' to '../../../../../../Users/Amber/Documents/Game Development/PonyKart Package/PonyKart Project/PonyKart/Content/Models/Characters/TwilightSparkle/TwilightBodyMat.uasset'
[2015.09.22-20.38.34:416][849]LogSavePackage: Total save time: 26.671827ms
[2015.09.22-20.38.34:416][849]LogSavePackage:Warning: Finished SavePackage ../../../../../../Users/Amber/Documents/Game Development/PonyKart Package/PonyKart Project/PonyKart/Content/Models/Characters/TwilightSparkle/TwilightBodyMat.uasset
[2015.09.22-20.38.34:468][849]LogSavePackage: Save=18.947380ms
[2015.09.22-20.38.34:468][849]LogSavePackage: Moving '../../../../../../Users/Amber/Documents/Game Development/PonyKart Package/PonyKart Project/PonyKart/Saved/TwilightEyes250D23E784D19572209F7AFB5DABFBF11.tmp' to '../../../../../../Users/Amber/Documents/Game Development/PonyKart Package/PonyKart Project/PonyKart/Content/Models/Characters/TwilightSparkle/TwilightEyes2.uasset'
[2015.09.22-20.38.34:472][849]LogSavePackage: Total save time: 23.119561ms
[2015.09.22-20.38.34:472][849]LogSavePackage:Warning: Finished SavePackage ../../../../../../Users/Amber/Documents/Game Development/PonyKart Package/PonyKart Project/PonyKart/Content/Models/Characters/TwilightSparkle/TwilightEyes2.uasset
[2015.09.22-20.38.34:533][849]LogSavePackage: Save=19.725691ms
[2015.09.22-20.38.34:533][849]LogSavePackage: Moving '../../../../../../Users/Amber/Documents/Game Development/PonyKart Package/PonyKart Project/PonyKart/Saved/TwilightEyesMat01B3F80741793A2341FD04A9F22509B1.tmp' to '../../../../../../Users/Amber/Documents/Game Development/PonyKart Package/PonyKart Project/PonyKart/Content/Models/Characters/TwilightSparkle/TwilightEyesMat.uasset'
[2015.09.22-20.38.34:537][849]LogSavePackage: Total save time: 23.778580ms
[2015.09.22-20.38.34:537][849]LogSavePackage:Warning: Finished SavePackage ../../../../../../Users/Amber/Documents/Game Development/PonyKart Package/PonyKart Project/PonyKart/Content/Models/Characters/TwilightSparkle/TwilightEyesMat.uasset
[2015.09.22-20.38.34:606][849]LogSavePackage: Save=36.124493ms
[2015.09.22-20.38.34:606][849]LogSavePackage: Moving '../../../../../../Users/Amber/Documents/Game Development/PonyKart Package/PonyKart Project/PonyKart/Saved/TwilightHair282BFE5114349AFE5B81160BA64E0C108.tmp' to '../../../../../../Users/Amber/Documents/Game Development/PonyKart Package/PonyKart Project/PonyKart/Content/Models/Characters/TwilightSparkle/TwilightHair2.uasset'
[2015.09.22-20.38.34:609][849]LogSavePackage: Total save time: 40.391516ms
[2015.09.22-20.38.34:610][849]LogSavePackage:Warning: Finished SavePackage ../../../../../../Users/Amber/Documents/Game Development/PonyKart Package/PonyKart Project/PonyKart/Content/Models/Characters/TwilightSparkle/TwilightHair2.uasset
[2015.09.22-20.38.34:691][849]LogSavePackage: Save=48.878139ms
[2015.09.22-20.38.34:691][849]LogSavePackage: Moving '../../../../../../Users/Amber/Documents/Game Development/PonyKart Package/PonyKart Project/PonyKart/Saved/TwilightHairAOCD9EE09A45095B47803CED90784E78E9.tmp' to '../../../../../../Users/Amber/Documents/Game Development/PonyKart Package/PonyKart Project/PonyKart/Content/Models/Characters/TwilightSparkle/TwilightHairAO.uasset'
[2015.09.22-20.38.34:694][849]LogSavePackage: Total save time: 53.020496ms
[2015.09.22-20.38.34:695][849]LogSavePackage:Warning: Finished SavePackage ../../../../../../Users/Amber/Documents/Game Development/PonyKart Package/PonyKart Project/PonyKart/Content/Models/Characters/TwilightSparkle/TwilightHairAO.uasset
[2015.09.22-20.38.34:760][849]LogSavePackage: Save=22.477648ms
[2015.09.22-20.38.34:760][849]LogSavePackage: Moving '../../../../../../Users/Amber/Documents/Game Development/PonyKart Package/PonyKart Project/PonyKart/Saved/TwilightHairMat03B7D77F46C4C06CDFDB4886E710136C.tmp' to '../../../../../../Users/Amber/Documents/Game Development/PonyKart Package/PonyKart Project/PonyKart/Content/Models/Characters/TwilightSparkle/TwilightHairMat.uasset'
[2015.09.22-20.38.34:763][849]LogSavePackage: Total save time: 26.600938ms
[2015.09.22-20.38.34:763][849]LogSavePackage:Warning: Finished SavePackage ../../../../../../Users/Amber/Documents/Game Development/PonyKart Package/PonyKart Project/PonyKart/Content/Models/Characters/TwilightSparkle/TwilightHairMat.uasset
[2015.09.22-20.38.35:175][849]LogSavePackage: Save=31.886805ms
[2015.09.22-20.38.35:175][849]LogSavePackage: Moving '../../../../../../Users/Amber/Documents/Game Development/PonyKart Package/PonyKart Project/PonyKart/Saved/TwilightSparkle34DDB5274B8A1D4AD9DCFF9219CF434E.tmp' to '../../../../../../Users/Amber/Documents/Game Development/PonyKart Package/PonyKart Project/PonyKart/Content/Models/Characters/TwilightSparkle/TwilightSparkle.uasset'
[2015.09.22-20.38.35:179][849]LogSavePackage: Total save time: 36.740985ms
[2015.09.22-20.38.35:179][849]LogSavePackage:Warning: Finished SavePackage ../../../../../../Users/Amber/Documents/Game Development/PonyKart Package/PonyKart Project/PonyKart/Content/Models/Characters/TwilightSparkle/TwilightSparkle.uasset
[2015.09.22-20.38.35:317][849]LogSavePackage: Save=5.320579ms
[2015.09.22-20.38.35:317][849]LogSavePackage: Moving '../../../../../../Users/Amber/Documents/Game Development/PonyKart Package/PonyKart Project/PonyKart/Saved/TwilightSparkle676781E34285B9F6FEBD9598C0DC23A1.tmp' to '../../../../../../Users/Amber/Documents/Game Development/PonyKart Package/PonyKart Project/PonyKart/Content/Models/TwilightSparkle/TwilightSparkle.uasset'
[2015.09.22-20.38.35:321][849]LogSavePackage: Total save time: 132.432196ms
[2015.09.22-20.38.35:321][849]LogSavePackage:Warning: Finished SavePackage ../../../../../../Users/Amber/Documents/Game Development/PonyKart Package/PonyKart Project/PonyKart/Content/Models/TwilightSparkle/TwilightSparkle.uasset
[2015.09.22-20.38.35:601][849]LogSavePackage: Save=20.050314ms
[2015.09.22-20.38.35:601][849]LogSavePackage: Moving '../../../../../../Users/Amber/Documents/Game Development/PonyKart Package/PonyKart Project/PonyKart/Saved/TwilightSparkle_Anim_BasisD554DF734C57DFBAB16596929F5067A4.tmp' to '../../../../../../Users/Amber/Documents/Game Development/PonyKart Package/PonyKart Project/PonyKart/Content/Models/Characters/TwilightSparkle/TwilightSparkle_Anim_Basis.uasset'
[2015.09.22-20.38.35:605][849]LogSavePackage: Total save time: 24.643913ms
[2015.09.22-20.38.35:605][849]LogSavePackage:Warning: Finished SavePackage ../../../../../../Users/Amber/Documents/Game Development/PonyKart Package/PonyKart Project/PonyKart/Content/Models/Characters/TwilightSparkle/TwilightSparkle_Anim_Basis.uasset
[2015.09.22-20.38.35:668][849]LogSavePackage: Save=20.296713ms
[2015.09.22-20.38.35:668][849]LogSavePackage: Moving '../../../../../../Users/Amber/Documents/Game Development/PonyKart Package/PonyKart Project/PonyKart/Saved/TwilightSparkle_Anim_DriftLeftAF5D010A40557932B991ADBD7D8E5F3A.tmp' to '../../../../../../Users/Amber/Documents/Game Development/PonyKart Package/PonyKart Project/PonyKart/Content/Models/Characters/TwilightSparkle/TwilightSparkle_Anim_DriftLeft.uasset'
[2015.09.22-20.38.35:672][849]LogSavePackage: Total save time: 24.295826ms
[2015.09.22-20.38.35:672][849]LogSavePackage:Warning: Finished SavePackage ../../../../../../Users/Amber/Documents/Game Development/PonyKart Package/PonyKart Project/PonyKart/Content/Models/Characters/TwilightSparkle/TwilightSparkle_Anim_DriftLeft.uasset
[2015.09.22-20.38.35:737][849]LogSavePackage: Save=20.352448ms
[2015.09.22-20.38.35:737][849]LogSavePackage: Moving '../../../../../../Users/Amber/Documents/Game Development/PonyKart Package/PonyKart Project/PonyKart/Saved/TwilightSparkle_Anim_DriftRightC3979B1B4940FB19DB082BB1DE3DBA70.tmp' to '../../../../../../Users/Amber/Documents/Game Development/PonyKart Package/PonyKart Project/PonyKart/Content/Models/Characters/TwilightSparkle/TwilightSparkle_Anim_DriftRight.uasset'
[2015.09.22-20.38.35:741][849]LogSavePackage: Total save time: 24.687912ms
[2015.09.22-20.38.35:741][849]LogSavePackage:Warning: Finished SavePackage ../../../../../../Users/Amber/Documents/Game Development/PonyKart Package/PonyKart Project/PonyKart/Content/Models/Characters/TwilightSparkle/TwilightSparkle_Anim_DriftRight.uasset
[2015.09.22-20.38.35:803][849]LogSavePackage: Save=19.913914ms
[2015.09.22-20.38.35:804][849]LogSavePackage: Moving '../../../../../../Users/Amber/Documents/Game Development/PonyKart Package/PonyKart Project/PonyKart/Saved/TwilightSparkle_Anim_Drive5CF0942C4B1E517568FB66919E51B7B2.tmp' to '../../../../../../Users/Amber/Documents/Game Development/PonyKart Package/PonyKart Project/PonyKart/Content/Models/Characters/TwilightSparkle/TwilightSparkle_Anim_Drive.uasset'
[2015.09.22-20.38.35:808][849]LogSavePackage: Total save time: 24.448358ms
[2015.09.22-20.38.35:808][849]LogSavePackage:Warning: Finished SavePackage ../../../../../../Users/Amber/Documents/Game Development/PonyKart Package/PonyKart Project/PonyKart/Content/Models/Characters/TwilightSparkle/TwilightSparkle_Anim_Drive.uasset
[2015.09.22-20.38.35:870][849]LogSavePackage: Save=19.527691ms
[2015.09.22-20.38.35:870][849]LogSavePackage: Moving '../../../../../../Users/Amber/Documents/Game Development/PonyKart Package/PonyKart Project/PonyKart/Saved/TwilightSparkle_Anim_Idle5453BE7D46AF71861CA4E18B3A910ECD.tmp' to '../../../../../../Users/Amber/Documents/Game Development/PonyKart Package/PonyKart Project/PonyKart/Content/Models/Characters/TwilightSparkle/TwilightSparkle_Anim_Idle.uasset'
[2015.09.22-20.38.35:873][849]LogSavePackage: Total save time: 23.694489ms
[2015.09.22-20.38.35:873][849]LogSavePackage:Warning: Finished SavePackage ../../../../../../Users/Amber/Documents/Game Development/PonyKart Package/PonyKart Project/PonyKart/Content/Models/Characters/TwilightSparkle/TwilightSparkle_Anim_Idle.uasset
[2015.09.22-20.38.35:902][849]LogSavePackage: Save=5.304934ms
[2015.09.22-20.38.35:902][849]LogSavePackage: Moving '../../../../../../Users/Amber/Documents/Game Development/PonyKart Package/PonyKart Project/PonyKart/Saved/TwilightSparkle_Anim_IdleF3D7BE314D13384A40448A80AA92AEEE.tmp' to '../../../../../../Users/Amber/Documents/Game Development/PonyKart Package/PonyKart Project/PonyKart/Content/Models/TwilightSparkle/TwilightSparkle_Anim_Idle.uasset'
[2015.09.22-20.38.35:919][849]LogSavePackage: Total save time: 35.415605ms
[2015.09.22-20.38.35:919][849]LogSavePackage:Warning: Finished SavePackage ../../../../../../Users/Amber/Documents/Game Development/PonyKart Package/PonyKart Project/PonyKart/Content/Models/TwilightSparkle/TwilightSparkle_Anim_Idle.uasset
[2015.09.22-20.38.35:979][849]LogSavePackage: Save=19.579514ms
[2015.09.22-20.38.35:979][849]LogSavePackage: Moving '../../../../../../Users/Amber/Documents/Game Development/PonyKart Package/PonyKart Project/PonyKart/Saved/TwilightSparkle_Anim_Reverse3638352D4A4D3F2DA47F6780E941DF89.tmp' to '../../../../../../Users/Amber/Documents/Game Development/PonyKart Package/PonyKart Project/PonyKart/Content/Models/Characters/TwilightSparkle/TwilightSparkle_Anim_Reverse.uasset'
[2015.09.22-20.38.35:982][849]LogSavePackage: Total save time: 23.515560ms
[2015.09.22-20.38.35:982][849]LogSavePackage:Warning: Finished SavePackage ../../../../../../Users/Amber/Documents/Game Development/PonyKart Package/PonyKart Project/PonyKart/Content/Models/Characters/TwilightSparkle/TwilightSparkle_Anim_Reverse.uasset
[2015.09.22-20.38.36:043][849]LogSavePackage: Save=19.426491ms
[2015.09.22-20.38.36:043][849]LogSavePackage: Moving '../../../../../../Users/Amber/Documents/Game Development/PonyKart Package/PonyKart Project/PonyKart/Saved/TwilightSparkle_Anim_StandAE7BDBEA4DAD12F17C29ABA942C41ECA.tmp' to '../../../../../../Users/Amber/Documents/Game Development/PonyKart Package/PonyKart Project/PonyKart/Content/Models/Characters/TwilightSparkle/TwilightSparkle_Anim_Stand.uasset'
[2015.09.22-20.38.36:047][849]LogSavePackage: Total save time: 23.655869ms
[2015.09.22-20.38.36:047][849]LogSavePackage:Warning: Finished SavePackage ../../../../../../Users/Amber/Documents/Game Development/PonyKart Package/PonyKart Project/PonyKart/Content/Models/Characters/TwilightSparkle/TwilightSparkle_Anim_Stand.uasset
[2015.09.22-20.38.36:128][849]LogSavePackage: Save=20.283026ms
[2015.09.22-20.38.36:128][849]LogSavePackage: Moving '../../../../../../Users/Amber/Documents/Game Development/PonyKart Package/PonyKart Project/PonyKart/Saved/TwilightSparkle_Anim_TurnLeft075DD43341AD75C7F623E5BBB3478192.tmp' to '../../../../../../Users/Amber/Documents/Game Development/PonyKart Package/PonyKart Project/PonyKart/Content/Models/Characters/TwilightSparkle/TwilightSparkle_Anim_TurnLeft.uasset'
[2015.09.22-20.38.36:132][849]LogSavePackage: Total save time: 24.252802ms
[2015.09.22-20.38.36:132][849]LogSavePackage:Warning: Finished SavePackage ../../../../../../Users/Amber/Documents/Game Development/PonyKart Package/PonyKart Project/PonyKart/Content/Models/Characters/TwilightSparkle/TwilightSparkle_Anim_TurnLeft.uasset
[2015.09.22-20.38.36:192][849]LogSavePackage: Save=19.966713ms
[2015.09.22-20.38.36:192][849]LogSavePackage: Moving '../../../../../../Users/Amber/Documents/Game Development/PonyKart Package/PonyKart Project/PonyKart/Saved/TwilightSparkle_Anim_TurnRight6B3A8BB24A4F4702A445EFAA3589EA1B.tmp' to '../../../../../../Users/Amber/Documents/Game Development/PonyKart Package/PonyKart Project/PonyKart/Content/Models/Characters/TwilightSparkle/TwilightSparkle_Anim_TurnRight.uasset'
[2015.09.22-20.38.36:196][849]LogSavePackage: Total save time: 24.627291ms
[2015.09.22-20.38.36:196][849]LogSavePackage:Warning: Finished SavePackage ../../../../../../Users/Amber/Documents/Game Development/PonyKart Package/PonyKart Project/PonyKart/Content/Models/Characters/TwilightSparkle/TwilightSparkle_Anim_TurnRight.uasset
[2015.09.22-20.38.36:260][849]LogSavePackage: Save=19.483692ms
[2015.09.22-20.38.36:260][849]LogSavePackage: Moving '../../../../../../Users/Amber/Documents/Game Development/PonyKart Package/PonyKart Project/PonyKart/Saved/TwilightSparkle_Anim_TwilightRig_Basis684ECBDF43910FD2A69DD2A7E4E16BD6.tmp' to '../../../../../../Users/Amber/Documents/Game Development/PonyKart Package/PonyKart Project/PonyKart/Content/Models/Characters/TwilightSparkle/TwilightSparkle_Anim_TwilightRig_Basis.uasset'
[2015.09.22-20.38.36:263][849]LogSavePackage: Total save time: 23.564938ms
[2015.09.22-20.38.36:263][849]LogSavePackage:Warning: Finished SavePackage ../../../../../../Users/Amber/Documents/Game Development/PonyKart Package/PonyKart Project/PonyKart/Content/Models/Characters/TwilightSparkle/TwilightSparkle_Anim_TwilightRig_Basis.uasset
[2015.09.22-20.38.36:329][849]LogSavePackage: Save=20.430670ms
[2015.09.22-20.38.36:329][849]LogSavePackage: Moving '../../../../../../Users/Amber/Documents/Game Development/PonyKart Package/PonyKart Project/PonyKart/Saved/TwilightSparkle_Anim_TwilightRig_DriftLeft491D25D44DFC1344566BDEA5359DCB20.tmp' to '../../../../../../Users/Amber/Documents/Game Development/PonyKart Package/PonyKart Project/PonyKart/Content/Models/Characters/TwilightSparkle/TwilightSparkle_Anim_TwilightRig_DriftLeft.uasset'
[2015.09.22-20.38.36:332][849]LogSavePackage: Total save time: 24.553470ms
[2015.09.22-20.38.36:333][849]LogSavePackage:Warning: Finished SavePackage ../../../../../../Users/Amber/Documents/Game Development/PonyKart Package/PonyKart Project/PonyKart/Content/Models/Characters/TwilightSparkle/TwilightSparkle_Anim_TwilightRig_DriftLeft.uasset
[2015.09.22-20.38.36:393][849]LogSavePackage: Save=22.765602ms
[2015.09.22-20.38.36:394][849]LogSavePackage: Moving '../../../../../../Users/Amber/Documents/Game Development/PonyKart Package/PonyKart Project/PonyKart/Saved/TwilightSparkle_Anim_TwilightRig_DriftRight1441083D4D249C04BC8E71919C0A6026.tmp' to '../../../../../../Users/Amber/Documents/Game Development/PonyKart Package/PonyKart Project/PonyKart/Content/Models/Characters/TwilightSparkle/TwilightSparkle_Anim_TwilightRig_DriftRight.uasset'
[2015.09.22-20.38.36:397][849]LogSavePackage: Total save time: 26.974939ms
[2015.09.22-20.38.36:397][849]LogSavePackage:Warning: Finished SavePackage ../../../../../../Users/Amber/Documents/Game Development/PonyKart Package/PonyKart Project/PonyKart/Content/Models/Characters/TwilightSparkle/TwilightSparkle_Anim_TwilightRig_DriftRight.uasset
[2015.09.22-20.38.36:455][849]LogSavePackage: Save=19.748180ms
[2015.09.22-20.38.36:455][849]LogSavePackage: Moving '../../../../../../Users/Amber/Documents/Game Development/PonyKart Package/PonyKart Project/PonyKart/Saved/TwilightSparkle_Anim_TwilightRig_DriveBC4D5E0E4E584F9AD34E2B906F44AFE6.tmp' to '../../../../../../Users/Amber/Documents/Game Development/PonyKart Package/PonyKart Project/PonyKart/Content/Models/Characters/TwilightSparkle/TwilightSparkle_Anim_TwilightRig_Drive.uasset'
[2015.09.22-20.38.36:459][849]LogSavePackage: Total save time: 23.978047ms
[2015.09.22-20.38.36:459][849]LogSavePackage:Warning: Finished SavePackage ../../../../../../Users/Amber/Documents/Game Development/PonyKart Package/PonyKart Project/PonyKart/Content/Models/Characters/TwilightSparkle/TwilightSparkle_Anim_TwilightRig_Drive.uasset
[2015.09.22-20.38.36:520][849]LogSavePackage: Save=19.879692ms
[2015.09.22-20.38.36:520][849]LogSavePackage: Moving '../../../../../../Users/Amber/Documents/Game Development/PonyKart Package/PonyKart Project/PonyKart/Saved/TwilightSparkle_Anim_TwilightRig_IdleCD4A7B3B4962C13602B70394120229C8.tmp' to '../../../../../../Users/Amber/Documents/Game Development/PonyKart Package/PonyKart Project/PonyKart/Content/Models/Characters/TwilightSparkle/TwilightSparkle_Anim_TwilightRig_Idle.uasset'
[2015.09.22-20.38.36:524][849]LogSavePackage: Total save time: 23.925249ms
[2015.09.22-20.38.36:524][849]LogSavePackage:Warning: Finished SavePackage ../../../../../../Users/Amber/Documents/Game Development/PonyKart Package/PonyKart Project/PonyKart/Content/Models/Characters/TwilightSparkle/TwilightSparkle_Anim_TwilightRig_Idle.uasset
[2015.09.22-20.38.36:584][849]LogSavePackage: Save=19.737425ms
[2015.09.22-20.38.36:584][849]LogSavePackage: Moving '../../../../../../Users/Amber/Documents/Game Development/PonyKart Package/PonyKart Project/PonyKart/Saved/TwilightSparkle_Anim_TwilightRig_ReverseEB8363C5439A714FBB71859B0A1FF772.tmp' to '../../../../../../Users/Amber/Documents/Game Development/PonyKart Package/PonyKart Project/PonyKart/Content/Models/Characters/TwilightSparkle/TwilightSparkle_Anim_TwilightRig_Reverse.uasset'
[2015.09.22-20.38.36:588][849]LogSavePackage: Total save time: 23.934536ms
[2015.09.22-20.38.36:588][849]LogSavePackage:Warning: Finished SavePackage ../../../../../../Users/Amber/Documents/Game Development/PonyKart Package/PonyKart Project/PonyKart/Content/Models/Characters/TwilightSparkle/TwilightSparkle_Anim_TwilightRig_Reverse.uasset
[2015.09.22-20.38.36:648][849]LogSavePackage: Save=19.444580ms
[2015.09.22-20.38.36:648][849]LogSavePackage: Moving '../../../../../../Users/Amber/Documents/Game Development/PonyKart Package/PonyKart Project/PonyKart/Saved/TwilightSparkle_Anim_TwilightRig_Stand0910156E47E3E37ECC09DF82A4E94495.tmp' to '../../../../../../Users/Amber/Documents/Game Development/PonyKart Package/PonyKart Project/PonyKart/Content/Models/Characters/TwilightSparkle/TwilightSparkle_Anim_TwilightRig_Stand.uasset'
[2015.09.22-20.38.36:652][849]LogSavePackage: Total save time: 23.546357ms
[2015.09.22-20.38.36:652][849]LogSavePackage:Warning: Finished SavePackage ../../../../../../Users/Amber/Documents/Game Development/PonyKart Package/PonyKart Project/PonyKart/Content/Models/Characters/TwilightSparkle/TwilightSparkle_Anim_TwilightRig_Stand.uasset
[2015.09.22-20.38.36:724][849]LogSavePackage: Save=19.653824ms
[2015.09.22-20.38.36:724][849]LogSavePackage: Moving '../../../../../../Users/Amber/Documents/Game Development/PonyKart Package/PonyKart Project/PonyKart/Saved/TwilightSparkle_Anim_TwilightRig_TurnLeft90DAAB674939AA3093A87DB2B4ABC949.tmp' to '../../../../../../Users/Amber/Documents/Game Development/PonyKart Package/PonyKart Project/PonyKart/Content/Models/Characters/TwilightSparkle/TwilightSparkle_Anim_TwilightRig_TurnLeft.uasset'
[2015.09.22-20.38.36:728][849]LogSavePackage: Total save time: 23.931600ms
[2015.09.22-20.38.36:728][849]LogSavePackage:Warning: Finished SavePackage ../../../../../../Users/Amber/Documents/Game Development/PonyKart Package/PonyKart Project/PonyKart/Content/Models/Characters/TwilightSparkle/TwilightSparkle_Anim_TwilightRig_TurnLeft.uasset
[2015.09.22-20.38.36:787][849]LogSavePackage: Save=19.546759ms
[2015.09.22-20.38.36:787][849]LogSavePackage: Moving '../../../../../../Users/Amber/Documents/Game Development/PonyKart Package/PonyKart Project/PonyKart/Saved/TwilightSparkle_Anim_TwilightRig_TurnRight7B29A9A342EBF8206FF7C2865EB3208E.tmp' to '../../../../../../Users/Amber/Documents/Game Development/PonyKart Package/PonyKart Project/PonyKart/Content/Models/Characters/TwilightSparkle/TwilightSparkle_Anim_TwilightRig_TurnRight.uasset'
[2015.09.22-20.38.36:791][849]LogSavePackage: Total save time: 23.531690ms
[2015.09.22-20.38.36:791][849]LogSavePackage:Warning: Finished SavePackage ../../../../../../Users/Amber/Documents/Game Development/PonyKart Package/PonyKart Project/PonyKart/Content/Models/Characters/TwilightSparkle/TwilightSparkle_Anim_TwilightRig_TurnRight.uasset
[2015.09.22-20.38.36:810][849]LogSavePackage: Save=7.392979ms
[2015.09.22-20.38.36:810][849]LogSavePackage: Moving '../../../../../../Users/Amber/Documents/Game Development/PonyKart Package/PonyKart Project/PonyKart/Saved/TwilightSparkle_Skeleton9FA623D34782D76078C4DC99C2B53953.tmp' to '../../../../../../Users/Amber/Documents/Game Development/PonyKart Package/PonyKart Project/PonyKart/Content/Models/Characters/TwilightSparkle/TwilightSparkle_Skeleton.uasset'
[2015.09.22-20.38.36:814][849]LogSavePackage: Total save time: 11.937201ms
[2015.09.22-20.38.36:814][849]LogSavePackage:Warning: Finished SavePackage ../../../../../../Users/Amber/Documents/Game Development/PonyKart Package/PonyKart Project/PonyKart/Content/Models/Characters/TwilightSparkle/TwilightSparkle_Skeleton.uasset
[2015.09.22-20.38.47:005][304]LogSavePackage: Save=33.896626ms
[2015.09.22-20.38.47:005][304]LogSavePackage: Moving '../../../../../../Users/Amber/Documents/Game Development/PonyKart Package/PonyKart Project/PonyKart/Saved/FluttershyEB96B5A34B3C8AFC2A87A5B7F9C32131.tmp' to '../../../../../../Users/Amber/Documents/Game Development/PonyKart Package/PonyKart Project/PonyKart/Content/Models/Characters/FlutterShy/Fluttershy.uasset'
[2015.09.22-20.38.47:008][304]LogSavePackage: Total save time: 37.953913ms
[2015.09.22-20.38.47:008][304]LogSavePackage:Warning: Finished SavePackage ../../../../../../Users/Amber/Documents/Game Development/PonyKart Package/PonyKart Project/PonyKart/Content/Models/Characters/FlutterShy/Fluttershy.uasset
[2015.09.22-20.38.47:039][304]LogSavePackage: Save=5.608534ms
[2015.09.22-20.38.47:039][304]LogSavePackage: Moving '../../../../../../Users/Amber/Documents/Game Development/PonyKart Package/PonyKart Project/PonyKart/Saved/FluttershyF6776A3D43E41B136CA632A15CD4545D.tmp' to '../../../../../../Users/Amber/Documents/Game Development/PonyKart Package/PonyKart Project/PonyKart/Content/Models/FlutterShy/Fluttershy.uasset'
[2015.09.22-20.38.47:043][304]LogSavePackage: Total save time: 23.943827ms
[2015.09.22-20.38.47:043][304]LogSavePackage:Warning: Finished SavePackage ../../../../../../Users/Amber/Documents/Game Development/PonyKart Package/PonyKart Project/PonyKart/Content/Models/FlutterShy/Fluttershy.uasset
[2015.09.22-20.38.47:097][304]LogSavePackage: Save=25.567915ms
[2015.09.22-20.38.47:097][304]LogSavePackage: Moving '../../../../../../Users/Amber/Documents/Game Development/PonyKart Package/PonyKart Project/PonyKart/Saved/FluttershyAo7254144D48FA490C57BB3AA45641888F.tmp' to '../../../../../../Users/Amber/Documents/Game Development/PonyKart Package/PonyKart Project/PonyKart/Content/Models/Characters/FlutterShy/FluttershyAo.uasset'
[2015.09.22-20.38.47:100][304]LogSavePackage: Total save time: 29.373914ms
[2015.09.22-20.38.47:100][304]LogSavePackage:Warning: Finished SavePackage ../../../../../../Users/Amber/Documents/Game Development/PonyKart Package/PonyKart Project/PonyKart/Content/Models/Characters/FlutterShy/FluttershyAo.uasset
[2015.09.22-20.38.47:194][304]LogSavePackage: Save=21.476892ms
[2015.09.22-20.38.47:194][304]LogSavePackage: Moving '../../../../../../Users/Amber/Documents/Game Development/PonyKart Package/PonyKart Project/PonyKart/Saved/FluttershyBodyE5503EA9471568CA76A05CADC118DC99.tmp' to '../../../../../../Users/Amber/Documents/Game Development/PonyKart Package/PonyKart Project/PonyKart/Content/Models/Characters/FlutterShy/FluttershyBody.uasset'
[2015.09.22-20.38.47:198][304]LogSavePackage: Total save time: 25.862224ms
[2015.09.22-20.38.47:198][304]LogSavePackage:Warning: Finished SavePackage ../../../../../../Users/Amber/Documents/Game Development/PonyKart Package/PonyKart Project/PonyKart/Content/Models/Characters/FlutterShy/FluttershyBody.uasset
[2015.09.22-20.38.47:245][304]LogSavePackage: Save=18.153913ms
[2015.09.22-20.38.47:245][304]LogSavePackage: Moving '../../../../../../Users/Amber/Documents/Game Development/PonyKart Package/PonyKart Project/PonyKart/Saved/FluttershyBody2024E5C0E4EDC60D260699DB74FCB4FCC.tmp' to '../../../../../../Users/Amber/Documents/Game Development/PonyKart Package/PonyKart Project/PonyKart/Content/Models/Characters/FlutterShy/FluttershyBody2.uasset'
[2015.09.22-20.38.47:249][304]LogSavePackage: Total save time: 22.222936ms
[2015.09.22-20.38.47:249][304]LogSavePackage:Warning: Finished SavePackage ../../../../../../Users/Amber/Documents/Game Development/PonyKart Package/PonyKart Project/PonyKart/Content/Models/Characters/FlutterShy/FluttershyBody2.uasset
[2015.09.22-20.38.47:310][304]LogSavePackage: Save=19.640625ms
[2015.09.22-20.38.47:310][304]LogSavePackage: Moving '../../../../../../Users/Amber/Documents/Game Development/PonyKart Package/PonyKart Project/PonyKart/Saved/FluttershyEyes83A5579144B4F5D709B0FBBDFBFB22B7.tmp' to '../../../../../../Users/Amber/Documents/Game Development/PonyKart Package/PonyKart Project/PonyKart/Content/Models/Characters/FlutterShy/FluttershyEyes.uasset'
[2015.09.22-20.38.47:313][304]LogSavePackage: Total save time: 23.583028ms
[2015.09.22-20.38.47:313][304]LogSavePackage:Warning: Finished SavePackage ../../../../../../Users/Amber/Documents/Game Development/PonyKart Package/PonyKart Project/PonyKart/Content/Models/Characters/FlutterShy/FluttershyEyes.uasset
[2015.09.22-20.38.47:360][304]LogSavePackage: Save=18.776270ms
[2015.09.22-20.38.47:360][304]LogSavePackage: Moving '../../../../../../Users/Amber/Documents/Game Development/PonyKart Package/PonyKart Project/PonyKart/Saved/FluttershyEyes2BF853DFE4A7A9C9E71EE98BF4BF5A573.tmp' to '../../../../../../Users/Amber/Documents/Game Development/PonyKart Package/PonyKart Project/PonyKart/Content/Models/Characters/FlutterShy/FluttershyEyes2.uasset'
[2015.09.22-20.38.47:363][304]LogSavePackage: Total save time: 22.730403ms
[2015.09.22-20.38.47:363][304]LogSavePackage:Warning: Finished SavePackage ../../../../../../Users/Amber/Documents/Game Development/PonyKart Package/PonyKart Project/PonyKart/Content/Models/Characters/FlutterShy/FluttershyEyes2.uasset
[2015.09.22-20.38.47:429][304]LogSavePackage: Save=21.530180ms
[2015.09.22-20.38.47:429][304]LogSavePackage: Moving '../../../../../../Users/Amber/Documents/Game Development/PonyKart Package/PonyKart Project/PonyKart/Saved/FluttershyHairB0C2E8994797EE96A6EA80B180ECF72F.tmp' to '../../../../../../Users/Amber/Documents/Game Development/PonyKart Package/PonyKart Project/PonyKart/Content/Models/Characters/FlutterShy/FluttershyHair.uasset'
[2015.09.22-20.38.47:432][304]LogSavePackage: Total save time: 25.543470ms
[2015.09.22-20.38.47:432][304]LogSavePackage:Warning: Finished SavePackage ../../../../../../Users/Amber/Documents/Game Development/PonyKart Package/PonyKart Project/PonyKart/Content/Models/Characters/FlutterShy/FluttershyHair.uasset
[2015.09.22-20.38.47:501][304]LogSavePackage: Save=39.153160ms
[2015.09.22-20.38.47:502][304]LogSavePackage: Moving '../../../../../../Users/Amber/Documents/Game Development/PonyKart Package/PonyKart Project/PonyKart/Saved/FluttershyHair2F597C53A4C3B17DA06F261B860AA387F.tmp' to '../../../../../../Users/Amber/Documents/Game Development/PonyKart Package/PonyKart Project/PonyKart/Content/Models/Characters/FlutterShy/FluttershyHair2.uasset'
[2015.09.22-20.38.47:505][304]LogSavePackage: Total save time: 43.158628ms
[2015.09.22-20.38.47:505][304]LogSavePackage:Warning: Finished SavePackage ../../../../../../Users/Amber/Documents/Game Development/PonyKart Package/PonyKart Project/PonyKart/Content/Models/Characters/FlutterShy/FluttershyHair2.uasset
[2015.09.22-20.38.47:559][304]LogSavePackage: Save=25.141603ms
[2015.09.22-20.38.47:559][304]LogSavePackage: Moving '../../../../../../Users/Amber/Documents/Game Development/PonyKart Package/PonyKart Project/PonyKart/Saved/FluttershyHairAo77FEAE844EB029C191C4529A4185FD91.tmp' to '../../../../../../Users/Amber/Documents/Game Development/PonyKart Package/PonyKart Project/PonyKart/Content/Models/Characters/FlutterShy/FluttershyHairAo.uasset'
[2015.09.22-20.38.47:563][304]LogSavePackage: Total save time: 29.433560ms
[2015.09.22-20.38.47:563][304]LogSavePackage:Warning: Finished SavePackage ../../../../../../Users/Amber/Documents/Game Development/PonyKart Package/PonyKart Project/PonyKart/Content/Models/Characters/FlutterShy/FluttershyHairAo.uasset
[2015.09.22-20.38.47:633][304]LogSavePackage: Save=21.620625ms
[2015.09.22-20.38.47:633][304]LogSavePackage: Moving '../../../../../../Users/Amber/Documents/Game Development/PonyKart Package/PonyKart Project/PonyKart/Saved/FluttershyWings9FA36A2E4C708F159167778543E5C36D.tmp' to '../../../../../../Users/Amber/Documents/Game Development/PonyKart Package/PonyKart Project/PonyKart/Content/Models/Characters/FlutterShy/FluttershyWings.uasset'
[2015.09.22-20.38.47:637][304]LogSavePackage: Total save time: 25.803071ms
[2015.09.22-20.38.47:637][304]LogSavePackage:Warning: Finished SavePackage ../../../../../../Users/Amber/Documents/Game Development/PonyKart Package/PonyKart Project/PonyKart/Content/Models/Characters/FlutterShy/FluttershyWings.uasset
[2015.09.22-20.38.47:686][304]LogSavePackage: Save=18.979647ms
[2015.09.22-20.38.47:686][304]LogSavePackage: Moving '../../../../../../Users/Amber/Documents/Game Development/PonyKart Package/PonyKart Project/PonyKart/Saved/FluttershyWings2C20718A8433C4554BEF9C8AFDA041BCB.tmp' to '../../../../../../Users/Amber/Documents/Game Development/PonyKart Package/PonyKart Project/PonyKart/Content/Models/Characters/FlutterShy/FluttershyWings2.uasset'
[2015.09.22-20.38.47:689][304]LogSavePackage: Total save time: 23.152802ms
[2015.09.22-20.38.47:689][304]LogSavePackage:Warning: Finished SavePackage ../../../../../../Users/Amber/Documents/Game Development/PonyKart Package/PonyKart Project/PonyKart/Content/Models/Characters/FlutterShy/FluttershyWings2.uasset
[2015.09.22-20.38.47:737][304]LogSavePackage: Save=17.893824ms
[2015.09.22-20.38.47:737][304]LogSavePackage: Moving '../../../../../../Users/Amber/Documents/Game Development/PonyKart Package/PonyKart Project/PonyKart/Saved/FluttershyWingsAo3ED21BF64003FAF171079289E55363D3.tmp' to '../../../../../../Users/Amber/Documents/Game Development/PonyKart Package/PonyKart Project/PonyKart/Content/Models/Characters/FlutterShy/FluttershyWingsAo.uasset'
[2015.09.22-20.38.47:741][304]LogSavePackage: Total save time: 21.978982ms
[2015.09.22-20.38.47:741][304]LogSavePackage:Warning: Finished SavePackage ../../../../../../Users/Amber/Documents/Game Development/PonyKart Package/PonyKart Project/PonyKart/Content/Models/Characters/FlutterShy/FluttershyWingsAo.uasset
[2015.09.22-20.38.47:776][304]LogSavePackage: Save=13.718224ms
[2015.09.22-20.38.47:776][304]LogSavePackage: Moving '../../../../../../Users/Amber/Documents/Game Development/PonyKart Package/PonyKart Project/PonyKart/Saved/Fluttershy_Anim_BasisABE7FC33447E4FE8E95AD3B7F72AF92F.tmp' to '../../../../../../Users/Amber/Documents/Game Development/PonyKart Package/PonyKart Project/PonyKart/Content/Models/Characters/FlutterShy/Fluttershy_Anim_Basis.uasset'
[2015.09.22-20.38.47:779][304]LogSavePackage: Total save time: 17.715380ms
[2015.09.22-20.38.47:779][304]LogSavePackage:Warning: Finished SavePackage ../../../../../../Users/Amber/Documents/Game Development/PonyKart Package/PonyKart Project/PonyKart/Content/Models/Characters/FlutterShy/Fluttershy_Anim_Basis.uasset
[2015.09.22-20.38.47:814][304]LogSavePackage: Save=14.146002ms
[2015.09.22-20.38.47:814][304]LogSavePackage: Moving '../../../../../../Users/Amber/Documents/Game Development/PonyKart Package/PonyKart Project/PonyKart/Saved/Fluttershy_Anim_DriftLeftA90618174E61F639B96A5D8CE8632485.tmp' to '../../../../../../Users/Amber/Documents/Game Development/PonyKart Package/PonyKart Project/PonyKart/Content/Models/Characters/FlutterShy/Fluttershy_Anim_DriftLeft.uasset'
[2015.09.22-20.38.47:821][304]LogSavePackage: Total save time: 21.717913ms
[2015.09.22-20.38.47:821][304]LogSavePackage:Warning: Finished SavePackage ../../../../../../Users/Amber/Documents/Game Development/PonyKart Package/PonyKart Project/PonyKart/Content/Models/Characters/FlutterShy/Fluttershy_Anim_DriftLeft.uasset
[2015.09.22-20.38.47:855][304]LogSavePackage: Save=13.771513ms
[2015.09.22-20.38.47:856][304]LogSavePackage: Moving '../../../../../../Users/Amber/Documents/Game Development/PonyKart Package/PonyKart Project/PonyKart/Saved/Fluttershy_Anim_DriftRight961FC888425BBAD5286D409568022A1C.tmp' to '../../../../../../Users/Amber/Documents/Game Development/PonyKart Package/PonyKart Project/PonyKart/Content/Models/Characters/FlutterShy/Fluttershy_Anim_DriftRight.uasset'
[2015.09.22-20.38.47:859][304]LogSavePackage: Total save time: 17.833691ms
[2015.09.22-20.38.47:859][304]LogSavePackage:Warning: Finished SavePackage ../../../../../../Users/Amber/Documents/Game Development/PonyKart Package/PonyKart Project/PonyKart/Content/Models/Characters/FlutterShy/Fluttershy_Anim_DriftRight.uasset
[2015.09.22-20.38.47:893][304]LogSavePackage: Save=13.732891ms
[2015.09.22-20.38.47:893][304]LogSavePackage: Moving '../../../../../../Users/Amber/Documents/Game Development/PonyKart Package/PonyKart Project/PonyKart/Saved/Fluttershy_Anim_Drive0453100B455F7A75B7063ABEA1500A11.tmp' to '../../../../../../Users/Amber/Documents/Game Development/PonyKart Package/PonyKart Project/PonyKart/Content/Models/Characters/FlutterShy/Fluttershy_Anim_Drive.uasset'
[2015.09.22-20.38.47:897][304]LogSavePackage: Total save time: 17.753024ms
[2015.09.22-20.38.47:897][304]LogSavePackage:Warning: Finished SavePackage ../../../../../../Users/Amber/Documents/Game Development/PonyKart Package/PonyKart Project/PonyKart/Content/Models/Characters/FlutterShy/Fluttershy_Anim_Drive.uasset
[2015.09.22-20.38.48:033][304]LogSavePackage: Save=14.605557ms
[2015.09.22-20.38.48:033][304]LogSavePackage: Moving '../../../../../../Users/Amber/Documents/Game Development/PonyKart Package/PonyKart Project/PonyKart/Saved/Fluttershy_Anim_FluttershyRig_Basis_001BA576A2C466823FF9AE1A18403F86295.tmp' to '../../../../../../Users/Amber/Documents/Game Development/PonyKart Package/PonyKart Project/PonyKart/Content/Models/Characters/FlutterShy/Fluttershy_Anim_FluttershyRig_Basis_001.uasset'
[2015.09.22-20.38.48:038][304]LogSavePackage: Total save time: 19.494448ms
[2015.09.22-20.38.48:038][304]LogSavePackage:Warning: Finished SavePackage ../../../../../../Users/Amber/Documents/Game Development/PonyKart Package/PonyKart Project/PonyKart/Content/Models/Characters/FlutterShy/Fluttershy_Anim_FluttershyRig_Basis_001.uasset
[2015.09.22-20.38.48:082][304]LogSavePackage: Save=14.677424ms
[2015.09.22-20.38.48:082][304]LogSavePackage: Moving '../../../../../../Users/Amber/Documents/Game Development/PonyKart Package/PonyKart Project/PonyKart/Saved/Fluttershy_Anim_FluttershyRig_DriftLeft_0014788948A4799E8D2F90BE692E781AFCA.tmp' to '../../../../../../Users/Amber/Documents/Game Development/PonyKart Package/PonyKart Project/PonyKart/Content/Models/Characters/FlutterShy/Fluttershy_Anim_FluttershyRig_DriftLeft_001.uasset'
[2015.09.22-20.38.48:085][304]LogSavePackage: Total save time: 18.657468ms
[2015.09.22-20.38.48:085][304]LogSavePackage:Warning: Finished SavePackage ../../../../../../Users/Amber/Documents/Game Development/PonyKart Package/PonyKart Project/PonyKart/Content/Models/Characters/FlutterShy/Fluttershy_Anim_FluttershyRig_DriftLeft_001.uasset
[2015.09.22-20.38.48:125][304]LogSavePackage: Save=14.705291ms
[2015.09.22-20.38.48:125][304]LogSavePackage: Moving '../../../../../../Users/Amber/Documents/Game Development/PonyKart Package/PonyKart Project/PonyKart/Saved/Fluttershy_Anim_FluttershyRig_DriftRight_00172AE6BE24EA68F04AF32EAB1A15BB556.tmp' to '../../../../../../Users/Amber/Documents/Game Development/PonyKart Package/PonyKart Project/PonyKart/Content/Models/Characters/FlutterShy/Fluttershy_Anim_FluttershyRig_DriftRight_001.uasset'
[2015.09.22-20.38.48:129][304]LogSavePackage: Total save time: 19.048091ms
[2015.09.22-20.38.48:129][304]LogSavePackage:Warning: Finished SavePackage ../../../../../../Users/Amber/Documents/Game Development/PonyKart Package/PonyKart Project/PonyKart/Content/Models/Characters/FlutterShy/Fluttershy_Anim_FluttershyRig_DriftRight_001.uasset
[2015.09.22-20.38.48:165][304]LogSavePackage: Save=14.866136ms
[2015.09.22-20.38.48:165][304]LogSavePackage: Moving '../../../../../../Users/Amber/Documents/Game Development/PonyKart Package/PonyKart Project/PonyKart/Saved/Fluttershy_Anim_FluttershyRig_Drive_0014902C02642BB63ACAA0914975BCE8E77.tmp' to '../../../../../../Users/Amber/Documents/Game Development/PonyKart Package/PonyKart Project/PonyKart/Content/Models/Characters/FlutterShy/Fluttershy_Anim_FluttershyRig_Drive_001.uasset'
[2015.09.22-20.38.48:169][304]LogSavePackage: Total save time: 19.155648ms
[2015.09.22-20.38.48:169][304]LogSavePackage:Warning: Finished SavePackage ../../../../../../Users/Amber/Documents/Game Development/PonyKart Package/PonyKart Project/PonyKart/Content/Models/Characters/FlutterShy/Fluttershy_Anim_FluttershyRig_Drive_001.uasset
[2015.09.22-20.38.48:204][304]LogSavePackage: Save=14.103957ms
[2015.09.22-20.38.48:204][304]LogSavePackage: Moving '../../../../../../Users/Amber/Documents/Game Development/PonyKart Package/PonyKart Project/PonyKart/Saved/Fluttershy_Anim_FluttershyRig_Idle_001184931C547F36C85A70814AAE6784744.tmp' to '../../../../../../Users/Amber/Documents/Game Development/PonyKart Package/PonyKart Project/PonyKart/Content/Models/Characters/FlutterShy/Fluttershy_Anim_FluttershyRig_Idle_001.uasset'
[2015.09.22-20.38.48:207][304]LogSavePackage: Total save time: 18.049780ms
[2015.09.22-20.38.48:207][304]LogSavePackage:Warning: Finished SavePackage ../../../../../../Users/Amber/Documents/Game Development/PonyKart Package/PonyKart Project/PonyKart/Content/Models/Characters/FlutterShy/Fluttershy_Anim_FluttershyRig_Idle_001.uasset
[2015.09.22-20.38.48:242][304]LogSavePackage: Save=14.012535ms
[2015.09.22-20.38.48:242][304]LogSavePackage: Moving '../../../../../../Users/Amber/Documents/Game Development/PonyKart Package/PonyKart Project/PonyKart/Saved/Fluttershy_Anim_FluttershyRig_Reverse_001BA42E661410EE4536980FF85ACD73FB6.tmp' to '../../../../../../Users/Amber/Documents/Game Development/PonyKart Package/PonyKart Project/PonyKart/Content/Models/Characters/FlutterShy/Fluttershy_Anim_FluttershyRig_Reverse_001.uasset'
[2015.09.22-20.38.48:245][304]LogSavePackage: Total save time: 18.195469ms
[2015.09.22-20.38.48:245][304]LogSavePackage:Warning: Finished SavePackage ../../../../../../Users/Amber/Documents/Game Development/PonyKart Package/PonyKart Project/PonyKart/Content/Models/Characters/FlutterShy/Fluttershy_Anim_FluttershyRig_Reverse_001.uasset
[2015.09.22-20.38.48:281][304]LogSavePackage: Save=13.757824ms
[2015.09.22-20.38.48:281][304]LogSavePackage: Moving '../../../../../../Users/Amber/Documents/Game Development/PonyKart Package/PonyKart Project/PonyKart/Saved/Fluttershy_Anim_FluttershyRig_Stand_001981A19BB421A65D167D22EADA4F2BBF4.tmp' to '../../../../../../Users/Amber/Documents/Game Development/PonyKart Package/PonyKart Project/PonyKart/Content/Models/Characters/FlutterShy/Fluttershy_Anim_FluttershyRig_Stand_001.uasset'
[2015.09.22-20.38.48:285][304]LogSavePackage: Total save time: 17.933913ms
[2015.09.22-20.38.48:285][304]LogSavePackage:Warning: Finished SavePackage ../../../../../../Users/Amber/Documents/Game Development/PonyKart Package/PonyKart Project/PonyKart/Content/Models/Characters/FlutterShy/Fluttershy_Anim_FluttershyRig_Stand_001.uasset
[2015.09.22-20.38.48:345][304]LogSavePackage: Save=40.059559ms
[2015.09.22-20.38.48:345][304]LogSavePackage: Moving '../../../../../../Users/Amber/Documents/Game Development/PonyKart Package/PonyKart Project/PonyKart/Saved/Fluttershy_Anim_FluttershyRig_TurnLeft_001F3CD8B1C44DD493276188DA70A6585D1.tmp' to '../../../../../../Users/Amber/Documents/Game Development/PonyKart Package/PonyKart Project/PonyKart/Content/Models/Characters/FlutterShy/Fluttershy_Anim_FluttershyRig_TurnLeft_001.uasset'
[2015.09.22-20.38.48:349][304]LogSavePackage: Total save time: 44.419963ms
[2015.09.22-20.38.48:349][304]LogSavePackage:Warning: Finished SavePackage ../../../../../../Users/Amber/Documents/Game Development/PonyKart Package/PonyKart Project/PonyKart/Content/Models/Characters/FlutterShy/Fluttershy_Anim_FluttershyRig_TurnLeft_001.uasset
[2015.09.22-20.38.48:385][304]LogSavePackage: Save=14.459379ms
[2015.09.22-20.38.48:385][304]LogSavePackage: Moving '../../../../../../Users/Amber/Documents/Game Development/PonyKart Package/PonyKart Project/PonyKart/Saved/Fluttershy_Anim_FluttershyRig_TurnRight_001FBEB590349FCC0BFE0FFBD9260779B38.tmp' to '../../../../../../Users/Amber/Documents/Game Development/PonyKart Package/PonyKart Project/PonyKart/Content/Models/Characters/FlutterShy/Fluttershy_Anim_FluttershyRig_TurnRight_001.uasset'
[2015.09.22-20.38.48:388][304]LogSavePackage: Total save time: 18.495649ms
[2015.09.22-20.38.48:388][304]LogSavePackage:Warning: Finished SavePackage ../../../../../../Users/Amber/Documents/Game Development/PonyKart Package/PonyKart Project/PonyKart/Content/Models/Characters/FlutterShy/Fluttershy_Anim_FluttershyRig_TurnRight_001.uasset
[2015.09.22-20.38.48:424][304]LogSavePackage: Save=14.798180ms
[2015.09.22-20.38.48:424][304]LogSavePackage: Moving '../../../../../../Users/Amber/Documents/Game Development/PonyKart Package/PonyKart Project/PonyKart/Saved/Fluttershy_Anim_Idle73AD80D94A37D094FEE019BE069ECE6D.tmp' to '../../../../../../Users/Amber/Documents/Game Development/PonyKart Package/PonyKart Project/PonyKart/Content/Models/Characters/FlutterShy/Fluttershy_Anim_Idle.uasset'
[2015.09.22-20.38.48:428][304]LogSavePackage: Total save time: 19.105781ms
[2015.09.22-20.38.48:428][304]LogSavePackage:Warning: Finished SavePackage ../../../../../../Users/Amber/Documents/Game Development/PonyKart Package/PonyKart Project/PonyKart/Content/Models/Characters/FlutterShy/Fluttershy_Anim_Idle.uasset
[2015.09.22-20.38.48:463][304]LogSavePackage: Save=13.996891ms
[2015.09.22-20.38.48:463][304]LogSavePackage: Moving '../../../../../../Users/Amber/Documents/Game Development/PonyKart Package/PonyKart Project/PonyKart/Saved/Fluttershy_Anim_ReverseE08CD0604E8B766C824470BFA1A0C658.tmp' to '../../../../../../Users/Amber/Documents/Game Development/PonyKart Package/PonyKart Project/PonyKart/Content/Models/Characters/FlutterShy/Fluttershy_Anim_Reverse.uasset'
[2015.09.22-20.38.48:467][304]LogSavePackage: Total save time: 18.028267ms
[2015.09.22-20.38.48:467][304]LogSavePackage:Warning: Finished SavePackage ../../../../../../Users/Amber/Documents/Game Development/PonyKart Package/PonyKart Project/PonyKart/Content/Models/Characters/FlutterShy/Fluttershy_Anim_Reverse.uasset
[2015.09.22-20.38.48:502][304]LogSavePackage: Save=13.938713ms
[2015.09.22-20.38.48:502][304]LogSavePackage: Moving '../../../../../../Users/Amber/Documents/Game Development/PonyKart Package/PonyKart Project/PonyKart/Saved/Fluttershy_Anim_StandB78526C94C4A5D9CC23EACAE2BA76B1C.tmp' to '../../../../../../Users/Amber/Documents/Game Development/PonyKart Package/PonyKart Project/PonyKart/Content/Models/Characters/FlutterShy/Fluttershy_Anim_Stand.uasset'
[2015.09.22-20.38.48:506][304]LogSavePackage: Total save time: 18.239468ms
[2015.09.22-20.38.48:506][304]LogSavePackage:Warning: Finished SavePackage ../../../../../../Users/Amber/Documents/Game Development/PonyKart Package/PonyKart Project/PonyKart/Content/Models/Characters/FlutterShy/Fluttershy_Anim_Stand.uasset
[2015.09.22-20.38.48:543][304]LogSavePackage: Save=15.974446ms
[2015.09.22-20.38.48:543][304]LogSavePackage: Moving '../../../../../../Users/Amber/Documents/Game Development/PonyKart Package/PonyKart Project/PonyKart/Saved/Fluttershy_Anim_TurnLeftB5C256A84927D5F001DA67A8D3DBEF29.tmp' to '../../../../../../Users/Amber/Documents/Game Development/PonyKart Package/PonyKart Project/PonyKart/Content/Models/Characters/FlutterShy/Fluttershy_Anim_TurnLeft.uasset'
[2015.09.22-20.38.48:546][304]LogSavePackage: Total save time: 20.438492ms
[2015.09.22-20.38.48:546][304]LogSavePackage:Warning: Finished SavePackage ../../../../../../Users/Amber/Documents/Game Development/PonyKart Package/PonyKart Project/PonyKart/Content/Models/Characters/FlutterShy/Fluttershy_Anim_TurnLeft.uasset
[2015.09.22-20.38.48:605][304]LogSavePackage: Save=37.422493ms
[2015.09.22-20.38.48:605][304]LogSavePackage: Moving '../../../../../../Users/Amber/Documents/Game Development/PonyKart Package/PonyKart Project/PonyKart/Saved/Fluttershy_Anim_TurnRight23AA1C1A431C0D736684F3A7DDF69853.tmp' to '../../../../../../Users/Amber/Documents/Game Development/PonyKart Package/PonyKart Project/PonyKart/Content/Models/Characters/FlutterShy/Fluttershy_Anim_TurnRight.uasset'
[2015.09.22-20.38.48:609][304]LogSavePackage: Total save time: 41.627429ms
[2015.09.22-20.38.48:609][304]LogSavePackage:Warning: Finished SavePackage ../../../../../../Users/Amber/Documents/Game Development/PonyKart Package/PonyKart Project/PonyKart/Content/Models/Characters/FlutterShy/Fluttershy_Anim_TurnRight.uasset
[2015.09.22-20.38.48:626][304]LogSavePackage: Save=7.413512ms
[2015.09.22-20.38.48:626][304]LogSavePackage: Moving '../../../../../../Users/Amber/Documents/Game Development/PonyKart Package/PonyKart Project/PonyKart/Saved/Fluttershy_SkeletonF19679404E07BD3E0324DF9E288A80C3.tmp' to '../../../../../../Users/Amber/Documents/Game Development/PonyKart Package/PonyKart Project/PonyKart/Content/Models/Characters/FlutterShy/Fluttershy_Skeleton.uasset'
[2015.09.22-20.38.48:630][304]LogSavePackage: Total save time: 11.448804ms
[2015.09.22-20.38.48:630][304]LogSavePackage:Warning: Finished SavePackage ../../../../../../Users/Amber/Documents/Game Development/PonyKart Package/PonyKart Project/PonyKart/Content/Models/Characters/FlutterShy/Fluttershy_Skeleton.uasset
[2015.09.22-20.40.16:596][538]LogLinker:Warning: Can't find file '/Game/Models/FlutterShy/Fluttershy'
[2015.09.22-20.40.16:596][538]LogLinker:Warning: Can't find file for asset '/Game/Models/FlutterShy/Fluttershy' while loading ../../../../../../Users/Amber/Documents/Game Development/PonyKart Package/PonyKart Project/PonyKart/Content/Levels/Test.umap.
[2015.09.22-20.40.16:596][538]LoadErrors:Error: Error /Game/Levels/Test : Can't find file for asset. /Game/Models/FlutterShy/Fluttershy
[2015.09.22-20.40.17:054][538]LogLinker:Warning: Can't find file '/Game/Models/FlutterShy/Fluttershy'
[2015.09.22-20.40.17:055][538]LogLinker:Warning: Can't find file for asset '/Game/Models/FlutterShy/Fluttershy' while loading ../../../../../../Users/Amber/Documents/Game Development/PonyKart Package/PonyKart Project/PonyKart/Content/Levels/Test.umap.
[2015.09.22-20.40.17:084][538]LogLinker:Warning: Can't find file '/Game/Models/FlutterShy/Fluttershy'
[2015.09.22-20.40.17:085][538]LogLinker:Warning: Can't find file for asset '/Game/Models/FlutterShy/Fluttershy' while loading NULL.
[2015.09.22-20.40.17:085][538]LogLinker:Warning: Can't find file '/Game/Models/FlutterShy/Fluttershy'
[2015.09.22-20.40.17:085][538]LogLinker:Warning: Can't find file for asset '/Game/Models/FlutterShy/Fluttershy' while loading NULL.
[2015.09.22-20.40.17:504][538]LogLinker:Warning: Can't find file '/Game/Models/FlutterShy/Fluttershy'
[2015.09.22-20.40.17:575][538]LoadErrors: Info Failed to load /Game/Models/FlutterShy/Fluttershy.Fluttershy Referenced by Fluttershy
[2015.09.22-20.40.17:575][538]LogLinker:Warning: Can't find file for asset '/Game/Models/FlutterShy/Fluttershy' while loading NULL.
[2015.09.22-20.40.20:992][538]LogAIModule: Creating AISystem for world Test
[2015.09.22-20.40.21:472][538]Cmd: MAP LOAD FILE="../../../../../../Users/Amber/Documents/Game Development/PonyKart Package/PonyKart Project/PonyKart/Content/Levels/Test.umap" TEMPLATE=0 SHOWPROGRESS=1 FEATURELEVEL=3
[2015.09.22-20.40.21:474][538]LightingResults: New page: Lighting Build
[2015.09.22-20.40.21:608][538]LoadErrors: New page: Loading map: Test.umap
[2015.09.22-20.40.21:670][538]MapCheck: New page: Map Check
[2015.09.22-20.40.21:670][538]LightingResults: New page: Lighting Build
[2015.09.22-20.40.21:919][538]LogParticles: Destroying 0 GPU particle simulations for FXSystem 0x0000008CC132C540
[2015.09.22-20.40.23:307][538]LogEditorServer: Finished looking for orphan Actors (0.000 secs)
[2015.09.22-20.40.23:712][538]Cmd: MAP CHECKDEP NOCLEARLOG
[2015.09.22-20.40.27:048][538]MapCheck: Info Map check complete: 0 Error(s), 0 Warning(s), took 3,336.059ms to complete.
[2015.09.22-20.40.27:050][538]LogFileHelpers: Loading map 'Test' took 5.728
[2015.09.22-20.43.28:443][817]LogLinker:Warning: Can't find file '/Game/Blueprints/CameralPawn'
[2015.09.22-20.43.28:443][817]LogLinker:Warning: Can't find file for asset '/Game/Blueprints/CameralPawn' while loading ../../../../../../Users/Amber/Documents/Game Development/PonyKart Package/PonyKart Project/PonyKart/Content/Levels/LandscapeTest.umap.
[2015.09.22-20.43.28:443][817]LoadErrors:Error: Error /Game/Levels/LandscapeTest : Can't find file for asset. /Game/Blueprints/CameralPawn
[2015.09.22-20.43.28:443][817]LogLinker:Warning: Can't find file '/Game/MyGameMode'
[2015.09.22-20.43.28:443][817]LogLinker:Warning: Can't find file for asset '/Game/MyGameMode' while loading ../../../../../../Users/Amber/Documents/Game Development/PonyKart Package/PonyKart Project/PonyKart/Content/Levels/LandscapeTest.umap.
[2015.09.22-20.43.28:444][817]LoadErrors:Error: Error /Game/Levels/LandscapeTest : Can't find file for asset. /Game/MyGameMode
[2015.09.22-20.43.28:444][817]LogLinker:Warning: Can't find file '/Game/Blueprints/CameralPawn'
[2015.09.22-20.43.28:444][817]LogLinker:Warning: Can't find file for asset '/Game/Blueprints/CameralPawn' while loading ../../../../../../Users/Amber/Documents/Game Development/PonyKart Package/PonyKart Project/PonyKart/Content/Levels/LandscapeTest.umap.
[2015.09.22-20.43.28:546][817]LogLinker:Warning: Can't find file '/Game/Blueprints/CameralPawn'
[2015.09.22-20.43.28:546][817]LogLinker:Warning: Can't find file for asset '/Game/Blueprints/CameralPawn' while loading ../../../../../../Users/Amber/Documents/Game Development/PonyKart Package/PonyKart Project/PonyKart/Content/Levels/LandscapeTest.umap.
[2015.09.22-20.43.28:563][817]LogLinker:Warning: Can't find file '/Game/MyGameMode'
[2015.09.22-20.43.28:563][817]LogLinker:Warning: Can't find file for asset '/Game/MyGameMode' while loading ../../../../../../Users/Amber/Documents/Game Development/PonyKart Package/PonyKart Project/PonyKart/Content/Levels/LandscapeTest.umap.
[2015.09.22-20.43.28:564][817]LogLinker:Warning: Can't find file '/Game/Blueprints/CameralPawn'
[2015.09.22-20.43.28:565][817]LogLinker:Warning: Can't find file for asset '/Game/Blueprints/CameralPawn' while loading ../../../../../../Users/Amber/Documents/Game Development/PonyKart Package/PonyKart Project/PonyKart/Content/Levels/LandscapeTest.umap.
[2015.09.22-20.43.28:571][817]LogLinker:Warning: Can't find file '/Game/Blueprints/CameralPawn'
[2015.09.22-20.43.28:571][817]LogLinker:Warning: Can't find file for asset '/Game/Blueprints/CameralPawn' while loading NULL.
[2015.09.22-20.43.28:572][817]LogLinker:Warning: Can't find file '/Game/MyGameMode'
[2015.09.22-20.43.28:572][817]LogLinker:Warning: Can't find file for asset '/Game/MyGameMode' while loading NULL.
[2015.09.22-20.43.28:572][817]LogLinker:Warning: Can't find file '/Game/Blueprints/CameralPawn'
[2015.09.22-20.43.28:572][817]LogLinker:Warning: Can't find file for asset '/Game/Blueprints/CameralPawn' while loading NULL.
[2015.09.22-20.43.28:572][817]LogLinker:Warning: Can't find file '/Game/Blueprints/CameralPawn'
[2015.09.22-20.43.28:572][817]LogLinker:Warning: Can't find file for asset '/Game/Blueprints/CameralPawn' while loading NULL.
[2015.09.22-20.43.28:573][817]LogLinker:Warning: Can't find file '/Game/MyGameMode'
[2015.09.22-20.43.28:573][817]LogLinker:Warning: Can't find file for asset '/Game/MyGameMode' while loading NULL.
[2015.09.22-20.43.28:573][817]LogLinker:Warning: Can't find file '/Game/Blueprints/CameralPawn'
[2015.09.22-20.43.28:573][817]LogLinker:Warning: Can't find file for asset '/Game/Blueprints/CameralPawn' while loading NULL.
[2015.09.22-20.43.29:299][817]LogLinker:Warning: Can't find file '/Game/Blueprints/CameralPawn'
[2015.09.22-20.43.29:299][817]LogLinker:Warning: Can't find file for asset '/Game/Blueprints/CameralPawn' while loading NULL.
[2015.09.22-20.43.29:299][817]LogLinker:Warning: Can't find file '/Game/Blueprints/CameralPawn'
[2015.09.22-20.43.29:299][817]LogLinker:Warning: Can't find file for asset '/Game/Blueprints/CameralPawn' while loading NULL.
[2015.09.22-20.43.29:300][817]LogLinker:Warning: Can't find file '/Game/Blueprints/CameralPawn'
[2015.09.22-20.43.29:300][817]LogLinker:Warning: Can't find file for asset '/Game/Blueprints/CameralPawn' while loading NULL.
[2015.09.22-20.43.29:300][817]LogLinker:Warning: Can't find file '/Game/Blueprints/CameralPawn'
[2015.09.22-20.43.29:300][817]LogLinker:Warning: Can't find file for asset '/Game/Blueprints/CameralPawn' while loading NULL.
[2015.09.22-20.43.29:561][817]LogLinker:Warning: Can't find file '/Game/Blueprints/CameralPawn'
[2015.09.22-20.43.29:562][817]LogLinker:Warning: Can't find file for asset '/Game/Blueprints/CameralPawn' while loading NULL.
[2015.09.22-20.43.29:562][817]LogLinker:Warning: Can't find file '/Game/Blueprints/CameralPawn'
[2015.09.22-20.43.29:562][817]LogLinker:Warning: Can't find file for asset '/Game/Blueprints/CameralPawn' while loading NULL.
[2015.09.22-20.43.30:063][817]LogLinker:Warning: Can't find file '/Game/Blueprints/CameralPawn'
[2015.09.22-20.43.30:064][817]LogLinker:Warning: Can't find file for asset '/Game/Blueprints/CameralPawn' while loading NULL.
[2015.09.22-20.43.30:064][817]LogLinker:Warning: Can't find file '/Game/Blueprints/CameralPawn'
[2015.09.22-20.43.30:064][817]LoadErrors: Info Failed to load /Game/Blueprints/CameralPawn.CameralPawn_C Referenced by PersistentLevel
[2015.09.22-20.43.30:064][817]LogLinker:Warning: Can't find file for asset '/Game/Blueprints/CameralPawn' while loading NULL.
[2015.09.22-20.43.46:487][817]LogLinker:Warning: Can't find file '/Game/MyGameMode'
[2015.09.22-20.43.46:487][817]LoadErrors: Info Failed to load /Game/MyGameMode.MyGameMode_C Referenced by WorldSettings_1
[2015.09.22-20.43.46:487][817]LogLinker:Warning: Can't find file for asset '/Game/MyGameMode' while loading NULL.
[2015.09.22-20.45.01:391][817]LogAIModule: Creating AISystem for world LandscapeTest
[2015.09.22-20.45.01:606][817]Cmd: MAP LOAD FILE="../../../../../../Users/Amber/Documents/Game Development/PonyKart Package/PonyKart Project/PonyKart/Content/Levels/LandscapeTest.umap" TEMPLATE=0 SHOWPROGRESS=1 FEATURELEVEL=3
[2015.09.22-20.45.01:606][817]LightingResults: New page: Lighting Build
[2015.09.22-20.45.01:719][817]LoadErrors: New page: Loading map: LandscapeTest.umap
[2015.09.22-20.45.01:805][817]MapCheck: New page: Map Check
[2015.09.22-20.45.01:805][817]LightingResults: New page: Lighting Build
[2015.09.22-20.45.01:836][817]LogParticles: Destroying 0 GPU particle simulations for FXSystem 0x0000008CDBFCF6A0
[2015.09.22-20.45.22:692][817]LogEditorServer: Finished looking for orphan Actors (0.000 secs)
[2015.09.22-20.45.22:755][817]Cmd: MAP CHECKDEP NOCLEARLOG
[2015.09.22-20.45.27:154][817]MapCheck: Info Map check complete: 0 Error(s), 0 Warning(s), took 4,397.62ms to complete.
[2015.09.22-20.45.27:156][817]LogFileHelpers: Loading map 'LandscapeTest' took 25.551
[2015.09.22-20.45.27:167][817]LoadErrors:Warning: Warning CreateExport: Failed to load Outer for resource 'Camera': CameralPawn_C /Game/Levels/LandscapeTest.LandscapeTest:PersistentLevel.CameralPawn_C_2
[2015.09.22-20.45.27:167][817]LoadErrors:Warning: Warning CreateExpor