Log file open, 06/21/16 13:17:42
LogInit:Display: Running engine for game: PonyKart
LogPlatformFile: Not using cached read wrapper
LogInit:Display: RandInit(-10777289) SRandInit(-10777288).
LogTaskGraph: Started task graph with 4 named threads and 7 total threads.
LogStats: Stats thread started at 0.060696
LogHMD: Can't find Oculus library dev build: is proper Runtime installed? Version: 0.8.0.0
LogInit: Version: 4.11.0-2927265+++UE4+Release-4.11
LogInit: API Version: 2927265
LogInit: Compiled (64-bit): Mar 30 2016 02:13:55
LogInit: Compiled with Visual C++: 19.00.23026.00
LogInit: Build Configuration: Development
LogInit: Branch Name: ++UE4+Release-4.11
LogInit: Command line:  
LogInit: Base directory: C:/Program Files (x86)/Epic Games/4.11/Engine/Binaries/Win64/
LogInit: Installed Engine Build: 1
LogInit: Using libcurl 7.41.0
LogInit:  - built for x86_64-pc-win32
LogInit:  - supports SSL with WinSSL
LogInit:  - other features:
LogInit:      CURL_VERSION_SSL
LogInit:      CURL_VERSION_IPV6
LogInit:      CURL_VERSION_ASYNCHDNS
LogInit:      CURL_VERSION_LARGEFILE
LogInit:      CURL_VERSION_IDN
LogInit:  CurlRequestOptions (configurable via config and command line):
LogInit:  - bVerifyPeer = true  - Libcurl will verify peer certificate
LogInit:  - bUseHttpProxy = false  - Libcurl will NOT use HTTP proxy
LogInit:  - bDontReuseConnections = false  - Libcurl will reuse connections
LogInit:  - CertBundlePath = nullptr  - Libcurl will use whatever was configured at build time.
LogInit: Presizing for max 16777216 objects, including 0 objects not considered by GC, pre-allocating 0 bytes for permanent pool.
LogInit: Object subsystem initialized
[2016.06.21-17.17.42:128][  0]LogInit: Selected Device Profile: [Windows]
[2016.06.21-17.17.42:128][  0]LogInit: Applying CVar settings loaded from the selected device profile: [Windows]
[2016.06.21-17.17.42:135][  0]LogInit: Computer: FULL_TOWER
[2016.06.21-17.17.42:135][  0]LogInit: User: Sharpe
[2016.06.21-17.17.42:135][  0]LogInit: CPU Page size=65536, Cores=4
[2016.06.21-17.17.42:135][  0]LogInit: High frequency timer resolution =3.418046 MHz
[2016.06.21-17.17.42:136][  0]LogMemory: Memory total: Physical=7.9GB (8GB approx)
[2016.06.21-17.17.42:136][  0]LogMemory: Platform Memory Stats for Windows
[2016.06.21-17.17.42:136][  0]LogMemory: Process Physical Memory: 313.31 MB used, 313.31 MB peak
[2016.06.21-17.17.42:136][  0]LogMemory: Process Virtual Memory: 315.67 MB used, 315.67 MB peak
[2016.06.21-17.17.42:136][  0]LogMemory: Physical Memory: 3624.14 MB used, 8136.00 MB total
[2016.06.21-17.17.42:136][  0]LogMemory: Virtual Memory: 620.51 MB used, 8388608.00 MB total
[2016.06.21-17.17.42:199][  0]LogTextLocalizationManager: No specific translations for ('en-US') exist, so ('en') translations will be used.
[2016.06.21-17.17.42:511][  0]LogD3D11RHI: D3D11 adapters:
[2016.06.21-17.17.42:532][  0]LogD3D11RHI:    0. 'NVIDIA GeForce GTX 770' (Feature Level 11_0)
[2016.06.21-17.17.42:532][  0]LogD3D11RHI:       1989MB of dedicated video memory, 0MB of dedicated system memory, and 2048MB of shared system memory, 1 output[s]
[2016.06.21-17.17.42:532][  0]LogD3D11RHI: Chosen D3D11 Adapter: 0
[2016.06.21-17.17.42:537][  0]LogD3D11RHI: Creating new Direct3DDevice
[2016.06.21-17.17.42:537][  0]LogD3D11RHI:     Adapter Name: NVIDIA GeForce GTX 770
[2016.06.21-17.17.42:537][  0]LogD3D11RHI:   Driver Version: Unknown (internal Unknown)
[2016.06.21-17.17.42:537][  0]LogD3D11RHI:      Driver Date: Unknown
[2016.06.21-17.17.42:537][  0]LogRHI: Texture pool is 1361 MB (70% of 1945 MB)
[2016.06.21-17.17.42:542][  0]LogD3D11RHI: Async texture creation enabled
[2016.06.21-17.17.42:557][  0]LogShaderCompilers: Guid format shader working directory is -45 characters bigger than the processId version (../../../../../../Users/Sharpe/Documents/GitHub/PonyKart-UE4/PonyKart Project Build/PonyKart/Intermediate/Shaders/WorkingDirectory/6264/).
[2016.06.21-17.17.42:557][  0]LogShaderCompilers: Cleaned the shader compiler working directory 'C:/Users/Sharpe/AppData/Local/Temp/UnrealShaderWorkingDir/5CA1E4734A13A71E9F12E399B7A6721D/'.
[2016.06.21-17.17.42:557][  0]LogShaderCompilers:Display: Using Local Shader Compiler.
[2016.06.21-17.17.43:520][  0]LogTemp:Display: Loaded TP AllDesktopTargetPlatform
[2016.06.21-17.17.43:523][  0]LogTemp:Display: Loaded TP WindowsClientTargetPlatform
[2016.06.21-17.17.43:526][  0]LogTemp:Display: Loaded TP WindowsNoEditorTargetPlatform
[2016.06.21-17.17.43:530][  0]LogTemp:Display: Loaded TP WindowsServerTargetPlatform
[2016.06.21-17.17.43:533][  0]LogTemp:Display: Loaded TP WindowsTargetPlatform
[2016.06.21-17.17.43:535][  0]LogTemp:Display: Loaded TP AndroidTargetPlatform
[2016.06.21-17.17.43:537][  0]LogTemp:Display: Loaded TP Android_ASTCTargetPlatform
[2016.06.21-17.17.43:540][  0]LogTemp:Display: Loaded TP Android_ATCTargetPlatform
[2016.06.21-17.17.43:542][  0]LogTemp:Display: Loaded TP Android_DXTTargetPlatform
[2016.06.21-17.17.43:544][  0]LogTemp:Display: Loaded TP Android_ETC1TargetPlatform
[2016.06.21-17.17.43:546][  0]LogTemp:Display: Loaded TP Android_ETC2TargetPlatform
[2016.06.21-17.17.43:551][  0]LogTemp:Display: Loaded TP Android_MultiTargetPlatform
[2016.06.21-17.17.43:551][  0]LogTemp:Display: Loaded TP Android_PVRTCTargetPlatform
[2016.06.21-17.17.43:551][  0]LogTemp:Display: Loaded TP HTML5TargetPlatform
[2016.06.21-17.17.43:566][  0]LogTemp:Display: Loaded TP IOSTargetPlatform
[2016.06.21-17.17.43:568][  0]LogTemp:Display: Loaded TP TVOSTargetPlatform
[2016.06.21-17.17.43:570][  0]LogTemp:Display: Loaded TP LinuxNoEditorTargetPlatform
[2016.06.21-17.17.43:572][  0]LogTemp:Display: Loaded TP LinuxServerTargetPlatform
[2016.06.21-17.17.43:575][  0]LogTemp:Display: Loaded TP LinuxTargetPlatform
[2016.06.21-17.17.43:575][  0]LogTargetPlatformManager:Display: Building Assets For Windows
[2016.06.21-17.17.43:622][  0]LogDerivedDataCache:Display: Max Cache Size: 512 MB
[2016.06.21-17.17.43:675][  0]LogDerivedDataCache: Loaded boot cache 0.05s 46MB C:/Users/Sharpe/AppData/Local/UnrealEngine/4.11/DerivedDataCache/Boot.ddc.
[2016.06.21-17.17.43:675][  0]LogDerivedDataCache:Display: Loaded Boot cache: C:/Users/Sharpe/AppData/Local/UnrealEngine/4.11/DerivedDataCache/Boot.ddc
[2016.06.21-17.17.43:675][  0]LogDerivedDataCache: FDerivedDataBackendGraph:  Pak pak cache file ../../../../../../Users/Sharpe/Documents/GitHub/PonyKart-UE4/PonyKart Project Build/PonyKart/DerivedDataCache/DDC.ddp not found, will not use a pak cache.
[2016.06.21-17.17.43:675][  0]LogDerivedDataCache: Unable to find inner node Pak for hierarchical cache Hierarchy.
[2016.06.21-17.17.43:675][  0]LogDerivedDataCache: FDerivedDataBackendGraph:  CompressedPak pak cache file ../../../../../../Users/Sharpe/Documents/GitHub/PonyKart-UE4/PonyKart Project Build/PonyKart/DerivedDataCache/Compressed.ddp not found, will not use a pak cache.
[2016.06.21-17.17.43:676][  0]LogDerivedDataCache: Unable to find inner node CompressedPak for hierarchical cache Hierarchy.
[2016.06.21-17.17.43:688][  0]LogDerivedDataCache:Display: Pak cache opened for reading ../../../Engine/DerivedDataCache/Compressed.ddp.
[2016.06.21-17.17.43:699][  0]LogDerivedDataCache: Using Local data cache path C:/Users/Sharpe/AppData/Local/UnrealEngine/Common/DerivedDataCache: Writable
[2016.06.21-17.17.43:822][  0]LogInit: Selected Device Profile: [Windows]
[2016.06.21-17.17.43:822][  0]LogContentStreaming: Texture pool size is 0.00 MB
[2016.06.21-17.17.43:840][  0]LogMaterial: Uniform references updated for custom material expression Custom.
[2016.06.21-17.17.43:959][  0]LogMeshUtilities: No automatic mesh reduction module available
[2016.06.21-17.17.43:959][  0]LogMeshUtilities: No automatic mesh merging module available
[2016.06.21-17.17.43:959][  0]LogMeshUtilities: No distributed automatic mesh merging module available
[2016.06.21-17.17.44:212][  0]LogUObjectArray: 27674 objects as part of root set at end of initial load.
[2016.06.21-17.17.44:212][  0]LogUObjectAllocator: 5590328 out of 0 bytes used by permanent object pool.
[2016.06.21-17.17.44:212][  0]LogUObjectArray: CloseDisregardForGC: 0/0 objects in disregard for GC pool
[2016.06.21-17.17.44:216][  0]LogInit: WinSock: version 1.1 (2.2), MaxSocks=32767, MaxUdp=65467
[2016.06.21-17.17.44:275][  0]LogSlate: SlateFontCache - WITH_FREETYPE: 1, WITH_HARFBUZZ: 1
[2016.06.21-17.17.44:275][  0]LogSlate: SlateFontCache - WITH_FREETYPE: 1, WITH_HARFBUZZ: 1
[2016.06.21-17.17.44:344][  0]LogStreaming:Warning: Failed to read file '../../../Engine/Content/Editor/Slate/Common/Selection_16x.png' error.
[2016.06.21-17.17.44:344][  0]LogSlate: Could not find file for Slate resource: ../../../Engine/Content/Editor/Slate/Common/Selection_16x.png
[2016.06.21-17.17.44:344][  0]LogStreaming:Warning: Failed to read file '../../../Engine/Content/Editor/Slate/Common/Selection_16x.png' error.
[2016.06.21-17.17.44:344][  0]LogSlate: Could not find file for Slate resource: ../../../Engine/Content/Editor/Slate/Common/Selection_16x.png
[2016.06.21-17.17.44:344][  0]LogStreaming:Warning: Failed to read file '../../../Engine/Content/Editor/Slate/Common/Selection_16x.png' error.
[2016.06.21-17.17.44:344][  0]LogSlate: Could not find file for Slate resource: ../../../Engine/Content/Editor/Slate/Common/Selection_16x.png
[2016.06.21-17.17.44:753][  0]LogUdpMessaging: Initializing bridge on interface 0.0.0.0:0 to multicast group 230.0.0.1:6666.
[2016.06.21-17.17.44:843][  0]LogAssetRegistry: FAssetRegistry took 0.0196 seconds to start up
[2016.06.21-17.17.44:974][  0]SourceControl: Info Source control is disabled
[2016.06.21-17.17.44:975][  0]SourceControl: Info Source control is disabled
[2016.06.21-17.17.44:979][  0]SourceControl: Info Source control is disabled
[2016.06.21-17.17.44:983][  0]SourceControl: Info Source control is disabled
[2016.06.21-17.17.45:100][  0]LogEngine: Initializing Engine...
[2016.06.21-17.17.45:101][  0]LogHMD: SteamVR failed to initialize.  Err: 110
[2016.06.21-17.17.45:226][  0]LogAIModule: Creating AISystem for world NewWorld
[2016.06.21-17.17.45:230][  0]LogInit: XAudio2 using 'Speakers (Realtek High Definition Audio)' : 2 channels at 48 kHz using 32 bits per sample (channel mask 0x3)
[2016.06.21-17.17.45:238][  0]LogInit: FAudioDevice initialized.
[2016.06.21-17.17.45:266][  0]LogDerivedDataCache: Saved boot cache 0.03s 46MB C:/Users/Sharpe/AppData/Local/UnrealEngine/4.11/DerivedDataCache/Boot.ddc.
[2016.06.21-17.17.45:273][  0]LogInit: Texture streaming: Enabled
[2016.06.21-17.17.45:330][  0]LogInit: Transaction tracking system initialized
[2016.06.21-17.17.45:346][  0]BlueprintLog: New page: Editor Load
[2016.06.21-17.17.45:396][  0]LocalizationService: Info Localization service is disabled
[2016.06.21-17.17.45:432][  0]LogLinker:Warning: Can't find file '/Game/VehicleAdvBP/AdvancedVehicleOverview'
[2016.06.21-17.17.45:432][  0]LogLinker:Warning: Can't find file '/Game/VehicleAdvBP/AdvancedVehicleOverview'
[2016.06.21-17.17.45:432][  0]LogUObjectGlobals:Warning: Failed to find object 'Class /Game/VehicleAdvBP/AdvancedVehicleOverview.AdvancedVehicleOverview_C'
[2016.06.21-17.17.45:441][  0]LogConsoleResponse:Display: 
[2016.06.21-17.17.45:522][  0]LogCook:Display: Max memory allowance for cook 8192mb
[2016.06.21-17.17.45:522][  0]LogCook:Display: Mobile HDR setting 1
[2016.06.21-17.17.45:522][  0]LogCook:Display: Done creating registry. It took  0.00s.
[2016.06.21-17.17.45:583][  0]LogFileCache: Scanning file cache for directory 'C:/Users/Sharpe/Documents/GitHub/PonyKart-UE4/PonyKart Project Build/PonyKart/Content/' took 0.01s
[2016.06.21-17.17.45:583][  0]SourceControl: Info Source control is disabled
[2016.06.21-17.17.45:583][  0]Cmd: MAP LOAD FILE="../../../../../../Users/Sharpe/Documents/GitHub/PonyKart-UE4/PonyKart Project Build/PonyKart/Content/Levels/KartTestLevel.umap" TEMPLATE=0 SHOWPROGRESS=1 FEATURELEVEL=3
[2016.06.21-17.17.45:583][  0]LightingResults: New page: Lighting Build
[2016.06.21-17.17.45:585][  0]MapCheck: New page: Map Check
[2016.06.21-17.17.45:585][  0]LightingResults: New page: Lighting Build
[2016.06.21-17.17.45:705][  0]LogLinker:Warning: Can't find file '/Game/Models/Karts/AJKartOld/AJKart_Mat'
[2016.06.21-17.17.45:705][  0]LogLinker:Warning: Can't find file for asset '/Game/Models/Karts/AJKartOld/AJKart_Mat' while loading ../../../../../../Users/Sharpe/Documents/GitHub/PonyKart-UE4/PonyKart Project Build/PonyKart/Content/Levels/KartTestLevel.umap.
[2016.06.21-17.17.45:705][  0]LoadErrors:Error: Error /Game/Levels/KartTestLevel : Can't find file for asset. /Game/Models/Karts/AJKartOld/AJKart_Mat
[2016.06.21-17.17.45:749][  0]LogLinker:Warning: Can't find file '/Game/Models/Karts/AJKartOld/AJKart_Mat'
[2016.06.21-17.17.45:749][  0]LogLinker:Warning: Can't find file for asset '/Game/Models/Karts/AJKartOld/AJKart_Mat' while loading ../../../../../../Users/Sharpe/Documents/GitHub/PonyKart-UE4/PonyKart Project Build/PonyKart/Content/Levels/KartTestLevel.umap.
[2016.06.21-17.17.45:749][  0]LoadErrors:Error: Error /Game/Levels/KartTestLevel : Can't find file for asset. /Game/Models/Karts/AJKartOld/AJKart_Mat
[2016.06.21-17.17.45:749][  0]LogLinker:Warning: Can't find file '/Game/Models/Karts/BigMacKart/BigMacKart'
[2016.06.21-17.17.45:749][  0]LogLinker:Warning: Can't find file for asset '/Game/Models/Karts/BigMacKart/BigMacKart' while loading ../../../../../../Users/Sharpe/Documents/GitHub/PonyKart-UE4/PonyKart Project Build/PonyKart/Content/Levels/KartTestLevel.umap.
[2016.06.21-17.17.45:749][  0]LoadErrors:Error: Error /Game/Levels/KartTestLevel : Can't find file for asset. /Game/Models/Karts/BigMacKart/BigMacKart
[2016.06.21-17.17.45:763][  0]LogLinker:Warning: Can't find file '/Game/Models/Karts/BigMacKart/BigMacKart'
[2016.06.21-17.17.45:763][  0]LogLinker:Warning: Can't find file for asset '/Game/Models/Karts/BigMacKart/BigMacKart' while loading ../../../../../../Users/Sharpe/Documents/GitHub/PonyKart-UE4/PonyKart Project Build/PonyKart/Content/Levels/KartTestLevel.umap.
[2016.06.21-17.17.45:763][  0]LoadErrors:Error: Error /Game/Levels/KartTestLevel : Can't find file for asset. /Game/Models/Karts/BigMacKart/BigMacKart
[2016.06.21-17.17.45:765][  0]LogLinker:Warning: Can't find file '/Game/Models/Karts/AJKartOld/AJKart_Mat'
[2016.06.21-17.17.45:765][  0]LogLinker:Warning: Can't find file for asset '/Game/Models/Karts/AJKartOld/AJKart_Mat' while loading NULL.
[2016.06.21-17.17.45:765][  0]LogLinker:Warning: Can't find file '/Game/Models/Karts/AJKartOld/AJKart_Mat'
[2016.06.21-17.17.45:765][  0]LogLinker:Warning: Can't find file for asset '/Game/Models/Karts/AJKartOld/AJKart_Mat' while loading NULL.
[2016.06.21-17.17.45:765][  0]LogLinker:Warning: Can't find file '/Game/Models/Karts/BigMacKart/BigMacKart'
[2016.06.21-17.17.45:765][  0]LogLinker:Warning: Can't find file for asset '/Game/Models/Karts/BigMacKart/BigMacKart' while loading NULL.
[2016.06.21-17.17.45:765][  0]LogLinker:Warning: Can't find file '/Game/Models/Karts/BigMacKart/BigMacKart'
[2016.06.21-17.17.45:765][  0]LogLinker:Warning: Can't find file for asset '/Game/Models/Karts/BigMacKart/BigMacKart' while loading NULL.
[2016.06.21-17.17.45:992][  0]LogLinker:Warning: Can't find file '/Game/Models/Karts/AJKartOld/AJKart_Mat'
[2016.06.21-17.17.45:992][  0]LoadErrors: Info Failed to load /Game/Models/Karts/AJKartOld/AJKart_Mat.AJKart_Mat Referenced by SkeletalMeshComponent0
[2016.06.21-17.17.45:992][  0]LogLinker:Warning: Can't find file for asset '/Game/Models/Karts/AJKartOld/AJKart_Mat' while loading NULL.
[2016.06.21-17.17.45:992][  0]LoadErrors: Info Failed to load /Game/Models/Karts/AJKartOld/AJKart_Mat.AJKart_Mat Referenced by SkeletalMeshComponent0
[2016.06.21-17.17.45:992][  0]LogLinker:Warning: Can't find file '/Game/Models/Karts/AJKartOld/AJKart_Mat'
[2016.06.21-17.17.45:992][  0]LoadErrors: Info Failed to load /Game/Models/Karts/AJKartOld/AJKart_Mat.AJKart_Mat Referenced by SkeletalMeshComponent0
[2016.06.21-17.17.45:992][  0]LogLinker:Warning: Can't find file for asset '/Game/Models/Karts/AJKartOld/AJKart_Mat' while loading NULL.
[2016.06.21-17.17.45:992][  0]LoadErrors: Info Failed to load /Game/Models/Karts/AJKartOld/AJKart_Mat.AJKart_Mat Referenced by SkeletalMeshComponent0
[2016.06.21-17.17.45:993][  0]LogLinker:Warning: Can't find file '/Game/Models/Karts/BigMacKart/BigMacKart'
[2016.06.21-17.17.45:993][  0]LoadErrors: Info Failed to load /Game/Models/Karts/BigMacKart/BigMacKart.BigMacKart Referenced by SkeletalMeshComponent0
[2016.06.21-17.17.45:993][  0]LogLinker:Warning: Can't find file for asset '/Game/Models/Karts/BigMacKart/BigMacKart' while loading NULL.
[2016.06.21-17.17.45:993][  0]LoadErrors: Info Failed to load /Game/Models/Karts/BigMacKart/BigMacKart.BigMacKart Referenced by SkeletalMeshComponent0
[2016.06.21-17.17.49:599][  0]LogAIModule: Creating AISystem for world KartTestLevel
[2016.06.21-17.17.54:378][  0]LogMaterial:Warning: Material /Game/Models/Karts/DashKart/DashKartMaterial.DashKartMaterial needed to have new flag set bUsedWithSkeletalMesh !
[2016.06.21-17.17.54:380][  0]LogMaterial: Missing cached shader map for material DashKartMaterial, compiling. 
[2016.06.21-17.17.54:429][  0]MapCheck:Warning: Warning DashKartMaterial Material /Game/Models/Karts/DashKart/DashKartMaterial.DashKartMaterial was missing the usage flag bUsedWithSkeletalMesh. If the material asset is not re-saved, it may not render correctly when run outside the editor. Fix
[2016.06.21-17.17.54:430][  0]LogMaterial: 0.00 seconds spent updating 1 materials, 1 interfaces, 0 instances, 0 with static permutations.
[2016.06.21-17.17.54:430][  0]LogPhysics:Warning: FConstraintInstance::GetRefFrame : Contained scale.
[2016.06.21-17.17.54:571][  0]LogEditorServer: Finished looking for orphan Actors (0.006 secs)
[2016.06.21-17.17.54:604][  0]Cmd: MAP CHECKDEP NOCLEARLOG
[2016.06.21-17.17.54:701][  0]MapCheck: Info Map check complete: 0 Error(s), 1 Warning(s), took 78.652ms to complete.
[2016.06.21-17.17.54:722][  0]LogFileHelpers: Loading map 'KartTestLevel' took 9.139
[2016.06.21-17.17.55:743][  0]LogCollectionManager: Loaded 0 collections in 0.005480 seconds
[2016.06.21-17.17.55:831][  0]LogFileCache: Scanning file cache for directory 'C:/Users/Sharpe/Documents/GitHub/PonyKart-UE4/PonyKart Project Build/PonyKart/Saved/Collections/' took 0.04s
[2016.06.21-17.17.55:831][  0]LogFileCache: Scanning file cache for directory 'C:/Users/Sharpe/Documents/GitHub/PonyKart-UE4/PonyKart Project Build/PonyKart/Content/Developers/Sharpe/Collections/' took 0.01s
[2016.06.21-17.17.55:831][  0]LogFileCache: Scanning file cache for directory 'C:/Users/Sharpe/Documents/GitHub/PonyKart-UE4/PonyKart Project Build/PonyKart/Content/Collections/' took 0.00s
[2016.06.21-17.17.55:831][  0]LogCollectionManager: Rebuilt the GUID cache for 0 collections in 0.000003 seconds
[2016.06.21-17.17.55:841][  0]LogContentBrowser: Native class hierarchy populated in 0.0063 seconds. Added 1978 classes and 343 folders.
[2016.06.21-17.17.55:861][  0]LogStats: UGameplayTagsManager::ConstructGameplayTagTree: Construct from data asset -  0.000 s
[2016.06.21-17.17.55:861][  0]LogStats: UGameplayTagsManager::ConstructGameplayTagTree: GameplayTagTreeChangedEvent.Broadcast -  0.000 s
[2016.06.21-17.17.55:862][  0]LogContentBrowser: Native class hierarchy updated for 'GameplayTags' in 0.0003 seconds. Added 12 classes and 0 folders.
[2016.06.21-17.17.55:896][  0]LogContentBrowser: Native class hierarchy updated for 'WidgetCarousel' in 0.0003 seconds. Added 0 classes and 0 folders.
[2016.06.21-17.17.56:017][  0]LogContentBrowser: Native class hierarchy updated for 'SuperSearch' in 0.0003 seconds. Added 1 classes and 2 folders.
[2016.06.21-17.17.57:319][  0]LogContentBrowser: Native class hierarchy updated for 'AddContentDialog' in 0.0003 seconds. Added 0 classes and 0 folders.
[2016.06.21-17.17.57:351][  0]LogContentBrowser: Native class hierarchy updated for 'SceneOutliner' in 0.0006 seconds. Added 1 classes and 2 folders.
[2016.06.21-17.17.57:617][  0]LogCrashTracker: Crashtracker disabled due to settings.
[2016.06.21-17.17.57:650][  0]LogUObjectGlobals:Warning: Failed to find object 'Class None.'
[2016.06.21-17.17.57:790][  0]LogContentBrowser: Native class hierarchy updated for 'HierarchicalLODOutliner' in 0.0003 seconds. Added 1 classes and 2 folders.
[2016.06.21-17.17.57:790][  0]LogLoad: Full Startup: 16.20 seconds (BP compile: 0.03 seconds)
[2016.06.21-17.17.57:790][  0]LogExternalProfiler:Warning: No registered external profiler was matched with a command-line switch (or the DLL could not be loaded).  External profiling features will not be available.
[2016.06.21-17.17.57:801][  0]LogOcInput: Can't find Oculus library dev build: is proper Runtime installed? Version: 0.8.0.0
[2016.06.21-17.17.58:089][  0]LogContentStreaming: Texture pool size now 1000 MB
[2016.06.21-17.17.58:203][  1]Cmd: UpdateLandscapeEditorData -warnings
[2016.06.21-17.17.58:466][  1]LogRenderer: Reallocating scene render targets to support 32x32 (Frame:2).
[2016.06.21-17.17.58:809][  2]LogAssetRegistry: Asset discovery search completed in 13.9851 seconds
[2016.06.21-17.17.58:809][  2]LogCollectionManager: Rebuilt the object cache for 0 collections in 0.000001 seconds (found 0 objects)
[2016.06.21-17.17.58:809][  2]LogCollectionManager: Fixed up redirectors for 0 collections in 0.000018 seconds (updated 0 objects)
[2016.06.21-17.18.00:734][ 36]LogRenderer: Reallocating scene render targets to support 256x256 (Frame:10).
[2016.06.21-17.18.01:382][ 37]LogRenderer: Reallocating scene render targets to support 1000x620 (Frame:11).
[2016.06.21-17.18.06:607][ 37]LogEditorViewport: Clicking on Actor (context menu): Landscape (Landscape1)
[2016.06.21-17.18.07:915][ 93]LogEditorViewport: Clicking on Actor (LMB): Landscape (Landscape1)
[2016.06.21-17.18.30:608][971]LogFactory: FactoryCreateBinary: StaticMesh with FbxFactory (0 0 ../../../../../../Users/Sharpe/Documents/GitHub/PonyKart-UE4/PonyKart Development Assets/Model assets/Tracks and track assets/Cloudsdale/CloudsdaleTrack.fbx)
[2016.06.21-17.18.30:855][971]LogFbx: ItemName: GlobalSettings, ItemCount : 1
[2016.06.21-17.18.30:855][971]LogFbx: ItemName: NodeAttribute, ItemCount : 2
[2016.06.21-17.18.30:855][971]LogFbx: ItemName: Geometry, ItemCount : 47
[2016.06.21-17.18.30:855][971]LogFbx: ItemName: Model, ItemCount : 49
[2016.06.21-17.18.30:855][971]LogFbx: ItemName: Material, ItemCount : 10
[2016.06.21-17.18.30:863][971]LogFbx: Loading FBX Scene from ../../../../../../Users/Sharpe/Documents/GitHub/PonyKart-UE4/PonyKart Development Assets/Model assets/Tracks and track assets/Cloudsdale/CloudsdaleTrack.fbx
[2016.06.21-17.18.30:943][971]LogFbx: FBX Scene Loaded Succesfully
[2016.06.21-17.18.39:257][971]LogFbx: Loading FBX Scene from ../../../../../../Users/Sharpe/Documents/GitHub/PonyKart-UE4/PonyKart Development Assets/Model assets/Tracks and track assets/Cloudsdale/CloudsdaleTrack.fbx
[2016.06.21-17.18.39:331][971]LogFbx: FBX Scene Loaded Succesfully
[2016.06.21-17.18.39:334][971]LogFbx:Warning: Triangulating static mesh Circle
[2016.06.21-17.18.39:356][971]LogStaticMesh: Building static mesh CloudsdaleTrack_Circle...
[2016.06.21-17.18.39:357][971]LogStaticMesh: Built static mesh [0.00s] /Game/Models/TrackAssets/Cloudsdale/CloudsdaleTrack.CloudsdaleTrack_Circle
[2016.06.21-17.18.39:360][971]LogFbx:Warning: Triangulating static mesh Buildings Base.013
[2016.06.21-17.18.39:469][971]LogStaticMesh: Building static mesh CloudsdaleTrack_Buildings_Base_013...
[2016.06.21-17.18.39:481][971]LogStaticMesh: Built static mesh [0.03s] /Game/Models/TrackAssets/Cloudsdale/CloudsdaleTrack.CloudsdaleTrack_Buildings_Base_013
[2016.06.21-17.18.39:486][971]LogFbx:Warning: Triangulating static mesh Buildings Base.012
[2016.06.21-17.18.39:578][971]LogStaticMesh: Building static mesh CloudsdaleTrack_Buildings_Base_012...
[2016.06.21-17.18.39:590][971]LogStaticMesh: Built static mesh [0.01s] /Game/Models/TrackAssets/Cloudsdale/CloudsdaleTrack.CloudsdaleTrack_Buildings_Base_012
[2016.06.21-17.18.39:593][971]LogFbx:Warning: Triangulating static mesh Buildings Base.011
[2016.06.21-17.18.39:689][971]LogStaticMesh: Building static mesh CloudsdaleTrack_Buildings_Base_011...
[2016.06.21-17.18.39:701][971]LogStaticMesh: Built static mesh [0.01s] /Game/Models/TrackAssets/Cloudsdale/CloudsdaleTrack.CloudsdaleTrack_Buildings_Base_011
[2016.06.21-17.18.39:714][971]LogFbx:Warning: Triangulating static mesh Buildings Base.010
[2016.06.21-17.18.39:805][971]LogStaticMesh: Building static mesh CloudsdaleTrack_Buildings_Base_010...
[2016.06.21-17.18.39:817][971]LogStaticMesh: Built static mesh [0.01s] /Game/Models/TrackAssets/Cloudsdale/CloudsdaleTrack.CloudsdaleTrack_Buildings_Base_010
[2016.06.21-17.18.39:820][971]LogFbx:Warning: Triangulating static mesh Buildings Base.009
[2016.06.21-17.18.39:918][971]LogStaticMesh: Building static mesh CloudsdaleTrack_Buildings_Base_009...
[2016.06.21-17.18.39:930][971]LogStaticMesh: Built static mesh [0.01s] /Game/Models/TrackAssets/Cloudsdale/CloudsdaleTrack.CloudsdaleTrack_Buildings_Base_009
[2016.06.21-17.18.39:935][971]LogFbx:Warning: Triangulating static mesh Buildings Base.008
[2016.06.21-17.18.40:026][971]LogStaticMesh: Building static mesh CloudsdaleTrack_Buildings_Base_008...
[2016.06.21-17.18.40:039][971]LogStaticMesh: Built static mesh [0.01s] /Game/Models/TrackAssets/Cloudsdale/CloudsdaleTrack.CloudsdaleTrack_Buildings_Base_008
[2016.06.21-17.18.40:042][971]LogFbx:Warning: Triangulating static mesh Buildings Base.007
[2016.06.21-17.18.40:134][971]LogStaticMesh: Building static mesh CloudsdaleTrack_Buildings_Base_007...
[2016.06.21-17.18.40:147][971]LogStaticMesh: Built static mesh [0.01s] /Game/Models/TrackAssets/Cloudsdale/CloudsdaleTrack.CloudsdaleTrack_Buildings_Base_007
[2016.06.21-17.18.40:167][971]LogFbx:Warning: Triangulating static mesh Buildings Base.006
[2016.06.21-17.18.40:181][971]LogStaticMesh: Building static mesh CloudsdaleTrack_Buildings_Base_006...
[2016.06.21-17.18.40:183][971]LogStaticMesh: Built static mesh [0.00s] /Game/Models/TrackAssets/Cloudsdale/CloudsdaleTrack.CloudsdaleTrack_Buildings_Base_006
[2016.06.21-17.18.40:186][971]LogFbx:Warning: Triangulating static mesh Buildings Base.005
[2016.06.21-17.18.40:277][971]LogStaticMesh: Building static mesh CloudsdaleTrack_Buildings_Base_005...
[2016.06.21-17.18.40:290][971]LogStaticMesh: Built static mesh [0.01s] /Game/Models/TrackAssets/Cloudsdale/CloudsdaleTrack.CloudsdaleTrack_Buildings_Base_005
[2016.06.21-17.18.40:294][971]LogFbx:Warning: Triangulating static mesh Road.002
[2016.06.21-17.18.40:351][971]LogStaticMesh: Building static mesh CloudsdaleTrack_Road_002...
[2016.06.21-17.18.40:363][971]LogStaticMesh: Built static mesh [0.01s] /Game/Models/TrackAssets/Cloudsdale/CloudsdaleTrack.CloudsdaleTrack_Road_002
[2016.06.21-17.18.40:371][971]LogFbx:Warning: Triangulating static mesh Road.000
[2016.06.21-17.18.41:221][971]LogStaticMesh: Building static mesh CloudsdaleTrack_Road_000...
[2016.06.21-17.18.41:386][971]LogStaticMesh: Built static mesh [0.17s] /Game/Models/TrackAssets/Cloudsdale/CloudsdaleTrack.CloudsdaleTrack_Road_000
[2016.06.21-17.18.41:410][971]LogFbx:Warning: Triangulating static mesh FactoryFloorAndRoad.001
[2016.06.21-17.18.41:537][971]LogStaticMesh: Building static mesh CloudsdaleTrack_FactoryFloorAndRoad_001...
[2016.06.21-17.18.41:553][971]LogStaticMesh: Built static mesh [0.02s] /Game/Models/TrackAssets/Cloudsdale/CloudsdaleTrack.CloudsdaleTrack_FactoryFloorAndRoad_001
[2016.06.21-17.18.41:557][971]LogFbx:Warning: Triangulating static mesh Buildings Base.004
[2016.06.21-17.18.41:640][971]LogStaticMesh: Building static mesh CloudsdaleTrack_Buildings_Base_004...
[2016.06.21-17.18.41:655][971]LogStaticMesh: Built static mesh [0.02s] /Game/Models/TrackAssets/Cloudsdale/CloudsdaleTrack.CloudsdaleTrack_Buildings_Base_004
[2016.06.21-17.18.41:662][971]LogFbx:Warning: Triangulating static mesh RoadJumpLandingCollission
[2016.06.21-17.18.41:678][971]LogStaticMesh: Building static mesh CloudsdaleTrack_RoadJumpLandingCollission...
[2016.06.21-17.18.41:679][971]LogStaticMesh: Built static mesh [0.00s] /Game/Models/TrackAssets/Cloudsdale/CloudsdaleTrack.CloudsdaleTrack_RoadJumpLandingCollission
[2016.06.21-17.18.41:681][971]LogFbx:Warning: Triangulating static mesh Plane.000
[2016.06.21-17.18.41:902][971]LogStaticMesh: Building static mesh CloudsdaleTrack_Plane_000...
[2016.06.21-17.18.41:937][971]LogStaticMesh: Built static mesh [0.04s] /Game/Models/TrackAssets/Cloudsdale/CloudsdaleTrack.CloudsdaleTrack_Plane_000
[2016.06.21-17.18.41:946][971]LogFbx:Warning: Triangulating static mesh Road.001
[2016.06.21-17.18.41:962][971]LogStaticMesh: Building static mesh CloudsdaleTrack_Road_001...
[2016.06.21-17.18.41:966][971]LogStaticMesh: Built static mesh [0.00s] /Game/Models/TrackAssets/Cloudsdale/CloudsdaleTrack.CloudsdaleTrack_Road_001
[2016.06.21-17.18.41:975][971]LogFbx:Warning: Triangulating static mesh Factory.007
[2016.06.21-17.18.42:007][971]LogStaticMesh: Building static mesh CloudsdaleTrack_Factory_007...
[2016.06.21-17.18.42:008][971]LogStaticMesh: Built static mesh [0.02s] /Game/Models/TrackAssets/Cloudsdale/CloudsdaleTrack.CloudsdaleTrack_Factory_007
[2016.06.21-17.18.42:010][971]LogFbx:Warning: Triangulating static mesh Factory.006
[2016.06.21-17.18.42:065][971]LogStaticMesh: Building static mesh CloudsdaleTrack_Factory_006...
[2016.06.21-17.18.42:070][971]LogStaticMesh: Built static mesh [0.01s] /Game/Models/TrackAssets/Cloudsdale/CloudsdaleTrack.CloudsdaleTrack_Factory_006
[2016.06.21-17.18.42:074][971]LogFbx:Warning: Triangulating static mesh OverArches.002
[2016.06.21-17.18.42:109][971]LogStaticMesh: Building static mesh CloudsdaleTrack_OverArches_002...
[2016.06.21-17.18.42:119][971]LogStaticMesh: Built static mesh [0.01s] /Game/Models/TrackAssets/Cloudsdale/CloudsdaleTrack.CloudsdaleTrack_OverArches_002
[2016.06.21-17.18.42:121][971]LogFbx:Warning: Triangulating static mesh OverArches.001
[2016.06.21-17.18.42:157][971]LogStaticMesh: Building static mesh CloudsdaleTrack_OverArches_001...
[2016.06.21-17.18.42:168][971]LogStaticMesh: Built static mesh [0.01s] /Game/Models/TrackAssets/Cloudsdale/CloudsdaleTrack.CloudsdaleTrack_OverArches_001
[2016.06.21-17.18.42:205][971]LogFbx:Warning: Triangulating static mesh Mball.000
[2016.06.21-17.18.43:279][971]LogStaticMesh: Building static mesh CloudsdaleTrack_Mball_000...
[2016.06.21-17.18.43:528][971]LogStaticMesh: Built static mesh [0.25s] /Game/Models/TrackAssets/Cloudsdale/CloudsdaleTrack.CloudsdaleTrack_Mball_000
[2016.06.21-17.18.43:561][971]LogFbx:Warning: Triangulating static mesh Mball.001
[2016.06.21-17.18.44:318][971]LogStaticMesh: Building static mesh CloudsdaleTrack_Mball_001...
[2016.06.21-17.18.44:486][971]LogStaticMesh: Built static mesh [0.17s] /Game/Models/TrackAssets/Cloudsdale/CloudsdaleTrack.CloudsdaleTrack_Mball_001
[2016.06.21-17.18.44:541][971]LogFbx:Warning: Triangulating static mesh Buildings Base.003
[2016.06.21-17.18.44:681][971]LogStaticMesh: Building static mesh CloudsdaleTrack_Buildings_Base_003...
[2016.06.21-17.18.44:738][971]LogStaticMesh: Built static mesh [0.06s] /Game/Models/TrackAssets/Cloudsdale/CloudsdaleTrack.CloudsdaleTrack_Buildings_Base_003
[2016.06.21-17.18.44:743][971]LogFbx:Warning: Triangulating static mesh Buildings Base.002
[2016.06.21-17.18.44:826][971]LogStaticMesh: Building static mesh CloudsdaleTrack_Buildings_Base_002...
[2016.06.21-17.18.44:840][971]LogStaticMesh: Built static mesh [0.01s] /Game/Models/TrackAssets/Cloudsdale/CloudsdaleTrack.CloudsdaleTrack_Buildings_Base_002
[2016.06.21-17.18.44:844][971]LogFbx:Warning: Triangulating static mesh Buildings Base.001
[2016.06.21-17.18.44:929][971]LogStaticMesh: Building static mesh CloudsdaleTrack_Buildings_Base_001...
[2016.06.21-17.18.44:943][971]LogStaticMesh: Built static mesh [0.01s] /Game/Models/TrackAssets/Cloudsdale/CloudsdaleTrack.CloudsdaleTrack_Buildings_Base_001
[2016.06.21-17.18.44:948][971]LogFbx:Warning: Triangulating static mesh Factory.003
[2016.06.21-17.18.44:994][971]LogStaticMesh: Building static mesh CloudsdaleTrack_Factory_003...
[2016.06.21-17.18.45:008][971]LogStaticMesh: Built static mesh [0.01s] /Game/Models/TrackAssets/Cloudsdale/CloudsdaleTrack.CloudsdaleTrack_Factory_003
[2016.06.21-17.18.45:010][971]LogFbx:Warning: Triangulating static mesh Factory.002
[2016.06.21-17.18.45:056][971]LogStaticMesh: Building static mesh CloudsdaleTrack_Factory_002...
[2016.06.21-17.18.45:070][971]LogStaticMesh: Built static mesh [0.01s] /Game/Models/TrackAssets/Cloudsdale/CloudsdaleTrack.CloudsdaleTrack_Factory_002
[2016.06.21-17.18.45:073][971]LogFbx:Warning: Triangulating static mesh Factory.001
[2016.06.21-17.18.45:120][971]LogStaticMesh: Building static mesh CloudsdaleTrack_Factory_001...
[2016.06.21-17.18.45:134][971]LogStaticMesh: Built static mesh [0.01s] /Game/Models/TrackAssets/Cloudsdale/CloudsdaleTrack.CloudsdaleTrack_Factory_001
[2016.06.21-17.18.45:197][971]LogFbx:Warning: Triangulating static mesh Clouds.006
[2016.06.21-17.18.45:358][971]LogStaticMesh: Building static mesh CloudsdaleTrack_Clouds_006...
[2016.06.21-17.18.45:384][971]LogStaticMesh: Built static mesh [0.03s] /Game/Models/TrackAssets/Cloudsdale/CloudsdaleTrack.CloudsdaleTrack_Clouds_006
[2016.06.21-17.18.45:396][971]LogFbx:Warning: Triangulating static mesh Clouds.005
[2016.06.21-17.18.46:090][971]LogStaticMesh: Building static mesh CloudsdaleTrack_Clouds_005...
[2016.06.21-17.18.46:272][971]LogStaticMesh: Built static mesh [0.18s] /Game/Models/TrackAssets/Cloudsdale/CloudsdaleTrack.CloudsdaleTrack_Clouds_005
[2016.06.21-17.18.46:294][971]LogFbx:Warning: Triangulating static mesh Clouds.004
[2016.06.21-17.18.46:587][971]LogStaticMesh: Building static mesh CloudsdaleTrack_Clouds_004...
[2016.06.21-17.18.46:647][971]LogStaticMesh: Built static mesh [0.06s] /Game/Models/TrackAssets/Cloudsdale/CloudsdaleTrack.CloudsdaleTrack_Clouds_004
[2016.06.21-17.18.46:671][971]LogFbx:Warning: Triangulating static mesh Clouds.003
[2016.06.21-17.18.48:068][971]LogStaticMesh: Building static mesh CloudsdaleTrack_Clouds_003...
[2016.06.21-17.18.48:563][971]LogStaticMesh: Built static mesh [0.50s] /Game/Models/TrackAssets/Cloudsdale/CloudsdaleTrack.CloudsdaleTrack_Clouds_003
[2016.06.21-17.18.48:604][971]LogFbx:Warning: Triangulating static mesh Clouds.002
[2016.06.21-17.18.50:054][971]LogStaticMesh: Building static mesh CloudsdaleTrack_Clouds_002...
[2016.06.21-17.18.50:586][971]LogStaticMesh: Built static mesh [0.53s] /Game/Models/TrackAssets/Cloudsdale/CloudsdaleTrack.CloudsdaleTrack_Clouds_002
[2016.06.21-17.18.50:632][971]LogFbx:Warning: Triangulating static mesh Clouds.001
[2016.06.21-17.18.51:743][971]LogStaticMesh: Building static mesh CloudsdaleTrack_Clouds_001...
[2016.06.21-17.18.52:088][971]LogStaticMesh: Built static mesh [0.35s] /Game/Models/TrackAssets/Cloudsdale/CloudsdaleTrack.CloudsdaleTrack_Clouds_001
[2016.06.21-17.18.52:126][971]LogFbx:Warning: Triangulating static mesh FactoryGlass
[2016.06.21-17.18.52:168][971]LogStaticMesh: Building static mesh CloudsdaleTrack_FactoryGlass...
[2016.06.21-17.18.52:180][971]LogStaticMesh: Built static mesh [0.01s] /Game/Models/TrackAssets/Cloudsdale/CloudsdaleTrack.CloudsdaleTrack_FactoryGlass
[2016.06.21-17.18.52:183][971]LogFbx:Warning: Triangulating static mesh Clouds
[2016.06.21-17.18.52:899][971]LogStaticMesh: Building static mesh CloudsdaleTrack_Clouds...
[2016.06.21-17.18.53:042][971]LogStaticMesh: Built static mesh [0.14s] /Game/Models/TrackAssets/Cloudsdale/CloudsdaleTrack.CloudsdaleTrack_Clouds
[2016.06.21-17.18.53:067][971]LogFbx:Warning: Triangulating static mesh Columns
[2016.06.21-17.18.53:291][971]LogStaticMesh: Building static mesh CloudsdaleTrack_Columns...
[2016.06.21-17.18.53:470][971]LogStaticMesh: Built static mesh [0.18s] /Game/Models/TrackAssets/Cloudsdale/CloudsdaleTrack.CloudsdaleTrack_Columns
[2016.06.21-17.18.53:514][971]LogFbx:Warning: Triangulating static mesh Base
[2016.06.21-17.18.53:630][971]LogStaticMesh: Building static mesh CloudsdaleTrack_Base...
[2016.06.21-17.18.53:663][971]LogStaticMesh: Built static mesh [0.03s] /Game/Models/TrackAssets/Cloudsdale/CloudsdaleTrack.CloudsdaleTrack_Base
[2016.06.21-17.18.53:668][971]LogFbx:Warning: Triangulating static mesh Buildings Base
[2016.06.21-17.18.53:751][971]LogStaticMesh: Building static mesh CloudsdaleTrack_Buildings_Base...
[2016.06.21-17.18.53:764][971]LogStaticMesh: Built static mesh [0.01s] /Game/Models/TrackAssets/Cloudsdale/CloudsdaleTrack.CloudsdaleTrack_Buildings_Base
[2016.06.21-17.18.53:769][971]LogFbx:Warning: Triangulating static mesh OverArches
[2016.06.21-17.18.53:804][971]LogStaticMesh: Building static mesh CloudsdaleTrack_OverArches...
[2016.06.21-17.18.53:813][971]LogStaticMesh: Built static mesh [0.01s] /Game/Models/TrackAssets/Cloudsdale/CloudsdaleTrack.CloudsdaleTrack_OverArches
[2016.06.21-17.18.53:871][971]LogFbx:Warning: Triangulating static mesh FactoryFloorAndRoad
[2016.06.21-17.18.53:917][971]LogStaticMesh: Building static mesh CloudsdaleTrack_FactoryFloorAndRoad...
[2016.06.21-17.18.53:929][971]LogStaticMesh: Built static mesh [0.01s] /Game/Models/TrackAssets/Cloudsdale/CloudsdaleTrack.CloudsdaleTrack_FactoryFloorAndRoad
[2016.06.21-17.18.53:932][971]LogFbx:Warning: Triangulating static mesh Mball.067
[2016.06.21-17.18.54:274][971]LogStaticMesh: Building static mesh CloudsdaleTrack_Mball_067...
[2016.06.21-17.18.54:314][971]LogStaticMesh: Built static mesh [0.04s] /Game/Models/TrackAssets/Cloudsdale/CloudsdaleTrack.CloudsdaleTrack_Mball_067
[2016.06.21-17.18.54:332][971]FBXImport:Warning: Warning Warning: No smoothing group information was found in this FBX scene.  Please make sure to enable the 'Export Smoothing Groups' option in the FBX Exporter plug-in before exporting the file.  Even for tools that don't support smoothing groups, the FBX Exporter will generate appropriate smoothing data at export-time so that correct vertex normals can be inferred while importing. 
[2016.06.21-17.18.54:332][971]FBXImport:Error: Error No triangles were found on mesh  'Mesh.010' 
[2016.06.21-17.18.54:332][971]FBXImport:Error: Error No triangles were found on mesh  'Mesh.020' 
[2016.06.21-17.18.54:332][971]FBXImport:Error: Error No triangles were found on mesh  'Mesh.022' 
[2016.06.21-17.18.54:332][971]FBXImport:Error: Error No triangles were found on mesh  'Mesh.023' 
[2016.06.21-17.19.07:806][403]LogActorFactory: Actor Factory created CloudsdaleTrack_Mball_000
[2016.06.21-17.19.07:881][403]LogActorFactory: Actor Factory created CloudsdaleTrack_Mball_000
[2016.06.21-17.19.09:327][557]Cmd: CAMERA ALIGN ACTIVEVIEWPORTONLY
[2016.06.21-17.19.14:688][147]Cmd: DELETE
[2016.06.21-17.19.14:688][147]Cmd: ACTOR DELETE
[2016.06.21-17.19.14:698][147]LogEditorActor: Deleted Actor: StaticMeshActor
[2016.06.21-17.19.14:736][147]LogEditorActor: Deleted 1 Actors (0.048 secs)
[2016.06.21-17.19.19:801][715]LogActorFactory: Actor Factory created CloudsdaleTrack_Base
[2016.06.21-17.19.19:805][715]LogActorFactory: Actor Factory created CloudsdaleTrack_Buildings_Base
[2016.06.21-17.19.19:807][715]LogActorFactory: Actor Factory created CloudsdaleTrack_Buildings_Base_001
[2016.06.21-17.19.19:809][715]LogActorFactory: Actor Factory created CloudsdaleTrack_Buildings_Base_002
[2016.06.21-17.19.19:811][715]LogActorFactory: Actor Factory created CloudsdaleTrack_Buildings_Base_003
[2016.06.21-17.19.19:874][715]LogActorFactory: Actor Factory created CloudsdaleTrack_Buildings_Base_004
[2016.06.21-17.19.19:876][715]LogActorFactory: Actor Factory created CloudsdaleTrack_Buildings_Base_005
[2016.06.21-17.19.19:878][715]LogActorFactory: Actor Factory created CloudsdaleTrack_Buildings_Base_006
[2016.06.21-17.19.19:879][715]LogActorFactory: Actor Factory created CloudsdaleTrack_Buildings_Base_007
[2016.06.21-17.19.19:881][715]LogActorFactory: Actor Factory created CloudsdaleTrack_Buildings_Base_008
[2016.06.21-17.19.19:885][715]LogActorFactory: Actor Factory created CloudsdaleTrack_Buildings_Base_009
[2016.06.21-17.19.20:403][772]LogActorFactory: Actor Factory created CloudsdaleTrack_Base
[2016.06.21-17.19.20:415][772]LogActorFactory: Actor Factory created CloudsdaleTrack_Buildings_Base
[2016.06.21-17.19.20:426][772]LogActorFactory: Actor Factory created CloudsdaleTrack_Buildings_Base_001
[2016.06.21-17.19.20:438][772]LogActorFactory: Actor Factory created CloudsdaleTrack_Buildings_Base_002
[2016.06.21-17.19.20:450][772]LogActorFactory: Actor Factory created CloudsdaleTrack_Buildings_Base_003
[2016.06.21-17.19.20:462][772]LogActorFactory: Actor Factory created CloudsdaleTrack_Buildings_Base_004
[2016.06.21-17.19.20:474][772]LogActorFactory: Actor Factory created CloudsdaleTrack_Buildings_Base_005
[2016.06.21-17.19.20:487][772]LogActorFactory: Actor Factory created CloudsdaleTrack_Buildings_Base_006
[2016.06.21-17.19.20:499][772]LogActorFactory: Actor Factory created CloudsdaleTrack_Buildings_Base_007
[2016.06.21-17.19.20:510][772]LogActorFactory: Actor Factory created CloudsdaleTrack_Buildings_Base_008
[2016.06.21-17.19.20:522][772]LogActorFactory: Actor Factory created CloudsdaleTrack_Buildings_Base_009
[2016.06.21-17.19.24:948][211]Cmd: CAMERA ALIGN ACTIVEVIEWPORTONLY
[2016.06.21-17.19.27:433][428]Cmd: TRANSACTION UNDO
[2016.06.21-17.19.27:433][428]LogEditorTransaction: Undo Create Actors
[2016.06.21-17.19.30:089][645]LogActorFactory: Actor Factory created CloudsdaleTrack_Base
[2016.06.21-17.19.30:090][645]LogActorFactory: Actor Factory created CloudsdaleTrack_Buildings_Base
[2016.06.21-17.19.30:090][645]LogActorFactory: Actor Factory created CloudsdaleTrack_Buildings_Base_001
[2016.06.21-17.19.30:091][645]LogActorFactory: Actor Factory created CloudsdaleTrack_Buildings_Base_002
[2016.06.21-17.19.30:091][645]LogActorFactory: Actor Factory created CloudsdaleTrack_Buildings_Base_003
[2016.06.21-17.19.30:092][645]LogActorFactory: Actor Factory created CloudsdaleTrack_Buildings_Base_004
[2016.06.21-17.19.30:092][645]LogActorFactory: Actor Factory created CloudsdaleTrack_Buildings_Base_005
[2016.06.21-17.19.30:093][645]LogActorFactory: Actor Factory created CloudsdaleTrack_Buildings_Base_006
[2016.06.21-17.19.30:093][645]LogActorFactory: Actor Factory created CloudsdaleTrack_Buildings_Base_007
[2016.06.21-17.19.30:094][645]LogActorFactory: Actor Factory created CloudsdaleTrack_Buildings_Base_008
[2016.06.21-17.19.30:095][645]LogActorFactory: Actor Factory created CloudsdaleTrack_Buildings_Base_009
[2016.06.21-17.19.30:095][645]LogActorFactory: Actor Factory created CloudsdaleTrack_Buildings_Base_010
[2016.06.21-17.19.30:097][645]LogActorFactory: Actor Factory created CloudsdaleTrack_Buildings_Base_011
[2016.06.21-17.19.30:100][645]LogActorFactory: Actor Factory created CloudsdaleTrack_Buildings_Base_012
[2016.06.21-17.19.30:102][645]LogActorFactory: Actor Factory created CloudsdaleTrack_Buildings_Base_013
[2016.06.21-17.19.30:105][645]LogActorFactory: Actor Factory created CloudsdaleTrack_Circle
[2016.06.21-17.19.30:105][645]LogActorFactory: Actor Factory created CloudsdaleTrack_Clouds
[2016.06.21-17.19.30:123][645]LogActorFactory: Actor Factory created CloudsdaleTrack_Clouds_001
[2016.06.21-17.19.30:440][666]LogActorFactory: Actor Factory created CloudsdaleTrack_Base
[2016.06.21-17.19.30:452][666]LogActorFactory: Actor Factory created CloudsdaleTrack_Buildings_Base
[2016.06.21-17.19.30:462][666]LogActorFactory: Actor Factory created CloudsdaleTrack_Buildings_Base_001
[2016.06.21-17.19.30:473][666]LogActorFactory: Actor Factory created CloudsdaleTrack_Buildings_Base_002
[2016.06.21-17.19.30:484][666]LogActorFactory: Actor Factory created CloudsdaleTrack_Buildings_Base_003
[2016.06.21-17.19.30:495][666]LogActorFactory: Actor Factory created CloudsdaleTrack_Buildings_Base_004
[2016.06.21-17.19.30:506][666]LogActorFactory: Actor Factory created CloudsdaleTrack_Buildings_Base_005
[2016.06.21-17.19.30:517][666]LogActorFactory: Actor Factory created CloudsdaleTrack_Buildings_Base_006
[2016.06.21-17.19.30:529][666]LogActorFactory: Actor Factory created CloudsdaleTrack_Buildings_Base_007
[2016.06.21-17.19.30:540][666]LogActorFactory: Actor Factory created CloudsdaleTrack_Buildings_Base_008
[2016.06.21-17.19.30:551][666]LogActorFactory: Actor Factory created CloudsdaleTrack_Buildings_Base_009
[2016.06.21-17.19.30:562][666]LogActorFactory: Actor Factory created CloudsdaleTrack_Buildings_Base_010
[2016.06.21-17.19.30:573][666]LogActorFactory: Actor Factory created CloudsdaleTrack_Buildings_Base_011
[2016.06.21-17.19.30:584][666]LogActorFactory: Actor Factory created CloudsdaleTrack_Buildings_Base_012
[2016.06.21-17.19.30:595][666]LogActorFactory: Actor Factory created CloudsdaleTrack_Buildings_Base_013
[2016.06.21-17.19.30:607][666]LogActorFactory: Actor Factory created CloudsdaleTrack_Circle
[2016.06.21-17.19.30:619][666]LogActorFactory: Actor Factory created CloudsdaleTrack_Clouds
[2016.06.21-17.19.30:631][666]LogActorFactory: Actor Factory created CloudsdaleTrack_Clouds_001
[2016.06.21-17.19.31:076][679]Cmd: TRANSACTION UNDO
[2016.06.21-17.19.31:076][679]LogEditorTransaction: Undo Create Actors
[2016.06.21-17.19.33:178][856]LogActorFactory: Actor Factory created CloudsdaleTrack_Base
[2016.06.21-17.19.33:179][856]LogActorFactory: Actor Factory created CloudsdaleTrack_Buildings_Base
[2016.06.21-17.19.33:179][856]LogActorFactory: Actor Factory created CloudsdaleTrack_Buildings_Base_001
[2016.06.21-17.19.33:180][856]LogActorFactory: Actor Factory created CloudsdaleTrack_Buildings_Base_002
[2016.06.21-17.19.33:180][856]LogActorFactory: Actor Factory created CloudsdaleTrack_Buildings_Base_003
[2016.06.21-17.19.33:181][856]LogActorFactory: Actor Factory created CloudsdaleTrack_Buildings_Base_004
[2016.06.21-17.19.33:181][856]LogActorFactory: Actor Factory created CloudsdaleTrack_Buildings_Base_005
[2016.06.21-17.19.33:181][856]LogActorFactory: Actor Factory created CloudsdaleTrack_Buildings_Base_006
[2016.06.21-17.19.33:182][856]LogActorFactory: Actor Factory created CloudsdaleTrack_Buildings_Base_007
[2016.06.21-17.19.33:182][856]LogActorFactory: Actor Factory created CloudsdaleTrack_Buildings_Base_008
[2016.06.21-17.19.33:183][856]LogActorFactory: Actor Factory created CloudsdaleTrack_Buildings_Base_009
[2016.06.21-17.19.33:183][856]LogActorFactory: Actor Factory created CloudsdaleTrack_Buildings_Base_010
[2016.06.21-17.19.33:183][856]LogActorFactory: Actor Factory created CloudsdaleTrack_Buildings_Base_011
[2016.06.21-17.19.33:184][856]LogActorFactory: Actor Factory created CloudsdaleTrack_Buildings_Base_012
[2016.06.21-17.19.33:184][856]LogActorFactory: Actor Factory created CloudsdaleTrack_Buildings_Base_013
[2016.06.21-17.19.33:185][856]LogActorFactory: Actor Factory created CloudsdaleTrack_Circle
[2016.06.21-17.19.33:185][856]LogActorFactory: Actor Factory created CloudsdaleTrack_Clouds
[2016.06.21-17.19.33:186][856]LogActorFactory: Actor Factory created CloudsdaleTrack_Clouds_001
[2016.06.21-17.19.33:186][856]LogActorFactory: Actor Factory created CloudsdaleTrack_Clouds_002
[2016.06.21-17.19.33:223][856]LogActorFactory: Actor Factory created CloudsdaleTrack_Clouds_003
[2016.06.21-17.19.33:258][856]LogActorFactory: Actor Factory created CloudsdaleTrack_Clouds_004
[2016.06.21-17.19.33:277][856]LogActorFactory: Actor Factory created CloudsdaleTrack_Clouds_005
[2016.06.21-17.19.33:294][856]LogActorFactory: Actor Factory created CloudsdaleTrack_Clouds_006
[2016.06.21-17.19.33:298][856]LogActorFactory: Actor Factory created CloudsdaleTrack_Columns
[2016.06.21-17.19.33:303][856]LogActorFactory: Actor Factory created CloudsdaleTrack_Factory_001
[2016.06.21-17.19.33:728][893]LogActorFactory: Actor Factory created CloudsdaleTrack_Base
[2016.06.21-17.19.33:739][893]LogActorFactory: Actor Factory created CloudsdaleTrack_Buildings_Base
[2016.06.21-17.19.33:751][893]LogActorFactory: Actor Factory created CloudsdaleTrack_Buildings_Base_001
[2016.06.21-17.19.33:762][893]LogActorFactory: Actor Factory created CloudsdaleTrack_Buildings_Base_002
[2016.06.21-17.19.33:773][893]LogActorFactory: Actor Factory created CloudsdaleTrack_Buildings_Base_003
[2016.06.21-17.19.33:784][893]LogActorFactory: Actor Factory created CloudsdaleTrack_Buildings_Base_004
[2016.06.21-17.19.33:795][893]LogActorFactory: Actor Factory created CloudsdaleTrack_Buildings_Base_005
[2016.06.21-17.19.33:807][893]LogActorFactory: Actor Factory created CloudsdaleTrack_Buildings_Base_006
[2016.06.21-17.19.33:819][893]LogActorFactory: Actor Factory created CloudsdaleTrack_Buildings_Base_007
[2016.06.21-17.19.33:830][893]LogActorFactory: Actor Factory created CloudsdaleTrack_Buildings_Base_008
[2016.06.21-17.19.33:842][893]LogActorFactory: Actor Factory created CloudsdaleTrack_Buildings_Base_009
[2016.06.21-17.19.33:853][893]LogActorFactory: Actor Factory created CloudsdaleTrack_Buildings_Base_010
[2016.06.21-17.19.33:864][893]LogActorFactory: Actor Factory created CloudsdaleTrack_Buildings_Base_011
[2016.06.21-17.19.33:874][893]LogActorFactory: Actor Factory created CloudsdaleTrack_Buildings_Base_012
[2016.06.21-17.19.33:886][893]LogActorFactory: Actor Factory created CloudsdaleTrack_Buildings_Base_013
[2016.06.21-17.19.33:897][893]LogActorFactory: Actor Factory created CloudsdaleTrack_Circle
[2016.06.21-17.19.33:908][893]LogActorFactory: Actor Factory created CloudsdaleTrack_Clouds
[2016.06.21-17.19.33:919][893]LogActorFactory: Actor Factory created CloudsdaleTrack_Clouds_001
[2016.06.21-17.19.33:931][893]LogActorFactory: Actor Factory created CloudsdaleTrack_Clouds_002
[2016.06.21-17.19.33:943][893]LogActorFactory: Actor Factory created CloudsdaleTrack_Clouds_003
[2016.06.21-17.19.33:954][893]LogActorFactory: Actor Factory created CloudsdaleTrack_Clouds_004
[2016.06.21-17.19.33:965][893]LogActorFactory: Actor Factory created CloudsdaleTrack_Clouds_005
[2016.06.21-17.19.33:978][893]LogActorFactory: Actor Factory created CloudsdaleTrack_Clouds_006
[2016.06.21-17.19.33:990][893]LogActorFactory: Actor Factory created CloudsdaleTrack_Columns
[2016.06.21-17.19.34:003][893]LogActorFactory: Actor Factory created CloudsdaleTrack_Factory_001
[2016.06.21-17.19.34:425][894]Cmd: TRANSACTION UNDO
[2016.06.21-17.19.34:425][894]LogEditorTransaction: Undo Create Actors
[2016.06.21-17.19.36:775][113]LogActorFactory: Actor Factory created CloudsdaleTrack_Base
[2016.06.21-17.19.36:775][113]LogActorFactory: Actor Factory created CloudsdaleTrack_Buildings_Base
[2016.06.21-17.19.36:776][113]LogActorFactory: Actor Factory created CloudsdaleTrack_Buildings_Base_001
[2016.06.21-17.19.36:776][113]LogActorFactory: Actor Factory created CloudsdaleTrack_Buildings_Base_002
[2016.06.21-17.19.36:777][113]LogActorFactory: Actor Factory created CloudsdaleTrack_Buildings_Base_003
[2016.06.21-17.19.36:777][113]LogActorFactory: Actor Factory created CloudsdaleTrack_Buildings_Base_004
[2016.06.21-17.19.36:778][113]LogActorFactory: Actor Factory created CloudsdaleTrack_Buildings_Base_005
[2016.06.21-17.19.36:779][113]LogActorFactory: Actor Factory created CloudsdaleTrack_Buildings_Base_006
[2016.06.21-17.19.36:779][113]LogActorFactory: Actor Factory created CloudsdaleTrack_Buildings_Base_007
[2016.06.21-17.19.36:779][113]LogActorFactory: Actor Factory created CloudsdaleTrack_Buildings_Base_008
[2016.06.21-17.19.36:780][113]LogActorFactory: Actor Factory created CloudsdaleTrack_Buildings_Base_009
[2016.06.21-17.19.36:780][113]LogActorFactory: Actor Factory created CloudsdaleTrack_Buildings_Base_010
[2016.06.21-17.19.36:781][113]LogActorFactory: Actor Factory created CloudsdaleTrack_Buildings_Base_011
[2016.06.21-17.19.36:781][113]LogActorFactory: Actor Factory created CloudsdaleTrack_Buildings_Base_012
[2016.06.21-17.19.36:782][113]LogActorFactory: Actor Factory created CloudsdaleTrack_Buildings_Base_013
[2016.06.21-17.19.36:782][113]LogActorFactory: Actor Factory created CloudsdaleTrack_Circle
[2016.06.21-17.19.36:783][113]LogActorFactory: Actor Factory created CloudsdaleTrack_Clouds
[2016.06.21-17.19.36:783][113]LogActorFactory: Actor Factory created CloudsdaleTrack_Clouds_001
[2016.06.21-17.19.36:783][113]LogActorFactory: Actor Factory created CloudsdaleTrack_Clouds_002
[2016.06.21-17.19.36:784][113]LogActorFactory: Actor Factory created CloudsdaleTrack_Clouds_003
[2016.06.21-17.19.36:784][113]LogActorFactory: Actor Factory created CloudsdaleTrack_Clouds_004
[2016.06.21-17.19.36:785][113]LogActorFactory: Actor Factory created CloudsdaleTrack_Clouds_005
[2016.06.21-17.19.36:785][113]LogActorFactory: Actor Factory created CloudsdaleTrack_Clouds_006
[2016.06.21-17.19.36:786][113]LogActorFactory: Actor Factory created CloudsdaleTrack_Columns
[2016.06.21-17.19.36:786][113]LogActorFactory: Actor Factory created CloudsdaleTrack_Factory_001
[2016.06.21-17.19.36:786][113]LogActorFactory: Actor Factory created CloudsdaleTrack_Factory_002
[2016.06.21-17.19.36:788][113]LogActorFactory: Actor Factory created CloudsdaleTrack_Factory_003
[2016.06.21-17.19.36:789][113]LogActorFactory: Actor Factory created CloudsdaleTrack_Factory_006
[2016.06.21-17.19.36:792][113]LogActorFactory: Actor Factory created CloudsdaleTrack_Factory_007
[2016.06.21-17.19.36:793][113]LogActorFactory: Actor Factory created CloudsdaleTrack_FactoryFloorAndRoad
[2016.06.21-17.19.36:794][113]LogActorFactory: Actor Factory created CloudsdaleTrack_FactoryFloorAndRoad_001
[2016.06.21-17.19.36:797][113]LogActorFactory: Actor Factory created CloudsdaleTrack_FactoryGlass
[2016.06.21-17.19.36:799][113]LogActorFactory: Actor Factory created CloudsdaleTrack_JumpRail
[2016.06.21-17.19.36:799][113]LogWindows:Error: Windows GetLastError: The operation completed successfully. (0)
[2016.06.21-17.19.37:006][113]LogCrashTracker: 


[2016.06.21-17.19.37:013][113]LogCrashTracker: 


[2016.06.21-17.19.37:013][113]LogWindows:Error: === Critical error: ===
Assertion failed: Reference != 0 [File:D:\BuildFarm\buildmachine_++UE4+Release-4.11\Engine\Source\Runtime\Core\Public\Templates\ScopedPointer.h] [Line: 73] 





[2016.06.21-17.19.37:046][113]LogExit: Executing StaticShutdownAfterError
[2016.06.21-17.19.37:053][113]LogPhysics:Warning: PHYSX: ..\..\PhysX\src\NpScene.cpp (2946) 8 : PxScene::unlockWrite() called without matching call to PxScene::lockWrite(), behaviour will be undefined.
[2016.06.21-17.19.37:053][113]LogPhysics:Warning: PHYSX: ..\..\PhysX\src\NpScene.cpp (2946) 8 : PxScene::unlockWrite() called without matching call to PxScene::lockWrite(), behaviour will be undefined.
[2016.06.21-17.19.37:054][113]LogWindows: FPlatformMisc::RequestExit(1)
[2016.06.21-17.19.37:054][113]Log file closed, 06/21/16 13:19:37
