[2015.09.23-14.34.26:098][  0]Log file open, 09/23/15 10:34:26
[2015.09.23-14.34.26:098][  0]LogInit:Display: Running engine for game: PonyKart
[2015.09.23-14.34.26:098][  0]LogInit:Display: RandInit(516500958) SRandInit(516500979).
[2015.09.23-14.34.26:098][  0]LogTaskGraph: Started task graph with 4 named threads and 7 total threads.
[2015.09.23-14.34.26:098][  0]LogStats: Stats thread started at 0.103859
[2015.09.23-14.34.26:098][  0]LogInit: Version: 4.9.1-2689999+++depot+UE4-Releases+4.9
[2015.09.23-14.34.26:098][  0]LogInit: API Version: 2672455
[2015.09.23-14.34.26:098][  0]LogInit: Compiled (64-bit): Sep 14 2015 04:12:03
[2015.09.23-14.34.26:098][  0]LogInit: Compiled with Visual C++: 18.00.21005.01
[2015.09.23-14.34.26:098][  0]LogInit: Build Configuration: Development
[2015.09.23-14.34.26:098][  0]LogInit: Branch Name: ++depot+UE4-Releases+4.9
[2015.09.23-14.34.26:098][  0]LogInit: Command line: 
[2015.09.23-14.34.26:098][  0]LogInit: Base directory: C:/Program Files/Epic Games/4.9/Engine/Binaries/Win64/
[2015.09.23-14.34.26:098][  0]LogInit: Rocket: 1
[2015.09.23-14.34.26:146][  0]LogInit: Using libcurl 7.41.0
[2015.09.23-14.34.26:146][  0]LogInit:  - built for x86_64-pc-win32
[2015.09.23-14.34.26:146][  0]LogInit:  - supports SSL with WinSSL
[2015.09.23-14.34.26:146][  0]LogInit:  - other features:
[2015.09.23-14.34.26:146][  0]LogInit:      CURL_VERSION_SSL
[2015.09.23-14.34.26:146][  0]LogInit:      CURL_VERSION_IPV6
[2015.09.23-14.34.26:146][  0]LogInit:      CURL_VERSION_ASYNCHDNS
[2015.09.23-14.34.26:146][  0]LogInit:      CURL_VERSION_LARGEFILE
[2015.09.23-14.34.26:146][  0]LogInit:      CURL_VERSION_IDN
[2015.09.23-14.34.26:146][  0]LogInit:  CurlRequestOptions (configurable via config and command line):
[2015.09.23-14.34.26:146][  0]LogInit:  - bVerifyPeer = true  - Libcurl will verify peer certificate
[2015.09.23-14.34.26:146][  0]LogInit:  - bUseHttpProxy = false  - Libcurl will NOT use HTTP proxy
[2015.09.23-14.34.26:146][  0]LogInit:  - bDontReuseConnections = false  - Libcurl will reuse connections
[2015.09.23-14.34.26:146][  0]LogInit:  - CertBundlePath = nullptr  - Libcurl will use whatever was configured at build time.
[2015.09.23-14.34.26:158][  0]LogInit: Presizing for 0 objects not considered by GC, pre-allocating 0 bytes.
[2015.09.23-14.34.26:169][  0]LogInit: Object subsystem initialized
[2015.09.23-14.34.26:171][  0]LogInit: Selected Device Profile: [Windows]
[2015.09.23-14.34.26:171][  0]LogInit: Applying CVar settings loaded from the selected device profile: [Windows]
[2015.09.23-14.34.26:213][  0]LogInit: Computer: HP-PC
[2015.09.23-14.34.26:213][  0]LogInit: User: Amber
[2015.09.23-14.34.26:213][  0]LogInit: CPU Page size=4096, Cores=4
[2015.09.23-14.34.26:214][  0]LogInit: High frequency timer resolution =14.318180 MHz
[2015.09.23-14.34.26:214][  0]LogMemory: Memory total: Physical=6.0GB (6GB approx)
[2015.09.23-14.34.26:214][  0]LogMemory: Platform Memory Stats for Windows
[2015.09.23-14.34.26:214][  0]LogMemory: Process Physical Memory: 54.07 MB used, 54.07 MB peak
[2015.09.23-14.34.26:214][  0]LogMemory: Process Virtual Memory: 55.33 MB used, 55.33 MB peak
[2015.09.23-14.34.26:214][  0]LogMemory: Physical Memory: 3343.87 MB used, 6141.22 MB total
[2015.09.23-14.34.26:214][  0]LogMemory: Virtual Memory: 365.00 MB used, 134217728.00 MB total
[2015.09.23-14.34.26:263][  0]LogTextLocalizationManager: No specific translations for ('en-US') exist, so ('en') translations will be used.
[2015.09.23-14.34.27:314][  0]LogD3D11RHI: Found D3D11 adapter 0: NVIDIA GeForce GTX 550 Ti (Feature Level 11_0)
[2015.09.23-14.34.27:314][  0]LogD3D11RHI: Adapter has 972MB of dedicated video memory, 0MB of dedicated system memory, and 3070MB of shared system memory, 2 output[s]
[2015.09.23-14.34.27:316][  0]LogD3D11RHI: Found D3D11 adapter 1: Microsoft Basic Render Driver (Feature Level 11_0)
[2015.09.23-14.34.27:316][  0]LogD3D11RHI: Adapter has 0MB of dedicated video memory, 0MB of dedicated system memory, and 3070MB of shared system memory, 0 output[s]
[2015.09.23-14.34.27:316][  0]LogD3D11RHI: Chosen D3D11 Adapter Id = 0
[2015.09.23-14.34.27:324][  0]LogD3D11RHI: !Direct3DDevice
[2015.09.23-14.34.27:324][  0]LogRHI: Texture pool is 680 MB (70% of 972 MB)
[2015.09.23-14.34.27:339][  0]LogD3D11RHI: Async texture creation enabled
[2015.09.23-14.34.27:360][  0]LogShaderCompilers: Guid format shader working directory is 15 characters bigger than the processId version (../../../../../../Users/Amber/Documents/Game Development/PonyKart-UE4/PonyKart Project Build/PonyKart/Intermediate/Shaders/WorkingDirectory/6668/).
[2015.09.23-14.34.27:360][  0]LogShaderCompilers: Cleaned the shader compiler working directory '../../../../../../Users/Amber/Documents/Game Development/PonyKart-UE4/PonyKart Project Build/PonyKart/Intermediate/Shaders/tmp/F04ED32E4B1B02470EF48B821FEEED77/'.
[2015.09.23-14.34.27:360][  0]LogShaderCompilers:Display: Using Local Shader Compiler.
[2015.09.23-14.34.29:722][  0]LogTemp:Display: Loaded TP AllDesktopTargetPlatform
[2015.09.23-14.34.29:731][  0]LogTemp:Display: Loaded TP WindowsClientTargetPlatform
[2015.09.23-14.34.29:741][  0]LogTemp:Display: Loaded TP WindowsNoEditorTargetPlatform
[2015.09.23-14.34.29:751][  0]LogTemp:Display: Loaded TP WindowsServerTargetPlatform
[2015.09.23-14.34.29:761][  0]LogTemp:Display: Loaded TP WindowsTargetPlatform
[2015.09.23-14.34.29:768][  0]LogTemp:Display: Loaded TP AndroidTargetPlatform
[2015.09.23-14.34.29:775][  0]LogTemp:Display: Loaded TP Android_ASTCTargetPlatform
[2015.09.23-14.34.29:781][  0]LogTemp:Display: Loaded TP Android_ATCTargetPlatform
[2015.09.23-14.34.29:788][  0]LogTemp:Display: Loaded TP Android_DXTTargetPlatform
[2015.09.23-14.34.29:795][  0]LogTemp:Display: Loaded TP Android_ETC1TargetPlatform
[2015.09.23-14.34.29:802][  0]LogTemp:Display: Loaded TP Android_ETC2TargetPlatform
[2015.09.23-14.34.29:809][  0]LogTemp:Display: Loaded TP Android_PVRTCTargetPlatform
[2015.09.23-14.34.29:811][  0]LogTemp:Display: Loaded TP HTML5TargetPlatform
[2015.09.23-14.34.29:833][  0]LogTemp:Display: Loaded TP IOSTargetPlatform
[2015.09.23-14.34.29:839][  0]LogTemp:Display: Loaded TP LinuxNoEditorTargetPlatform
[2015.09.23-14.34.29:845][  0]LogTemp:Display: Loaded TP LinuxServerTargetPlatform
[2015.09.23-14.34.29:852][  0]LogTemp:Display: Loaded TP LinuxTargetPlatform
[2015.09.23-14.34.29:853][  0]LogTargetPlatformManager:Display: Building Assets For Windows
[2015.09.23-14.34.29:989][  0]LogDerivedDataCache:Display: Max Cache Size: 512 MB
[2015.09.23-14.34.32:300][  0]LogDerivedDataCache: Loaded boot cache 2.31s 41MB C:/Users/Amber/AppData/Local/UnrealEngine/4.9/DerivedDataCache/Boot.ddc.
[2015.09.23-14.34.32:300][  0]LogDerivedDataCache:Display: Loaded Boot cache: C:/Users/Amber/AppData/Local/UnrealEngine/4.9/DerivedDataCache/Boot.ddc
[2015.09.23-14.34.32:300][  0]LogDerivedDataCache: FDerivedDataBackendGraph:  Pak pak cache file ../../../../../../Users/Amber/Documents/Game Development/PonyKart-UE4/PonyKart Project Build/PonyKart/DerivedDataCache/DDC.ddp not found, will not use a pak cache.
[2015.09.23-14.34.32:300][  0]LogDerivedDataCache: Unable to find inner node Pak for hierarchical cache Hierarchy.
[2015.09.23-14.34.32:300][  0]LogDerivedDataCache: FDerivedDataBackendGraph:  CompressedPak pak cache file ../../../../../../Users/Amber/Documents/Game Development/PonyKart-UE4/PonyKart Project Build/PonyKart/DerivedDataCache/Compressed.ddp not found, will not use a pak cache.
[2015.09.23-14.34.32:300][  0]LogDerivedDataCache: Unable to find inner node CompressedPak for hierarchical cache Hierarchy.
[2015.09.23-14.34.32:489][  0]LogDerivedDataCache:Display: Pak cache opened for reading ../../../Engine/DerivedDataCache/Compressed.ddp.
[2015.09.23-14.34.32:544][  0]LogDerivedDataCache: Using Local data cache path C:/Users/Amber/AppData/Local/UnrealEngine/Common/DerivedDataCache: Writable
[2015.09.23-14.34.32:865][  0]LogInit: Selected Device Profile: [Windows]
[2015.09.23-14.34.32:870][  0]LogContentStreaming: Texture pool size is 0.000000MB
[2015.09.23-14.34.33:231][  0]LogMeshUtilities: No automatic mesh reduction module available
[2015.09.23-14.34.33:231][  0]LogMeshUtilities: No automatic mesh merging module available
[2015.09.23-14.34.33:342][  0]LogEnum:Warning: Enum Text 2 for Enum EViewModeIndex failed to resolve to any value
[2015.09.23-14.34.34:851][  0]LogInit: WinSock: version 1.1 (2.2), MaxSocks=32767, MaxUdp=65467
[2015.09.23-14.34.38:507][  0]UdpMessaging: Initializing bridge on interface 0.0.0.0:0 to multicast group 230.0.0.1:6666.
[2015.09.23-14.34.39:679][  0]LogAssetRegistry: FAssetRegistry took 0.0117 seconds to start up
[2015.09.23-14.34.40:599][  0]SourceControl: Info Source control is disabled
[2015.09.23-14.34.40:709][  0]SourceControl: Info Source control is disabled
[2015.09.23-14.34.40:727][  0]SourceControl: Info Source control is disabled
[2015.09.23-14.34.40:743][  0]SourceControl: Info Source control is disabled
[2015.09.23-14.34.41:942][  0]LogLinker:Warning: Asset '../../../Engine/Plugins/Runtime/LeapMotionController/Content/LM_PassthroughMaterial.uasset' has been saved with empty engine version. The asset will be loaded but may be incompatible.
[2015.09.23-14.34.42:090][  0]LogObj: 28361 objects as part of root set at end of initial load.
[2015.09.23-14.34.42:090][  0]LogUObjectAllocator: 6038872 out of 0 bytes used by permanent object pool.
[2015.09.23-14.34.42:265][  0]LogEngine: Initializing Engine...
[2015.09.23-14.34.42:269][  0]LogHMD: Can't find Oculus library dev build: is proper Runtime installed? Version: 0.7.0.0
[2015.09.23-14.34.42:318][  0]LogHMD: SteamVR failed to initialize.  Err: 108
[2015.09.23-14.34.43:331][  0]LogAIModule: Creating AISystem for world NewWorld
[2015.09.23-14.34.43:344][  0]LogInit: XAudio2 using 'Headphones (Realtek High Definition Audio)' : 2 channels at 48 kHz using 32 bits per sample (channel mask 0x3)
[2015.09.23-14.34.43:384][  0]LogInit: FAudioDevice initialized.
[2015.09.23-14.34.43:431][  0]LogDerivedDataCache: Saved boot cache 0.05s 41MB C:/Users/Amber/AppData/Local/UnrealEngine/4.9/DerivedDataCache/Boot.ddc.
[2015.09.23-14.34.43:447][  0]LogInit: Texture streaming: Enabled
[2015.09.23-14.34.43:457][  0]LogAnalytics: Creating configured Analytics provider AnalyticsET
[2015.09.23-14.34.43:457][  0]LogAnalytics: [UEEditor.Rocket.Release] APIServer = http://et2.epicgames.com/ET2/. AppVersion = 4.9.1-2689999+++depot+UE4-Releases+4.9
[2015.09.23-14.34.43:457][  0]LogAnalytics: [UEEditor.Rocket.Release] SetUserId fe48c13c4235ff87278523820fd1a74f|128e7d1d796a429f9247afe84ab758e1|a78d9d35-53ca-49d3-80af-52a3ac8256d6
[2015.09.23-14.34.43:457][  0]LogAnalytics: [UEEditor.Rocket.Release] AnalyticsET::StartSession
[2015.09.23-14.34.43:509][  0]LogInit: Transaction tracking system initialized
[2015.09.23-14.34.43:560][  0]BlueprintLog: New page: Editor Load
[2015.09.23-14.34.43:765][  0]LocalizationService: Info Localization service is disabled
[2015.09.23-14.34.44:623][  0]LogConsoleResponse:Display: 
[2015.09.23-14.34.46:453][  0]LogFileCache: Scanning file cache for directory 'C:/Users/Amber/Documents/Game Development/PonyKart-UE4/PonyKart Project Build/PonyKart/Content/' took 0.06s
[2015.09.23-14.34.46:453][  0]LogCook:Display: Done creating registry. It took  0.00s.
[2015.09.23-14.34.47:012][  0]SourceControl: Info Source control is disabled
[2015.09.23-14.34.47:012][  0]Cmd: MAP LOAD FILE="../../../Engine/Content/Maps/Templates/Template_Default.umap" TEMPLATE=1 SHOWPROGRESS=1 FEATURELEVEL=3
[2015.09.23-14.34.47:014][  0]LightingResults: New page: Lighting Build
[2015.09.23-14.34.47:019][  0]MapCheck: New page: Map Check
[2015.09.23-14.34.47:019][  0]LightingResults: New page: Lighting Build
[2015.09.23-14.34.47:042][  0]LogParticles: Destroying 0 GPU particle simulations for FXSystem 0x00000094B78D6160
[2015.09.23-14.34.47:556][  0]LogAIModule: Creating AISystem for world Untitled_1
[2015.09.23-14.34.47:622][  0]LogEditorServer: Finished looking for orphan Actors (0.000 secs)
[2015.09.23-14.34.47:632][  0]Cmd: MAP CHECKDEP NOCLEARLOG
[2015.09.23-14.34.47:708][  0]MapCheck: Info Map check complete: 0 Error(s), 0 Warning(s), took 76.468ms to complete.
[2015.09.23-14.34.47:709][  0]LogFileHelpers: Loading map 'Template_Default' took 0.696
[2015.09.23-14.34.48:842][  0]LogCollectionManager: Loaded 0 collections in 0.003461 seconds
[2015.09.23-14.34.49:012][  0]LogFileCache: Scanning file cache for directory 'C:/Users/Amber/Documents/Game Development/PonyKart-UE4/PonyKart Project Build/PonyKart/Saved/Collections/' took 0.01s
[2015.09.23-14.34.49:012][  0]LogFileCache: Scanning file cache for directory 'C:/Users/Amber/Documents/Game Development/PonyKart-UE4/PonyKart Project Build/PonyKart/Content/Developers/Amber/Collections/' took 0.01s
[2015.09.23-14.34.49:012][  0]LogFileCache: Scanning file cache for directory 'C:/Users/Amber/Documents/Game Development/PonyKart-UE4/PonyKart Project Build/PonyKart/Content/Collections/' took 0.01s
[2015.09.23-14.34.49:012][  0]LogContentBrowser: Native class hierarchy populated in 0.0142 seconds. Added 1867 classes and 333 folders.
[2015.09.23-14.34.49:100][  0]LogCollectionManager: Rebuilt the GUID cache for 0 collections in 0.000005 seconds
[2015.09.23-14.34.49:261][  0]LogContentBrowser: Native class hierarchy updated for 'WidgetCarousel' in 0.0006 seconds. Added 0 classes and 0 folders.
[2015.09.23-14.34.51:169][  0]LogContentBrowser: Native class hierarchy updated for 'AddContentDialog' in 0.0006 seconds. Added 0 classes and 0 folders.
[2015.09.23-14.34.51:238][  0]LogContentBrowser: Native class hierarchy updated for 'SceneOutliner' in 0.0006 seconds. Added 1 classes and 2 folders.
[2015.09.23-14.34.52:360][  0]LogCrashTracker: Crashtracker disabled due to settings.
[2015.09.23-14.34.52:619][  0]LogUObjectGlobals:Warning: Failed to find object 'Class None.'
[2015.09.23-14.34.52:658][  0]LogLoad: Full Startup: 28.32 seconds (BP compile: 0.07 seconds)
[2015.09.23-14.34.53:685][  0]LogContentStreaming: Texture pool size now 1000 MB
[2015.09.23-14.34.55:087][  1]LogRenderer: Reallocating scene render targets to support 776x360 (Frame:2).
[2015.09.23-14.34.55:853][  4]LogAssetRegistry: Asset discovery search completed in 16.1856 seconds
[2015.09.23-14.34.55:853][  4]LogCollectionManager: Rebuilt the object cache for 0 collections in 0.000002 seconds (found 0 objects)
[2015.09.23-14.34.55:853][  4]LogCollectionManager: Fixed up redirectors for 0 collections in 0.000038 seconds (updated 0 objects)
[2015.09.23-14.35.25:407][754]LogRenderer: Reallocating scene render targets to support 776x492 (Frame:691).
[2015.09.23-14.35.29:325][132]LogLinker:Warning: Can't find file '/Game/Models/FlutterShy/Fluttershy'
[2015.09.23-14.35.29:325][132]LogLinker:Warning: Can't find file for asset '/Game/Models/FlutterShy/Fluttershy' while loading ../../../../../../Users/Amber/Documents/Game Development/PonyKart-UE4/PonyKart Project Build/PonyKart/Content/Levels/Test.umap.
[2015.09.23-14.35.29:325][132]LoadErrors:Error: Error /Game/Levels/Test : Can't find file for asset. /Game/Models/FlutterShy/Fluttershy
[2015.09.23-14.35.29:618][132]LogLinker:Warning: Can't find file '/Game/Models/FlutterShy/Fluttershy'
[2015.09.23-14.35.29:618][132]LogLinker:Warning: Can't find file for asset '/Game/Models/FlutterShy/Fluttershy' while loading ../../../../../../Users/Amber/Documents/Game Development/PonyKart-UE4/PonyKart Project Build/PonyKart/Content/Levels/Test.umap.
[2015.09.23-14.35.29:646][132]LogLinker:Warning: Can't find file '/Game/Models/FlutterShy/Fluttershy'
[2015.09.23-14.35.29:646][132]LogLinker:Warning: Can't find file for asset '/Game/Models/FlutterShy/Fluttershy' while loading NULL.
[2015.09.23-14.35.29:647][132]LogLinker:Warning: Can't find file '/Game/Models/FlutterShy/Fluttershy'
[2015.09.23-14.35.29:647][132]LogLinker:Warning: Can't find file for asset '/Game/Models/FlutterShy/Fluttershy' while loading NULL.
[2015.09.23-14.35.30:463][132]LogLinker:Warning: Can't find file '/Game/Models/FlutterShy/Fluttershy'
[2015.09.23-14.35.30:463][132]LoadErrors: Info Failed to load /Game/Models/FlutterShy/Fluttershy.Fluttershy Referenced by Fluttershy
[2015.09.23-14.35.30:463][132]LogLinker:Warning: Can't find file for asset '/Game/Models/FlutterShy/Fluttershy' while loading NULL.
[2015.09.23-14.35.33:271][132]LogAIModule: Creating AISystem for world Test
[2015.09.23-14.35.33:535][132]Cmd: MAP LOAD FILE="../../../../../../Users/Amber/Documents/Game Development/PonyKart-UE4/PonyKart Project Build/PonyKart/Content/Levels/Test.umap" TEMPLATE=0 SHOWPROGRESS=1 FEATURELEVEL=3
[2015.09.23-14.35.33:535][132]LightingResults: New page: Lighting Build
[2015.09.23-14.35.33:572][132]LoadErrors: New page: Loading map: Test.umap
[2015.09.23-14.35.33:573][132]MapCheck: New page: Map Check
[2015.09.23-14.35.33:573][132]LightingResults: New page: Lighting Build
[2015.09.23-14.35.33:590][132]LogParticles: Destroying 0 GPU particle simulations for FXSystem 0x00000094A7C08540
[2015.09.23-14.35.33:965][132]LogEditorServer: Finished looking for orphan Actors (0.000 secs)
[2015.09.23-14.35.34:073][132]Cmd: MAP CHECKDEP NOCLEARLOG
[2015.09.23-14.35.34:162][132]MapCheck: Info Map check complete: 0 Error(s), 0 Warning(s), took 89.235ms to complete.
[2015.09.23-14.35.34:162][132]LogFileHelpers: Loading map 'Test' took 0.629
[2015.09.23-14.35.57:070][644]LogSavePackage: Save=208.030075ms
[2015.09.23-14.35.57:070][644]LogSavePackage: Moving '../../../../../../Users/Amber/Documents/Game Development/PonyKart-UE4/PonyKart Project Build/PonyKart/Saved/CloudsdaleTestC02C89F14CD36551A66D95AFA9534A27.tmp' to '../../../../../../Users/Amber/Documents/Game Development/PonyKart-UE4/PonyKart Project Build/PonyKart/Content/Maps/CloudsdaleTest.umap'
[2015.09.23-14.35.57:095][644]LogSavePackage: Total save time: 244.833142ms
[2015.09.23-14.35.57:095][644]LogSavePackage:Warning: Finished SavePackage ../../../../../../Users/Amber/Documents/Game Development/PonyKart-UE4/PonyKart Project Build/PonyKart/Content/Maps/CloudsdaleTest.umap
[2015.09.23-14.35.57:176][644]LogFileHelpers: Saving map 'CloudsdaleTest' took 2.077
[2015.09.23-14.36.05:814][553]LogEditorViewport: Clicking on Actor (LMB): StaticMeshActor (CloudsdaleTrackUE_Export)
[2015.09.23-14.36.10:291][861]LogEditorViewport: Clicking on Actor (LMB): StaticMeshActor (CloudsdaleTrackUE_Export)
[2015.09.23-14.36.22:973][992]EditorErrors:Warning: Warning
[2015.09.23-14.36.46:084][859]LogRenderer: Reallocating scene render targets to support 976x504 (Frame:5542).
[2015.09.23-14.36.50:746][176]LogRenderer: Reallocating scene render targets to support 976x676 (Frame:5813).
[2015.09.23-14.36.52:348][284]LogRenderer: Reallocating scene render targets to support 1128x676 (Frame:5848).
[2015.09.23-14.36.55:105][451]LogRenderer: Reallocating scene render targets to support 1200x676 (Frame:5944).
[2015.09.23-14.37.04:364][627]LogRenderer: Reallocating scene render targets to support 1372x700 (Frame:6107).
[2015.09.23-14.38.22:817][177]LogEditorViewport: Clicking Background
[2015.09.23-14.38.44:355][319]LogBlueprintUserMessages: Early PlayInEditor Detection: Level '/Game/Maps/CloudsdaleTest.CloudsdaleTest:PersistentLevel' has LevelScriptBlueprint '/Game/Maps/CloudsdaleTest.CloudsdaleTest:PersistentLevel.CloudsdaleTest' with GeneratedClass '/Game/Maps/CloudsdaleTest.CloudsdaleTest_C' with ClassGeneratedBy '/Game/Maps/CloudsdaleTest.CloudsdaleTest:PersistentLevel.CloudsdaleTest'
[2015.09.23-14.38.44:379][319]LogPlayLevel: PlayLevel: No blueprints needed recompiling
[2015.09.23-14.38.44:421][319]PIE: New page: PIE session: CloudsdaleTest (Sep 23, 2015, 6:38:44 AM)
[2015.09.23-14.38.44:421][319]LogPlayLevel: Creating play world package: /Game/Maps/UEDPIE_0_CloudsdaleTest
[2015.09.23-14.38.44:468][319]LogPlayLevel: PIE: StaticDuplicateObject took: (0.046195s)
[2015.09.23-14.38.44:469][319]LogAIModule: Creating AISystem for world CloudsdaleTest
[2015.09.23-14.38.44:469][319]LogPlayLevel: PIE: World Init took: (0.001412s)
[2015.09.23-14.38.44:470][319]LogPlayLevel: PIE: Created PIE world by copying editor world from /Game/Maps/CloudsdaleTest.CloudsdaleTest to /Game/Maps/UEDPIE_0_CloudsdaleTest.CloudsdaleTest (0.048546s)
[2015.09.23-14.38.44:548][319]LogInit: XAudio2 using 'Headphones (Realtek High Definition Audio)' : 2 channels at 48 kHz using 32 bits per sample (channel mask 0x3)
[2015.09.23-14.38.44:559][319]LogInit: FAudioDevice initialized.
[2015.09.23-14.38.44:640][319]LogUObjectGlobals:Warning: Failed to find object 'Class /Game/NewGameMode.NewGameMode_C'
[2015.09.23-14.38.44:640][319]LogWorld: Game class is 'GameMode'
[2015.09.23-14.38.44:790][319]LogWorld: Bringing World /Game/Maps/UEDPIE_0_CloudsdaleTest.CloudsdaleTest up for play (max tick rate 0) at 2015.09.23-10.38.44
[2015.09.23-14.38.44:790][319]LogActor:Warning: GameSession /Game/Maps/UEDPIE_0_CloudsdaleTest.CloudsdaleTest:PersistentLevel.GameSession_0 has natively added scene component(s), but none of them were set as the actor's RootComponent - picking one arbitrarily
[2015.09.23-14.38.44:792][319]LogActor:Warning: GameNetworkManager /Game/Maps/UEDPIE_0_CloudsdaleTest.CloudsdaleTest:PersistentLevel.GameNetworkManager_0 has natively added scene component(s), but none of them were set as the actor's RootComponent - picking one arbitrarily
[2015.09.23-14.38.44:793][319]LogWorld: Bringing up level for play took: 0.005541
[2015.09.23-14.38.45:021][319]PIE: Info Play in editor start time for /Game/Maps/UEDPIE_0_CloudsdaleTest 0.833
[2015.09.23-14.38.45:021][319]LogBlueprintUserMessages: Late PlayInEditor Detection: Level '/Game/Maps/CloudsdaleTest.CloudsdaleTest:PersistentLevel' has LevelScriptBlueprint '/Game/Maps/CloudsdaleTest.CloudsdaleTest:PersistentLevel.CloudsdaleTest' with GeneratedClass '/Game/Maps/CloudsdaleTest.CloudsdaleTest_C' with ClassGeneratedBy '/Game/Maps/CloudsdaleTest.CloudsdaleTest:PersistentLevel.CloudsdaleTest'
[2015.09.23-14.38.45:989][365]LogBlueprintUserMessages: Early EndPlayMap Detection: Level '/Game/Maps/CloudsdaleTest.CloudsdaleTest:PersistentLevel' has LevelScriptBlueprint '/Game/Maps/CloudsdaleTest.CloudsdaleTest:PersistentLevel.CloudsdaleTest' with GeneratedClass '/Game/Maps/CloudsdaleTest.CloudsdaleTest_C' with ClassGeneratedBy '/Game/Maps/CloudsdaleTest.CloudsdaleTest:PersistentLevel.CloudsdaleTest'
[2015.09.23-14.38.46:068][365]LogBlueprintUserMessages: Late EndPlayMap Detection: Level '/Game/Maps/CloudsdaleTest.CloudsdaleTest:PersistentLevel' has LevelScriptBlueprint '/Game/Maps/CloudsdaleTest.CloudsdaleTest:PersistentLevel.CloudsdaleTest' with GeneratedClass '/Game/Maps/CloudsdaleTest.CloudsdaleTest_C' with ClassGeneratedBy '/Game/Maps/CloudsdaleTest.CloudsdaleTest:PersistentLevel.CloudsdaleTest'
[2015.09.23-14.38.46:093][365]LogParticles: Destroying 0 GPU particle simulations for FXSystem 0x00000094B1537920
[2015.09.23-14.39.35:783][359]LogRenderer: Reallocating scene render targets to support 1540x804 (Frame:9249).
[2015.09.23-14.39.35:950][360]LogRenderer: Reallocating scene render targets to support 1920x1040 (Frame:9252).
[2015.09.23-23.40.15:857][719]LogBlueprintUserMessages: Early PlayInEditor Detection: Level '/Game/Maps/CloudsdaleTest.CloudsdaleTest:PersistentLevel' has LevelScriptBlueprint '/Game/Maps/CloudsdaleTest.CloudsdaleTest:PersistentLevel.CloudsdaleTest' with GeneratedClass '/Game/Maps/CloudsdaleTest.CloudsdaleTest_C' with ClassGeneratedBy '/Game/Maps/CloudsdaleTest.CloudsdaleTest:PersistentLevel.CloudsdaleTest'
[2015.09.23-23.40.15:858][719]LogPlayLevel: PlayLevel: No blueprints needed recompiling
[2015.09.23-23.40.15:859][719]PIE: New page: PIE session: CloudsdaleTest (Sep 23, 2015, 3:40:15 PM)
[2015.09.23-23.40.15:860][719]LogPlayLevel: Creating play world package: /Game/Maps/UEDPIE_0_CloudsdaleTest
[2015.09.23-23.40.15:900][719]LogPlayLevel: PIE: StaticDuplicateObject took: (0.038953s)
[2015.09.23-23.40.15:904][719]LogAIModule: Creating AISystem for world CloudsdaleTest
[2015.09.23-23.40.15:906][719]LogPlayLevel: PIE: World Init took: (0.006037s)
[2015.09.23-23.40.15:907][719]LogPlayLevel: PIE: Created PIE world by copying editor world from /Game/Maps/CloudsdaleTest.CloudsdaleTest to /Game/Maps/UEDPIE_0_CloudsdaleTest.CloudsdaleTest (0.046506s)
[2015.09.23-23.40.15:964][719]LogInit: XAudio2 using 'Headphones (Realtek High Definition Audio)' : 2 channels at 48 kHz using 32 bits per sample (channel mask 0x3)
[2015.09.23-23.40.15:983][719]LogInit: FAudioDevice initialized.
[2015.09.23-23.40.16:034][719]LogUObjectGlobals:Warning: Failed to find object 'Class /Game/NewGameMode.NewGameMode_C'
[2015.09.23-23.40.16:034][719]LogWorld: Game class is 'GameMode'
[2015.09.23-23.40.16:042][719]LogWorld: Bringing World /Game/Maps/UEDPIE_0_CloudsdaleTest.CloudsdaleTest up for play (max tick rate 0) at 2015.09.23-19.40.16
[2015.09.23-23.40.16:042][719]LogActor:Warning: GameSession /Game/Maps/UEDPIE_0_CloudsdaleTest.CloudsdaleTest:PersistentLevel.GameSession_1 has natively added scene component(s), but none of them were set as the actor's RootComponent - picking one arbitrarily
[2015.09.23-23.40.16:042][719]LogActor:Warning: GameNetworkManager /Game/Maps/UEDPIE_0_CloudsdaleTest.CloudsdaleTest:PersistentLevel.GameNetworkManager_1 has natively added scene component(s), but none of them were set as the actor's RootComponent - picking one arbitrarily
[2015.09.23-23.40.16:043][719]LogWorld: Bringing up level for play took: 0.005816
[2015.09.23-23.40.16:098][719]PIE: Info Play in editor start time for /Game/Maps/UEDPIE_0_CloudsdaleTest -0.084
[2015.09.23-23.40.16:099][719]LogBlueprintUserMessages: Late PlayInEditor Detection: Level '/Game/Maps/CloudsdaleTest.CloudsdaleTest:PersistentLevel' has LevelScriptBlueprint '/Game/Maps/CloudsdaleTest.CloudsdaleTest:PersistentLevel.CloudsdaleTest' with GeneratedClass '/Game/Maps/CloudsdaleTest.CloudsdaleTest_C' with ClassGeneratedBy '/Game/Maps/CloudsdaleTest.CloudsdaleTest:PersistentLevel.CloudsdaleTest'
[2015.09.23-23.40.32:097][568]LogUObjectGlobals:Warning: Failed to find object 'Object /Game/NewGameMode.NewGameMode_C'
[2015.09.23-23.40.32:098][568]LogUObjectGlobals:Warning: Failed to find object 'Object /Game/NewGameMode.NewGameMode_C'
[2015.09.23-23.40.35:026][827]LogLinker:Warning: Asset '../../../Engine/Content/ArtTools/RenderToTexture/Macros/RenderToTextureMacros.uasset' has been saved with empty engine version. The asset will be loaded but may be incompatible.
[2015.09.23-23.40.36:856][827]LogContentBrowser: Native class hierarchy updated for 'BlueprintGraph' in 0.0087 seconds. Added 107 classes and 0 folders.
[2015.09.23-23.40.46:661][219]LogBlueprintUserMessages: Early EndPlayMap Detection: Level '/Game/Maps/CloudsdaleTest.CloudsdaleTest:PersistentLevel' has LevelScriptBlueprint '/Game/Maps/CloudsdaleTest.CloudsdaleTest:PersistentLevel.CloudsdaleTest' with GeneratedClass '/Game/Maps/CloudsdaleTest.CloudsdaleTest_C' with ClassGeneratedBy '/Game/Maps/CloudsdaleTest.CloudsdaleTest:PersistentLevel.CloudsdaleTest'
[2015.09.23-23.40.46:700][219]LogBlueprintUserMessages: Late EndPlayMap Detection: Level '/Game/Maps/CloudsdaleTest.CloudsdaleTest:PersistentLevel' has LevelScriptBlueprint '/Game/Maps/CloudsdaleTest.CloudsdaleTest:PersistentLevel.CloudsdaleTest' with GeneratedClass '/Game/Maps/CloudsdaleTest.CloudsdaleTest_C' with ClassGeneratedBy '/Game/Maps/CloudsdaleTest.CloudsdaleTest:PersistentLevel.CloudsdaleTest'
[2015.09.23-23.40.46:746][219]LogParticles: Destroying 0 GPU particle simulations for FXSystem 0x00000094DA4E3880
[2015.09.23-23.40.46:749][219]LogParticles: Destroying 0 GPU particle simulations for FXSystem 0x00000094B14DD8A0
[2015.09.23-23.40.53:179][495]LogEditorViewport: Clicking on Actor (context menu): StaticMeshActor (CloudsdaleTrackUE_Export)
[2015.09.23-23.40.53:732][507]LogEditorViewport: Clicking on Actor (context menu): StaticMeshActor (CloudsdaleTrackUE_Export)
[2015.09.23-23.40.54:703][575]LogEditorViewport: Clicking on Actor (LMB): StaticMeshActor (CloudsdaleTrackUE_Export)
[2015.09.24-00.19.33:984][607]LogWindowsTextInputMethodSystem:Display: IME system now deactivated.
[2015.09.24-00.19.34:640][608]Cmd: QUIT_EDITOR
[2015.09.24-00.19.35:045][608]LogExit: Preparing to exit.
[2015.09.24-00.19.35:896][608]LogExit: Editor shut down
[2015.09.24-00.19.35:899][608]LogExit: Transaction tracking system shut down
[2015.09.24-00.19.35:905][608]LogParticles: Destroying 0 GPU particle simulations for FXSystem 0x00000094C976F4C0
[2015.09.24-00.19.35:909][608]LogParticles: Destroying 0 GPU particle simulations for FXSystem 0x00000094B4ADDEE0
[2015.09.24-00.19.35:909][608]LogParticles: Destroying 0 GPU particle simulations for FXSystem 0x00000094B461AD40
[2015.09.24-00.19.35:915][608]LogParticles: Destroying 0 GPU particle simulations for FXSystem 0x00000094B48CE8E0
[2015.09.24-00.19.36:427][608]LogExit: Object subsystem successfully closed.
[2015.09.24-00.19.36:464][608]LogD3D11RHI: Shutdown
[2015.09.24-00.19.36:464][608]LogD3D11RHI: CleanupD3DDevice
[2015.09.24-00.19.36:687][608]LogD3D11RHI: ~FD3D11DynamicRHI
[2015.09.24-00.19.36:720][608]LogModuleManager: Shutting down and abandoning module BlueprintGraph (198)
[2015.09.24-00.19.36:720][608]LogModuleManager: Shutting down and abandoning module CrashTracker (197)
[2015.09.24-00.19.36:720][608]LogModuleManager: Shutting down and abandoning module SceneOutliner (196)
[2015.09.24-00.19.36:740][608]LogModuleManager: Shutting down and abandoning module SuperSearch (195)
[2015.09.24-00.19.36:740][608]LogModuleManager: Shutting down and abandoning module WidgetCarousel (194)
[2015.09.24-00.19.36:740][608]LogModuleManager: Shutting down and abandoning module AddContentDialog (193)
[2015.09.24-00.19.36:766][608]LogModuleManager: Shutting down and abandoning module EditorWidgets (192)
[2015.09.24-00.19.36:766][608]LogModuleManager: Shutting down and abandoning module CollectionManager (191)
[2015.09.24-00.19.36:767][608]LogModuleManager: Shutting down and abandoning module StatsViewer (190)
[2015.09.24-00.19.36:767][608]LogModuleManager: Shutting down and abandoning module FoliageEdit (189)
[2015.09.24-00.19.36:767][608]LogModuleManager: Shutting down and abandoning module LandscapeEditor (188)
[2015.09.24-00.19.36:767][608]LogModuleManager: Shutting down and abandoning module ActorPickerMode (187)
[2015.09.24-00.19.36:767][608]LogModuleManager: Shutting down and abandoning module GeometryMode (186)
[2015.09.24-00.19.36:767][608]LogModuleManager: Shutting down and abandoning module TextureAlignMode (185)
[2015.09.24-00.19.36:767][608]LogModuleManager: Shutting down and abandoning module BspMode (184)
[2015.09.24-00.19.36:767][608]LogModuleManager: Shutting down and abandoning module PlacementMode (183)
[2015.09.24-00.19.36:767][608]LogModuleManager: Shutting down and abandoning module AutomationWorker (182)
[2015.09.24-00.19.36:767][608]LogModuleManager: Shutting down and abandoning module CharacterAI (181)
[2015.09.24-00.19.36:767][608]LogModuleManager: Shutting down and abandoning module SmartSnapping (180)
[2015.09.24-00.19.36:767][608]LogModuleManager: Shutting down and abandoning module ViewportSnapping (179)
[2015.09.24-00.19.36:767][608]LogModuleManager: Shutting down and abandoning module LogVisualizer (178)
[2015.09.24-00.19.36:767][608]LogModuleManager: Shutting down and abandoning module GameProjectGeneration (177)
[2015.09.24-00.19.36:768][608]LogModuleManager: Shutting down and abandoning module IntroTutorials (176)
[2015.09.24-00.19.36:780][608]LogModuleManager: Shutting down and abandoning module EditorLiveStreaming (175)
[2015.09.24-00.19.36:781][608]LogModuleManager: Shutting down and abandoning module IOSPlatformEditor (174)
[2015.09.24-00.19.36:781][608]LogModuleManager: Shutting down and abandoning module HTML5PlatformEditor (173)
[2015.09.24-00.19.36:781][608]LogModuleManager: Shutting down and abandoning module AndroidDeviceDetection (172)
[2015.09.24-00.19.37:170][608]LogModuleManager: Shutting down and abandoning module AndroidPlatformEditor (171)
[2015.09.24-00.19.37:170][608]LogModuleManager: Shutting down and abandoning module IOSRuntimeSettings (170)
[2015.09.24-00.19.37:170][608]LogModuleManager: Shutting down and abandoning module AndroidRuntimeSettings (169)
[2015.09.24-00.19.37:170][608]LogModuleManager: Shutting down and abandoning module MergeActors (168)
[2015.09.24-00.19.37:170][608]LogModuleManager: Shutting down and abandoning module SizeMap (167)
[2015.09.24-00.19.37:170][608]LogModuleManager: Shutting down and abandoning module TreeMap (166)
[2015.09.24-00.19.37:170][608]LogModuleManager: Shutting down and abandoning module ReferenceViewer (165)
[2015.09.24-00.19.37:170][608]LogModuleManager: Shutting down and abandoning module LocalizationService (164)
[2015.09.24-00.19.37:170][608]LogModuleManager: Shutting down and abandoning module LocalizationDashboard (163)
[2015.09.24-00.19.37:170][608]LogModuleManager: Shutting down and abandoning module HardwareTargeting (162)
[2015.09.24-00.19.37:170][608]LogModuleManager: Shutting down and abandoning module DeviceProfileEditor (161)
[2015.09.24-00.19.37:170][608]LogModuleManager: Shutting down and abandoning module UndoHistory (160)
[2015.09.24-00.19.37:170][608]LogModuleManager: Shutting down and abandoning module GameplayTagsEditor (159)
[2015.09.24-00.19.37:170][608]LogModuleManager: Shutting down and abandoning module UserFeedback (158)
[2015.09.24-00.19.37:170][608]LogModuleManager: Shutting down and abandoning module XmlParser (157)
[2015.09.24-00.19.37:170][608]LogModuleManager: Shutting down and abandoning module Blutility (156)
[2015.09.24-00.19.37:170][608]LogModuleManager: Shutting down and abandoning module ProjectTargetPlatformEditor (155)
[2015.09.24-00.19.37:171][608]LogModuleManager: Shutting down and abandoning module ProjectSettingsViewer (154)
[2015.09.24-00.19.37:171][608]LogModuleManager: Shutting down and abandoning module InputBindingEditor (153)
[2015.09.24-00.19.37:171][608]LogModuleManager: Shutting down and abandoning module EditorSettingsViewer (152)
[2015.09.24-00.19.37:171][608]LogModuleManager: Shutting down and abandoning module SettingsEditor (151)
[2015.09.24-00.19.37:171][608]LogModuleManager: Shutting down and abandoning module ProjectLauncher (150)
[2015.09.24-00.19.37:171][608]LogModuleManager: Shutting down and abandoning module SessionFrontend (149)
[2015.09.24-00.19.37:171][608]LogModuleManager: Shutting down and abandoning module ProfilerClient (148)
[2015.09.24-00.19.37:171][608]LogModuleManager: Shutting down and abandoning module TargetDeviceServices (147)
[2015.09.24-00.19.37:171][608]LogModuleManager: Shutting down and abandoning module DeviceManager (146)
[2015.09.24-00.19.37:172][608]LogModuleManager: Shutting down and abandoning module AutomationController (145)
[2015.09.24-00.19.37:172][608]LogModuleManager: Shutting down and abandoning module AutomationWindow (144)
[2015.09.24-00.19.37:172][608]LogModuleManager: Shutting down and abandoning module Layers (143)
[2015.09.24-00.19.37:172][608]LogModuleManager: Shutting down and abandoning module ComponentVisualizers (142)
[2015.09.24-00.19.37:172][608]LogModuleManager: Shutting down and abandoning module DetailCustomizations (141)
[2015.09.24-00.19.37:172][608]LogModuleManager: Shutting down and abandoning module PackagesDialog (140)
[2015.09.24-00.19.37:172][608]LogModuleManager: Shutting down and abandoning module Persona (139)
[2015.09.24-00.19.37:172][608]LogModuleManager: Shutting down and abandoning module Kismet (138)
[2015.09.24-00.19.37:172][608]LogModuleManager: Shutting down and abandoning module GraphEditor (137)
[2015.09.24-00.19.37:172][608]LogModuleManager: Shutting down and abandoning module ClassViewer (136)
[2015.09.24-00.19.37:172][608]LogModuleManager: Shutting down and abandoning module Toolbox (135)
[2015.09.24-00.19.37:172][608]LogModuleManager: Shutting down and abandoning module ModuleUI (134)
[2015.09.24-00.19.37:172][608]LogModuleManager: Shutting down and abandoning module MovieSceneTools (133)
[2015.09.24-00.19.37:172][608]LogModuleManager: Shutting down and abandoning module OutputLog (132)
[2015.09.24-00.19.37:172][608]LogModuleManager: Shutting down and abandoning module GammaUI (131)
[2015.09.24-00.19.37:172][608]LogModuleManager: Shutting down and abandoning module Documentation (130)
[2015.09.24-00.19.37:172][608]LogModuleManager: Shutting down and abandoning module GameLiveStreaming (129)
[2015.09.24-00.19.37:173][608]LogModuleManager: Shutting down and abandoning module StreamingPauseRendering (128)
[2015.09.24-00.19.37:173][608]LogModuleManager: Shutting down and abandoning module AnalyticsET (127)
[2015.09.24-00.19.37:173][608]LogModuleManager: Shutting down and abandoning module Analytics (126)
[2015.09.24-00.19.37:173][608]LogModuleManager: Shutting down and abandoning module AITestSuite (125)
[2015.09.24-00.19.37:173][608]LogModuleManager: Shutting down and abandoning module GameplayDebugger (124)
[2015.09.24-00.19.37:173][608]LogModuleManager: Shutting down and abandoning module AIModule (123)
[2015.09.24-00.19.37:173][608]LogModuleManager: Shutting down and abandoning module ProfilerService (122)
[2015.09.24-00.19.37:418][608]LogModuleManager: Shutting down and abandoning module TaskGraph (121)
[2015.09.24-00.19.37:418][608]LogModuleManager: Shutting down and abandoning module SlateRemote (120)
[2015.09.24-00.19.37:418][608]LogModuleManager: Shutting down and abandoning module SteamVRController (119)
[2015.09.24-00.19.37:418][608]LogModuleManager: Shutting down and abandoning module SteamVR (118)
[2015.09.24-00.19.37:418][608]LogModuleManager: Shutting down and abandoning module ProceduralMeshComponent (117)
[2015.09.24-00.19.37:418][608]LogModuleManager: Shutting down and abandoning module OculusRift (116)
[2015.09.24-00.19.37:418][608]LogModuleManager: Shutting down and abandoning module OculusLibrary (115)
[2015.09.24-00.19.37:418][608]LogModuleManager: Shutting down and abandoning module LeapMotionController (114)
[2015.09.24-00.19.37:441][608]LogModuleManager: Shutting down and abandoning module CustomMeshComponent (113)
[2015.09.24-00.19.37:441][608]LogModuleManager: Shutting down and abandoning module CableComponent (112)
[2015.09.24-00.19.37:441][608]LogModuleManager: Shutting down and abandoning module ArchVisCharacter (111)
[2015.09.24-00.19.37:441][608]LogModuleManager: Shutting down and abandoning module MessagingDebugger (110)
[2015.09.24-00.19.37:441][608]LogModuleManager: Shutting down and abandoning module MediaPlayerEditor (109)
[2015.09.24-00.19.37:441][608]LogModuleManager: Shutting down and abandoning module HTML5Networking (108)
[2015.09.24-00.19.37:441][608]LogModuleManager: Shutting down and abandoning module SpeedTreeImporter (107)
[2015.09.24-00.19.37:441][608]LogModuleManager: Shutting down and abandoning module PluginBrowser (106)
[2015.09.24-00.19.37:441][608]LogModuleManager: Shutting down and abandoning module EpicSurvey (105)
[2015.09.24-00.19.37:442][608]LogModuleManager: Shutting down and abandoning module DesktopPlatform (104)
[2015.09.24-00.19.37:442][608]LogModuleManager: Shutting down and abandoning module VisualStudioSourceCodeAccess (103)
[2015.09.24-00.19.37:442][608]LogModuleManager: Shutting down and abandoning module UObjectPlugin (102)
[2015.09.24-00.19.37:442][608]LogModuleManager: Shutting down and abandoning module SubversionSourceControl (101)
[2015.09.24-00.19.37:442][608]LogModuleManager: Shutting down and abandoning module PerforceSourceControl (100)
[2015.09.24-00.19.37:442][608]LogModuleManager: Shutting down and abandoning module SourceControl (99)
[2015.09.24-00.19.37:442][608]LogModuleManager: Shutting down and abandoning module GitSourceControl (98)
[2015.09.24-00.19.37:442][608]LogModuleManager: Shutting down and abandoning module LightPropagationVolumeEditor (97)
[2015.09.24-00.19.37:442][608]LogModuleManager: Shutting down and abandoning module PaperTiledImporter (96)
[2015.09.24-00.19.37:442][608]LogModuleManager: Shutting down and abandoning module PaperSpriteSheetImporter (95)
[2015.09.24-00.19.37:442][608]LogModuleManager: Shutting down and abandoning module MeshPaint (94)
[2015.09.24-00.19.37:442][608]LogModuleManager: Shutting down and abandoning module SlateReflector (93)
[2015.09.24-00.19.37:442][608]LogModuleManager: Shutting down and abandoning module HotReload (92)
[2015.09.24-00.19.37:442][608]LogModuleManager: Shutting down and abandoning module MainFrame (91)
[2015.09.24-00.19.37:442][608]LogModuleManager: Shutting down and abandoning module LevelEditor (90)
[2015.09.24-00.19.37:444][608]LogModuleManager: Shutting down and abandoning module DirectoryWatcher (89)
[2015.09.24-00.19.37:450][608]LogModuleManager: Shutting down and abandoning module AssetRegistry (88)
[2015.09.24-00.19.37:673][608]LogModuleManager: Shutting down and abandoning module ContentBrowser (87)
[2015.09.24-00.19.37:675][608]LogModuleManager: Shutting down and abandoning module Paper2DEditor (86)
[2015.09.24-00.19.37:675][608]LogModuleManager: Shutting down and abandoning module UdpMessaging (85)
[2015.09.24-00.19.37:776][608]LogModuleManager: Shutting down and abandoning module LightPropagationVolumeRuntime (84)
[2015.09.24-00.19.37:776][608]LogModuleManager: Shutting down and abandoning module Paper2D (83)
[2015.09.24-00.19.37:776][608]LogModuleManager: Shutting down and abandoning module WindowsMoviePlayer (82)
[2015.09.24-00.19.37:781][608]LogModuleManager: Shutting down and abandoning module Media (81)
[2015.09.24-00.19.37:781][608]LogModuleManager: Shutting down and abandoning module WmfMedia (80)
[2015.09.24-00.19.37:781][608]LogModuleManager: Shutting down and abandoning module OnlineBlueprintSupport (79)
[2015.09.24-00.19.37:782][608]LogModuleManager: Shutting down and abandoning module GameplayTasksEditor (78)
[2015.09.24-00.19.37:782][608]LogModuleManager: Shutting down and abandoning module PropertyEditor (77)
[2015.09.24-00.19.37:782][608]LogModuleManager: Shutting down and abandoning module BehaviorTreeEditor (76)
[2015.09.24-00.19.37:782][608]LogModuleManager: Shutting down and abandoning module FunctionalTesting (75)
[2015.09.24-00.19.37:782][608]LogModuleManager: Shutting down and abandoning module CollisionAnalyzer (74)
[2015.09.24-00.19.37:782][608]LogModuleManager: Shutting down and abandoning module WorkspaceMenuStructure (73)
[2015.09.24-00.19.37:782][608]LogModuleManager: Shutting down and abandoning module MessageLog (72)
[2015.09.24-00.19.37:782][608]LogModuleManager: Shutting down and abandoning module Sequencer (71)
[2015.09.24-00.19.37:782][608]LogModuleManager: Shutting down and abandoning module AssetTools (70)
[2015.09.24-00.19.37:783][608]LogModuleManager: Shutting down and abandoning module UMGEditor (69)
[2015.09.24-00.19.37:783][608]LogModuleManager: Shutting down and abandoning module UMG (68)
[2015.09.24-00.19.37:783][608]LogModuleManager: Shutting down and abandoning module Slate (67)
[2015.09.24-00.19.37:783][608]LogModuleManager: Shutting down and abandoning module EditorStyle (66)
[2015.09.24-00.19.37:787][608]LogModuleManager: Shutting down and abandoning module SessionServices (65)
[2015.09.24-00.19.37:787][608]LogModuleManager: Shutting down and abandoning module SourceCodeAccess (64)
[2015.09.24-00.19.37:787][608]LogModuleManager: Shutting down and abandoning module HeadMountedDisplay (63)
[2015.09.24-00.19.37:787][608]LogModuleManager: Shutting down and abandoning module XAudio2 (62)
[2015.09.24-00.19.37:787][608]LogModuleManager: Shutting down and abandoning module Networking (60)
[2015.09.24-00.19.37:787][608]LogModuleManager: Shutting down and abandoning module Core (59)
[2015.09.24-00.19.37:787][608]LogModuleManager: Shutting down and abandoning module KismetCompiler (58)
[2015.09.24-00.19.37:787][608]LogModuleManager: Shutting down and abandoning module PhysXFormats (57)
[2015.09.24-00.19.37:787][608]LogModuleManager: Shutting down and abandoning module MeshUtilities (56)
[2015.09.24-00.19.37:787][608]LogModuleManager: Shutting down and abandoning module CookingStats (55)
[2015.09.24-00.19.37:790][608]LogModuleManager: Shutting down and abandoning module DerivedDataCache (54)
[2015.09.24-00.19.37:802][608]LogDerivedDataCache: Shutdown
[2015.09.24-00.19.37:802][608]LogModuleManager: Shutting down and abandoning module ShaderFormatOpenGL (53)
[2015.09.24-00.19.37:802][608]LogModuleManager: Shutting down and abandoning module ShaderFormatD3D (52)
[2015.09.24-00.19.37:802][608]LogModuleManager: Shutting down and abandoning module MetalShaderFormat (51)
[2015.09.24-00.19.37:802][608]LogModuleManager: Shutting down and abandoning module TextureFormatUncompressed (50)
[2015.09.24-00.19.37:802][608]LogModuleManager: Shutting down and abandoning module TextureFormatPVR (49)
[2015.09.24-00.19.37:802][608]LogModuleManager: Shutting down and abandoning module TextureFormatIntelISPCTexComp (48)
[2015.09.24-00.19.37:802][608]LogModuleManager: Shutting down and abandoning module TextureFormatDXT (47)
[2015.09.24-00.19.37:802][608]LogModuleManager: Shutting down and abandoning module ImageWrapper (46)
[2015.09.24-00.19.37:802][608]LogModuleManager: Shutting down and abandoning module TextureFormatASTC (45)
[2015.09.24-00.19.37:802][608]LogModuleManager: Shutting down and abandoning module TextureFormatAndroid (44)
[2015.09.24-00.19.37:802][608]LogModuleManager: Shutting down and abandoning module AudioFormatOpus (43)
[2015.09.24-00.19.37:802][608]LogModuleManager: Shutting down and abandoning module AudioFormatOgg (42)
[2015.09.24-00.19.37:803][608]LogModuleManager: Shutting down and abandoning module AudioFormatADPCM (41)
[2015.09.24-00.19.37:803][608]LogModuleManager: Shutting down and abandoning module LinuxTargetPlatform (40)
[2015.09.24-00.19.37:803][608]LogModuleManager: Shutting down and abandoning module LinuxServerTargetPlatform (39)
[2015.09.24-00.19.37:803][608]LogModuleManager: Shutting down and abandoning module LinuxNoEditorTargetPlatform (38)
[2015.09.24-00.19.37:803][608]LogModuleManager: Shutting down and abandoning module Messaging (37)
[2015.09.24-00.19.37:803][608]LogModuleManager: Shutting down and abandoning module IOSTargetPlatform (36)
[2015.09.24-00.19.37:803][608]LogModuleManager: Shutting down and abandoning module HTML5TargetPlatform (35)
[2015.09.24-00.19.37:803][608]LogModuleManager: Shutting down and abandoning module Android_PVRTCTargetPlatform (34)
[2015.09.24-00.19.37:803][608]LogModuleManager: Shutting down and abandoning module Android_ETC2TargetPlatform (33)
[2015.09.24-00.19.37:803][608]LogModuleManager: Shutting down and abandoning module Android_ETC1TargetPlatform (32)
[2015.09.24-00.19.37:803][608]LogModuleManager: Shutting down and abandoning module Android_DXTTargetPlatform (31)
[2015.09.24-00.19.37:803][608]LogModuleManager: Shutting down and abandoning module Android_ATCTargetPlatform (30)
[2015.09.24-00.19.37:803][608]LogModuleManager: Shutting down and abandoning module Android_ASTCTargetPlatform (29)
[2015.09.24-00.19.37:803][608]LogModuleManager: Shutting down and abandoning module AndroidTargetPlatform (28)
[2015.09.24-00.19.37:803][608]LogModuleManager: Shutting down and abandoning module WindowsTargetPlatform (27)
[2015.09.24-00.19.37:803][608]LogModuleManager: Shutting down and abandoning module WindowsServerTargetPlatform (26)
[2015.09.24-00.19.37:803][608]LogModuleManager: Shutting down and abandoning module WindowsNoEditorTargetPlatform (25)
[2015.09.24-00.19.37:803][608]LogModuleManager: Shutting down and abandoning module WindowsClientTargetPlatform (24)
[2015.09.24-00.19.37:803][608]LogModuleManager: Shutting down and abandoning module AllDesktopTargetPlatform (23)
[2015.09.24-00.19.37:803][608]LogModuleManager: Shutting down and abandoning module TargetPlatform (22)
[2015.09.24-00.19.37:803][608]LogModuleManager: Shutting down and abandoning module InputCore (21)
[2015.09.24-00.19.37:803][608]LogModuleManager: Shutting down and abandoning module Settings (20)
[2015.09.24-00.19.37:804][608]LogModuleManager: Shutting down and abandoning module OnlineSubsystem (18)
[2015.09.24-00.19.37:804][608]LogModuleManager: Shutting down and abandoning module HTTP (17)
[2015.09.24-00.19.39:808][608]LogModuleManager: Shutting down and abandoning module XMPP (16)
[2015.09.24-00.19.39:808][608]LogModuleManager: Shutting down and abandoning module ExampleDeviceProfileSelector (15)
[2015.09.24-00.19.39:808][608]LogModuleManager: Shutting down and abandoning module TextureCompressor (14)
[2015.09.24-00.19.39:809][608]LogModuleManager: Shutting down and abandoning module ShaderCore (13)
[2015.09.24-00.19.39:809][608]LogModuleManager: Shutting down and abandoning module Landscape (12)
[2015.09.24-00.19.39:809][608]LogModuleManager: Shutting down and abandoning module SlateRHIRenderer (11)
[2015.09.24-00.19.39:824][608]LogModuleManager: Shutting down and abandoning module OpenGLDrv (10)
[2015.09.24-00.19.39:824][608]LogModuleManager: Shutting down and abandoning module D3D11RHI (9)
[2015.09.24-00.19.39:824][608]LogModuleManager: Shutting down and abandoning module AnimGraphRuntime (8)
[2015.09.24-00.19.39:824][608]LogModuleManager: Shutting down and abandoning module Renderer (7)
[2015.09.24-00.19.39:824][608]LogModuleManager: Shutting down and abandoning module Engine (6)
[2015.09.24-00.19.39:824][608]LogModuleManager: Shutting down and abandoning module CoreUObject (5)
[2015.09.24-00.19.39:824][608]LogModuleManager: Shutting down and abandoning module NetworkFile (4)
[2015.09.24-00.19.39:824][608]LogModuleManager: Shutting down and abandoning module StreamingFile (3)
[2015.09.24-00.19.39:824][608]LogModuleManager: Shutting down and abandoning module SandboxFile (2)
[2015.09.24-00.19.39:824][608]LogModuleManager: Shutting down and abandoning module PakFile (1)
[2015.09.24-00.19.39:826][608]LogExit: Exiting.
[2015.09.24-00.19.39:861][608]Log file closed, 09/23/15 20:19:39
