[2015.11.01-01.25.06:400][  0]Log file open, 10/31/15 21:25:06
[2015.11.01-01.25.06:400][  0]LogInit:Display: Running engine for game: PonyKart
[2015.11.01-01.25.06:400][  0]LogInit:Display: RandInit(-1926022938) SRandInit(-1926022924).
[2015.11.01-01.25.06:400][  0]LogTaskGraph: Started task graph with 4 named threads and 7 total threads.
[2015.11.01-01.25.06:400][  0]LogStats: Stats thread started at 0.280129
[2015.11.01-01.25.06:400][  0]LogInit: Version: 4.9.2-2707645+++depot+UE4-Releases+4.9
[2015.11.01-01.25.06:400][  0]LogInit: API Version: 2672455
[2015.11.01-01.25.06:400][  0]LogInit: Compiled (64-bit): Sep 28 2015 10:25:44
[2015.11.01-01.25.06:400][  0]LogInit: Compiled with Visual C++: 18.00.21005.01
[2015.11.01-01.25.06:400][  0]LogInit: Build Configuration: Development
[2015.11.01-01.25.06:400][  0]LogInit: Branch Name: ++depot+UE4-Releases+4.9
[2015.11.01-01.25.06:400][  0]LogInit: Command line:  
[2015.11.01-01.25.06:400][  0]LogInit: Base directory: C:/Program Files/Epic Games/4.9/Engine/Binaries/Win64/
[2015.11.01-01.25.06:400][  0]LogInit: Rocket: 1
[2015.11.01-01.25.06:478][  0]LogInit: Using libcurl 7.41.0
[2015.11.01-01.25.06:478][  0]LogInit:  - built for x86_64-pc-win32
[2015.11.01-01.25.06:478][  0]LogInit:  - supports SSL with WinSSL
[2015.11.01-01.25.06:478][  0]LogInit:  - other features:
[2015.11.01-01.25.06:478][  0]LogInit:      CURL_VERSION_SSL
[2015.11.01-01.25.06:478][  0]LogInit:      CURL_VERSION_IPV6
[2015.11.01-01.25.06:478][  0]LogInit:      CURL_VERSION_ASYNCHDNS
[2015.11.01-01.25.06:478][  0]LogInit:      CURL_VERSION_LARGEFILE
[2015.11.01-01.25.06:478][  0]LogInit:      CURL_VERSION_IDN
[2015.11.01-01.25.06:478][  0]LogInit:  CurlRequestOptions (configurable via config and command line):
[2015.11.01-01.25.06:478][  0]LogInit:  - bVerifyPeer = true  - Libcurl will verify peer certificate
[2015.11.01-01.25.06:478][  0]LogInit:  - bUseHttpProxy = false  - Libcurl will NOT use HTTP proxy
[2015.11.01-01.25.06:478][  0]LogInit:  - bDontReuseConnections = false  - Libcurl will reuse connections
[2015.11.01-01.25.06:478][  0]LogInit:  - CertBundlePath = nullptr  - Libcurl will use whatever was configured at build time.
[2015.11.01-01.25.06:588][  0]LogInit: Presizing for 0 objects not considered by GC, pre-allocating 0 bytes.
[2015.11.01-01.25.06:588][  0]LogInit: Object subsystem initialized
[2015.11.01-01.25.06:588][  0]LogInit: Selected Device Profile: [Windows]
[2015.11.01-01.25.06:588][  0]LogInit: Applying CVar settings loaded from the selected device profile: [Windows]
[2015.11.01-01.25.06:627][  0]LogInit: Computer: HP-PC
[2015.11.01-01.25.06:627][  0]LogInit: User: Amber
[2015.11.01-01.25.06:627][  0]LogInit: CPU Page size=4096, Cores=4
[2015.11.01-01.25.06:627][  0]LogInit: High frequency timer resolution =14.318180 MHz
[2015.11.01-01.25.06:627][  0]LogMemory: Memory total: Physical=6.0GB (6GB approx)
[2015.11.01-01.25.06:627][  0]LogMemory: Platform Memory Stats for Windows
[2015.11.01-01.25.06:627][  0]LogMemory: Process Physical Memory: 53.95 MB used, 53.95 MB peak
[2015.11.01-01.25.06:627][  0]LogMemory: Process Virtual Memory: 57.21 MB used, 57.21 MB peak
[2015.11.01-01.25.06:627][  0]LogMemory: Physical Memory: 1677.18 MB used, 6141.22 MB total
[2015.11.01-01.25.06:627][  0]LogMemory: Virtual Memory: 365.95 MB used, 134217728.00 MB total
[2015.11.01-01.25.07:451][  0]LogTextLocalizationManager: No specific translations for ('en-US') exist, so ('en') translations will be used.
[2015.11.01-01.25.08:614][  0]LogD3D11RHI: Found D3D11 adapter 0: NVIDIA GeForce GTX 550 Ti (Feature Level 11_0)
[2015.11.01-01.25.08:614][  0]LogD3D11RHI: Adapter has 972MB of dedicated video memory, 0MB of dedicated system memory, and 3070MB of shared system memory, 1 output[s]
[2015.11.01-01.25.08:617][  0]LogD3D11RHI: Found D3D11 adapter 1: Microsoft Basic Render Driver (Feature Level 11_0)
[2015.11.01-01.25.08:617][  0]LogD3D11RHI: Adapter has 0MB of dedicated video memory, 0MB of dedicated system memory, and 3070MB of shared system memory, 0 output[s]
[2015.11.01-01.25.08:617][  0]LogD3D11RHI: Chosen D3D11 Adapter Id = 0
[2015.11.01-01.25.08:624][  0]LogD3D11RHI: !Direct3DDevice
[2015.11.01-01.25.08:624][  0]LogRHI: Texture pool is 680 MB (70% of 972 MB)
[2015.11.01-01.25.08:641][  0]LogD3D11RHI: Async texture creation enabled
[2015.11.01-01.25.08:663][  0]LogShaderCompilers: Guid format shader working directory is 14 characters bigger than the processId version (../../../../../../Users/Amber/Documents/Game Development/PonyKart-UE4/PonyKart Project Build/PonyKart/Intermediate/Shaders/WorkingDirectory/13068/).
[2015.11.01-01.25.08:663][  0]LogShaderCompilers: Cleaned the shader compiler working directory '../../../../../../Users/Amber/Documents/Game Development/PonyKart-UE4/PonyKart Project Build/PonyKart/Intermediate/Shaders/tmp/3FC27048445A67F09CE8ACABA22FA305/'.
[2015.11.01-01.25.08:663][  0]LogShaderCompilers:Display: Using Local Shader Compiler.
[2015.11.01-01.25.18:306][  0]LogTemp:Display: Loaded TP AllDesktopTargetPlatform
[2015.11.01-01.25.18:315][  0]LogTemp:Display: Loaded TP WindowsClientTargetPlatform
[2015.11.01-01.25.18:326][  0]LogTemp:Display: Loaded TP WindowsNoEditorTargetPlatform
[2015.11.01-01.25.18:336][  0]LogTemp:Display: Loaded TP WindowsServerTargetPlatform
[2015.11.01-01.25.18:346][  0]LogTemp:Display: Loaded TP WindowsTargetPlatform
[2015.11.01-01.25.18:382][  0]LogTemp:Display: Loaded TP AndroidTargetPlatform
[2015.11.01-01.25.18:390][  0]LogTemp:Display: Loaded TP Android_ASTCTargetPlatform
[2015.11.01-01.25.18:397][  0]LogTemp:Display: Loaded TP Android_ATCTargetPlatform
[2015.11.01-01.25.18:405][  0]LogTemp:Display: Loaded TP Android_DXTTargetPlatform
[2015.11.01-01.25.18:412][  0]LogTemp:Display: Loaded TP Android_ETC1TargetPlatform
[2015.11.01-01.25.18:420][  0]LogTemp:Display: Loaded TP Android_ETC2TargetPlatform
[2015.11.01-01.25.18:427][  0]LogTemp:Display: Loaded TP Android_PVRTCTargetPlatform
[2015.11.01-01.25.18:429][  0]LogTemp:Display: Loaded TP HTML5TargetPlatform
[2015.11.01-01.25.18:598][  0]LogTemp:Display: Loaded TP IOSTargetPlatform
[2015.11.01-01.25.18:607][  0]LogTemp:Display: Loaded TP LinuxNoEditorTargetPlatform
[2015.11.01-01.25.18:614][  0]LogTemp:Display: Loaded TP LinuxServerTargetPlatform
[2015.11.01-01.25.18:626][  0]LogTemp:Display: Loaded TP LinuxTargetPlatform
[2015.11.01-01.25.18:626][  0]LogTargetPlatformManager:Display: Building Assets For Windows
[2015.11.01-01.25.19:713][  0]LogDerivedDataCache:Display: Max Cache Size: 512 MB
[2015.11.01-01.25.20:426][  0]LogDerivedDataCache: Loaded boot cache 0.70s 41MB C:/Users/Amber/AppData/Local/UnrealEngine/4.9/DerivedDataCache/Boot.ddc.
[2015.11.01-01.25.20:426][  0]LogDerivedDataCache:Display: Loaded Boot cache: C:/Users/Amber/AppData/Local/UnrealEngine/4.9/DerivedDataCache/Boot.ddc
[2015.11.01-01.25.20:426][  0]LogDerivedDataCache: FDerivedDataBackendGraph:  Pak pak cache file ../../../../../../Users/Amber/Documents/Game Development/PonyKart-UE4/PonyKart Project Build/PonyKart/DerivedDataCache/DDC.ddp not found, will not use a pak cache.
[2015.11.01-01.25.20:426][  0]LogDerivedDataCache: Unable to find inner node Pak for hierarchical cache Hierarchy.
[2015.11.01-01.25.20:426][  0]LogDerivedDataCache: FDerivedDataBackendGraph:  CompressedPak pak cache file ../../../../../../Users/Amber/Documents/Game Development/PonyKart-UE4/PonyKart Project Build/PonyKart/DerivedDataCache/Compressed.ddp not found, will not use a pak cache.
[2015.11.01-01.25.20:426][  0]LogDerivedDataCache: Unable to find inner node CompressedPak for hierarchical cache Hierarchy.
[2015.11.01-01.25.20:768][  0]LogDerivedDataCache:Display: Pak cache opened for reading ../../../Engine/DerivedDataCache/Compressed.ddp.
[2015.11.01-01.25.20:781][  0]LogDerivedDataCache: Using Local data cache path C:/Users/Amber/AppData/Local/UnrealEngine/Common/DerivedDataCache: Writable
[2015.11.01-01.25.36:112][  0]LogInit: Selected Device Profile: [Windows]
[2015.11.01-01.25.36:407][  0]LogContentStreaming: Texture pool size is 0.000000MB
[2015.11.01-01.25.39:027][  0]LogMeshUtilities: No automatic mesh reduction module available
[2015.11.01-01.25.39:027][  0]LogMeshUtilities: No automatic mesh merging module available
[2015.11.01-01.25.46:002][  0]LogInit: WinSock: version 1.1 (2.2), MaxSocks=32767, MaxUdp=65467
[2015.11.01-01.25.57:118][  0]UdpMessaging: Initializing bridge on interface 0.0.0.0:0 to multicast group 230.0.0.1:6666.
[2015.11.01-01.25.57:994][  0]LogAssetRegistry: FAssetRegistry took 0.0160 seconds to start up
[2015.11.01-01.26.01:265][  0]SourceControl: Info Source control is disabled
[2015.11.01-01.26.01:435][  0]SourceControl: Info Source control is disabled
[2015.11.01-01.26.01:497][  0]SourceControl: Info Source control is disabled
[2015.11.01-01.26.01:525][  0]SourceControl: Info Source control is disabled
[2015.11.01-01.26.02:544][  0]LogLinker:Warning: Asset '../../../Engine/Plugins/Runtime/LeapMotionController/Content/LM_PassthroughMaterial.uasset' has been saved with empty engine version. The asset will be loaded but may be incompatible.
[2015.11.01-01.26.03:055][  0]LogObj: 28361 objects as part of root set at end of initial load.
[2015.11.01-01.26.03:055][  0]LogUObjectAllocator: 6038864 out of 0 bytes used by permanent object pool.
[2015.11.01-01.26.04:175][  0]LogEngine: Initializing Engine...
[2015.11.01-01.26.04:235][  0]LogHMD: Can't find Oculus library dev build: is proper Runtime installed? Version: 0.7.0.0
[2015.11.01-01.26.04:673][  0]LogHMD: SteamVR failed to initialize.  Err: 108
[2015.11.01-01.26.06:421][  0]LogAIModule: Creating AISystem for world NewWorld
[2015.11.01-01.26.07:027][  0]LogInit: XAudio2 using 'Headphones (Realtek High Definition Audio)' : 2 channels at 48 kHz using 32 bits per sample (channel mask 0x3)
[2015.11.01-01.26.07:100][  0]LogInit: FAudioDevice initialized.
[2015.11.01-01.26.07:142][  0]LogDerivedDataCache: Saved boot cache 0.04s 41MB C:/Users/Amber/AppData/Local/UnrealEngine/4.9/DerivedDataCache/Boot.ddc.
[2015.11.01-01.26.07:176][  0]LogInit: Texture streaming: Enabled
[2015.11.01-01.26.07:337][  0]LogAnalytics: Creating configured Analytics provider AnalyticsET
[2015.11.01-01.26.07:340][  0]LogAnalytics: [UEEditor.Rocket.Release] APIServer = http://et2.epicgames.com/ET2/. AppVersion = 4.9.2-2707645+++depot+UE4-Releases+4.9
[2015.11.01-01.26.07:340][  0]LogAnalytics: [UEEditor.Rocket.Release] SetUserId fe48c13c4235ff87278523820fd1a74f|128e7d1d796a429f9247afe84ab758e1|a78d9d35-53ca-49d3-80af-52a3ac8256d6
[2015.11.01-01.26.07:366][  0]LogAnalytics: [UEEditor.Rocket.Release] AnalyticsET::StartSession
[2015.11.01-01.26.08:411][  0]LogInit: Transaction tracking system initialized
[2015.11.01-01.26.12:660][  0]BlueprintLog: New page: Editor Load
[2015.11.01-01.26.15:261][  0]LocalizationService: Info Localization service is disabled
[2015.11.01-01.26.18:529][  0]LogConsoleResponse:Display: 
[2015.11.01-01.26.28:947][  0]LogFileCache: Scanning file cache for directory 'C:/Users/Amber/Documents/Game Development/PonyKart-UE4/PonyKart Project Build/PonyKart/Content/' took 0.14s
[2015.11.01-01.26.28:947][  0]LogCook:Display: Done creating registry. It took  0.00s.
[2015.11.01-01.26.33:876][  0]SourceControl: Info Source control is disabled
[2015.11.01-01.26.34:101][  0]Cmd: MAP LOAD FILE="../../../../../../Users/Amber/Documents/Game Development/PonyKart-UE4/PonyKart Project Build/PonyKart/Content/Maps/KartTestMap.umap" TEMPLATE=0 SHOWPROGRESS=1 FEATURELEVEL=3
[2015.11.01-01.26.34:264][  0]LightingResults: New page: Lighting Build
[2015.11.01-01.26.35:727][  0]MapCheck: New page: Map Check
[2015.11.01-01.26.35:727][  0]LightingResults: New page: Lighting Build
[2015.11.01-01.26.40:291][  0]LogParticles: Destroying 0 GPU particle simulations for FXSystem 0x000000C2D8B4E160
[2015.11.01-01.26.51:076][  0]LogLinker:Warning: Can't find file '/Game/LandscapeMaterials/LandscapeMatGrass'
[2015.11.01-01.26.51:076][  0]LogLinker:Warning: Can't find file for asset '/Game/LandscapeMaterials/LandscapeMatGrass' while loading ../../../../../../Users/Amber/Documents/Game Development/PonyKart-UE4/PonyKart Project Build/PonyKart/Content/Maps/KartTestMap.umap.
[2015.11.01-01.26.51:076][  0]LoadErrors:Error: Error /Game/Maps/KartTestMap : Can't find file for asset. /Game/LandscapeMaterials/LandscapeMatGrass
[2015.11.01-01.26.51:078][  0]LogLinker:Warning: Can't find file '/Game/LandscapeMaterials/LandscapeMatGrass'
[2015.11.01-01.26.51:078][  0]LogLinker:Warning: Can't find file for asset '/Game/LandscapeMaterials/LandscapeMatGrass' while loading ../../../../../../Users/Amber/Documents/Game Development/PonyKart-UE4/PonyKart Project Build/PonyKart/Content/Maps/KartTestMap.umap.
[2015.11.01-01.26.51:079][  0]LoadErrors:Error: Error /Game/Maps/KartTestMap : Can't find file for asset. /Game/LandscapeMaterials/LandscapeMatGrass
[2015.11.01-01.26.51:227][  0]LogLinker:Warning: Can't find file '/Game/LandscapeMaterials/LandscapeMatGrass'
[2015.11.01-01.26.51:227][  0]LogLinker:Warning: Can't find file for asset '/Game/LandscapeMaterials/LandscapeMatGrass' while loading NULL.
[2015.11.01-01.26.51:228][  0]LogLinker:Warning: Can't find file '/Game/LandscapeMaterials/LandscapeMatGrass'
[2015.11.01-01.26.51:228][  0]LogLinker:Warning: Can't find file for asset '/Game/LandscapeMaterials/LandscapeMatGrass' while loading NULL.
[2015.11.01-01.26.52:380][  0]LogLinker:Warning: Can't find file '/Game/LandscapeMaterials/LandscapeMatGrass'
[2015.11.01-01.26.52:380][  0]LoadErrors: Info Failed to load /Game/LandscapeMaterials/LandscapeMatGrass.LandscapeMatGrass Referenced by Landscape_0
[2015.11.01-01.26.52:380][  0]LogLinker:Warning: Can't find file for asset '/Game/LandscapeMaterials/LandscapeMatGrass' while loading NULL.
[2015.11.01-01.26.52:380][  0]LoadErrors: Info Failed to load /Game/LandscapeMaterials/LandscapeMatGrass.LandscapeMatGrass Referenced by Landscape_0
[2015.11.01-01.26.52:682][  0]LogLinker:Warning: Can't find file '/Game/LandscapeMaterials/LandscapeMatGrass'
[2015.11.01-01.26.52:682][  0]LoadErrors: Info Failed to load /Game/LandscapeMaterials/LandscapeMatGrass.LandscapeMatGrass Referenced by LandscapeMaterialInstanceConstant_0
[2015.11.01-01.26.52:682][  0]LogLinker:Warning: Can't find file for asset '/Game/LandscapeMaterials/LandscapeMatGrass' while loading NULL.
[2015.11.01-01.26.52:682][  0]LoadErrors: Info Failed to load /Game/LandscapeMaterials/LandscapeMatGrass.LandscapeMatGrass Referenced by LandscapeMaterialInstanceConstant_0
[2015.11.01-01.27.24:489][  0]LogAIModule: Creating AISystem for world KartTestMap
[2015.11.01-01.28.22:364][  0]LogEditorServer: Finished looking for orphan Actors (0.005 secs)
[2015.11.01-01.28.22:545][  0]Cmd: MAP CHECKDEP NOCLEARLOG
[2015.11.01-01.28.22:778][  0]MapCheck: Info Map check complete: 0 Error(s), 0 Warning(s), took 222.438ms to complete.
[2015.11.01-01.28.22:783][  0]LogFileHelpers: Loading map 'KartTestMap' took 108.792
[2015.11.01-01.28.24:771][  0]LogCollectionManager: Loaded 0 collections in 0.003991 seconds
[2015.11.01-01.28.24:859][  0]LogFileCache: Scanning file cache for directory 'C:/Users/Amber/Documents/Game Development/PonyKart-UE4/PonyKart Project Build/PonyKart/Saved/Collections/' took 0.01s
[2015.11.01-01.28.24:859][  0]LogFileCache: Scanning file cache for directory 'C:/Users/Amber/Documents/Game Development/PonyKart-UE4/PonyKart Project Build/PonyKart/Content/Developers/Amber/Collections/' took 0.01s
[2015.11.01-01.28.24:859][  0]LogFileCache: Scanning file cache for directory 'C:/Users/Amber/Documents/Game Development/PonyKart-UE4/PonyKart Project Build/PonyKart/Content/Collections/' took 0.01s
[2015.11.01-01.28.24:859][  0]LogContentBrowser: Native class hierarchy populated in 0.0246 seconds. Added 1867 classes and 333 folders.
[2015.11.01-01.28.24:909][  0]LogCollectionManager: Rebuilt the GUID cache for 0 collections in 0.000005 seconds
[2015.11.01-01.28.25:022][  0]LogContentBrowser: Native class hierarchy updated for 'WidgetCarousel' in 0.0005 seconds. Added 0 classes and 0 folders.
[2015.11.01-01.28.26:954][  0]LogContentBrowser: Native class hierarchy updated for 'AddContentDialog' in 0.0005 seconds. Added 0 classes and 0 folders.
[2015.11.01-01.28.27:030][  0]LogContentBrowser: Native class hierarchy updated for 'SceneOutliner' in 0.0006 seconds. Added 1 classes and 2 folders.
[2015.11.01-01.28.28:030][  0]LogCrashTracker: Crashtracker disabled due to settings.
[2015.11.01-01.28.28:331][  0]LogUObjectGlobals:Warning: Failed to find object 'Class None.'
[2015.11.01-01.28.28:392][  0]LogLoad: Full Startup: 203.79 seconds (BP compile: 4.09 seconds)
[2015.11.01-01.28.30:364][  0]LogContentStreaming: Texture pool size now 1000 MB
[2015.11.01-01.28.31:386][  0]LogRenderer: Reallocating scene render targets to support 964x392 (Frame:2).
[2015.11.01-01.28.32:388][  1]Cmd: UpdateLandscapeEditorData -warnings
[2015.11.01-01.28.35:334][  8]LogAssetRegistry: Asset discovery search completed in 157.3528 seconds
[2015.11.01-01.28.35:334][  8]LogCollectionManager: Rebuilt the object cache for 0 collections in 0.000002 seconds (found 0 objects)
[2015.11.01-01.28.35:334][  8]LogCollectionManager: Fixed up redirectors for 0 collections in 0.000151 seconds (updated 0 objects)
[2015.11.01-01.28.52:191][137]LogEditorViewport: Clicking on Actor (context menu): Landscape (Landscape)
[2015.11.01-01.28.54:749][235]LogEditorViewport: Clicking on Actor (LMB): Landscape (Landscape)
[2015.11.01-01.28.58:765][585]LogEditorViewport: Clicking on Actor (LMB): Landscape (Landscape)
[2015.11.01-01.29.12:515][540]LogEditorViewport: Clicking on Actor (LMB): SkeletalMeshActor (Applejack)
[2015.11.01-01.29.13:821][597]LogEditorViewport: Clicking on Actor (CTRL LMB): SkeletalMeshActor (PinkiePie)
[2015.11.01-01.29.14:461][624]LogEditorViewport: Clicking on Actor (CTRL LMB): SkeletalMeshActor (Rarity)
[2015.11.01-01.29.15:021][655]LogEditorViewport: Clicking on Actor (CTRL LMB): SkeletalMeshActor (RainbowDash)
[2015.11.01-01.29.15:716][697]LogEditorViewport: Clicking on Actor (CTRL LMB): SkeletalMeshActor (Fluttershy)
[2015.11.01-01.29.35:405][326]Cmd: CAMERA ALIGN ACTIVEVIEWPORTONLY
[2015.11.01-01.29.52:958][597]LogEditorViewport: Clicking on Actor (LMB): SkeletalMeshActor (Rarity)
[2015.11.01-01.29.55:663][799]LogEditorViewport: Clicking on Actor (LMB): SkeletalMeshActor (PinkiePie)
[2015.11.01-01.30.02:897][245]LogEditorViewport: Clicking on Actor (LMB): SkeletalMeshActor (RainbowDash)
[2015.11.01-01.30.08:671][553]LogEditorViewport: Clicking on Actor (LMB): SkeletalMeshActor (Applejack)
[2015.11.01-01.30.30:539][363]LogEditorViewport: Clicking on Actor (LMB): SkeletalMeshActor (Applejack)
[2015.11.01-01.30.35:615][798]LogEditorViewport: Clicking on Actor (LMB): SkeletalMeshActor (Fluttershy)
[2015.11.01-01.30.37:107][927]LogEditorViewport: Clicking on Actor (CTRL LMB): SkeletalMeshActor (Rarity)
[2015.11.01-01.30.37:699][962]LogEditorViewport: Clicking on Actor (CTRL LMB): SkeletalMeshActor (PinkiePie)
[2015.11.01-01.30.38:395][  5]LogEditorViewport: Clicking on Actor (CTRL LMB): SkeletalMeshActor (RainbowDash)
[2015.11.01-01.30.43:438][452]LogEditorViewport: Clicking on Actor (LMB): SkeletalMeshActor (TwilightSparkle2)
[2015.11.01-01.30.44:822][554]LogEditorViewport: Clicking on Actor (LMB): SkeletalMeshActor (Applejack)
[2015.11.01-01.30.46:505][659]LogEditorViewport: Clicking on Actor (LMB): SkeletalMeshActor (TwilightSparkle2)
[2015.11.01-01.30.47:537][742]LogEditorViewport: Clicking on Actor (CTRL LMB): SkeletalMeshActor (Applejack)
[2015.11.01-01.30.48:168][777]LogEditorViewport: Clicking on Actor (CTRL LMB): SkeletalMeshActor (Fluttershy)
[2015.11.01-01.30.48:849][815]LogEditorViewport: Clicking on Actor (CTRL LMB): SkeletalMeshActor (Rarity)
[2015.11.01-01.30.49:507][852]LogEditorViewport: Clicking on Actor (CTRL LMB): SkeletalMeshActor (PinkiePie)
[2015.11.01-01.30.50:147][888]LogEditorViewport: Clicking on Actor (CTRL LMB): SkeletalMeshActor (RainbowDash)
[2015.11.01-01.30.56:650][459]Cmd: CAMERA ALIGN ACTIVEVIEWPORTONLY
[2015.11.01-01.31.03:898][764]LogEditorViewport: Clicking on Actor (LMB): BP_Sky_Sphere_C (Sky Sphere)
[2015.11.01-01.31.11:031][187]Cmd: CAMERA ALIGN ACTIVEVIEWPORTONLY
[2015.11.01-01.31.16:374][585]Cmd: DELETE
[2015.11.01-01.31.16:374][585]Cmd: ACTOR DELETE
[2015.11.01-01.31.16:414][585]LogEditorActor: Deleted Actor: StaticMeshActor
[2015.11.01-01.31.16:445][585]LogEditorActor: Deleted Actor: StaticMeshActor
[2015.11.01-01.31.16:449][585]LogEditorActor: Deleted Actor: StaticMeshActor
[2015.11.01-01.31.16:452][585]LogEditorActor: Deleted Actor: StaticMeshActor
[2015.11.01-01.31.16:456][585]LogEditorActor: Deleted Actor: StaticMeshActor
[2015.11.01-01.31.16:460][585]LogEditorActor: Deleted Actor: StaticMeshActor
[2015.11.01-01.31.16:464][585]LogEditorActor: Deleted Actor: StaticMeshActor
[2015.11.01-01.31.16:467][585]LogEditorActor: Deleted Actor: StaticMeshActor
[2015.11.01-01.31.16:471][585]LogEditorActor: Deleted Actor: StaticMeshActor
[2015.11.01-01.31.16:475][585]LogEditorActor: Deleted Actor: StaticMeshActor
[2015.11.01-01.31.16:479][585]LogEditorActor: Deleted Actor: StaticMeshActor
[2015.11.01-01.31.16:482][585]LogEditorActor: Deleted Actor: StaticMeshActor
[2015.11.01-01.31.16:486][585]LogEditorActor: Deleted Actor: StaticMeshActor
[2015.11.01-01.31.16:490][585]LogEditorActor: Deleted Actor: StaticMeshActor
[2015.11.01-01.31.16:493][585]LogEditorActor: Deleted Actor: StaticMeshActor
[2015.11.01-01.31.16:675][585]LogEditorActor: Deleted 15 Actors (0.290 secs)
[2015.11.01-01.31.18:589][766]LogEditorViewport: Clicking on Actor (LMB): DampenerTester_C (DampenerTester)
[2015.11.01-01.31.28:617][609]LogEditorViewport: Clicking on Actor (LMB): RaycastTester_C (RaycastTester)
[2015.11.01-01.31.34:066][ 47]Cmd: CAMERA ALIGN ACTIVEVIEWPORTONLY
[2015.11.01-01.31.39:966][525]LogEditorViewport: Clicking on Actor (LMB): Landscape (Landscape)
[2015.11.01-01.31.40:093][526]LogEditorViewport: Clicking on Actor (double click): Landscape (Landscape)
[2015.11.01-01.31.48:023][ 32]Cmd: CAMERA ALIGN ACTIVEVIEWPORTONLY
[2015.11.01-01.31.50:362][134]Cmd: SELECT NONE
[2015.11.01-01.31.50:807][153]LogEditorViewport: Clicking on Actor (LMB): RaycastTester_C (RaycastTester)
[2015.11.01-01.31.57:736][535]LogEditorViewport: Clicking on Actor (LMB): KartPawn_C (KartPawn2)
[2015.11.01-01.32.03:730][898]Cmd: CAMERA ALIGN ACTIVEVIEWPORTONLY
[2015.11.01-01.32.06:032][994]LogEditorViewport: Clicking on Actor (LMB): StaticMeshActor (AJ_Kart)
[2015.11.01-01.32.20:078][112]Cmd: CAMERA ALIGN ACTIVEVIEWPORTONLY
[2015.11.01-01.33.07:056][817]LogEditorViewport: Clicking on Actor (LMB): StaticMeshActor (FlutterKart_Mk1)
[2015.11.01-01.33.10:609][ 97]LogEditorViewport: Clicking on Actor (LMB): StaticMeshActor (FlutterKart_Mk1)
[2015.11.01-01.33.11:116][138]LogEditorViewport: Clicking on Actor (LMB): StaticMeshActor (FlutterKart_Mk1)
[2015.11.01-01.33.26:660][464]Cmd: CAMERA ALIGN ACTIVEVIEWPORTONLY
[2015.11.01-01.33.28:635][629]Cmd: DELETE
[2015.11.01-01.33.28:635][629]Cmd: ACTOR DELETE
[2015.11.01-01.33.31:203][629]LogEditorActor: Deleted 0 Actors (2.567 secs)
[2015.11.01-01.33.32:602][735]LogEditorActor: Deleted Actor: SkeletalMeshActor
[2015.11.01-01.33.32:625][735]LogEditorActor: Deleted 1 Actors (0.027 secs)
[2015.11.01-01.33.33:037][777]LogEditorViewport: Clicking on Actor (LMB): StaticMeshActor (RarityKart2)
[2015.11.01-01.33.33:099][777]Cmd: DELETE
[2015.11.01-01.33.33:099][777]Cmd: ACTOR DELETE
[2015.11.01-01.33.33:102][777]LogEditorActor: Deleted Actor: StaticMeshActor
[2015.11.01-01.33.33:126][777]LogEditorActor: Deleted 1 Actors (0.027 secs)
[2015.11.01-01.33.33:849][840]LogEditorViewport: Clicking on Actor (LMB): KartPawn_C (KartPawn)
[2015.11.01-01.33.35:159][938]LogEditorViewport: Clicking on Actor (LMB): KartPawn_C (KartPawn2)
[2015.11.01-01.33.36:544][ 10]Cmd: DELETE
[2015.11.01-01.33.36:544][ 10]Cmd: ACTOR DELETE
[2015.11.01-01.33.36:549][ 10]LogEditorActor: Deleted Actor: KartPawn_C
[2015.11.01-01.33.36:633][ 10]LogEditorActor: Deleted 1 Actors (0.088 secs)
[2015.11.01-01.33.37:283][ 62]LogEditorViewport: Clicking on Actor (LMB): KartPawn_C (KartPawn)
[2015.11.01-01.33.44:459][615]LogEditorViewport: Clicking on Actor (LMB): StaticMeshActor (RarityKart)
[2015.11.01-01.34.31:338][860]LogEditorViewport: Clicking on Actor (LMB): BP_Sky_Sphere_C (Sky Sphere)
[2015.11.01-01.34.48:473][579]Cmd: CAMERA ALIGN ACTIVEVIEWPORTONLY
[2015.11.01-01.35.02:306][725]Cmd: CAMERA ALIGN ACTIVEVIEWPORTONLY
[2015.11.01-01.35.03:253][798]Cmd: CAMERA ALIGN ACTIVEVIEWPORTONLY
[2015.11.01-01.35.04:282][889]Cmd: DELETE
[2015.11.01-01.35.04:282][889]Cmd: ACTOR DELETE
[2015.11.01-01.35.04:286][889]LogEditorActor: Deleted Actor: LandscapeGizmoActiveActor
[2015.11.01-01.35.04:315][889]LogEditorActor: Deleted 1 Actors (0.032 secs)
[2015.11.01-01.35.09:067][325]Cmd: CAMERA ALIGN ACTIVEVIEWPORTONLY
[2015.11.01-01.35.09:067][325]Can't find target actor or component.
[2015.11.01-01.35.09:784][380]Cmd: CAMERA ALIGN ACTIVEVIEWPORTONLY
[2015.11.01-01.35.09:784][380]Can't find target actor or component.
[2015.11.01-01.35.11:388][505]Cmd: CAMERA ALIGN ACTIVEVIEWPORTONLY
[2015.11.01-01.35.15:426][791]Cmd: DELETE
[2015.11.01-01.35.15:426][791]Cmd: ACTOR DELETE
[2015.11.01-01.35.15:430][791]LogEditorActor: Deleted Actor: StaticMeshActor
[2015.11.01-01.35.15:458][791]LogEditorActor: Deleted 1 Actors (0.032 secs)
[2015.11.01-01.36.12:492][ 64]Cmd: CAMERA ALIGN ACTIVEVIEWPORTONLY
[2015.11.01-01.36.12:492][ 64]Can't find target actor or component.
[2015.11.01-01.36.13:503][164]Cmd: CAMERA ALIGN ACTIVEVIEWPORTONLY
[2015.11.01-01.36.13:503][164]Can't find target actor or component.
[2015.11.01-01.36.38:185][503]Cmd: CAMERA ALIGN ACTIVEVIEWPORTONLY
[2015.11.01-01.36.50:400][256]LogEditorViewport: Clicking on Actor (LMB): Landscape (Landscape)
[2015.11.01-01.36.51:260][325]LogEditorViewport: Clicking on Actor (LMB): SkeletalMeshActor (TwilightSparkle)
[2015.11.01-01.37.09:759][974]LogEditorViewport: Clicking on Actor (LMB): StaticMeshActor (TwilightKart)
[2015.11.01-01.37.12:220][161]LogEditorViewport: Clicking on Actor (LMB): StaticMeshActor (RarityKart)
[2015.11.01-01.37.16:099][442]LogEditorViewport: Clicking on Actor (LMB): StaticMeshActor (FlutterKart_Mk1)
[2015.11.01-01.37.21:421][773]LogEditorViewport: Clicking on Actor (LMB): StaticMeshActor (LunaKart)
[2015.11.01-01.37.28:298][ 93]LogEditorViewport: Clicking on Actor (LMB): StaticMeshActor (DashKart)
[2015.11.01-01.37.33:562][323]LogEditorViewport: Clicking on Actor (LMB): StaticMeshActor (PinkiePieTempKart)
[2015.11.01-01.37.39:829][596]LogEditorViewport: Clicking on Actor (LMB): KartPawn_C (KartPawn)
[2015.11.01-01.37.40:461][638]LogEditorViewport: Clicking on Actor (LMB): StaticMeshActor (LunaKart)
[2015.11.01-01.37.50:312][295]LogEditorViewport: Clicking on Actor (LMB): SkeletalMeshActor (TwilightSparkle)
[2015.11.01-01.37.56:392][710]LogEditorViewport: Clicking on Actor (LMB): SkeletalMeshActor (Fluttershy)
[2015.11.01-01.38.02:034][ 97]LogEditorViewport: Clicking on Actor (LMB): SkeletalMeshActor (Applejack)
[2015.11.01-01.38.06:152][419]LogEditorViewport: Clicking on Actor (LMB): SkeletalMeshActor (Rarity)
[2015.11.01-01.38.10:205][740]LogEditorViewport: Clicking on Actor (LMB): SkeletalMeshActor (PinkiePie)
[2015.11.01-01.38.13:773][  8]LogEditorViewport: Clicking on Actor (LMB): SkeletalMeshActor (RainbowDash)
[2015.11.01-01.38.20:336][435]LogEditorViewport: Clicking on Actor (LMB): BP_Sky_Sphere_C (Sky Sphere)
[2015.11.01-01.38.30:021][887]LogBlueprintUserMessages: Early PlayInEditor Detection: Level '/Game/Maps/KartTestMap.KartTestMap:PersistentLevel' has LevelScriptBlueprint '/Game/Maps/KartTestMap.KartTestMap:PersistentLevel.KartTestMap' with GeneratedClass '/Game/Maps/KartTestMap.KartTestMap_C' with ClassGeneratedBy '/Game/Maps/KartTestMap.KartTestMap:PersistentLevel.KartTestMap'
[2015.11.01-01.38.30:021][887]LogPlayLevel: PlayLevel: No blueprints needed recompiling
[2015.11.01-01.38.30:120][887]PIE: New page: PIE session: KartTestMap (Oct 31, 2015, 5:38:30 PM)
[2015.11.01-01.38.30:121][887]LogPlayLevel: Creating play world package: /Game/Maps/UEDPIE_0_KartTestMap
[2015.11.01-01.38.30:397][887]LogPlayLevel: PIE: StaticDuplicateObject took: (0.276639s)
[2015.11.01-01.38.30:399][887]LogAIModule: Creating AISystem for world KartTestMap
[2015.11.01-01.38.30:399][887]LogPlayLevel: PIE: World Init took: (0.001541s)
[2015.11.01-01.38.30:400][887]LogPlayLevel: PIE: Created PIE world by copying editor world from /Game/Maps/KartTestMap.KartTestMap to /Game/Maps/UEDPIE_0_KartTestMap.KartTestMap (0.278975s)
[2015.11.01-01.38.30:550][887]LogInit: XAudio2 using 'Headphones (Realtek High Definition Audio)' : 2 channels at 48 kHz using 32 bits per sample (channel mask 0x3)
[2015.11.01-01.38.30:562][887]LogInit: FAudioDevice initialized.
[2015.11.01-01.38.30:689][887]LogLinker:Warning: Can't find file '/Game/Blueprints/KartTestGameMode'
[2015.11.01-01.38.30:690][887]LogLinker:Warning: Can't find file '/Game/Blueprints/KartTestGameMode'
[2015.11.01-01.38.30:690][887]LogUObjectGlobals:Warning: Failed to find object 'Class /Game/Blueprints/KartTestGameMode.KartTestGameMode_C'
[2015.11.01-01.38.30:690][887]LogWorld: Game class is 'GameMode'
[2015.11.01-01.38.31:122][887]LogWorld: Bringing World /Game/Maps/UEDPIE_0_KartTestMap.KartTestMap up for play (max tick rate 0) at 2015.10.31-21.38.31
[2015.11.01-01.38.31:123][887]LogActor:Warning: GameSession /Game/Maps/UEDPIE_0_KartTestMap.KartTestMap:PersistentLevel.GameSession_0 has natively added scene component(s), but none of them were set as the actor's RootComponent - picking one arbitrarily
[2015.11.01-01.38.31:152][887]LogActor:Warning: GameNetworkManager /Game/Maps/UEDPIE_0_KartTestMap.KartTestMap:PersistentLevel.GameNetworkManager_0 has natively added scene component(s), but none of them were set as the actor's RootComponent - picking one arbitrarily
[2015.11.01-01.38.31:245][887]LogWorld: Bringing up level for play took: 0.396776
[2015.11.01-01.38.31:464][887]PIE: Info Play in editor start time for /Game/Maps/UEDPIE_0_KartTestMap 1.574
[2015.11.01-01.38.31:464][887]LogBlueprintUserMessages: Late PlayInEditor Detection: Level '/Game/Maps/KartTestMap.KartTestMap:PersistentLevel' has LevelScriptBlueprint '/Game/Maps/KartTestMap.KartTestMap:PersistentLevel.KartTestMap' with GeneratedClass '/Game/Maps/KartTestMap.KartTestMap_C' with ClassGeneratedBy '/Game/Maps/KartTestMap.KartTestMap:PersistentLevel.KartTestMap'
[2015.11.01-01.43.06:445][173]LogBlueprintUserMessages: Early EndPlayMap Detection: Level '/Game/Maps/KartTestMap.KartTestMap:PersistentLevel' has LevelScriptBlueprint '/Game/Maps/KartTestMap.KartTestMap:PersistentLevel.KartTestMap' with GeneratedClass '/Game/Maps/KartTestMap.KartTestMap_C' with ClassGeneratedBy '/Game/Maps/KartTestMap.KartTestMap:PersistentLevel.KartTestMap'
[2015.11.01-01.43.06:596][173]LogBlueprintUserMessages: Late EndPlayMap Detection: Level '/Game/Maps/KartTestMap.KartTestMap:PersistentLevel' has LevelScriptBlueprint '/Game/Maps/KartTestMap.KartTestMap:PersistentLevel.KartTestMap' with GeneratedClass '/Game/Maps/KartTestMap.KartTestMap_C' with ClassGeneratedBy '/Game/Maps/KartTestMap.KartTestMap:PersistentLevel.KartTestMap'
[2015.11.01-01.43.06:833][173]LogParticles: Destroying 0 GPU particle simulations for FXSystem 0x000000C2BA5C9580
[2015.11.01-01.43.14:713][578]LogMaterial: Missing cached shader map for material TwilightBodyMat, compiling. 
[2015.11.01-01.43.15:270][578]LogMaterial: Missing cached shader map for material FMatExpressionPreview MaterialExpressionTextureSample_61, compiling. 
[2015.11.01-01.43.15:276][578]LogMaterial: Missing cached shader map for material FMatExpressionPreview MaterialExpressionTextureSample_60, compiling. 
[2015.11.01-01.43.15:282][578]LogMaterial: Missing cached shader map for material FMatExpressionPreview MaterialExpressionTextureCoordinate_11, compiling. 
[2015.11.01-01.43.15:288][578]LogMaterial: Missing cached shader map for material FMatExpressionPreview MaterialExpressionConstant_17, compiling. 
[2015.11.01-01.43.15:369][578]LogMaterial: Missing cached shader map for material FMatExpressionPreview MaterialExpressionConstant3Vector_5, compiling. 
[2015.11.01-01.43.15:514][578]LogMaterial: Missing cached shader map for material TwilightBodyMat, compiling. 
[2015.11.01-01.43.15:555][578]LogMaterial: 0.000396 seconds spent updating 1 materials, 1 interfaces, 0 instances, 0 with static permutations.
[2015.11.01-01.43.15:680][578]LogMaterial: Missing cached shader map for material FMatExpressionPreview MaterialExpressionTextureSample_61, compiling. 
[2015.11.01-01.43.15:685][578]LogMaterial: Missing cached shader map for material FMatExpressionPreview MaterialExpressionTextureSample_60, compiling. 
[2015.11.01-01.43.15:713][578]LogMaterial: Missing cached shader map for material FMatExpressionPreview MaterialExpressionTextureCoordinate_11, compiling. 
[2015.11.01-01.43.15:719][578]LogMaterial: Missing cached shader map for material FMatExpressionPreview MaterialExpressionConstant_17, compiling. 
[2015.11.01-01.43.15:725][578]LogMaterial: Missing cached shader map for material FMatExpressionPreview MaterialExpressionConstant3Vector_5, compiling. 
[2015.11.01-01.43.16:523][578]LogRenderer: Reallocating scene render targets to support 964x412 (Frame:21037).
[2015.11.01-01.43.27:409][398]MaterialEditorStats: Info Base pass shader with only dynamic lighting: 45 instructions
[2015.11.01-01.43.27:409][398]MaterialEditorStats: Info Vertex shader: 32 instructions
[2015.11.01-01.43.27:409][398]MaterialEditorStats: Info Texture samplers: 2/16
[2015.11.01-01.43.33:084][791]LogEditorViewport: Clicking on Actor (LMB): SkeletalMeshActor (RainbowDash)
[2015.11.01-01.43.38:626][206]LogMaterial: Missing cached shader map for material RainbowDashBody, compiling. 
[2015.11.01-01.43.38:832][206]LogMaterial: Missing cached shader map for material FMatExpressionPreview MaterialExpressionTextureSample_29, compiling. 
[2015.11.01-01.43.38:838][206]LogMaterial: Missing cached shader map for material FMatExpressionPreview MaterialExpressionTextureSample_28, compiling. 
[2015.11.01-01.43.38:851][206]LogMaterial: Missing cached shader map for material RainbowDashBody, compiling. 
[2015.11.01-01.43.38:873][206]LogMaterial: 0.000221 seconds spent updating 1 materials, 1 interfaces, 0 instances, 0 with static permutations.
[2015.11.01-01.43.38:899][206]LogMaterial: Missing cached shader map for material FMatExpressionPreview MaterialExpressionTextureSample_29, compiling. 
[2015.11.01-01.43.38:906][206]LogMaterial: Missing cached shader map for material FMatExpressionPreview MaterialExpressionTextureSample_28, compiling. 
[2015.11.01-01.43.38:962][206]LogRenderer: Reallocating scene render targets to support 964x456 (Frame:21290).
[2015.11.01-01.43.46:729][512]LogUObjectHash:Warning: Ambiguous search, could be MaterialGraphNode /Engine/Transient.TwilightBodyMat:MaterialGraph_0.MaterialGraphNode_4 or MaterialGraphNode /Engine/Transient.RainbowDashBody:MaterialGraph_1.MaterialGraphNode_4
[2015.11.01-01.43.46:730][512]LogUObjectHash:Warning: Ambiguous search, could be MaterialGraphNode /Engine/Transient.RainbowDashBody:MaterialGraph_1.MaterialGraphNode_3 or MaterialGraphNode /Engine/Transient.TwilightBodyMat:MaterialGraph_0.MaterialGraphNode_3
[2015.11.01-01.43.46:730][512]LogUObjectHash:Warning: Ambiguous search, could be MaterialGraphNode /Engine/Transient.RainbowDashBody:MaterialGraph_1.MaterialGraphNode_3 or MaterialGraphNode /Engine/Transient.TwilightBodyMat:MaterialGraph_0.MaterialGraphNode_3
[2015.11.01-01.43.46:730][512]LogProperty:Warning: ObjectProperty /Script/Engine.ExpressionInput:Expression: unresolved reference to 'MaterialExpressionTextureSample'MaterialGraphNode_3.MaterialExpressionTextureSample_0',Mask=1,MaskR=1,MaskG=1,MaskB=1)'
[2015.11.01-01.43.46:730][512]LogUObjectHash:Warning: Ambiguous search, could be MaterialGraphNode /Engine/Transient.TwilightBodyMat:MaterialGraph_0.MaterialGraphNode_4 or MaterialGraphNode /Engine/Transient.RainbowDashBody:MaterialGraph_1.MaterialGraphNode_4
[2015.11.01-01.43.46:730][512]LogProperty:Warning: ObjectProperty /Script/Engine.ExpressionInput:Expression: unresolved reference to 'MaterialExpressionTextureSample'MaterialGraphNode_4.MaterialExpressionTextureSample_1',Mask=1,MaskR=1,MaskG=1,MaskB=1)'
[2015.11.01-01.43.46:736][512]LogUObjectHash:Warning: Ambiguous search, could be MaterialGraphNode /Engine/Transient.TwilightBodyMat:MaterialGraph_0.MaterialGraphNode_8 or MaterialGraphNode /Engine/Transient.RainbowDashBody:MaterialGraph_1.MaterialGraphNode_8
[2015.11.01-01.43.46:736][512]LogUObjectHash:Warning: Ambiguous search, could be MaterialGraphNode /Engine/Transient.RainbowDashBody:MaterialGraph_1.MaterialGraphNode_6 or MaterialGraphNode /Engine/Transient.TwilightBodyMat:MaterialGraph_0.MaterialGraphNode_6
[2015.11.01-01.43.46:736][512]LogUObjectHash:Warning: Ambiguous search, could be MaterialGraphNode /Engine/Transient.RainbowDashBody:MaterialGraph_1.MaterialGraphNode_6 or MaterialGraphNode /Engine/Transient.TwilightBodyMat:MaterialGraph_0.MaterialGraphNode_6
[2015.11.01-01.43.46:736][512]LogProperty:Warning: ObjectProperty /Script/Engine.ExpressionInput:Expression: unresolved reference to 'MaterialExpressionFresnel'MaterialGraphNode_6.MaterialExpressionFresnel_0')'
[2015.11.01-01.43.46:736][512]LogUObjectHash:Warning: Ambiguous search, could be MaterialGraphNode /Engine/Transient.TwilightBodyMat:MaterialGraph_0.MaterialGraphNode_8 or MaterialGraphNode /Engine/Transient.RainbowDashBody:MaterialGraph_1.MaterialGraphNode_8
[2015.11.01-01.43.46:737][512]LogProperty:Warning: ObjectProperty /Script/Engine.ExpressionInput:Expression: unresolved reference to 'MaterialExpressionConstant3Vector'MaterialGraphNode_8.MaterialExpressionConstant3Vector_0')'
[2015.11.01-01.43.46:740][512]LogUObjectHash:Warning: Ambiguous search, could be MaterialGraphNode /Engine/Transient.TwilightBodyMat:MaterialGraph_0.MaterialGraphNode_5 or MaterialGraphNode /Engine/Transient.RainbowDashBody:MaterialGraph_1.MaterialGraphNode_5
[2015.11.01-01.43.46:740][512]LogUObjectHash:Warning: Ambiguous search, could be MaterialGraphNode /Engine/Transient.TwilightBodyMat:MaterialGraph_0.MaterialGraphNode_5 or MaterialGraphNode /Engine/Transient.RainbowDashBody:MaterialGraph_1.MaterialGraphNode_5
[2015.11.01-01.43.46:740][512]LogProperty:Warning: ObjectProperty /Script/Engine.ExpressionInput:Expression: unresolved reference to 'MaterialExpressionTextureCoordinate'MaterialGraphNode_5.MaterialExpressionTextureCoordinate_0')'
[2015.11.01-01.43.46:746][512]LogUObjectHash:Warning: Ambiguous search, could be MaterialGraphNode /Engine/Transient.RainbowDashBody:MaterialGraph_1.MaterialGraphNode_7 or MaterialGraphNode /Engine/Transient.TwilightBodyMat:MaterialGraph_0.MaterialGraphNode_7
[2015.11.01-01.43.46:746][512]LogUObjectHash:Warning: Ambiguous search, could be MaterialGraphNode /Engine/Transient.RainbowDashBody:MaterialGraph_1.MaterialGraphNode_7 or MaterialGraphNode /Engine/Transient.TwilightBodyMat:MaterialGraph_0.MaterialGraphNode_7
[2015.11.01-01.43.46:747][512]LogProperty:Warning: ObjectProperty /Script/Engine.ExpressionInput:Expression: unresolved reference to 'MaterialExpressionConstant'MaterialGraphNode_7.MaterialExpressionConstant_1')'
[2015.11.01-01.43.46:773][512]LogMaterial: Missing cached shader map for material RainbowDashBody, compiling. 
[2015.11.01-01.43.46:796][512]LogMaterial: 0.000240 seconds spent updating 1 materials, 1 interfaces, 0 instances, 0 with static permutations.
[2015.11.01-01.43.46:824][512]LogMaterial: Missing cached shader map for material FMatExpressionPreview MaterialExpressionTextureSample_29, compiling. 
[2015.11.01-01.43.46:830][512]LogMaterial: Missing cached shader map for material FMatExpressionPreview MaterialExpressionTextureSample_28, compiling. 
[2015.11.01-01.43.46:836][512]LogMaterial: Missing cached shader map for material FMatExpressionPreview MaterialExpressionTextureSample_4, compiling. 
[2015.11.01-01.43.46:842][512]LogMaterial: Missing cached shader map for material FMatExpressionPreview MaterialExpressionTextureSample_5, compiling. 
[2015.11.01-01.43.46:848][512]LogMaterial: Missing cached shader map for material FMatExpressionPreview MaterialExpressionTextureCoordinate_2, compiling. 
[2015.11.01-01.43.46:913][512]LogMaterial: Missing cached shader map for material FMatExpressionPreview MaterialExpressionConstant_5, compiling. 
[2015.11.01-01.43.46:920][512]LogMaterial: Missing cached shader map for material FMatExpressionPreview MaterialExpressionConstant3Vector_2, compiling. 
[2015.11.01-01.43.52:398][726]LogMaterial: Missing cached shader map for material RainbowDashBody, compiling. 
[2015.11.01-01.43.52:421][726]LogMaterial: 0.000396 seconds spent updating 1 materials, 1 interfaces, 0 instances, 0 with static permutations.
[2015.11.01-01.43.52:504][726]LogMaterial: Missing cached shader map for material FMatExpressionPreview MaterialExpressionTextureSample_29, compiling. 
[2015.11.01-01.43.52:522][726]LogMaterial: Missing cached shader map for material FMatExpressionPreview MaterialExpressionTextureSample_28, compiling. 
[2015.11.01-01.43.52:528][726]LogMaterial: Missing cached shader map for material FMatExpressionPreview MaterialExpressionTextureSample_4, compiling. 
[2015.11.01-01.43.52:534][726]LogMaterial: Missing cached shader map for material FMatExpressionPreview MaterialExpressionTextureSample_5, compiling. 
[2015.11.01-01.43.52:540][726]LogMaterial: Missing cached shader map for material FMatExpressionPreview MaterialExpressionTextureCoordinate_2, compiling. 
[2015.11.01-01.43.52:546][726]LogMaterial: Missing cached shader map for material FMatExpressionPreview MaterialExpressionConstant_5, compiling. 
[2015.11.01-01.43.52:552][726]LogMaterial: Missing cached shader map for material FMatExpressionPreview MaterialExpressionConstant3Vector_2, compiling. 
[2015.11.01-01.43.54:595][807]LogMaterial: Missing cached shader map for material RainbowDashBody, compiling. 
[2015.11.01-01.43.54:617][807]LogMaterial: 0.000371 seconds spent updating 1 materials, 1 interfaces, 0 instances, 0 with static permutations.
[2015.11.01-01.43.54:649][807]LogMaterial: Missing cached shader map for material FMatExpressionPreview MaterialExpressionTextureSample_29, compiling. 
[2015.11.01-01.43.54:655][807]LogMaterial: Missing cached shader map for material FMatExpressionPreview MaterialExpressionTextureSample_28, compiling. 
[2015.11.01-01.43.54:661][807]LogMaterial: Missing cached shader map for material FMatExpressionPreview MaterialExpressionTextureSample_4, compiling. 
[2015.11.01-01.43.54:667][807]LogMaterial: Missing cached shader map for material FMatExpressionPreview MaterialExpressionTextureSample_5, compiling. 
[2015.11.01-01.43.54:673][807]LogMaterial: Missing cached shader map for material FMatExpressionPreview MaterialExpressionTextureCoordinate_2, compiling. 
[2015.11.01-01.43.54:680][807]LogMaterial: Missing cached shader map for material FMatExpressionPreview MaterialExpressionConstant_5, compiling. 
[2015.11.01-01.43.54:685][807]LogMaterial: Missing cached shader map for material FMatExpressionPreview MaterialExpressionConstant3Vector_2, compiling. 
[2015.11.01-01.43.58:157][945]LogMaterial: Missing cached shader map for material RainbowDashBody, compiling. 
[2015.11.01-01.43.58:181][945]LogMaterial: 0.000504 seconds spent updating 1 materials, 1 interfaces, 0 instances, 0 with static permutations.
[2015.11.01-01.43.58:209][945]LogMaterial: Missing cached shader map for material FMatExpressionPreview MaterialExpressionTextureSample_29, compiling. 
[2015.11.01-01.43.58:215][945]LogMaterial: Missing cached shader map for material FMatExpressionPreview MaterialExpressionTextureSample_28, compiling. 
[2015.11.01-01.43.58:222][945]LogMaterial: Missing cached shader map for material FMatExpressionPreview MaterialExpressionTextureSample_4, compiling. 
[2015.11.01-01.43.58:228][945]LogMaterial: Missing cached shader map for material FMatExpressionPreview MaterialExpressionTextureSample_5, compiling. 
[2015.11.01-01.43.58:234][945]LogMaterial: Missing cached shader map for material FMatExpressionPreview MaterialExpressionTextureCoordinate_2, compiling. 
[2015.11.01-01.43.58:240][945]LogMaterial: Missing cached shader map for material FMatExpressionPreview MaterialExpressionConstant_5, compiling. 
[2015.11.01-01.43.58:246][945]LogMaterial: Missing cached shader map for material FMatExpressionPreview MaterialExpressionConstant3Vector_2, compiling. 
[2015.11.01-01.44.02:610][120]LogMaterial: Missing cached shader map for material RainbowDashBody, compiling. 
[2015.11.01-01.44.02:634][120]LogMaterial: 0.000358 seconds spent updating 1 materials, 1 interfaces, 0 instances, 0 with static permutations.
[2015.11.01-01.44.02:662][120]LogMaterial: Missing cached shader map for material FMatExpressionPreview MaterialExpressionTextureSample_29, compiling. 
[2015.11.01-01.44.02:669][120]LogMaterial: Missing cached shader map for material FMatExpressionPreview MaterialExpressionTextureSample_28, compiling. 
[2015.11.01-01.44.02:675][120]LogMaterial: Missing cached shader map for material FMatExpressionPreview MaterialExpressionTextureSample_4, compiling. 
[2015.11.01-01.44.02:681][120]LogMaterial: Missing cached shader map for material FMatExpressionPreview MaterialExpressionTextureSample_5, compiling. 
[2015.11.01-01.44.02:687][120]LogMaterial: Missing cached shader map for material FMatExpressionPreview MaterialExpressionTextureCoordinate_2, compiling. 
[2015.11.01-01.44.02:693][120]LogMaterial: Missing cached shader map for material FMatExpressionPreview MaterialExpressionConstant_5, compiling. 
[2015.11.01-01.44.02:700][120]LogMaterial: Missing cached shader map for material FMatExpressionPreview MaterialExpressionConstant3Vector_2, compiling. 
[2015.11.01-01.44.07:546][361]LogRenderer: Reallocating scene render targets to support 1148x456 (Frame:21310).
[2015.11.01-01.44.12:641][688]LogMaterial: Missing cached shader map for material PreviewMaterial_0, compiling. 
[2015.11.01-01.44.12:815][688]LogMaterial: Missing cached shader map for material FMatExpressionPreview MaterialExpressionTextureSample_61, compiling. 
[2015.11.01-01.44.12:821][688]LogMaterial: Missing cached shader map for material FMatExpressionPreview MaterialExpressionTextureSample_60, compiling. 
[2015.11.01-01.44.12:826][688]LogMaterial: Missing cached shader map for material FMatExpressionPreview MaterialExpressionTextureCoordinate_11, compiling. 
[2015.11.01-01.44.12:832][688]LogMaterial: Missing cached shader map for material FMatExpressionPreview MaterialExpressionConstant_17, compiling. 
[2015.11.01-01.44.12:838][688]LogMaterial: Missing cached shader map for material FMatExpressionPreview MaterialExpressionConstant3Vector_5, compiling. 
[2015.11.01-01.44.12:853][688]LogMaterial: Missing cached shader map for material PreviewMaterial_0, compiling. 
[2015.11.01-01.44.12:876][688]LogMaterial: 0.000350 seconds spent updating 1 materials, 1 interfaces, 0 instances, 0 with static permutations.
[2015.11.01-01.44.12:922][688]LogMaterial: Missing cached shader map for material FMatExpressionPreview MaterialExpressionTextureSample_61, compiling. 
[2015.11.01-01.44.12:928][688]LogMaterial: Missing cached shader map for material FMatExpressionPreview MaterialExpressionTextureSample_60, compiling. 
[2015.11.01-01.44.12:934][688]LogMaterial: Missing cached shader map for material FMatExpressionPreview MaterialExpressionTextureCoordinate_11, compiling. 
[2015.11.01-01.44.12:940][688]LogMaterial: Missing cached shader map for material FMatExpressionPreview MaterialExpressionConstant_17, compiling. 
[2015.11.01-01.44.12:946][688]LogMaterial: Missing cached shader map for material FMatExpressionPreview MaterialExpressionConstant3Vector_5, compiling. 
[2015.11.01-01.44.12:958][688]MaterialEditorStats: Info Base pass shader with only dynamic lighting: 45 instructions
[2015.11.01-01.44.12:958][688]MaterialEditorStats: Info Vertex shader: 32 instructions
[2015.11.01-01.44.12:958][688]MaterialEditorStats: Info Texture samplers: 2/16
[2015.11.01-01.44.18:799][114]LogMaterial: Missing cached shader map for material RainbowDashBody, compiling. 
[2015.11.01-01.44.18:821][114]LogMaterial: 0.000431 seconds spent updating 1 materials, 1 interfaces, 0 instances, 0 with static permutations.
[2015.11.01-01.44.18:849][114]LogMaterial: Missing cached shader map for material FMatExpressionPreview MaterialExpressionTextureSample_4, compiling. 
[2015.11.01-01.44.18:855][114]LogMaterial: Missing cached shader map for material FMatExpressionPreview MaterialExpressionTextureSample_5, compiling. 
[2015.11.01-01.44.18:861][114]LogMaterial: Missing cached shader map for material FMatExpressionPreview MaterialExpressionTextureCoordinate_2, compiling. 
[2015.11.01-01.44.18:867][114]LogMaterial: Missing cached shader map for material FMatExpressionPreview MaterialExpressionConstant_5, compiling. 
[2015.11.01-01.44.18:886][114]LogMaterial: Missing cached shader map for material FMatExpressionPreview MaterialExpressionConstant3Vector_2, compiling. 
[2015.11.01-01.44.23:866][427]MaterialEditorStats: Info Base pass shader with only dynamic lighting: 45 instructions
[2015.11.01-01.44.23:866][427]MaterialEditorStats: Info Vertex shader: 32 instructions
[2015.11.01-01.44.23:866][427]MaterialEditorStats: Info Texture samplers: 2/16
[2015.11.01-01.44.29:029][730]LogMaterial: Missing cached shader map for material RainbowDashBody, compiling. 
[2015.11.01-01.44.29:051][730]LogMaterial: 0.000392 seconds spent updating 1 materials, 1 interfaces, 0 instances, 0 with static permutations.
[2015.11.01-01.44.29:080][730]LogMaterial: Missing cached shader map for material FMatExpressionPreview MaterialExpressionTextureSample_4, compiling. 
[2015.11.01-01.44.29:087][730]LogMaterial: Missing cached shader map for material FMatExpressionPreview MaterialExpressionTextureSample_5, compiling. 
[2015.11.01-01.44.29:092][730]LogMaterial: Missing cached shader map for material FMatExpressionPreview MaterialExpressionTextureCoordinate_2, compiling. 
[2015.11.01-01.44.29:134][730]LogMaterial: Missing cached shader map for material FMatExpressionPreview MaterialExpressionConstant_5, compiling. 
[2015.11.01-01.44.29:171][730]LogMaterial: Missing cached shader map for material FMatExpressionPreview MaterialExpressionConstant3Vector_2, compiling. 
[2015.11.01-01.44.39:201][360]MaterialEditorStats: Info Base pass shader with only dynamic lighting: 45 instructions
[2015.11.01-01.44.39:201][360]MaterialEditorStats: Info Vertex shader: 32 instructions
[2015.11.01-01.44.39:201][360]MaterialEditorStats: Info Texture samplers: 2/16
[2015.11.01-01.44.58:780][580]LogMaterial: Missing cached shader map for material RainbowDashBody, compiling. 
[2015.11.01-01.44.58:802][580]LogMaterial: 0.000389 seconds spent updating 1 materials, 1 interfaces, 0 instances, 0 with static permutations.
[2015.11.01-01.44.58:833][580]LogMaterial: Missing cached shader map for material FMatExpressionPreview MaterialExpressionTextureSample_4, compiling. 
[2015.11.01-01.44.58:839][580]LogMaterial: Missing cached shader map for material FMatExpressionPreview MaterialExpressionTextureSample_5, compiling. 
[2015.11.01-01.44.58:844][580]LogMaterial: Missing cached shader map for material FMatExpressionPreview MaterialExpressionTextureCoordinate_2, compiling. 
[2015.11.01-01.44.58:850][580]LogMaterial: Missing cached shader map for material FMatExpressionPreview MaterialExpressionConstant_5, compiling. 
[2015.11.01-01.44.58:855][580]LogMaterial: Missing cached shader map for material FMatExpressionPreview MaterialExpressionConstant3Vector_2, compiling. 
[2015.11.01-01.45.08:393][192]MaterialEditorStats: Info Base pass shader with only dynamic lighting: 45 instructions
[2015.11.01-01.45.08:393][192]MaterialEditorStats: Info Vertex shader: 32 instructions
[2015.11.01-01.45.08:393][192]MaterialEditorStats: Info Texture samplers: 2/16
[2015.11.01-01.45.16:959][716]LogMaterial: Missing cached shader map for material RainbowDashBody, compiling. 
[2015.11.01-01.45.16:980][716]LogMaterial: 0.000340 seconds spent updating 1 materials, 1 interfaces, 0 instances, 0 with static permutations.
[2015.11.01-01.45.17:011][716]LogMaterial: Missing cached shader map for material FMatExpressionPreview MaterialExpressionTextureSample_4, compiling. 
[2015.11.01-01.45.17:017][716]LogMaterial: Missing cached shader map for material FMatExpressionPreview MaterialExpressionTextureSample_5, compiling. 
[2015.11.01-01.45.17:022][716]LogMaterial: Missing cached shader map for material FMatExpressionPreview MaterialExpressionTextureCoordinate_2, compiling. 
[2015.11.01-01.45.17:088][716]LogMaterial: Missing cached shader map for material FMatExpressionPreview MaterialExpressionConstant_5, compiling. 
[2015.11.01-01.45.17:094][716]LogMaterial: Missing cached shader map for material FMatExpressionPreview MaterialExpressionConstant3Vector_2, compiling. 
[2015.11.01-01.45.25:767][372]LogMaterialEditor: Applying material RainbowDashBody
[2015.11.01-01.45.27:328][372]LogMaterial: Missing cached shader map for material RainbowDashBody, compiling. 
[2015.11.01-01.45.27:378][372]LogMaterial: 0.000461 seconds spent updating 1 materials, 1 interfaces, 0 instances, 0 with static permutations.
[2015.11.01-01.45.27:483][372]LogMaterial: Missing cached shader map for material RainbowDashBody, compiling. 
[2015.11.01-01.45.27:578][372]LogMaterial: Missing cached shader map for material RainbowDashBody, compiling. 
[2015.11.01-01.45.27:621][372]LogMaterial: 0.009421 seconds spent updating 1 materials, 1 interfaces, 0 instances, 0 with static permutations.
[2015.11.01-01.45.59:916][885]LogEditorViewport: Clicking on Actor (LMB): BP_Sky_Sphere_C (Sky Sphere)
[2015.11.01-01.47.35:283][677]MaterialEditorStats: Info Base pass shader with only dynamic lighting: 74 instructions
[2015.11.01-01.47.35:283][677]MaterialEditorStats: Info Vertex shader: 32 instructions
[2015.11.01-01.47.35:283][677]MaterialEditorStats: Info Texture samplers: 5/16
[2015.11.01-01.47.55:834][365]LogMaterial: Missing cached shader map for material RainbowDashBody, compiling. 
[2015.11.01-01.47.55:855][365]LogMaterial: 0.000370 seconds spent updating 1 materials, 1 interfaces, 0 instances, 0 with static permutations.
[2015.11.01-01.47.55:885][365]LogMaterial: Missing cached shader map for material FMatExpressionPreview MaterialExpressionTextureSample_4, compiling. 
[2015.11.01-01.47.55:891][365]LogMaterial: Missing cached shader map for material FMatExpressionPreview MaterialExpressionTextureSample_5, compiling. 
[2015.11.01-01.47.55:925][365]LogMaterial: Missing cached shader map for material FMatExpressionPreview MaterialExpressionTextureCoordinate_2, compiling. 
[2015.11.01-01.47.55:930][365]LogMaterial: Missing cached shader map for material FMatExpressionPreview MaterialExpressionConstant_5, compiling. 
[2015.11.01-01.47.55:936][365]LogMaterial: Missing cached shader map for material FMatExpressionPreview MaterialExpressionConstant3Vector_2, compiling. 
[2015.11.01-01.48.05:833][200]MaterialEditorStats: Info Base pass shader with only dynamic lighting: 42 instructions
[2015.11.01-01.48.05:833][200]MaterialEditorStats: Info Vertex shader: 32 instructions
[2015.11.01-01.48.05:833][200]MaterialEditorStats: Info Texture samplers: 2/16
[2015.11.01-01.48.08:780][435]LogMaterialEditor: Applying material RainbowDashBody
[2015.11.01-01.48.10:288][435]LogMaterial: Missing cached shader map for material RainbowDashBody, compiling. 
[2015.11.01-01.48.10:336][435]LogMaterial: 0.000358 seconds spent updating 1 materials, 1 interfaces, 0 instances, 0 with static permutations.
[2015.11.01-01.48.10:404][435]LogMaterial: Missing cached shader map for material RainbowDashBody, compiling. 
[2015.11.01-01.48.10:489][435]LogMaterial: Missing cached shader map for material RainbowDashBody, compiling. 
[2015.11.01-01.48.10:528][435]LogMaterial: 0.007550 seconds spent updating 1 materials, 1 interfaces, 0 instances, 0 with static permutations.
[2015.11.01-01.48.43:072][946]LogParticles: Destroying 0 GPU particle simulations for FXSystem 0x000000C2C9C32160
[2015.11.01-01.48.45:329][946]LogSavePackage: Save=2175.573975ms
[2015.11.01-01.48.45:329][946]LogSavePackage: Moving '../../../../../../Users/Amber/Documents/Game Development/PonyKart-UE4/PonyKart Project Build/PonyKart/Saved/KartTestMap_Auto1227F89724CC9F97C2D2316943820E583.tmp' to '../../../../../../Users/Amber/Documents/Game Development/PonyKart-UE4/PonyKart Project Build/PonyKart/Saved/Autosaves/Game/Maps/KartTestMap_Auto1.umap'
[2015.11.01-01.48.45:333][946]LogSavePackage: Total save time: 2204.410058ms
[2015.11.01-01.48.45:333][946]LogSavePackage:Warning: Finished SavePackage ../../../../../../Users/Amber/Documents/Game Development/PonyKart-UE4/PonyKart Project Build/PonyKart/Saved/Autosaves/Game/Maps/KartTestMap_Auto1.umap
[2015.11.01-01.48.45:344][946]LogFileHelpers: Editor autosave (incl. sublevels) for '/Game/Maps/KartTestMap' took 2.303
[2015.11.01-01.48.45:344][946]LogFileHelpers: Editor autosave (incl. sublevels) for all levels took 2.303
[2015.11.01-01.48.45:352][946]OBJ SavePackage: Generating thumbnails for [1] asset(s) in package [/Game/Models/Characters/RainbowDash/RainbowDashBody] ([1] browsable assets)...
[2015.11.01-01.48.45:438][946]OBJ SavePackage:     Rendered thumbnail for [Material /Game/Models/Characters/RainbowDash/RainbowDashBody.RainbowDashBody]
[2015.11.01-01.48.45:438][946]OBJ SavePackage: Finished generating thumbnails for package [/Game/Models/Characters/RainbowDash/RainbowDashBody]
[2015.11.01-01.48.45:528][946]LogSavePackage: Save=58.330807ms
[2015.11.01-01.48.45:528][946]LogSavePackage: Moving '../../../../../../Users/Amber/Documents/Game Development/PonyKart-UE4/PonyKart Project Build/PonyKart/Saved/RainbowDashBody_Auto17CCB4098417E6E2912155291954D1C88.tmp' to '../../../../../../Users/Amber/Documents/Game Development/PonyKart-UE4/PonyKart Project Build/PonyKart/Saved/Autosaves/Game/Models/Characters/RainbowDash/RainbowDashBody_Auto1.uasset'
[2015.11.01-01.48.45:529][946]LogSavePackage: Total save time: 66.151567ms
[2015.11.01-01.48.45:529][946]LogSavePackage:Warning: Finished SavePackage ../../../../../../Users/Amber/Documents/Game Development/PonyKart-UE4/PonyKart Project Build/PonyKart/Saved/Autosaves/Game/Models/Characters/RainbowDash/RainbowDashBody_Auto1.uasset
[2015.11.01-01.48.45:529][946]LogFileHelpers: Auto-saving content packages took 0.183
[2015.11.01-01.49.14:430][687]MaterialEditorStats: Info Base pass shader with only dynamic lighting: 71 instructions
[2015.11.01-01.49.14:430][687]MaterialEditorStats: Info Vertex shader: 32 instructions
[2015.11.01-01.49.14:430][687]MaterialEditorStats: Info Texture samplers: 5/16
[2015.11.01-01.49.18:321][993]LogMaterial: Missing cached shader map for material PreviewMaterial_0, compiling. 
[2015.11.01-01.49.18:342][993]LogMaterial: 0.000338 seconds spent updating 1 materials, 1 interfaces, 0 instances, 0 with static permutations.
[2015.11.01-01.49.18:370][993]LogMaterial: Missing cached shader map for material FMatExpressionPreview MaterialExpressionTextureSample_61, compiling. 
[2015.11.01-01.49.18:376][993]LogMaterial: Missing cached shader map for material FMatExpressionPreview MaterialExpressionTextureSample_60, compiling. 
[2015.11.01-01.49.18:382][993]LogMaterial: Missing cached shader map for material FMatExpressionPreview MaterialExpressionTextureCoordinate_11, compiling. 
[2015.11.01-01.49.18:388][993]LogMaterial: Missing cached shader map for material FMatExpressionPreview MaterialExpressionConstant_17, compiling. 
[2015.11.01-01.49.18:393][993]LogMaterial: Missing cached shader map for material FMatExpressionPreview MaterialExpressionConstant3Vector_5, compiling. 
[2015.11.01-01.49.20:028][129]LogMaterialEditor: Applying material TwilightBodyMat
[2015.11.01-01.49.21:548][129]LogMaterial: Missing cached shader map for material PreviewMaterial_0, compiling. 
[2015.11.01-01.49.21:596][129]LogMaterial: 0.000220 seconds spent updating 1 materials, 1 interfaces, 0 instances, 0 with static permutations.
[2015.11.01-01.49.21:647][129]LogMaterial: Missing cached shader map for material TwilightBodyMat, compiling. 
[2015.11.01-01.49.21:703][129]LogMaterial: Missing cached shader map for material TwilightBodyMat, compiling. 
[2015.11.01-01.49.21:743][129]LogMaterial: 0.007491 seconds spent updating 1 materials, 1 interfaces, 0 instances, 0 with static permutations.
[2015.11.01-01.50.14:396][151]LogSavePackage: Save=2666.326416ms
[2015.11.01-01.50.14:396][151]LogSavePackage: Moving '../../../../../../Users/Amber/Documents/Game Development/PonyKart-UE4/PonyKart Project Build/PonyKart/Saved/KartTestMapFA649C654543E69E30F2D8BD8BA52193.tmp' to '../../../../../../Users/Amber/Documents/Game Development/PonyKart-UE4/PonyKart Project Build/PonyKart/Content/Maps/KartTestMap.umap'
[2015.11.01-01.50.14:405][151]LogSavePackage: Total save time: 2677.990429ms
[2015.11.01-01.50.14:405][151]LogSavePackage:Warning: Finished SavePackage ../../../../../../Users/Amber/Documents/Game Development/PonyKart-UE4/PonyKart Project Build/PonyKart/Content/Maps/KartTestMap.umap
[2015.11.01-01.50.14:476][151]LogFileHelpers: Saving map 'KartTestMap' took 3.027
[2015.11.01-01.50.14:581][151]LogSavePackage: Save=21.514536ms
[2015.11.01-01.50.14:581][151]LogSavePackage: Moving '../../../../../../Users/Amber/Documents/Game Development/PonyKart-UE4/PonyKart Project Build/PonyKart/Saved/TwilightBodyMatC68752AC47347FBD0BD3379A66B29E31.tmp' to '../../../../../../Users/Amber/Documents/Game Development/PonyKart-UE4/PonyKart Project Build/PonyKart/Content/Models/Characters/TwilightSparkle/TwilightBodyMat.uasset'
[2015.11.01-01.50.14:585][151]LogSavePackage: Total save time: 58.080498ms
[2015.11.01-01.50.14:585][151]LogSavePackage:Warning: Finished SavePackage ../../../../../../Users/Amber/Documents/Game Development/PonyKart-UE4/PonyKart Project Build/PonyKart/Content/Models/Characters/TwilightSparkle/TwilightBodyMat.uasset
[2015.11.01-01.50.14:611][151]LogSavePackage: Save=9.848179ms
[2015.11.01-01.50.14:611][151]LogSavePackage: Moving '../../../../../../Users/Amber/Documents/Game Development/PonyKart-UE4/PonyKart Project Build/PonyKart/Saved/RainbowDashBody5439CA704CA2AEE16DE31DABF0CBA1CC.tmp' to '../../../../../../Users/Amber/Documents/Game Development/PonyKart-UE4/PonyKart Project Build/PonyKart/Content/Models/Characters/RainbowDash/RainbowDashBody.uasset'
[2015.11.01-01.50.14:617][151]LogSavePackage: Total save time: 17.635688ms
[2015.11.01-01.50.14:617][151]LogSavePackage:Warning: Finished SavePackage ../../../../../../Users/Amber/Documents/Game Development/PonyKart-UE4/PonyKart Project Build/PonyKart/Content/Models/Characters/RainbowDash/RainbowDashBody.uasset
[2015.11.01-01.50.29:512][222]Cmd: QUIT_EDITOR
[2015.11.01-01.50.30:167][222]LogWindowsTextInputMethodSystem:Display: IME system now deactivated.
[2015.11.01-01.50.30:350][222]LogExit: Preparing to exit.
[2015.11.01-01.50.31:837][222]LogExit: Editor shut down
[2015.11.01-01.50.31:838][222]LogExit: Transaction tracking system shut down
[2015.11.01-01.50.31:882][222]LogParticles: Destroying 0 GPU particle simulations for FXSystem 0x000000C2B240AAC0
[2015.11.01-01.50.31:896][222]LogParticles: Destroying 0 GPU particle simulations for FXSystem 0x000000C2F70D63E0
[2015.11.01-01.50.31:901][222]LogParticles: Destroying 0 GPU particle simulations for FXSystem 0x000000C2E5339080
[2015.11.01-01.50.33:215][222]LogParticles: Destroying 0 GPU particle simulations for FXSystem 0x000000C2EF209760
[2015.11.01-01.50.33:215][222]LogParticles: Destroying 0 GPU particle simulations for FXSystem 0x000000C2EF6AD260
[2015.11.01-01.50.33:215][222]LogParticles: Destroying 0 GPU particle simulations for FXSystem 0x000000C28228A5C0
[2015.11.01-01.50.33:215][222]LogParticles: Destroying 0 GPU particle simulations for FXSystem 0x000000C28228A520
[2015.11.01-01.50.33:215][222]LogParticles: Destroying 0 GPU particle simulations for FXSystem 0x000000C28289FF60
[2015.11.01-01.50.33:215][222]LogParticles: Destroying 0 GPU particle simulations for FXSystem 0x000000C2EF4CB380
[2015.11.01-01.50.33:215][222]LogExit: Object subsystem successfully closed.
[2015.11.01-01.50.33:470][222]LogD3D11RHI: Shutdown
[2015.11.01-01.50.33:470][222]LogD3D11RHI: CleanupD3DDevice
[2015.11.01-01.50.33:788][222]LogD3D11RHI: ~FD3D11DynamicRHI
[2015.11.01-01.50.34:254][222]LogModuleManager: Shutting down and abandoning module MaterialEditor (198)
[2015.11.01-01.50.34:254][222]LogModuleManager: Shutting down and abandoning module CrashTracker (197)
[2015.11.01-01.50.34:254][222]LogModuleManager: Shutting down and abandoning module SceneOutliner (196)
[2015.11.01-01.50.34:254][222]LogModuleManager: Shutting down and abandoning module SuperSearch (195)
[2015.11.01-01.50.34:254][222]LogModuleManager: Shutting down and abandoning module WidgetCarousel (194)
[2015.11.01-01.50.34:254][222]LogModuleManager: Shutting down and abandoning module AddContentDialog (193)
[2015.11.01-01.50.34:277][222]LogModuleManager: Shutting down and abandoning module EditorWidgets (192)
[2015.11.01-01.50.34:277][222]LogModuleManager: Shutting down and abandoning module CollectionManager (191)
[2015.11.01-01.50.34:282][222]LogModuleManager: Shutting down and abandoning module StatsViewer (190)
[2015.11.01-01.50.34:292][222]LogModuleManager: Shutting down and abandoning module FoliageEdit (189)
[2015.11.01-01.50.34:297][222]LogModuleManager: Shutting down and abandoning module LandscapeEditor (188)
[2015.11.01-01.50.34:314][222]LogModuleManager: Shutting down and abandoning module ActorPickerMode (187)
[2015.11.01-01.50.34:314][222]LogModuleManager: Shutting down and abandoning module GeometryMode (186)
[2015.11.01-01.50.34:314][222]LogModuleManager: Shutting down and abandoning module TextureAlignMode (185)
[2015.11.01-01.50.34:314][222]LogModuleManager: Shutting down and abandoning module BspMode (184)
[2015.11.01-01.50.34:314][222]LogModuleManager: Shutting down and abandoning module PlacementMode (183)
[2015.11.01-01.50.34:314][222]LogModuleManager: Shutting down and abandoning module AutomationWorker (182)
[2015.11.01-01.50.34:325][222]LogModuleManager: Shutting down and abandoning module CharacterAI (181)
[2015.11.01-01.50.34:325][222]LogModuleManager: Shutting down and abandoning module SmartSnapping (180)
[2015.11.01-01.50.34:325][222]LogModuleManager: Shutting down and abandoning module ViewportSnapping (179)
[2015.11.01-01.50.34:325][222]LogModuleManager: Shutting down and abandoning module LogVisualizer (178)
[2015.11.01-01.50.34:345][222]LogModuleManager: Shutting down and abandoning module GameProjectGeneration (177)
[2015.11.01-01.50.34:351][222]LogModuleManager: Shutting down and abandoning module IntroTutorials (176)
[2015.11.01-01.50.34:367][222]LogModuleManager: Shutting down and abandoning module EditorLiveStreaming (175)
[2015.11.01-01.50.34:367][222]LogModuleManager: Shutting down and abandoning module IOSPlatformEditor (174)
[2015.11.01-01.50.34:375][222]LogModuleManager: Shutting down and abandoning module HTML5PlatformEditor (173)
[2015.11.01-01.50.34:375][222]LogModuleManager: Shutting down and abandoning module AndroidDeviceDetection (172)
[2015.11.01-01.50.35:336][222]LogModuleManager: Shutting down and abandoning module AndroidPlatformEditor (171)
[2015.11.01-01.50.35:336][222]LogModuleManager: Shutting down and abandoning module IOSRuntimeSettings (170)
[2015.11.01-01.50.35:336][222]LogModuleManager: Shutting down and abandoning module AndroidRuntimeSettings (169)
[2015.11.01-01.50.35:336][222]LogModuleManager: Shutting down and abandoning module MergeActors (168)
[2015.11.01-01.50.35:377][222]LogModuleManager: Shutting down and abandoning module SizeMap (167)
[2015.11.01-01.50.35:377][222]LogModuleManager: Shutting down and abandoning module TreeMap (166)
[2015.11.01-01.50.35:389][222]LogModuleManager: Shutting down and abandoning module ReferenceViewer (165)
[2015.11.01-01.50.35:389][222]LogModuleManager: Shutting down and abandoning module LocalizationService (164)
[2015.11.01-01.50.35:442][222]LogModuleManager: Shutting down and abandoning module LocalizationDashboard (163)
[2015.11.01-01.50.35:489][222]LogModuleManager: Shutting down and abandoning module HardwareTargeting (162)
[2015.11.01-01.50.35:489][222]LogModuleManager: Shutting down and abandoning module DeviceProfileEditor (161)
[2015.11.01-01.50.35:489][222]LogModuleManager: Shutting down and abandoning module UndoHistory (160)
[2015.11.01-01.50.35:497][222]LogModuleManager: Shutting down and abandoning module GameplayTagsEditor (159)
[2015.11.01-01.50.35:497][222]LogModuleManager: Shutting down and abandoning module UserFeedback (158)
[2015.11.01-01.50.35:497][222]LogModuleManager: Shutting down and abandoning module XmlParser (157)
[2015.11.01-01.50.35:497][222]LogModuleManager: Shutting down and abandoning module Blutility (156)
[2015.11.01-01.50.35:497][222]LogModuleManager: Shutting down and abandoning module ProjectTargetPlatformEditor (155)
[2015.11.01-01.50.35:577][222]LogModuleManager: Shutting down and abandoning module ProjectSettingsViewer (154)
[2015.11.01-01.50.35:577][222]LogModuleManager: Shutting down and abandoning module InputBindingEditor (153)
[2015.11.01-01.50.35:647][222]LogModuleManager: Shutting down and abandoning module EditorSettingsViewer (152)
[2015.11.01-01.50.35:647][222]LogModuleManager: Shutting down and abandoning module SettingsEditor (151)
[2015.11.01-01.50.35:705][222]LogModuleManager: Shutting down and abandoning module ProjectLauncher (150)
[2015.11.01-01.50.35:717][222]LogModuleManager: Shutting down and abandoning module SessionFrontend (149)
[2015.11.01-01.50.35:722][222]LogModuleManager: Shutting down and abandoning module ProfilerClient (148)
[2015.11.01-01.50.35:732][222]LogModuleManager: Shutting down and abandoning module TargetDeviceServices (147)
[2015.11.01-01.50.35:738][222]LogModuleManager: Shutting down and abandoning module DeviceManager (146)
[2015.11.01-01.50.35:749][222]LogModuleManager: Shutting down and abandoning module AutomationController (145)
[2015.11.01-01.50.35:753][222]LogModuleManager: Shutting down and abandoning module AutomationWindow (144)
[2015.11.01-01.50.35:766][222]LogModuleManager: Shutting down and abandoning module Layers (143)
[2015.11.01-01.50.35:784][222]LogModuleManager: Shutting down and abandoning module ComponentVisualizers (142)
[2015.11.01-01.50.35:784][222]LogModuleManager: Shutting down and abandoning module DetailCustomizations (141)
[2015.11.01-01.50.35:789][222]LogModuleManager: Shutting down and abandoning module PackagesDialog (140)
[2015.11.01-01.50.35:790][222]LogModuleManager: Shutting down and abandoning module Persona (139)
[2015.11.01-01.50.35:806][222]LogModuleManager: Shutting down and abandoning module Kismet (138)
[2015.11.01-01.50.35:826][222]LogModuleManager: Shutting down and abandoning module GraphEditor (137)
[2015.11.01-01.50.35:826][222]LogModuleManager: Shutting down and abandoning module ClassViewer (136)
[2015.11.01-01.50.35:835][222]LogModuleManager: Shutting down and abandoning module Toolbox (135)
[2015.11.01-01.50.35:835][222]LogModuleManager: Shutting down and abandoning module ModuleUI (134)
[2015.11.01-01.50.35:842][222]LogModuleManager: Shutting down and abandoning module MovieSceneTools (133)
[2015.11.01-01.50.35:842][222]LogModuleManager: Shutting down and abandoning module OutputLog (132)
[2015.11.01-01.50.35:851][222]LogModuleManager: Shutting down and abandoning module GammaUI (131)
[2015.11.01-01.50.35:858][222]LogModuleManager: Shutting down and abandoning module Documentation (130)
[2015.11.01-01.50.35:858][222]LogModuleManager: Shutting down and abandoning module GameLiveStreaming (129)
[2015.11.01-01.50.35:865][222]LogModuleManager: Shutting down and abandoning module StreamingPauseRendering (128)
[2015.11.01-01.50.35:865][222]LogModuleManager: Shutting down and abandoning module AnalyticsET (127)
[2015.11.01-01.50.35:865][222]LogModuleManager: Shutting down and abandoning module Analytics (126)
[2015.11.01-01.50.35:865][222]LogModuleManager: Shutting down and abandoning module AITestSuite (125)
[2015.11.01-01.50.35:872][222]LogModuleManager: Shutting down and abandoning module GameplayDebugger (124)
[2015.11.01-01.50.35:872][222]LogModuleManager: Shutting down and abandoning module AIModule (123)
[2015.11.01-01.50.35:872][222]LogModuleManager: Shutting down and abandoning module ProfilerService (122)
[2015.11.01-01.50.36:045][222]LogModuleManager: Shutting down and abandoning module TaskGraph (121)
[2015.11.01-01.50.36:061][222]LogModuleManager: Shutting down and abandoning module SlateRemote (120)
[2015.11.01-01.50.36:061][222]LogModuleManager: Shutting down and abandoning module SteamVRController (119)
[2015.11.01-01.50.36:061][222]LogModuleManager: Shutting down and abandoning module SteamVR (118)
[2015.11.01-01.50.36:061][222]LogModuleManager: Shutting down and abandoning module ProceduralMeshComponent (117)
[2015.11.01-01.50.36:061][222]LogModuleManager: Shutting down and abandoning module OculusRift (116)
[2015.11.01-01.50.36:061][222]LogModuleManager: Shutting down and abandoning module OculusLibrary (115)
[2015.11.01-01.50.36:061][222]LogModuleManager: Shutting down and abandoning module LeapMotionController (114)
[2015.11.01-01.50.36:151][222]LogModuleManager: Shutting down and abandoning module CustomMeshComponent (113)
[2015.11.01-01.50.36:164][222]LogModuleManager: Shutting down and abandoning module CableComponent (112)
[2015.11.01-01.50.36:164][222]LogModuleManager: Shutting down and abandoning module ArchVisCharacter (111)
[2015.11.01-01.50.36:164][222]LogModuleManager: Shutting down and abandoning module MessagingDebugger (110)
[2015.11.01-01.50.36:237][222]LogModuleManager: Shutting down and abandoning module MediaPlayerEditor (109)
[2015.11.01-01.50.36:268][222]LogModuleManager: Shutting down and abandoning module HTML5Networking (108)
[2015.11.01-01.50.36:268][222]LogModuleManager: Shutting down and abandoning module SpeedTreeImporter (107)
[2015.11.01-01.50.36:268][222]LogModuleManager: Shutting down and abandoning module PluginBrowser (106)
[2015.11.01-01.50.36:276][222]LogModuleManager: Shutting down and abandoning module EpicSurvey (105)
[2015.11.01-01.50.36:276][222]LogModuleManager: Shutting down and abandoning module DesktopPlatform (104)
[2015.11.01-01.50.36:285][222]LogModuleManager: Shutting down and abandoning module VisualStudioSourceCodeAccess (103)
[2015.11.01-01.50.36:285][222]LogModuleManager: Shutting down and abandoning module UObjectPlugin (102)
[2015.11.01-01.50.36:285][222]LogModuleManager: Shutting down and abandoning module SubversionSourceControl (101)
[2015.11.01-01.50.36:292][222]LogModuleManager: Shutting down and abandoning module PerforceSourceControl (100)
[2015.11.01-01.50.36:303][222]LogModuleManager: Shutting down and abandoning module SourceControl (99)
[2015.11.01-01.50.36:308][222]LogModuleManager: Shutting down and abandoning module GitSourceControl (98)
[2015.11.01-01.50.36:314][222]LogModuleManager: Shutting down and abandoning module LightPropagationVolumeEditor (97)
[2015.11.01-01.50.36:314][222]LogModuleManager: Shutting down and abandoning module PaperTiledImporter (96)
[2015.11.01-01.50.36:324][222]LogModuleManager: Shutting down and abandoning module PaperSpriteSheetImporter (95)
[2015.11.01-01.50.36:329][222]LogModuleManager: Shutting down and abandoning module MeshPaint (94)
[2015.11.01-01.50.36:334][222]LogModuleManager: Shutting down and abandoning module SlateReflector (93)
[2015.11.01-01.50.36:341][222]LogModuleManager: Shutting down and abandoning module HotReload (92)
[2015.11.01-01.50.36:352][222]LogModuleManager: Shutting down and abandoning module MainFrame (91)
[2015.11.01-01.50.36:352][222]LogModuleManager: Shutting down and abandoning module LevelEditor (90)
[2015.11.01-01.50.36:359][222]LogModuleManager: Shutting down and abandoning module DirectoryWatcher (89)
[2015.11.01-01.50.36:363][222]LogModuleManager: Shutting down and abandoning module AssetRegistry (88)
[2015.11.01-01.50.36:455][222]LogModuleManager: Shutting down and abandoning module ContentBrowser (87)
[2015.11.01-01.50.36:456][222]LogModuleManager: Shutting down and abandoning module Paper2DEditor (86)
[2015.11.01-01.50.36:473][222]LogModuleManager: Shutting down and abandoning module UdpMessaging (85)
[2015.11.01-01.50.36:574][222]LogModuleManager: Shutting down and abandoning module LightPropagationVolumeRuntime (84)
[2015.11.01-01.50.36:574][222]LogModuleManager: Shutting down and abandoning module Paper2D (83)
[2015.11.01-01.50.36:585][222]LogModuleManager: Shutting down and abandoning module WindowsMoviePlayer (82)
[2015.11.01-01.50.36:590][222]LogModuleManager: Shutting down and abandoning module Media (81)
[2015.11.01-01.50.36:590][222]LogModuleManager: Shutting down and abandoning module WmfMedia (80)
[2015.11.01-01.50.36:590][222]LogModuleManager: Shutting down and abandoning module OnlineBlueprintSupport (79)
[2015.11.01-01.50.36:590][222]LogModuleManager: Shutting down and abandoning module GameplayTasksEditor (78)
[2015.11.01-01.50.36:590][222]LogModuleManager: Shutting down and abandoning module PropertyEditor (77)
[2015.11.01-01.50.36:590][222]LogModuleManager: Shutting down and abandoning module BehaviorTreeEditor (76)
[2015.11.01-01.50.36:612][222]LogModuleManager: Shutting down and abandoning module FunctionalTesting (75)
[2015.11.01-01.50.36:612][222]LogModuleManager: Shutting down and abandoning module CollisionAnalyzer (74)
[2015.11.01-01.50.36:629][222]LogModuleManager: Shutting down and abandoning module WorkspaceMenuStructure (73)
[2015.11.01-01.50.36:629][222]LogModuleManager: Shutting down and abandoning module MessageLog (72)
[2015.11.01-01.50.36:629][222]LogModuleManager: Shutting down and abandoning module Sequencer (71)
[2015.11.01-01.50.36:641][222]LogModuleManager: Shutting down and abandoning module AssetTools (70)
[2015.11.01-01.50.36:660][222]LogModuleManager: Shutting down and abandoning module UMGEditor (69)
[2015.11.01-01.50.36:671][222]LogModuleManager: Shutting down and abandoning module UMG (68)
[2015.11.01-01.50.36:676][222]LogModuleManager: Shutting down and abandoning module Slate (67)
[2015.11.01-01.50.36:676][222]LogModuleManager: Shutting down and abandoning module EditorStyle (66)
[2015.11.01-01.50.36:679][222]LogModuleManager: Shutting down and abandoning module SessionServices (65)
[2015.11.01-01.50.36:679][222]LogModuleManager: Shutting down and abandoning module SourceCodeAccess (64)
[2015.11.01-01.50.36:679][222]LogModuleManager: Shutting down and abandoning module HeadMountedDisplay (63)
[2015.11.01-01.50.36:679][222]LogModuleManager: Shutting down and abandoning module XAudio2 (62)
[2015.11.01-01.50.36:679][222]LogModuleManager: Shutting down and abandoning module Networking (60)
[2015.11.01-01.50.36:679][222]LogModuleManager: Shutting down and abandoning module Core (59)
[2015.11.01-01.50.36:679][222]LogModuleManager: Shutting down and abandoning module KismetCompiler (58)
[2015.11.01-01.50.36:679][222]LogModuleManager: Shutting down and abandoning module PhysXFormats (57)
[2015.11.01-01.50.36:679][222]LogModuleManager: Shutting down and abandoning module MeshUtilities (56)
[2015.11.01-01.50.36:684][222]LogModuleManager: Shutting down and abandoning module CookingStats (55)
[2015.11.01-01.50.36:709][222]LogModuleManager: Shutting down and abandoning module DerivedDataCache (54)
[2015.11.01-01.50.36:722][222]LogDerivedDataCache: Shutdown
[2015.11.01-01.50.36:722][222]LogModuleManager: Shutting down and abandoning module ShaderFormatOpenGL (53)
[2015.11.01-01.50.36:736][222]LogModuleManager: Shutting down and abandoning module ShaderFormatD3D (52)
[2015.11.01-01.50.36:737][222]LogModuleManager: Shutting down and abandoning module MetalShaderFormat (51)
[2015.11.01-01.50.36:741][222]LogModuleManager: Shutting down and abandoning module TextureFormatUncompressed (50)
[2015.11.01-01.50.36:741][222]LogModuleManager: Shutting down and abandoning module TextureFormatPVR (49)
[2015.11.01-01.50.36:741][222]LogModuleManager: Shutting down and abandoning module TextureFormatIntelISPCTexComp (48)
[2015.11.01-01.50.36:741][222]LogModuleManager: Shutting down and abandoning module TextureFormatDXT (47)
[2015.11.01-01.50.36:741][222]LogModuleManager: Shutting down and abandoning module ImageWrapper (46)
[2015.11.01-01.50.36:741][222]LogModuleManager: Shutting down and abandoning module TextureFormatASTC (45)
[2015.11.01-01.50.36:741][222]LogModuleManager: Shutting down and abandoning module TextureFormatAndroid (44)
[2015.11.01-01.50.36:741][222]LogModuleManager: Shutting down and abandoning module AudioFormatOpus (43)
[2015.11.01-01.50.36:780][222]LogModuleManager: Shutting down and abandoning module AudioFormatOgg (42)
[2015.11.01-01.50.36:781][222]LogModuleManager: Shutting down and abandoning module AudioFormatADPCM (41)
[2015.11.01-01.50.36:781][222]LogModuleManager: Shutting down and abandoning module LinuxTarg