Log file open, 04/13/16 19:45:57
LogInit:Display: Running engine for game: PonyKart
LogPlatformFile: Not using cached read wrapper
LogInit:Display: RandInit(1459042971) SRandInit(1459042972).
LogTaskGraph: Started task graph with 4 named threads and 7 total threads.
LogStats: Stats thread started at 0.056273
LogHMD: Can't find Oculus library dev build: is proper Runtime installed? Version: 0.8.0.0
LogInit: Version: 4.11.0-2927265+++UE4+Release-4.11
LogInit: API Version: 2927265
LogInit: Compiled (64-bit): Mar 30 2016 02:13:55
LogInit: Compiled with Visual C++: 19.00.23026.00
LogInit: Build Configuration: Development
LogInit: Branch Name: ++UE4+Release-4.11
LogInit: Command line:  
LogInit: Base directory: C:/Program Files (x86)/Epic Games/4.11/Engine/Binaries/Win64/
LogInit: Installed Engine Build: 1
LogInit: Using libcurl 7.41.0
LogInit:  - built for x86_64-pc-win32
LogInit:  - supports SSL with WinSSL
LogInit:  - other features:
LogInit:      CURL_VERSION_SSL
LogInit:      CURL_VERSION_IPV6
LogInit:      CURL_VERSION_ASYNCHDNS
LogInit:      CURL_VERSION_LARGEFILE
LogInit:      CURL_VERSION_IDN
LogInit:  CurlRequestOptions (configurable via config and command line):
LogInit:  - bVerifyPeer = true  - Libcurl will verify peer certificate
LogInit:  - bUseHttpProxy = false  - Libcurl will NOT use HTTP proxy
LogInit:  - bDontReuseConnections = false  - Libcurl will reuse connections
LogInit:  - CertBundlePath = nullptr  - Libcurl will use whatever was configured at build time.
LogInit: Presizing for max 16777216 objects, including 0 objects not considered by GC, pre-allocating 0 bytes for permanent pool.
LogInit: Object subsystem initialized
[2016.04.13-23.45.57:860][  0]LogInit: Selected Device Profile: [Windows]
[2016.04.13-23.45.57:860][  0]LogInit: Applying CVar settings loaded from the selected device profile: [Windows]
[2016.04.13-23.45.57:870][  0]LogInit: Computer: FULL_TOWER
[2016.04.13-23.45.57:870][  0]LogInit: User: Sharpe
[2016.04.13-23.45.57:870][  0]LogInit: CPU Page size=65536, Cores=4
[2016.04.13-23.45.57:870][  0]LogInit: High frequency timer resolution =3.418027 MHz
[2016.04.13-23.45.57:870][  0]LogMemory: Memory total: Physical=7.9GB (8GB approx)
[2016.04.13-23.45.57:870][  0]LogMemory: Platform Memory Stats for Windows
[2016.04.13-23.45.57:870][  0]LogMemory: Process Physical Memory: 312.58 MB used, 312.58 MB peak
[2016.04.13-23.45.57:870][  0]LogMemory: Process Virtual Memory: 316.72 MB used, 316.72 MB peak
[2016.04.13-23.45.57:870][  0]LogMemory: Physical Memory: 3111.99 MB used, 8136.00 MB total
[2016.04.13-23.45.57:870][  0]LogMemory: Virtual Memory: 618.05 MB used, 8388608.00 MB total
[2016.04.13-23.45.57:899][  0]LogTextLocalizationManager: No specific translations for ('en-US') exist, so ('en') translations will be used.
[2016.04.13-23.45.58:218][  0]LogD3D11RHI: D3D11 adapters:
[2016.04.13-23.45.58:238][  0]LogD3D11RHI:    0. 'NVIDIA GeForce GTX 770' (Feature Level 11_0)
[2016.04.13-23.45.58:238][  0]LogD3D11RHI:       1989MB of dedicated video memory, 0MB of dedicated system memory, and 2048MB of shared system memory, 1 output[s]
[2016.04.13-23.45.58:238][  0]LogD3D11RHI: Chosen D3D11 Adapter: 0
[2016.04.13-23.45.58:241][  0]LogD3D11RHI: Creating new Direct3DDevice
[2016.04.13-23.45.58:241][  0]LogD3D11RHI:     Adapter Name: NVIDIA GeForce GTX 770
[2016.04.13-23.45.58:241][  0]LogD3D11RHI:   Driver Version: Unknown (internal Unknown)
[2016.04.13-23.45.58:241][  0]LogD3D11RHI:      Driver Date: Unknown
[2016.04.13-23.45.58:241][  0]LogRHI: Texture pool is 1361 MB (70% of 1945 MB)
[2016.04.13-23.45.58:249][  0]LogD3D11RHI: Async texture creation enabled
[2016.04.13-23.45.58:263][  0]LogShaderCompilers: Guid format shader working directory is -45 characters bigger than the processId version (../../../../../../Users/Sharpe/Documents/GitHub/PonyKart-UE4/PonyKart Project Build/PonyKart/Intermediate/Shaders/WorkingDirectory/7032/).
[2016.04.13-23.45.58:263][  0]LogShaderCompilers: Cleaned the shader compiler working directory 'C:/Users/Sharpe/AppData/Local/Temp/UnrealShaderWorkingDir/E7F33FDB4D1AFDB32B36FBB93A28E346/'.
[2016.04.13-23.45.58:263][  0]LogShaderCompilers:Display: Using Local Shader Compiler.
[2016.04.13-23.45.59:733][  0]LogTemp:Display: Loaded TP AllDesktopTargetPlatform
[2016.04.13-23.45.59:736][  0]LogTemp:Display: Loaded TP WindowsClientTargetPlatform
[2016.04.13-23.45.59:739][  0]LogTemp:Display: Loaded TP WindowsNoEditorTargetPlatform
[2016.04.13-23.45.59:742][  0]LogTemp:Display: Loaded TP WindowsServerTargetPlatform
[2016.04.13-23.45.59:745][  0]LogTemp:Display: Loaded TP WindowsTargetPlatform
[2016.04.13-23.45.59:748][  0]LogTemp:Display: Loaded TP AndroidTargetPlatform
[2016.04.13-23.45.59:750][  0]LogTemp:Display: Loaded TP Android_ASTCTargetPlatform
[2016.04.13-23.45.59:752][  0]LogTemp:Display: Loaded TP Android_ATCTargetPlatform
[2016.04.13-23.45.59:754][  0]LogTemp:Display: Loaded TP Android_DXTTargetPlatform
[2016.04.13-23.45.59:757][  0]LogTemp:Display: Loaded TP Android_ETC1TargetPlatform
[2016.04.13-23.45.59:759][  0]LogTemp:Display: Loaded TP Android_ETC2TargetPlatform
[2016.04.13-23.45.59:764][  0]LogTemp:Display: Loaded TP Android_MultiTargetPlatform
[2016.04.13-23.45.59:764][  0]LogTemp:Display: Loaded TP Android_PVRTCTargetPlatform
[2016.04.13-23.45.59:765][  0]LogTemp:Display: Loaded TP HTML5TargetPlatform
[2016.04.13-23.45.59:779][  0]LogTemp:Display: Loaded TP IOSTargetPlatform
[2016.04.13-23.45.59:781][  0]LogTemp:Display: Loaded TP TVOSTargetPlatform
[2016.04.13-23.45.59:783][  0]LogTemp:Display: Loaded TP LinuxNoEditorTargetPlatform
[2016.04.13-23.45.59:785][  0]LogTemp:Display: Loaded TP LinuxServerTargetPlatform
[2016.04.13-23.45.59:788][  0]LogTemp:Display: Loaded TP LinuxTargetPlatform
[2016.04.13-23.45.59:788][  0]LogTargetPlatformManager:Display: Building Assets For Windows
[2016.04.13-23.45.59:831][  0]LogDerivedDataCache:Display: Max Cache Size: 512 MB
[2016.04.13-23.46.00:401][  0]LogDerivedDataCache: Loaded boot cache 0.57s 44MB C:/Users/Sharpe/AppData/Local/UnrealEngine/4.11/DerivedDataCache/Boot.ddc.
[2016.04.13-23.46.00:401][  0]LogDerivedDataCache:Display: Loaded Boot cache: C:/Users/Sharpe/AppData/Local/UnrealEngine/4.11/DerivedDataCache/Boot.ddc
[2016.04.13-23.46.00:401][  0]LogDerivedDataCache: FDerivedDataBackendGraph:  Pak pak cache file ../../../../../../Users/Sharpe/Documents/GitHub/PonyKart-UE4/PonyKart Project Build/PonyKart/DerivedDataCache/DDC.ddp not found, will not use a pak cache.
[2016.04.13-23.46.00:401][  0]LogDerivedDataCache: Unable to find inner node Pak for hierarchical cache Hierarchy.
[2016.04.13-23.46.00:401][  0]LogDerivedDataCache: FDerivedDataBackendGraph:  CompressedPak pak cache file ../../../../../../Users/Sharpe/Documents/GitHub/PonyKart-UE4/PonyKart Project Build/PonyKart/DerivedDataCache/Compressed.ddp not found, will not use a pak cache.
[2016.04.13-23.46.00:401][  0]LogDerivedDataCache: Unable to find inner node CompressedPak for hierarchical cache Hierarchy.
[2016.04.13-23.46.00:440][  0]LogDerivedDataCache:Display: Pak cache opened for reading ../../../Engine/DerivedDataCache/Compressed.ddp.
[2016.04.13-23.46.00:451][  0]LogDerivedDataCache: Using Local data cache path C:/Users/Sharpe/AppData/Local/UnrealEngine/Common/DerivedDataCache: Writable
[2016.04.13-23.46.00:757][  0]LogInit: Selected Device Profile: [Windows]
[2016.04.13-23.46.00:757][  0]LogContentStreaming: Texture pool size is 0.00 MB
[2016.04.13-23.46.00:774][  0]LogMaterial: Uniform references updated for custom material expression Custom.
[2016.04.13-23.46.00:892][  0]LogMeshUtilities: No automatic mesh reduction module available
[2016.04.13-23.46.00:892][  0]LogMeshUtilities: No automatic mesh merging module available
[2016.04.13-23.46.00:892][  0]LogMeshUtilities: No distributed automatic mesh merging module available
[2016.04.13-23.46.01:088][  0]LogUObjectArray: 27674 objects as part of root set at end of initial load.
[2016.04.13-23.46.01:088][  0]LogUObjectAllocator: 5590328 out of 0 bytes used by permanent object pool.
[2016.04.13-23.46.01:088][  0]LogUObjectArray: CloseDisregardForGC: 0/0 objects in disregard for GC pool
[2016.04.13-23.46.01:092][  0]LogInit: WinSock: version 1.1 (2.2), MaxSocks=32767, MaxUdp=65467
[2016.04.13-23.46.01:183][  0]LogSlate: SlateFontCache - WITH_FREETYPE: 1, WITH_HARFBUZZ: 1
[2016.04.13-23.46.01:183][  0]LogSlate: SlateFontCache - WITH_FREETYPE: 1, WITH_HARFBUZZ: 1
[2016.04.13-23.46.01:299][  0]LogStreaming:Warning: Failed to read file '../../../Engine/Content/Editor/Slate/Common/Selection_16x.png' error.
[2016.04.13-23.46.01:299][  0]LogSlate: Could not find file for Slate resource: ../../../Engine/Content/Editor/Slate/Common/Selection_16x.png
[2016.04.13-23.46.01:299][  0]LogStreaming:Warning: Failed to read file '../../../Engine/Content/Editor/Slate/Common/Selection_16x.png' error.
[2016.04.13-23.46.01:299][  0]LogSlate: Could not find file for Slate resource: ../../../Engine/Content/Editor/Slate/Common/Selection_16x.png
[2016.04.13-23.46.01:299][  0]LogStreaming:Warning: Failed to read file '../../../Engine/Content/Editor/Slate/Common/Selection_16x.png' error.
[2016.04.13-23.46.01:299][  0]LogSlate: Could not find file for Slate resource: ../../../Engine/Content/Editor/Slate/Common/Selection_16x.png
[2016.04.13-23.46.01:704][  0]LogUdpMessaging: Initializing bridge on interface 0.0.0.0:0 to multicast group 230.0.0.1:6666.
[2016.04.13-23.46.01:792][  0]LogAssetRegistry: FAssetRegistry took 0.0203 seconds to start up
[2016.04.13-23.46.01:893][  0]SourceControl: Info Source control is disabled
[2016.04.13-23.46.01:893][  0]SourceControl: Info Source control is disabled
[2016.04.13-23.46.01:898][  0]SourceControl: Info Source control is disabled
[2016.04.13-23.46.01:902][  0]SourceControl: Info Source control is disabled
[2016.04.13-23.46.02:024][  0]LogEngine: Initializing Engine...
[2016.04.13-23.46.02:025][  0]LogHMD: SteamVR failed to initialize.  Err: 110
[2016.04.13-23.46.02:129][  0]LogAIModule: Creating AISystem for world NewWorld
[2016.04.13-23.46.02:134][  0]LogInit: XAudio2 using 'Speakers (Turtle Beach PX22)' : 2 channels at 48 kHz using 16 bits per sample (channel mask 0x3)
[2016.04.13-23.46.02:146][  0]LogInit: FAudioDevice initialized.
[2016.04.13-23.46.02:171][  0]LogDerivedDataCache: Saved boot cache 0.02s 44MB C:/Users/Sharpe/AppData/Local/UnrealEngine/4.11/DerivedDataCache/Boot.ddc.
[2016.04.13-23.46.02:175][  0]LogInit: Texture streaming: Enabled
[2016.04.13-23.46.02:363][  0]LogInit: Transaction tracking system initialized
[2016.04.13-23.46.02:391][  0]BlueprintLog: New page: Editor Load
[2016.04.13-23.46.02:494][  0]LocalizationService: Info Localization service is disabled
[2016.04.13-23.46.02:539][  0]LogConsoleResponse:Display: 
[2016.04.13-23.46.02:652][  0]LogCook:Display: Max memory allowance for cook 8192mb
[2016.04.13-23.46.02:652][  0]LogCook:Display: Mobile HDR setting 1
[2016.04.13-23.46.02:652][  0]LogCook:Display: Done creating registry. It took  0.00s.
[2016.04.13-23.46.02:682][  0]LogFileCache: Scanning file cache for directory 'C:/Users/Sharpe/Documents/GitHub/PonyKart-UE4/PonyKart Project Build/PonyKart/Content/' took 0.01s
[2016.04.13-23.46.02:682][  0]SourceControl: Info Source control is disabled
[2016.04.13-23.46.02:683][  0]Cmd: MAP LOAD FILE="../../../../../../Users/Sharpe/Documents/GitHub/PonyKart-UE4/PonyKart Project Build/PonyKart/Content/Levels/KartTestLevel.umap" TEMPLATE=0 SHOWPROGRESS=1 FEATURELEVEL=3
[2016.04.13-23.46.02:683][  0]LightingResults: New page: Lighting Build
[2016.04.13-23.46.02:685][  0]MapCheck: New page: Map Check
[2016.04.13-23.46.02:685][  0]LightingResults: New page: Lighting Build
[2016.04.13-23.46.02:991][  0]LogLinker:Warning: Can't find file '/Game/Models/Import/Materials/MaterialInstances/SolidOrange'
[2016.04.13-23.46.02:991][  0]LogLinker:Warning: Can't find file for asset '/Game/Models/Import/Materials/MaterialInstances/SolidOrange' while loading ../../../../../../Users/Sharpe/Documents/GitHub/PonyKart-UE4/PonyKart Project Build/PonyKart/Content/Models/TrackAssets/ArenaModels/ArenaMesh/BumpWave.uasset.
[2016.04.13-23.46.02:991][  0]LoadErrors:Error: Error /Game/Models/TrackAssets/ArenaModels/ArenaMesh/BumpWave : Can't find file for asset. /Game/Models/Import/Materials/MaterialInstances/SolidOrange
[2016.04.13-23.46.02:991][  0]LogLinker:Warning: Can't find file '/Game/Models/Import/Materials/MaterialInstances/SolidOrange'
[2016.04.13-23.46.02:991][  0]LogLinker:Warning: Can't find file for asset '/Game/Models/Import/Materials/MaterialInstances/SolidOrange' while loading ../../../../../../Users/Sharpe/Documents/GitHub/PonyKart-UE4/PonyKart Project Build/PonyKart/Content/Models/TrackAssets/ArenaModels/ArenaMesh/BumpWave.uasset.
[2016.04.13-23.46.02:991][  0]LoadErrors:Error: Error /Game/Models/TrackAssets/ArenaModels/ArenaMesh/BumpWave : Can't find file for asset. /Game/Models/Import/Materials/MaterialInstances/SolidOrange
[2016.04.13-23.46.02:992][  0]LogLinker:Warning: Can't find file '/Game/Models/Import/Materials/MaterialInstances/SolidOrange'
[2016.04.13-23.46.02:992][  0]LogLinker:Warning: Can't find file for asset '/Game/Models/Import/Materials/MaterialInstances/SolidOrange' while loading ../../../../../../Users/Sharpe/Documents/GitHub/PonyKart-UE4/PonyKart Project Build/PonyKart/Content/Models/TrackAssets/ArenaModels/ArenaMesh/BumpWaveSmall.uasset.
[2016.04.13-23.46.02:992][  0]LoadErrors:Error: Error /Game/Models/TrackAssets/ArenaModels/ArenaMesh/BumpWaveSmall : Can't find file for asset. /Game/Models/Import/Materials/MaterialInstances/SolidOrange
[2016.04.13-23.46.02:992][  0]LogLinker:Warning: Can't find file '/Game/Models/Import/Materials/MaterialInstances/SolidOrange'
[2016.04.13-23.46.02:992][  0]LogLinker:Warning: Can't find file for asset '/Game/Models/Import/Materials/MaterialInstances/SolidOrange' while loading ../../../../../../Users/Sharpe/Documents/GitHub/PonyKart-UE4/PonyKart Project Build/PonyKart/Content/Models/TrackAssets/ArenaModels/ArenaMesh/BumpWaveSmall.uasset.
[2016.04.13-23.46.02:992][  0]LoadErrors:Error: Error /Game/Models/TrackAssets/ArenaModels/ArenaMesh/BumpWaveSmall : Can't find file for asset. /Game/Models/Import/Materials/MaterialInstances/SolidOrange
[2016.04.13-23.46.02:996][  0]LogLinker:Warning: Can't find file '/Game/Models/TrackAssets/ArenaModels/Materials/MaterialInstances/BlackGrid'
[2016.04.13-23.46.02:996][  0]LogLinker:Warning: Can't find file for asset '/Game/Models/TrackAssets/ArenaModels/Materials/MaterialInstances/BlackGrid' while loading ../../../../../../Users/Sharpe/Documents/GitHub/PonyKart-UE4/PonyKart Project Build/PonyKart/Content/Models/TrackAssets/ArenaModels/ArenaMesh/StraightFull.uasset.
[2016.04.13-23.46.02:996][  0]LoadErrors:Error: Error /Game/Models/TrackAssets/ArenaModels/ArenaMesh/StraightFull : Can't find file for asset. /Game/Models/TrackAssets/ArenaModels/Materials/MaterialInstances/BlackGrid
[2016.04.13-23.46.02:996][  0]LogLinker:Warning: Can't find file '/Game/Models/TrackAssets/ArenaModels/Materials/MaterialInstances/RedGrid'
[2016.04.13-23.46.02:996][  0]LogLinker:Warning: Can't find file for asset '/Game/Models/TrackAssets/ArenaModels/Materials/MaterialInstances/RedGrid' while loading ../../../../../../Users/Sharpe/Documents/GitHub/PonyKart-UE4/PonyKart Project Build/PonyKart/Content/Models/TrackAssets/ArenaModels/ArenaMesh/StraightFull.uasset.
[2016.04.13-23.46.02:996][  0]LoadErrors:Error: Error /Game/Models/TrackAssets/ArenaModels/ArenaMesh/StraightFull : Can't find file for asset. /Game/Models/TrackAssets/ArenaModels/Materials/MaterialInstances/RedGrid
[2016.04.13-23.46.02:996][  0]LogLinker:Warning: Can't find file '/Game/Models/TrackAssets/ArenaModels/Materials/MaterialInstances/BlackGrid'
[2016.04.13-23.46.02:996][  0]LogLinker:Warning: Can't find file for asset '/Game/Models/TrackAssets/ArenaModels/Materials/MaterialInstances/BlackGrid' while loading ../../../../../../Users/Sharpe/Documents/GitHub/PonyKart-UE4/PonyKart Project Build/PonyKart/Content/Models/TrackAssets/ArenaModels/ArenaMesh/StraightFull.uasset.
[2016.04.13-23.46.02:996][  0]LoadErrors:Error: Error /Game/Models/TrackAssets/ArenaModels/ArenaMesh/StraightFull : Can't find file for asset. /Game/Models/TrackAssets/ArenaModels/Materials/MaterialInstances/BlackGrid
[2016.04.13-23.46.02:996][  0]LogLinker:Warning: Can't find file '/Game/Models/TrackAssets/ArenaModels/Materials/MaterialInstances/RedGrid'
[2016.04.13-23.46.02:996][  0]LogLinker:Warning: Can't find file for asset '/Game/Models/TrackAssets/ArenaModels/Materials/MaterialInstances/RedGrid' while loading ../../../../../../Users/Sharpe/Documents/GitHub/PonyKart-UE4/PonyKart Project Build/PonyKart/Content/Models/TrackAssets/ArenaModels/ArenaMesh/StraightFull.uasset.
[2016.04.13-23.46.02:996][  0]LoadErrors:Error: Error /Game/Models/TrackAssets/ArenaModels/ArenaMesh/StraightFull : Can't find file for asset. /Game/Models/TrackAssets/ArenaModels/Materials/MaterialInstances/RedGrid
[2016.04.13-23.46.03:018][  0]LogLinker:Warning: Can't find file '/Game/Models/TrackAssets/ArenaModels/Materials/MaterialInstances/RedGrid'
[2016.04.13-23.46.03:018][  0]LoadErrors: Info Failed to load /Game/Models/TrackAssets/ArenaModels/Materials/MaterialInstances/RedGrid.RedGrid Referenced by StraightFull
[2016.04.13-23.46.03:018][  0]LogLinker:Warning: Can't find file for asset '/Game/Models/TrackAssets/ArenaModels/Materials/MaterialInstances/RedGrid' while loading NULL.
[2016.04.13-23.46.03:018][  0]LoadErrors: Info Failed to load /Game/Models/TrackAssets/ArenaModels/Materials/MaterialInstances/RedGrid.RedGrid Referenced by StraightFull
[2016.04.13-23.46.03:018][  0]LogLinker:Warning: Can't find file '/Game/Models/TrackAssets/ArenaModels/Materials/MaterialInstances/BlackGrid'
[2016.04.13-23.46.03:018][  0]LoadErrors: Info Failed to load /Game/Models/TrackAssets/ArenaModels/Materials/MaterialInstances/BlackGrid.BlackGrid Referenced by StraightFull
[2016.04.13-23.46.03:018][  0]LogLinker:Warning: Can't find file for asset '/Game/Models/TrackAssets/ArenaModels/Materials/MaterialInstances/BlackGrid' while loading NULL.
[2016.04.13-23.46.03:018][  0]LoadErrors: Info Failed to load /Game/Models/TrackAssets/ArenaModels/Materials/MaterialInstances/BlackGrid.BlackGrid Referenced by StraightFull
[2016.04.13-23.46.03:019][  0]LogLinker:Warning: Can't find file '/Game/Models/Import/Materials/MaterialInstances/SolidOrange'
[2016.04.13-23.46.03:019][  0]LoadErrors: Info Failed to load /Game/Models/Import/Materials/MaterialInstances/SolidOrange.SolidOrange Referenced by BumpWaveSmall
[2016.04.13-23.46.03:019][  0]LogLinker:Warning: Can't find file for asset '/Game/Models/Import/Materials/MaterialInstances/SolidOrange' while loading NULL.
[2016.04.13-23.46.03:019][  0]LoadErrors: Info Failed to load /Game/Models/Import/Materials/MaterialInstances/SolidOrange.SolidOrange Referenced by BumpWaveSmall
[2016.04.13-23.46.03:019][  0]LogLinker:Warning: Can't find file '/Game/Models/Import/Materials/MaterialInstances/SolidOrange'
[2016.04.13-23.46.03:019][  0]LoadErrors: Info Failed to load /Game/Models/Import/Materials/MaterialInstances/SolidOrange.SolidOrange Referenced by BumpWave
[2016.04.13-23.46.03:019][  0]LogLinker:Warning: Can't find file for asset '/Game/Models/Import/Materials/MaterialInstances/SolidOrange' while loading NULL.
[2016.04.13-23.46.03:019][  0]LoadErrors: Info Failed to load /Game/Models/Import/Materials/MaterialInstances/SolidOrange.SolidOrange Referenced by BumpWave
[2016.04.13-23.46.08:226][  0]LogAIModule: Creating AISystem for world KartTestLevel
[2016.04.13-23.46.08:287][  0]LogEditorServer: Finished looking for orphan Actors (0.000 secs)
[2016.04.13-23.46.08:287][  0]Cmd: MAP CHECKDEP NOCLEARLOG
[2016.04.13-23.46.08:320][  0]MapCheck: Info Map check complete: 0 Error(s), 0 Warning(s), took 32.879ms to complete.
[2016.04.13-23.46.08:320][  0]LogFileHelpers: Loading map 'KartTestLevel' took 5.637
[2016.04.13-23.46.08:415][  0]LogCollectionManager: Loaded 0 collections in 0.001372 seconds
[2016.04.13-23.46.08:452][  0]LogFileCache: Scanning file cache for directory 'C:/Users/Sharpe/Documents/GitHub/PonyKart-UE4/PonyKart Project Build/PonyKart/Saved/Collections/' took 0.01s
[2016.04.13-23.46.08:452][  0]LogFileCache: Scanning file cache for directory 'C:/Users/Sharpe/Documents/GitHub/PonyKart-UE4/PonyKart Project Build/PonyKart/Content/Developers/Sharpe/Collections/' took 0.01s
[2016.04.13-23.46.08:452][  0]LogFileCache: Scanning file cache for directory 'C:/Users/Sharpe/Documents/GitHub/PonyKart-UE4/PonyKart Project Build/PonyKart/Content/Collections/' took 0.01s
[2016.04.13-23.46.08:452][  0]LogCollectionManager: Rebuilt the GUID cache for 0 collections in 0.000002 seconds
[2016.04.13-23.46.08:458][  0]LogContentBrowser: Native class hierarchy populated in 0.0058 seconds. Added 1978 classes and 343 folders.
[2016.04.13-23.46.08:460][  0]LogStats: UGameplayTagsManager::ConstructGameplayTagTree: Construct from data asset -  0.000 s
[2016.04.13-23.46.08:460][  0]LogStats: UGameplayTagsManager::ConstructGameplayTagTree: GameplayTagTreeChangedEvent.Broadcast -  0.000 s
[2016.04.13-23.46.08:460][  0]LogContentBrowser: Native class hierarchy updated for 'GameplayTags' in 0.0003 seconds. Added 12 classes and 0 folders.
[2016.04.13-23.46.08:463][  0]LogContentBrowser: Native class hierarchy updated for 'WidgetCarousel' in 0.0002 seconds. Added 0 classes and 0 folders.
[2016.04.13-23.46.08:467][  0]LogContentBrowser: Native class hierarchy updated for 'SuperSearch' in 0.0004 seconds. Added 1 classes and 2 folders.
[2016.04.13-23.46.08:493][  0]LogContentBrowser: Native class hierarchy updated for 'AddContentDialog' in 0.0003 seconds. Added 0 classes and 0 folders.
[2016.04.13-23.46.08:496][  0]LogContentBrowser: Native class hierarchy updated for 'SceneOutliner' in 0.0003 seconds. Added 1 classes and 2 folders.
[2016.04.13-23.46.08:510][  0]LogCrashTracker: Crashtracker disabled due to settings.
[2016.04.13-23.46.08:513][  0]LogUObjectGlobals:Warning: Failed to find object 'Class None.'
[2016.04.13-23.46.08:536][  0]LogContentBrowser: Native class hierarchy updated for 'HierarchicalLODOutliner' in 0.0003 seconds. Added 1 classes and 2 folders.
[2016.04.13-23.46.08:536][  0]LogLoad: Full Startup: 11.19 seconds (BP compile: 0.09 seconds)
[2016.04.13-23.46.08:536][  0]LogExternalProfiler:Warning: No registered external profiler was matched with a command-line switch (or the DLL could not be loaded).  External profiling features will not be available.
[2016.04.13-23.46.08:545][  0]LogOcInput: Can't find Oculus library dev build: is proper Runtime installed? Version: 0.8.0.0
[2016.04.13-23.46.08:576][  0]LogContentStreaming: Texture pool size now 1000 MB
[2016.04.13-23.46.08:714][  0]LogRenderer: Reallocating scene render targets to support 1000x576 (Frame:2).
[2016.04.13-23.46.08:772][  1]LogAssetRegistry: Asset discovery search completed in 6.9996 seconds
[2016.04.13-23.46.08:772][  1]LogCollectionManager: Rebuilt the object cache for 0 collections in 0.000001 seconds (found 0 objects)
[2016.04.13-23.46.08:772][  1]LogCollectionManager: Fixed up redirectors for 0 collections in 0.000029 seconds (updated 0 objects)
[2016.04.13-23.46.51:790][520]LogLinker:Warning: Can't find file '/Game/Models/TrackAssets/ArenaModels/Materials/MaterialInstances/BlackGrid'
[2016.04.13-23.46.51:790][520]LogLinker:Warning: Can't find file for asset '/Game/Models/TrackAssets/ArenaModels/Materials/MaterialInstances/BlackGrid' while loading ../../../../../../Users/Sharpe/Documents/GitHub/PonyKart-UE4/PonyKart Project Build/PonyKart/Content/Models/TrackAssets/ArenaModels/ArenaMesh/StraightHalf.uasset.
[2016.04.13-23.46.51:790][520]LoadErrors:Error: Error /Game/Models/TrackAssets/ArenaModels/ArenaMesh/StraightHalf : Can't find file for asset. /Game/Models/TrackAssets/ArenaModels/Materials/MaterialInstances/BlackGrid
[2016.04.13-23.46.51:790][520]LogLinker:Warning: Can't find file '/Game/Models/TrackAssets/ArenaModels/Materials/MaterialInstances/RedGrid'
[2016.04.13-23.46.51:790][520]LogLinker:Warning: Can't find file for asset '/Game/Models/TrackAssets/ArenaModels/Materials/MaterialInstances/RedGrid' while loading ../../../../../../Users/Sharpe/Documents/GitHub/PonyKart-UE4/PonyKart Project Build/PonyKart/Content/Models/TrackAssets/ArenaModels/ArenaMesh/StraightHalf.uasset.
[2016.04.13-23.46.51:790][520]LoadErrors:Error: Error /Game/Models/TrackAssets/ArenaModels/ArenaMesh/StraightHalf : Can't find file for asset. /Game/Models/TrackAssets/ArenaModels/Materials/MaterialInstances/RedGrid
[2016.04.13-23.46.51:790][520]LogLinker:Warning: Can't find file '/Game/Models/TrackAssets/ArenaModels/Materials/MaterialInstances/BlackGrid'
[2016.04.13-23.46.51:791][520]LogLinker:Warning: Can't find file for asset '/Game/Models/TrackAssets/ArenaModels/Materials/MaterialInstances/BlackGrid' while loading ../../../../../../Users/Sharpe/Documents/GitHub/PonyKart-UE4/PonyKart Project Build/PonyKart/Content/Models/TrackAssets/ArenaModels/ArenaMesh/StraightHalf.uasset.
[2016.04.13-23.46.51:791][520]LogLinker:Warning: Can't find file '/Game/Models/TrackAssets/ArenaModels/Materials/MaterialInstances/RedGrid'
[2016.04.13-23.46.51:791][520]LogLinker:Warning: Can't find file for asset '/Game/Models/TrackAssets/ArenaModels/Materials/MaterialInstances/RedGrid' while loading ../../../../../../Users/Sharpe/Documents/GitHub/PonyKart-UE4/PonyKart Project Build/PonyKart/Content/Models/TrackAssets/ArenaModels/ArenaMesh/StraightHalf.uasset.
[2016.04.13-23.46.51:791][520]LogLinker:Warning: Can't find file '/Game/Models/TrackAssets/ArenaModels/Materials/MaterialInstances/RedGrid'
[2016.04.13-23.46.51:791][520]LoadErrors: Info Failed to load /Game/Models/TrackAssets/ArenaModels/Materials/MaterialInstances/RedGrid.RedGrid Referenced by StraightHalf
[2016.04.13-23.46.51:791][520]LogLinker:Warning: Can't find file for asset '/Game/Models/TrackAssets/ArenaModels/Materials/MaterialInstances/RedGrid' while loading NULL.
[2016.04.13-23.46.51:792][520]LogLinker:Warning: Can't find file '/Game/Models/TrackAssets/ArenaModels/Materials/MaterialInstances/BlackGrid'
[2016.04.13-23.46.51:792][520]LoadErrors: Info Failed to load /Game/Models/TrackAssets/ArenaModels/Materials/MaterialInstances/BlackGrid.BlackGrid Referenced by StraightHalf
[2016.04.13-23.46.51:792][520]LogLinker:Warning: Can't find file for asset '/Game/Models/TrackAssets/ArenaModels/Materials/MaterialInstances/BlackGrid' while loading NULL.
[2016.04.13-23.47.12:733][809]LogLinker:Warning: Can't find file '/Game/Models/TrackAssets/ArenaModels/Materials/MaterialInstances/BlackGrid'
[2016.04.13-23.47.12:734][809]LogLinker:Warning: Can't find file for asset '/Game/Models/TrackAssets/ArenaModels/Materials/MaterialInstances/BlackGrid' while loading ../../../../../../Users/Sharpe/Documents/GitHub/PonyKart-UE4/PonyKart Project Build/PonyKart/Content/Models/TrackAssets/ArenaModels/ArenaMesh/StraightQuarter.uasset.
[2016.04.13-23.47.12:734][809]LoadErrors:Error: Error /Game/Models/TrackAssets/ArenaModels/ArenaMesh/StraightQuarter : Can't find file for asset. /Game/Models/TrackAssets/ArenaModels/Materials/MaterialInstances/BlackGrid
[2016.04.13-23.47.12:734][809]LogLinker:Warning: Can't find file '/Game/Models/TrackAssets/ArenaModels/Materials/MaterialInstances/RedGrid'
[2016.04.13-23.47.12:735][809]LogLinker:Warning: Can't find file for asset '/Game/Models/TrackAssets/ArenaModels/Materials/MaterialInstances/RedGrid' while loading ../../../../../../Users/Sharpe/Documents/GitHub/PonyKart-UE4/PonyKart Project Build/PonyKart/Content/Models/TrackAssets/ArenaModels/ArenaMesh/StraightQuarter.uasset.
[2016.04.13-23.47.12:735][809]LoadErrors:Error: Error /Game/Models/TrackAssets/ArenaModels/ArenaMesh/StraightQuarter : Can't find file for asset. /Game/Models/TrackAssets/ArenaModels/Materials/MaterialInstances/RedGrid
[2016.04.13-23.47.12:735][809]LogLinker:Warning: Can't find file '/Game/Models/TrackAssets/ArenaModels/Materials/MaterialInstances/BlackGrid'
[2016.04.13-23.47.12:736][809]LogLinker:Warning: Can't find file for asset '/Game/Models/TrackAssets/ArenaModels/Materials/MaterialInstances/BlackGrid' while loading ../../../../../../Users/Sharpe/Documents/GitHub/PonyKart-UE4/PonyKart Project Build/PonyKart/Content/Models/TrackAssets/ArenaModels/ArenaMesh/StraightQuarter.uasset.
[2016.04.13-23.47.12:736][809]LogLinker:Warning: Can't find file '/Game/Models/TrackAssets/ArenaModels/Materials/MaterialInstances/RedGrid'
[2016.04.13-23.47.12:737][809]LogLinker:Warning: Can't find file for asset '/Game/Models/TrackAssets/ArenaModels/Materials/MaterialInstances/RedGrid' while loading ../../../../../../Users/Sharpe/Documents/GitHub/PonyKart-UE4/PonyKart Project Build/PonyKart/Content/Models/TrackAssets/ArenaModels/ArenaMesh/StraightQuarter.uasset.
[2016.04.13-23.47.12:739][809]LogLinker:Warning: Can't find file '/Game/Models/TrackAssets/ArenaModels/Materials/MaterialInstances/RedGrid'
[2016.04.13-23.47.12:740][809]LoadErrors: Info Failed to load /Game/Models/TrackAssets/ArenaModels/Materials/MaterialInstances/RedGrid.RedGrid Referenced by StraightQuarter
[2016.04.13-23.47.12:740][809]LogLinker:Warning: Can't find file for asset '/Game/Models/TrackAssets/ArenaModels/Materials/MaterialInstances/RedGrid' while loading NULL.
[2016.04.13-23.47.12:741][809]LogLinker:Warning: Can't find file '/Game/Models/TrackAssets/ArenaModels/Materials/MaterialInstances/BlackGrid'
[2016.04.13-23.47.12:741][809]LoadErrors: Info Failed to load /Game/Models/TrackAssets/ArenaModels/Materials/MaterialInstances/BlackGrid.BlackGrid Referenced by StraightQuarter
[2016.04.13-23.47.12:741][809]LogLinker:Warning: Can't find file for asset '/Game/Models/TrackAssets/ArenaModels/Materials/MaterialInstances/BlackGrid' while loading NULL.
[2016.04.13-23.47.12:809][809]LogLinker:Warning: Can't find file '/Game/Models/Import/Materials/MaterialInstances/BlackGrid'
[2016.04.13-23.47.12:810][809]LogLinker:Warning: Can't find file for asset '/Game/Models/Import/Materials/MaterialInstances/BlackGrid' while loading ../../../../../../Users/Sharpe/Documents/GitHub/PonyKart-UE4/PonyKart Project Build/PonyKart/Content/Models/TrackAssets/ArenaModels/ArenaMesh/Turn_45.uasset.
[2016.04.13-23.47.12:810][809]LoadErrors:Error: Error /Game/Models/TrackAssets/ArenaModels/ArenaMesh/Turn_45 : Can't find file for asset. /Game/Models/Import/Materials/MaterialInstances/BlackGrid
[2016.04.13-23.47.12:811][809]LogLinker:Warning: Can't find file '/Game/Models/Import/Materials/MaterialInstances/RedGrid'
[2016.04.13-23.47.12:811][809]LogLinker:Warning: Can't find file for asset '/Game/Models/Import/Materials/MaterialInstances/RedGrid' while loading ../../../../../../Users/Sharpe/Documents/GitHub/PonyKart-UE4/PonyKart Project Build/PonyKart/Content/Models/TrackAssets/ArenaModels/ArenaMesh/Turn_45.uasset.
[2016.04.13-23.47.12:811][809]LoadErrors:Error: Error /Game/Models/TrackAssets/ArenaModels/ArenaMesh/Turn_45 : Can't find file for asset. /Game/Models/Import/Materials/MaterialInstances/RedGrid
[2016.04.13-23.47.12:812][809]LogLinker:Warning: Can't find file '/Game/Models/Import/Materials/MaterialInstances/SolidRed'
[2016.04.13-23.47.12:812][809]LogLinker:Warning: Can't find file for asset '/Game/Models/Import/Materials/MaterialInstances/SolidRed' while loading ../../../../../../Users/Sharpe/Documents/GitHub/PonyKart-UE4/PonyKart Project Build/PonyKart/Content/Models/TrackAssets/ArenaModels/ArenaMesh/Turn_45.uasset.
[2016.04.13-23.47.12:812][809]LoadErrors:Error: Error /Game/Models/TrackAssets/ArenaModels/ArenaMesh/Turn_45 : Can't find file for asset. /Game/Models/Import/Materials/MaterialInstances/SolidRed
[2016.04.13-23.47.12:813][809]LogLinker:Warning: Can't find file '/Game/Models/Import/Materials/MaterialInstances/BlackGrid'
[2016.04.13-23.47.12:813][809]LogLinker:Warning: Can't find file for asset '/Game/Models/Import/Materials/MaterialInstances/BlackGrid' while loading ../../../../../../Users/Sharpe/Documents/GitHub/PonyKart-UE4/PonyKart Project Build/PonyKart/Content/Models/TrackAssets/ArenaModels/ArenaMesh/Turn_45.uasset.
[2016.04.13-23.47.12:814][809]LogLinker:Warning: Can't find file '/Game/Models/Import/Materials/MaterialInstances/RedGrid'
[2016.04.13-23.47.12:814][809]LogLinker:Warning: Can't find file for asset '/Game/Models/Import/Materials/MaterialInstances/RedGrid' while loading ../../../../../../Users/Sharpe/Documents/GitHub/PonyKart-UE4/PonyKart Project Build/PonyKart/Content/Models/TrackAssets/ArenaModels/ArenaMesh/Turn_45.uasset.
[2016.04.13-23.47.12:815][809]LogLinker:Warning: Can't find file '/Game/Models/Import/Materials/MaterialInstances/SolidRed'
[2016.04.13-23.47.12:815][809]LogLinker:Warning: Can't find file for asset '/Game/Models/Import/Materials/MaterialInstances/SolidRed' while loading ../../../../../../Users/Sharpe/Documents/GitHub/PonyKart-UE4/PonyKart Project Build/PonyKart/Content/Models/TrackAssets/ArenaModels/ArenaMesh/Turn_45.uasset.
[2016.04.13-23.47.12:818][809]LogLinker:Warning: Can't find file '/Game/Models/Import/Materials/MaterialInstances/SolidRed'
[2016.04.13-23.47.12:818][809]LoadErrors: Info Failed to load /Game/Models/Import/Materials/MaterialInstances/SolidRed.SolidRed Referenced by Turn_45
[2016.04.13-23.47.12:819][809]LogLinker:Warning: Can't find file for asset '/Game/Models/Import/Materials/MaterialInstances/SolidRed' while loading NULL.
[2016.04.13-23.47.12:819][809]LogLinker:Warning: Can't find file '/Game/Models/Import/Materials/MaterialInstances/BlackGrid'
[2016.04.13-23.47.12:819][809]LoadErrors: Info Failed to load /Game/Models/Import/Materials/MaterialInstances/BlackGrid.BlackGrid Referenced by Turn_45
[2016.04.13-23.47.12:820][809]LogLinker:Warning: Can't find file for asset '/Game/Models/Import/Materials/MaterialInstances/BlackGrid' while loading NULL.
[2016.04.13-23.47.12:820][809]LogLinker:Warning: Can't find file '/Game/Models/Import/Materials/MaterialInstances/RedGrid'
[2016.04.13-23.47.12:821][809]LoadErrors: Info Failed to load /Game/Models/Import/Materials/MaterialInstances/RedGrid.RedGrid Referenced by Turn_45
[2016.04.13-23.47.12:821][809]LogLinker:Warning: Can't find file for asset '/Game/Models/Import/Materials/MaterialInstances/RedGrid' while loading NULL.
[2016.04.13-23.47.12:854][809]LogLinker:Warning: Can't find file '/Game/Models/TrackAssets/ArenaModels/Materials/MaterialInstances/BlackGrid'
[2016.04.13-23.47.12:854][809]LogLinker:Warning: Can't find file for asset '/Game/Models/TrackAssets/ArenaModels/Materials/MaterialInstances/BlackGrid' while loading ../../../../../../Users/Sharpe/Documents/GitHub/PonyKart-UE4/PonyKart Project Build/PonyKart/Content/Models/TrackAssets/ArenaModels/ArenaMesh/Turn_90.uasset.
[2016.04.13-23.47.12:855][809]LoadErrors:Error: Error /Game/Models/TrackAssets/ArenaModels/ArenaMesh/Turn_90 : Can't find file for asset. /Game/Models/TrackAssets/ArenaModels/Materials/MaterialInstances/BlackGrid
[2016.04.13-23.47.12:855][809]LogLinker:Warning: Can't find file '/Game/Models/TrackAssets/ArenaModels/Materials/MaterialInstances/RedGrid'
[2016.04.13-23.47.12:856][809]LogLinker:Warning: Can't find file for asset '/Game/Models/TrackAssets/ArenaModels/Materials/MaterialInstances/RedGrid' while loading ../../../../../../Users/Sharpe/Documents/GitHub/PonyKart-UE4/PonyKart Project Build/PonyKart/Content/Models/TrackAssets/ArenaModels/ArenaMesh/Turn_90.uasset.
[2016.04.13-23.47.12:856][809]LoadErrors:Error: Error /Game/Models/TrackAssets/ArenaModels/ArenaMesh/Turn_90 : Can't find file for asset. /Game/Models/TrackAssets/ArenaModels/Materials/MaterialInstances/RedGrid
[2016.04.13-23.47.12:856][809]LogLinker:Warning: Can't find file '/Game/Models/TrackAssets/ArenaModels/Materials/MaterialInstances/SolidRed'
[2016.04.13-23.47.12:857][809]LogLinker:Warning: Can't find file for asset '/Game/Models/TrackAssets/ArenaModels/Materials/MaterialInstances/SolidRed' while loading ../../../../../../Users/Sharpe/Documents/GitHub/PonyKart-UE4/PonyKart Project Build/PonyKart/Content/Models/TrackAssets/ArenaModels/ArenaMesh/Turn_90.uasset.
[2016.04.13-23.47.12:857][809]LoadErrors:Error: Error /Game/Models/TrackAssets/ArenaModels/ArenaMesh/Turn_90 : Can't find file for asset. /Game/Models/TrackAssets/ArenaModels/Materials/MaterialInstances/SolidRed
[2016.04.13-23.47.12:857][809]LogLinker:Warning: Can't find file '/Game/Models/TrackAssets/ArenaModels/Materials/MaterialInstances/BlackGrid'
[2016.04.13-23.47.12:858][809]LogLinker:Warning: Can't find file for asset '/Game/Models/TrackAssets/ArenaModels/Materials/MaterialInstances/BlackGrid' while loading ../../../../../../Users/Sharpe/Documents/GitHub/PonyKart-UE4/PonyKart Project Build/PonyKart/Content/Models/TrackAssets/ArenaModels/ArenaMesh/Turn_90.uasset.
[2016.04.13-23.47.12:859][809]LogLinker:Warning: Can't find file '/Game/Models/TrackAssets/ArenaModels/Materials/MaterialInstances/RedGrid'
[2016.04.13-23.47.12:859][809]LogLinker:Warning: Can't find file for asset '/Game/Models/TrackAssets/ArenaModels/Materials/MaterialInstances/RedGrid' while loading ../../../../../../Users/Sharpe/Documents/GitHub/PonyKart-UE4/PonyKart Project Build/PonyKart/Content/Models/TrackAssets/ArenaModels/ArenaMesh/Turn_90.uasset.
[2016.04.13-23.47.12:859][809]LogLinker:Warning: Can't find file '/Game/Models/TrackAssets/ArenaModels/Materials/MaterialInstances/SolidRed'
[2016.04.13-23.47.12:860][809]LogLinker:Warning: Can't find file for asset '/Game/Models/TrackAssets/ArenaModels/Materials/MaterialInstances/SolidRed' while loading ../../../../../../Users/Sharpe/Documents/GitHub/PonyKart-UE4/PonyKart Project Build/PonyKart/Content/Models/TrackAssets/ArenaModels/ArenaMesh/Turn_90.uasset.
[2016.04.13-23.47.12:863][809]LogLinker:Warning: Can't find file '/Game/Models/TrackAssets/ArenaModels/Materials/MaterialInstances/SolidRed'
[2016.04.13-23.47.12:863][809]LoadErrors: Info Failed to load /Game/Models/TrackAssets/ArenaModels/Materials/MaterialInstances/SolidRed.SolidRed Referenced by Turn_90
[2016.04.13-23.47.12:863][809]LogLinker:Warning: Can't find file for asset '/Game/Models/TrackAssets/ArenaModels/Materials/MaterialInstances/SolidRed' while loading NULL.
[2016.04.13-23.47.12:864][809]LogLinker:Warning: Can't find file '/Game/Models/TrackAssets/ArenaModels/Materials/MaterialInstances/BlackGrid'
[2016.04.13-23.47.12:864][809]LoadErrors: Info Failed to load /Game/Models/TrackAssets/ArenaModels/Materials/MaterialInstances/BlackGrid.BlackGrid Referenced by Turn_90
[2016.04.13-23.47.12:865][809]LogLinker:Warning: Can't find file for asset '/Game/Models/TrackAssets/ArenaModels/Materials/MaterialInstances/BlackGrid' while loading NULL.
[2016.04.13-23.47.12:865][809]LogLinker:Warning: Can't find file '/Game/Models/TrackAssets/ArenaModels/Materials/MaterialInstances/RedGrid'
[2016.04.13-23.47.12:866][809]LoadErrors: Info Failed to load /Game/Models/TrackAssets/ArenaModels/Materials/MaterialInstances/RedGrid.RedGrid Referenced by Turn_90
[2016.04.13-23.47.12:866][809]LogLinker:Warning: Can't find file for asset '/Game/Models/TrackAssets/ArenaModels/Materials/MaterialInstances/RedGrid' while loading NULL.
[2016.04.13-23.47.12:900][809]LogLinker:Warning: Can't find file '/Game/Models/Import/Materials/MaterialInstances/BlackGrid'
[2016.04.13-23.47.12:900][809]LogLinker:Warning: Can't find file for asset '/Game/Models/Import/Materials/MaterialInstances/BlackGrid' while loading ../../../../../../Users/Sharpe/Documents/GitHub/PonyKart-UE4/PonyKart Project Build/PonyKart/Content/Models/TrackAssets/ArenaModels/ArenaMesh/turn_22andhalf.uasset.
[2016.04.13-23.47.12:900][809]LoadErrors:Error: Error /Game/Models/TrackAssets/ArenaModels/ArenaMesh/turn_22andhalf : Can't find file for asset. /Game/Models/Import/Materials/MaterialInstances/BlackGrid
[2016.04.13-23.47.12:901][809]LogLinker:Warning: Can't find file '/Game/Models/Import/Materials/MaterialInstances/RedGrid'
[2016.04.13-23.47.12:901][809]LogLinker:Warning: Can't find file for asset '/Game/Models/Import/Materials/MaterialInstances/RedGrid' while loading ../../../../../../Users/Sharpe/Documents/GitHub/PonyKart-UE4/PonyKart Project Build/PonyKart/Content/Models/TrackAssets/ArenaModels/ArenaMesh/turn_22andhalf.uasset.
[2016.04.13-23.47.12:901][809]LoadErrors:Error: Error /Game/Models/TrackAssets/ArenaModels/ArenaMesh/turn_22andhalf : Can't find file for asset. /Game/Models/Import/Materials/MaterialInstances/RedGrid
[2016.04.13-23.47.12:901][809]LogLinker:Warning: Can't find file '/Game/Models/Import/Materials/MaterialInstances/SolidRed'
[2016.04.13-23.47.12:901][809]LogLinker:Warning: Can't find file for asset '/Game/Models/Import/Materials/MaterialInstances/SolidRed' while loading ../../../../../../Users/Sharpe/Documents/GitHub/PonyKart-UE4/PonyKart Project Build/PonyKart/Content/Models/TrackAssets/ArenaModels/ArenaMesh/turn_22andhalf.uasset.
[2016.04.13-23.47.12:902][809]LoadErrors:Error: Error /Game/Models/TrackAssets/ArenaModels/ArenaMesh/turn_22andhalf : Can't find file for asset. /Game/Models/Import/Materials/MaterialInstances/SolidRed
[2016.04.13-23.47.12:902][809]LogLinker:Warning: Can't find file '/Game/Models/Import/Materials/MaterialInstances/BlackGrid'
[2016.04.13-23.47.12:902][809]LogLinker:Warning: Can't find file for asset '/Game/Models/Import/Materials/MaterialInstances/BlackGrid' while loading ../../../../../../Users/Sharpe/Documents/GitHub/PonyKart-UE4/PonyKart Project Build/PonyKart/Content/Models/TrackAssets/ArenaModels/ArenaMesh/turn_22andhalf.uasset.
[2016.04.13-23.47.12:903][809]LogLinker:Warning: Can't find file '/Game/Models/Import/Materials/MaterialInstances/RedGrid'
[2016.04.13-23.47.12:903][809]LogLinker:Warning: Can't find file for asset '/Game/Models/Import/Materials/MaterialInstances/RedGrid' while loading ../../../../../../Users/Sharpe/Documents/GitHub/PonyKart-UE4/PonyKart Project Build/PonyKart/Content/Models/TrackAssets/ArenaModels/ArenaMesh/turn_22andhalf.uasset.
[2016.04.13-23.47.12:903][809]LogLinker:Warning: Can't find file '/Game/Models/Import/Materials/MaterialInstances/SolidRed'
[2016.04.13-23.47.12:904][809]LogLinker:Warning: Can't find file for asset '/Game/Models/Import/Materials/MaterialInstances/SolidRed' while loading ../../../../../../Users/Sharpe/Documents/GitHub/PonyKart-UE4/PonyKart Project Build/PonyKart/Content/Models/TrackAssets/ArenaModels/ArenaMesh/turn_22andhalf.uasset.
[2016.04.13-23.47.12:905][809]LogLinker:Warning: Can't find file '/Game/Models/Import/Materials/MaterialInstances/SolidRed'
[2016.04.13-23.47.12:905][809]LoadErrors: Info Failed to load /Game/Models/Import/Materials/MaterialInstances/SolidRed.SolidRed Referenced by turn_22andhalf
[2016.04.13-23.47.12:906][809]LogLinker:Warning: Can't find file for asset '/Game/Models/Import/Materials/MaterialInstances/SolidRed' while loading NULL.
[2016.04.13-23.47.12:906][809]LogLinker:Warning: Can't find file '/Game/Models/Import/Materials/MaterialInstances/BlackGrid'
[2016.04.13-23.47.12:906][809]LoadErrors: Info Failed to load /Game/Models/Import/Materials/MaterialInstances/BlackGrid.BlackGrid Referenced by turn_22andhalf
[2016.04.13-23.47.12:907][809]LogLinker:Warning: Can't find file for asset '/Game/Models/Import/Materials/MaterialInstances/BlackGrid' while loading NULL.
[2016.04.13-23.47.12:907][809]LogLinker:Warning: Can't find file '/Game/Models/Import/Materials/MaterialInstances/RedGrid'
[2016.04.13-23.47.12:907][809]LoadErrors: Info Failed to load /Game/Models/Import/Materials/MaterialInstances/RedGrid.RedGrid Referenced by turn_22andhalf
[2016.04.13-23.47.12:907][809]LogLinker:Warning: Can't find file for asset '/Game/Models/Import/Materials/MaterialInstances/RedGrid' while loading NULL.
[2016.04.13-23.47.12:933][809]LogLinker:Warning: Can't find file '/Game/Models/TrackAssets/ArenaModels/Materials/MaterialInstances/BlackGrid'
[2016.04.13-23.47.12:934][809]LogLinker:Warning: Can't find file for asset '/Game/Models/TrackAssets/ArenaModels/Materials/MaterialInstances/BlackGrid' while loading ../../../../../../Users/Sharpe/Documents/GitHub/PonyKart-UE4/PonyKart Project Build/PonyKart/Content/Models/TrackAssets/ArenaModels/ArenaMesh/Turn_90Large.uasset.
[2016.04.13-23.47.12:934][809]LoadErrors:Error: Error /Game/Models/TrackAssets/ArenaModels/ArenaMesh/Turn_90Large : Can't find file for asset. /Game/Models/TrackAssets/ArenaModels/Materials/MaterialInstances/BlackGrid
[2016.04.13-23.47.12:934][809]LogLinker:Warning: Can't find file '/Game/Models/TrackAssets/ArenaModels/Materials/MaterialInstances/RedGrid'
[2016.04.13-23.47.12:934][809]LogLinker:Warning: Can't find file for asset '/Game/Models/TrackAssets/ArenaModels/Materials/MaterialInstances/RedGrid' while loading ../../../../../../Users/Sharpe/Documents/GitHub/PonyKart-UE4/PonyKart Project Build/PonyKart/Content/Models/TrackAssets/ArenaModels/ArenaMesh/Turn_90Large.uasset.
[2016.04.13-23.47.12:935][809]LoadErrors:Error: Error /Game/Models/TrackAssets/ArenaModels/ArenaMesh/Turn_90Large : Can't find file for asset. /Game/Models/TrackAssets/ArenaModels/Materials/MaterialInstances/RedGrid
[2016.04.13-23.47.12:935][809]LogLinker:Warning: Can't find file '/Game/Models/TrackAssets/ArenaModels/Materials/MaterialInstances/BlackGrid'
[2016.04.13-23.47.12:935][809]LogLinker:Warning: Can't find file for asset '/Game/Models/TrackAssets/ArenaModels/Materials/MaterialInstances/BlackGrid' while loading ../../../../../../Users/Sharpe/Documents/GitHub/PonyKart-UE4/PonyKart Project Build/PonyKart/Content/Models/TrackAssets/ArenaModels/ArenaMesh/Turn_90Large.uasset.
[2016.04.13-23.47.12:936][809]LogLinker:Warning: Can't find file '/Game/Models/TrackAssets/ArenaModels/Materials/MaterialInstances/RedGrid'
[2016.04.13-23.47.12:936][809]LogLinker:Warning: Can't find file for asset '/Game/Models/TrackAssets/ArenaModels/Materials/MaterialInstances/RedGrid' while loading ../../../../../../Users/Sharpe/Documents/GitHub/PonyKart-UE4/PonyKart Project Build/PonyKart/Content/Models/TrackAssets/ArenaModels/ArenaMesh/Turn_90Large.uasset.
[2016.04.13-23.47.12:938][809]LogLinker:Warning: Can't find file '/Game/Models/TrackAssets/ArenaModels/Materials/MaterialInstances/RedGrid'
[2016.04.13-23.47.12:938][809]LoadErrors: Info Failed to load /Game/Models/TrackAssets/ArenaModels/Materials/MaterialInstances/RedGrid.RedGrid Referenced by Turn_90Large
[2016.04.13-23.47.12:938][809]LogLinker:Warning: Can't find file for asset '/Game/Models/TrackAssets/ArenaModels/Materials/MaterialInstances/RedGrid' while loading NULL.
[2016.04.13-23.47.12:939][809]LogLinker:Warning: Can't find file '/Game/Models/TrackAssets/ArenaModels/Materials/MaterialInstances/BlackGrid'
[2016.04.13-23.47.12:939][809]LoadErrors: Info Failed to load /Game/Models/TrackAssets/ArenaModels/Materials/MaterialInstances/BlackGrid.BlackGrid Referenced by Turn_90Large
[2016.04.13-23.47.12:939][809]LogLinker:Warning: Can't find file for asset '/Game/Models/TrackAssets/ArenaModels/Materials/MaterialInstances/BlackGrid' while loading NULL.
[2016.04.13-23.47.18:862][ 19]LogLinker:Warning: Can't find file '/Game/Models/Import/ArenaMesh/CubeMaterial'
[2016.04.13-23.47.18:862][ 19]LogLinker:Warning: Can't find file for asset '/Game/Models/Import/ArenaMesh/CubeMaterial' while loading ../../../../../../Users/Sharpe/Documents/GitHub/PonyKart-UE4/PonyKart Project Build/PonyKart/Content/Models/TrackAssets/ArenaModels/ArenaMesh/RoadSegment_01.uasset.
[2016.04.13-23.47.18:862][ 19]LoadErrors:Error: Error /Game/Models/TrackAssets/ArenaModels/ArenaMesh/RoadSegment_01 : Can't find file for asset. /Game/Models/Import/ArenaMesh/CubeMaterial
[2016.04.13-23.47.18:863][ 19]LogLinker:Warning: Can't find file '/Game/Models/Import/ArenaMesh/CubeMaterial'
[2016.04.13-23.47.18:863][ 19]LogLinker:Warning: Can't find file for asset '/Game/Models/Import/ArenaMesh/CubeMaterial' while loading ../../../../../../Users/Sharpe/Documents/GitHub/PonyKart-UE4/PonyKart Project Build/PonyKart/Content/Models/TrackAssets/ArenaModels/ArenaMesh/RoadSegment_01.uasset.
[2016.04.13-23.47.18:863][ 19]LogLinker:Warning: Can't find file '/Game/Models/Import/ArenaMesh/CubeMaterial'
[2016.04.13-23.47.18:863][ 19]LoadErrors: Info Failed to load /Game/Models/Import/ArenaMesh/CubeMaterial.CubeMaterial Referenced by RoadSegment_01
[2016.04.13-23.47.18:864][ 19]LogLinker:Warning: Can't find file for asset '/Game/Models/Import/ArenaMesh/CubeMaterial' while loading NULL.
[2016.04.13-23.47.24:287][341]LogLinker:Warning: Can't find file '/Game/Models/Import/Materials/MaterialInstances/SolidOrange'
[2016.04.13-23.47.24:287][341]LogLinker:Warning: Can't find file for asset '/Game/Models/Import/Materials/MaterialInstances/SolidOrange' while loading ../../../../../../Users/Sharpe/Documents/GitHub/PonyKart-UE4/PonyKart Project Build/PonyKart/Content/Models/TrackAssets/ArenaModels/ArenaMesh/BumpWedge.uasset.
[2016.04.13-23.47.24:287][341]LoadErrors:Error: Error /Game/Models/TrackAssets/ArenaModels/ArenaMesh/BumpWedge : Can't find file for asset. /Game/Models/Import/Materials/MaterialInstances/SolidOrange
[2016.04.13-23.47.24:287][341]LogLinker:Warning: Can't find file '/Game/Models/Import/Materials/MaterialInstances/SolidOrange'
[2016.04.13-23.47.24:287][341]LogLinker:Warning: Can't find file for asset '/Game/Models/Import/Materials/MaterialInstances/SolidOrange' while loading ../../../../../../Users/Sharpe/Documents/GitHub/PonyKart-UE4/PonyKart Project Build/PonyKart/Content/Models/TrackAssets/ArenaModels/ArenaMesh/BumpWedge.uasset.
[2016.04.13-23.47.24:288][341]LogLinker:Warning: Can't find file '/Game/Models/Import/Materials/MaterialInstances/SolidOrange'
[2016.04.13-23.47.24:288][341]LoadErrors: Info Failed to load /Game/Models/Import/Materials/MaterialInstances/SolidOrange.SolidOrange Referenced by BumpWedge
[2016.04.13-23.47.24:288][341]LogLinker:Warning: Can't find file for asset '/Game/Models/Import/Materials/MaterialInstances/SolidOrange' while loading NULL.
[2016.04.13-23.47.31:041][865]LogSavePackage: Save=93.95ms
[2016.04.13-23.47.31:042][865]LogSavePackage: Moving '../../../../../../Users/Sharpe/Documents/GitHub/PonyKart-UE4/PonyKart Project Build/PonyKart/Saved/KartTestLevel9D65945544B8433C751CEDAF7ED8B1D8.tmp' to '../../../../../../Users/Sharpe/Documents/GitHub/PonyKart-UE4/PonyKart Project Build/PonyKart/Content/Levels/KartTestLevel.umap'
[2016.04.13-23.47.31:043][865]LogSavePackage: Total save time: 98.09ms
[2016.04.13-23.47.31:043][865]LogSavePackage:Display: Finished SavePackage ../../../../../../Users/Sharpe/Documents/GitHub/PonyKart-UE4/PonyKart Project Build/PonyKart/Content/Levels/KartTestLevel.umap
[2016.04.13-23.47.31:077][865]LogFileHelpers: Saving map 'KartTestLevel' took 0.179
[2016.04.13-23.47.32:758][ 58]Cmd: CLOSE_SLATE_MAINFRAME
[2016.04.13-23.47.33:092][ 59]Cmd: QUIT_EDITOR
[2016.04.13-23.47.33:258][ 59]LogExit: Preparing to exit.
[2016.04.13-23.47.33:829][ 59]LogExit: Editor shut down
[2016.04.13-23.47.33:830][ 59]LogExit: Transaction tracking system shut down
[2016.04.13-23.47.33:939][ 59]LogObj: Freed 0b from 0 cluster array pools.
[2016.04.13-23.47.33:940][ 59]LogExit: Object subsystem successfully closed.
[2016.04.13-23.47.33:951][ 59]LogD3D11RHI: Shutdown
[2016.04.13-23.47.33:951][ 59]LogD3D11RHI: CleanupD3DDevice
[2016.04.13-23.47.33:997][ 59]LogD3D11RHI: ~FD3D11DynamicRHI
[2016.04.13-23.47.34:450][ 59]LogDerivedDataCache: Shutdown
[2016.04.13-23.47.34:450][ 59]LogModuleManager: Shutting down and abandoning module StaticMeshEditor (204)
[2016.04.13-23.47.34:450][ 59]LogModuleManager: Shutting down and abandoning module HierarchicalLODOutliner (203)
[2016.04.13-23.47.34:450][ 59]LogModuleManager: Shutting down and abandoning module CrashTracker (202)
[2016.04.13-23.47.34:450][ 59]LogModuleManager: Shutting down and abandoning module SceneOutliner (201)
[2016.04.13-23.47.34:450][ 59]LogModuleManager: Shutting down and abandoning module SuperSearch (200)
[2016.04.13-23.47.34:450][ 59]LogModuleManager: Shutting down and abandoning module WidgetCarousel (199)
[2016.04.13-23.47.34:450][ 59]LogModuleManager: Shutting down and abandoning module AddContentDialog (198)
[2016.04.13-23.47.34:451][ 59]LogModuleManager: Shutting down and abandoning module GameplayTags (197)
[2016.04.13-23.47.34:451][ 59]LogModuleManager: Shutting down and abandoning module EditorWidgets (196)
[2016.04.13-23.47.34:451][ 59]LogModuleManager: Shutting down and abandoning module CollectionManager (195)
[2016.04.13-23.47.34:451][ 59]LogModuleManager: Shutting down and abandoning module StatsViewer (194)
[2016.04.13-23.47.34:451][ 59]LogModuleManager: Shutting down and abandoning module FoliageEdit (193)
[2016.04.13-23.47.34:451][ 59]LogModuleManager: Shutting down and abandoning module LandscapeEditor (192)
[2016.04.13-23.47.34:451][ 59]LogModuleManager: Shutting down and abandoning module ActorPickerMode (191)
[2016.04.13-23.47.34:451][ 59]LogModuleManager: Shutting down and abandoning module GeometryMode (190)
[2016.04.13-23.47.34:451][ 59]LogModuleManager: Shutting down and abandoning module TextureAlignMode (189)
[2016.04.13-23.47.34:451][ 59]LogModuleManager: Shutting down and abandoning module BspMode (188)
[2016.04.13-23.47.34:451][ 59]LogModuleManager: Shutting down and abandoning module PlacementMode (187)
[2016.04.13-23.47.34:451][ 59]LogModuleManager: Shutting down and abandoning module AutomationWorker (186)
[2016.04.13-23.47.34:451][ 59]LogModuleManager: Shutting down and abandoning module CharacterAI (185)
[2016.04.13-23.47.34:451][ 59]LogModuleManager: Shutting down and abandoning module SmartSnapping (184)
[2016.04.13-23.47.34:451][ 59]LogModuleManager: Shutting down and abandoning module ViewportSnapping (183)
[2016.04.13-23.47.34:451][ 59]LogModuleManager: Shutting down and abandoning module LogVisualizer (182)
[2016.04.13-23.47.34:452][ 59]LogModuleManager: Shutting down and abandoning module GameProjectGeneration (181)
[2016.04.13-23.47.34:452][ 59]LogModuleManager: Shutting down and abandoning module IntroTutorials (180)
[2016.04.13-23.47.34:452][ 59]LogModuleManager: Shutting down and abandoning module EditorLiveStreaming (179)
[2016.04.13-23.47.34:452][ 59]LogModuleManager: Shutting down and abandoning module IOSPlatformEditor (178)
[2016.04.13-23.47.34:452][ 59]LogModuleManager: Shutting down and abandoning module HTML5PlatformEditor (177)
[2016.04.13-23.47.34:452][ 59]LogModuleManager: Shutting down and abandoning module AndroidDeviceDetection (176)
[2016.04.13-23.47.34:518][ 59]LogModuleManager: Shutting down and abandoning module AndroidPlatformEditor (175)
[2016.04.13-23.47.34:518][ 59]LogModuleManager: Shutting down and abandoning module IOSRuntimeSettings (174)
[2016.04.13-23.47.34:518][ 59]LogModuleManager: Shutting down and abandoning module AndroidRuntimeSettings (173)
[2016.04.13-23.47.34:518][ 59]LogModuleManager: Shutting down and abandoning module MergeActors (172)
[2016.04.13-23.47.34:518][ 59]LogModuleManager: Shutting down and abandoning module SizeMap (171)
[2016.04.13-23.47.34:518][ 59]LogModuleManager: Shutting down and abandoning module TreeMap (170)
[2016.04.13-23.47.34:518][ 59]LogModuleManager: Shutting down and abandoning module ReferenceViewer (169)
[2016.04.13-23.47.34:518][ 59]LogModuleManager: Shutting down and abandoning module LocalizationService (168)
[2016.04.13-23.47.34:518][ 59]LogModuleManager: Shutting down and abandoning module LocalizationDashboard (167)
[2016.04.13-23.47.34:518][ 59]LogModuleManager: Shutting down and abandoning module HardwareTargeting (166)
[2016.04.13-23.47.34:518][ 59]LogModuleManager: Shutting down and abandoning module DeviceProfileEditor (165)
[2016.04.13-23.47.34:518][ 59]LogModuleManager: Shutting down and abandoning module UndoHistory (164)
[2016.04.13-23.47.34:518][ 59]LogModuleManager: Shutting down and abandoning module UserFeedback (163)
[2016.04.13-23.47.34:518][ 59]LogModuleManager: Shutting down and abandoning module XmlParser (162)
[2016.04.13-23.47.34:518][ 59]LogModuleManager: Shutting down and abandoning module Blutility (161)
[2016.04.13-23.47.34:518][ 59]LogModuleManager: Shutting down and abandoning module ProjectTargetPlatformEditor (160)
[2016.04.13-23.47.34:518][ 59]LogModuleManager: Shutting down and abandoning module ProjectSettingsViewer (159)
[2016.04.13-23.47.34:518][ 59]LogModuleManager: Shutting down and abandoning module InputBindingEditor (158)
[2016.04.13-23.47.34:518][ 59]LogModuleManager: Shutting down and abandoning module EditorSettingsViewer (157)
[2016.04.13-23.47.34:518][ 59]LogModuleManager: Shutting down and abandoning module SettingsEditor (156)
[2016.04.13-23.47.34:518][ 59]LogModuleManager: Shutting down and abandoning module ProjectLauncher (155)
[2016.04.13-23.47.34:518][ 59]LogModuleManager: Shutting down and abandoning module SessionFrontend (154)
[2016.04.13-23.47.34:518][ 59]LogModuleManager: Shutting down and abandoning module ProfilerClient (153)
[2016.04.13-23.47.34:518][ 59]LogModuleManager: Shutting down and abandoning module TargetDeviceServices (152)
[2016.04.13-23.47.34:518][ 59]LogModuleManager: Shutting down and abandoning module DeviceManager (151)
[2016.04.13-23.47.34:548][ 59]LogModuleManager: Shutting down and abandoning module AutomationController (150)
[2016.04.13-23.47.34:559][ 59]LogModuleManager: Shutting down and abandoning module AutomationWindow (149)
[2016.04.13-23.47.34:559][ 59]LogModuleManager: Shutting down and abandoning module Layers (148)
[2016.04.13-23.47.34:559][ 59]LogModuleManager: Shutting down and abandoning module ComponentVisualizers (147)
[2016.04.13-23.47.34:559][ 59]LogModuleManager: Shutting down and abandoning module DetailCustomizations (146)
[2016.04.13-23.47.34:560][ 59]LogModuleManager: Shutting down and abandoning module PackagesDialog (145)
[2016.04.13-23.47.34:560][ 59]LogModuleManager: Shutting down and abandoning module Persona (144)
[2016.04.13-23.47.34:560][ 59]LogModuleManager: Shutting down and abandoning module Kismet (143)
[2016.04.13-23.47.34:560][ 59]LogModuleManager: Shutting down and abandoning module GraphEditor (142)
[2016.04.13-23.47.34:560][ 59]LogModuleManager: Shutting down and abandoning module ClassViewer (141)
[2016.04.13-23.47.34:560][ 59]LogModuleManager: Shutting down and abandoning module Toolbox (140)
[2016.04.13-23.47.34:560][ 59]LogModuleManager: Shutting down and abandoning module ModuleUI (139)
[2016.04.13-23.47.34:560][ 59]LogModuleManager: Shutting down and abandoning module MovieSceneTools (138)
[2016.04.13-23.47.34:560][ 59]LogModuleManager: Shutting down and abandoning module OutputLog (137)
[2016.04.13-23.47.34:560][ 59]LogModuleManager: Shutting down and abandoning module GammaUI (136)
[2016.04.13-23.47.34:560][ 59]LogModuleManager: Shutting down and abandoning module Documentation (135)
[2016.04.13-23.47.34:560][ 59]LogModuleManager: Shutting down and abandoning module StreamingPauseRendering (134)
[2016.04.13-23.47.34:560][ 59]LogModuleManager: Shutting down and abandoning module AnalyticsET (133)
[2016.04.13-23.47.34:560][ 59]LogModuleManager: Shutting down and abandoning module Analytics (132)
[2016.04.13-23.47.34:560][ 59]LogModuleManager: Shutting down and abandoning module PortalServices (131)
[2016.04.13-23.47.34:560][ 59]LogModuleManager: Shutting down and abandoning module PortalRpc (130)
[2016.04.13-23.47.34:560][ 59]LogModuleManager: Shutting down and abandoning module MessagingRpc (129)
[2016.04.13-23.47.34:560][ 59]LogModuleManager: Shutting down and abandoning module AITestSuite (128)
[2016.04.13-23.47.34:560][ 59]LogModuleManager: Shutting down and abandoning module GameplayDebugger (127)
[2016.04.13-23.47.34:560][ 59]LogModuleManager: Shutting down and abandoning module AIModule (126)
[2016.04.13-23.47.34:560][ 59]LogModuleManager: Shutting down and abandoning module ProfilerService (125)
[2016.04.13-23.47.34:746][ 59]LogModuleManager: Shutting down and abandoning module TaskGraph (124)
[2016.04.13-23.47.34:747][ 59]LogModuleManager: Shutting down and abandoning module SlateRemote (123)
[2016.04.13-23.47.34:747][ 59]LogModuleManager: Shutting down and abandoning module SteamVRController (122)
[2016.04.13-23.47.34:747][ 59]LogModuleManager: Shutting down and abandoning module SteamVR (121)
[2016.04.13-23.47.34:747][ 59]LogModuleManager: Shutting down and abandoning module ProceduralMeshComponent (120)
[2016.04.13-23.47.34:747][ 59]LogModuleManager: Shutting down and abandoning module OculusLibrary (119)
[2016.04.13-23.47.34:747][ 59]LogModuleManager: Shutting down and abandoning module OculusInput (118)
[2016.04.13-23.47.34:747][ 59]LogModuleManager: Shutting down and abandoning module CustomMeshComponent (117)
[2016.04.13-23.47.34:747][ 59]LogModuleManager: Shutting down and abandoning module CableComponent (116)
[2016.04.13-23.47.34:747][ 59]LogModuleManager: Shutting down and abandoning module ArchVisCharacter (115)
[2016.04.13-23.47.34:747][ 59]LogModuleManager: Shutting down and abandoning module MediaPlayerEditor (114)
[2016.04.13-23.47.34:747][ 59]LogModuleManager: Shutting down and abandoning module HTML5Networking (113)
[2016.04.13-23.47.34:747][ 59]LogModuleManager: Shutting down and abandoning module SpeedTreeImporter (112)
[2016.04.13-23.47.34:747][ 59]LogModuleManager: Shutting down and abandoning module PluginBrowser (111)
[2016.04.13-23.47.34:747][ 59]LogModuleManager: Shutting down and abandoning module EpicSurvey (110)
[2016.04.13-23.47.34:747][ 59]LogModuleManager: Shutting down and abandoning module DesktopPlatform (109)
[2016.04.13-23.47.34:747][ 59]LogModuleManager: Shutting down and abandoning module VisualStudioSourceCodeAccess (108)
[2016.04.13-23.47.34:747][ 59]LogModuleManager: Shutting down and abandoning module UObjectPlugin (107)
[2016.04.13-23.47.34:747][ 59]LogModuleManager: Shutting down and abandoning module SubversionSourceControl (106)
[2016.04.13-23.47.34:748][ 59]LogModuleManager: Shutting down and abandoning module PerforceSourceControl (105)
[2016.04.13-23.47.34:748][ 59]LogModuleManager: Shutting down and abandoning module SourceControl (104)
[2016.04.13-23.47.34:748][ 59]LogModuleManager: Shutting down and abandoning module GitSourceControl (103)
[2016.04.13-23.47.34:748][ 59]LogModuleManager: Shutting down and abandoning module LightPropagationVolumeEditor (102)
[2016.04.13-23.47.34:748][ 59]LogModuleManager: Shutting down and abandoning module PaperTiledImporter (101)
[2016.04.13-23.47.34:748][ 59]LogModuleManager: Shutting down and abandoning module PaperSpriteSheetImporter (100)
[2016.04.13-23.47.34:748][ 59]LogModuleManager: Shutting down and abandoning module MeshPaint (99)
[2016.04.13-23.47.34:748][ 59]LogModuleManager: Shutting down and abandoning module HotReload (98)
[2016.04.13-23.47.34:749][ 59]LogModuleManager: Shutting down and abandoning module MainFrame (97)
[2016.04.13-23.47.34:749][ 59]LogModuleManager: Shutting down and abandoning module LevelEditor (96)
[2016.04.13-23.47.34:751][ 59]LogModuleManager: Shutting down and abandoning module DirectoryWatcher (95)
[2016.04.13-23.47.34:752][ 59]LogModuleManager: Shutting down and abandoning module AssetRegistry (94)
[2016.04.13-23.47.34:962][ 59]LogModuleManager: Shutting down and abandoning module ContentBrowser (93)
[2016.04.13-23.47.34:962][ 59]LogModuleManager: Shutting down and abandoning module Paper2DEditor (92)
[2016.04.13-23.47.34:962][ 59]LogModuleManager: Shutting down and abandoning module UdpMessaging (91)
[2016.04.13-23.47.35:062][ 59]LogModuleManager: Shutting down and abandoning module LightPropagationVolumeRuntime (90)
[2016.04.13-23.47.35:062][ 59]LogModuleManager: Shutting down and abandoning module Paper2D (89)
[2016.04.13-23.47.35:062][ 59]LogModuleManager: Shutting down and abandoning module WindowsMoviePlayer (88)
[2016.04.13-23.47.35:062][ 59]LogModuleManager: Shutting down and abandoning module Media (87)
[2016.04.13-23.47.35:062][ 59]LogModuleManager: Shutting down and abandoning module WmfMedia (86)
[2016.04.13-23.47.35:063][ 59]LogModuleManager: Shutting down and abandoning module GameLiveStreaming (85)
[2016.04.13-23.47.35:063][ 59]LogModuleManager: Shutting down and abandoning module GameplayTagsEditor (84)
[2016.04.13-23.47.35:063][ 59]LogModuleManager: Shutting down and abandoning module OnlineBlueprintSupport (83)
[2016.04.13-23.47.35:063][ 59]LogModuleManager: Shutting down and abandoning module GameplayTasksEditor (82)
[2016.04.13-23.47.35:063][ 59]LogModuleManager: Shutting down and abandoning module PropertyEditor (81)
[2016.04.13-23.47.35:063][ 59]LogModuleManager: Shutting down and abandoning module BehaviorTreeEditor (80)
[2016.04.13-23.47.35:063][ 59]LogModuleManager: Shutting down and abandoning module FunctionalTesting (79)
[2016.04.13-23.47.35:063][ 59]LogModuleManager: Shutting down and abandoning module CollisionAnalyzer (78)
[2016.04.13-23.47.35:063][ 59]LogModuleManager: Shutting down and abandoning module WorkspaceMenuStructure (77)
[2016.04.13-23.47.35:064][ 59]LogModuleManager: Shutting down and abandoning module MessageLog (76)
[2016.04.13-23.47.35:064][ 59]LogModuleManager: Shutting down and abandoning module Sequencer (75)
[2016.04.13-23.47.35:064][ 59]LogModuleManager: Shutting down and abandoning module AssetTools (74)
[2016.04.13-23.47.35:064][ 59]LogModuleManager: Shutting down and abandoning module UMGEditor (73)
[2016.04.13-23.47.35:064][ 59]LogModuleManager: Shutting down and abandoning module UMG (72)
[2016.04.13-23.47.35:064][ 59]LogModuleManager: Shutting down and abandoning module SlateReflector (71)
[2016.04.13-23.47.35:064][ 59]LogModuleManager: Shutting down and abandoning module Slate (70)
[2016.04.13-23.47.35:064][ 59]LogModuleManager: Shutting down and abandoning module EditorStyle (69)
[2016.04.13-23.47.35:070][ 59]LogModuleManager: Shutting down and abandoning module SessionServices (68)
[2016.04.13-23.47.35:070][ 59]LogModuleManager: Shutting down and abandoning module SourceCodeAccess (67)
[2016.04.13-23.47.35:070][ 59]LogModuleManager: Shutting down and abandoning module HeadMountedDisplay (66)
[2016.04.13-23.47.35:070][ 59]LogModuleManager: Shutting down and abandoning module XAudio2 (65)
[2016.04.13-23.47.35:070][ 59]LogModuleManager: Shutting down and abandoning module Networking (63)
[2016.04.13-23.47.35:070][ 59]LogModuleManager: Shutting down and abandoning module Core (62)
[2016.04.13-23.47.35:070][ 59]LogModuleManager: Shutting down and abandoning module KismetCompiler (61)
[2016.04.13-23.47.35:070][ 59]LogModuleManager: Shutting down and abandoning module PhysXFormats (60)
[2016.04.13-23.47.35:070][ 59]LogModuleManager: Shutting down and abandoning module MeshUtilities (59)
[2016.04.13-23.47.35:070][ 59]LogModuleManager: Shutting down and abandoning module CookingStats (58)
[2016.04.13-23.47.35:070][ 59]LogModuleManager: Shutting down and abandoning module DerivedDataCache (57)
[2016.04.13-23.47.35:070][ 59]LogDerivedDataCache: Shutdown
[2016.04.13-23.47.35:070][ 59]LogModuleManager: Shutting down and abandoning module ShaderFormatOpenGL (56)
[2016.04.13-23.47.35:071][ 59]LogModuleManager: Shutting down and abandoning module ShaderFormatD3D (55)
[2016.04.13-23.47.35:071][ 59]LogModuleManager: Shutting down and abandoning module MetalShaderFormat (54)
[2016.04.13-23.47.35:071][ 59]LogModuleManager: Shutting down and abandoning module TextureFormatUncompressed (53)
[2016.04.13-23.47.35:071][ 59]LogModuleManager: Shutting down and abandoning module TextureFormatPVR (52)
[2016.04.13-23.47.35:071][ 59]LogModuleManager: Shutting down and abandoning module TextureFormatIntelISPCTexComp (51)
[2016.04.13-23.47.35:071][ 59]LogModuleManager: Shutting down and abandoning module TextureFormatDXT (50)
[2016.04.13-23.47.35:071][ 59]LogModuleManager: Shutting down and abandoning module ImageWrapper (49)
[2016.04.13-23.47.35:071][ 59]LogModuleManager: Shutting down and abandoning module TextureFormatASTC (48)
[2016.04.13-23.47.35:071][ 59]LogModuleManager: Shutting down and abandoning module TextureFormatAndroid (47)
[2016.04.13-23.47.35:071][ 59]LogModuleManager: Shutting down and abandoning module AudioFormatOpus (46)
[2016.04.13-23.47.35:071][ 59]LogModuleManager: Shutting down and abandoning module AudioFormatOgg (45)
[2016.04.13-23.47.35:071][ 59]LogModuleManager: Shutting down and abandoning module AudioFormatADPCM (44)
[2016.04.13-23.47.35:071][ 59]LogModuleManager: Shutting down and abandoning module LinuxTargetPlatform (43)
[2016.04.13-23.47.35:071][ 59]LogModuleManager: Shutting down and abandoning module LinuxServerTargetPlatform (42)
[2016.04.13-23.47.35:071][ 59]LogModuleManager: Shutting down and abandoning module LinuxNoEditorTargetPlatform (41)
[2016.04.13-23.47.35:071][ 59]LogModuleManager: Shutting down and abandoning module TVOSTargetPlatform (40)
[2016.04.13-23.47.35:071][ 59]LogModuleManager: Shutting down and abandoning module Messaging (39)
[2016.04.13-23.47.35:071][ 59]LogModuleManager: Shutting down and abandoning module IOSTargetPlatform (38)
[2016.04.13-23.47.35:071][ 59]LogModuleManager: Shutting down and abandoning module HTML5TargetPlatform (37)
[2016.04.13-23.47.35:071][ 59]LogModuleManager: Shutting down and abandoning module Android_PVRTCTargetPlatform (36)
[2016.04.13-23.47.35:071][ 59]LogModuleManager: Shutting down and abandoning module Android_MultiTargetPlatform (35)
[2016.04.13-23.47.35:072][ 59]LogModuleManager: Shutting down and abandoning module Android_ETC2TargetPlatform (34)
[2016.04.13-23.47.35:072][ 59]LogModuleManager: Shutting down and abandoning module Android_ETC1TargetPlatform (33)
[2016.04.13-23.47.35:072][ 59]LogModuleManager: Shutting down and abandoning module Android_DXTTargetPlatform (32)
[2016.04.13-23.47.35:072][ 59]LogModuleManager: Shutting down and abandoning module Android_ATCTargetPlatform (31)
[2016.04.13-23.47.35:072][ 59]LogModuleManager: Shutting down and abandoning module Android_ASTCTargetPlatform (30)
[2016.04.13-23.47.35:072][ 59]LogModuleManager: Shutting down and abandoning module AndroidTargetPlatform (29)
[2016.04.13-23.47.35:072][ 59]LogModuleManager: Shutting down and abandoning module WindowsTargetPlatform (28)
[2016.04.13-23.47.35:072][ 59]LogModuleManager: Shutting down and abandoning module WindowsServerTargetPlatform (27)
[2016.04.13-23.47.35:072][ 59]LogModuleManager: Shutting down and abandoning module WindowsNoEditorTargetPlatform (26)
[2016.04.13-23.47.35:072][ 59]LogModuleManager: Shutting down and abandoning module WindowsClientTargetPlatform (25)
[2016.04.13-23.47.35:072][ 59]LogModuleManager: Shutting down and abandoning module AllDesktopTargetPlatform (24)
[2016.04.13-23.47.35:072][ 59]LogModuleManager: Shutting down and abandoning module TargetPlatform (23)
[2016.04.13-23.47.35:072][ 59]LogModuleManager: Shutting down and abandoning module InputCore (22)
[2016.04.13-23.47.35:072][ 59]LogModuleManager: Shutting down and abandoning module Settings (21)
[2016.04.13-23.47.35:072][ 59]LogModuleManager: Shutting down and abandoning module OnlineSubsystem (19)
[2016.04.13-23.47.35:072][ 59]LogModuleManager: Shutting down and abandoning module HTTP (18)
[2016.04.13-23.47.36:073][ 59]LogModuleManager: Shutting down and abandoning module XMPP (17)
[2016.04.13-23.47.36:073][ 59]LogModuleManager: Shutting down and abandoning module OculusRift (16)
[2016.04.13-23.47.36:073][ 59]LogModuleManager: Shutting down and abandoning module ExampleDeviceProfileSelector (15)
[2016.04.13-23.47.36:073][ 59]LogModuleManager: Shutting down and abandoning module TextureCompressor (14)
[2016.04.13-23.47.36:074][ 59]LogModuleManager: Shutting down and abandoning module ShaderCore (13)
[2016.04.13-23.47.36:074][ 59]LogModuleManager: Shutting down and abandoning module Landscape (12)
[2016.04.13-23.47.36:074][ 59]LogModuleManager: Shutting down and abandoning module SlateRHIRenderer (11)
[2016.04.13-23.47.36:076][ 59]LogModuleManager: Shutting down and abandoning module OpenGLDrv (10)
[2016.04.13-23.47.36:076][ 59]LogModuleManager: Shutting down and abandoning module D3D11RHI (9)
[2016.04.13-23.47.36:076][ 59]LogModuleManager: Shutting down and abandoning module AnimGraphRuntime (8)
[2016.04.13-23.47.36:076][ 59]LogModuleManager: Shutting down and abandoning module Renderer (7)
[2016.04.13-23.47.36:076][ 59]LogModuleManager: Shutting down and abandoning module Engine (6)
[2016.04.13-23.47.36:076][ 59]LogModuleManager: Shutting down and abandoning module CoreUObject (5)
[2016.04.13-23.47.36:076][ 59]LogModuleManager: Shutting down and abandoning module NetworkFile (4)
[2016.04.13-23.47.36:076][ 59]LogModuleManager: Shutting down and abandoning module StreamingFile (3)
[2016.04.13-23.47.36:076][ 59]LogModuleManager: Shutting down and abandoning module SandboxFile (2)
[2016.04.13-23.47.36:076][ 59]LogModuleManager: Shutting down and abandoning module PakFile (1)
[2016.04.13-23.47.36:080][ 59]LogExit: Exiting.
[2016.04.13-23.47.36:110][ 59]Log file closed, 04/13/16 19:47:36
