Log file open, 06/21/16 13:21:52
LogInit:Display: Running engine for game: PonyKart
LogPlatformFile: Not using cached read wrapper
LogInit:Display: RandInit(845647382) SRandInit(845647383).
LogTaskGraph: Started task graph with 4 named threads and 7 total threads.
LogStats: Stats thread started at 0.062917
LogHMD: Can't find Oculus library dev build: is proper Runtime installed? Version: 0.8.0.0
LogInit: Version: 4.11.0-2927265+++UE4+Release-4.11
LogInit: API Version: 2927265
LogInit: Compiled (64-bit): Mar 30 2016 02:13:55
LogInit: Compiled with Visual C++: 19.00.23026.00
LogInit: Build Configuration: Development
LogInit: Branch Name: ++UE4+Release-4.11
LogInit: Command line: 
LogInit: Base directory: C:/Program Files (x86)/Epic Games/4.11/Engine/Binaries/Win64/
LogInit: Installed Engine Build: 1
LogInit: Using libcurl 7.41.0
LogInit:  - built for x86_64-pc-win32
LogInit:  - supports SSL with WinSSL
LogInit:  - other features:
LogInit:      CURL_VERSION_SSL
LogInit:      CURL_VERSION_IPV6
LogInit:      CURL_VERSION_ASYNCHDNS
LogInit:      CURL_VERSION_LARGEFILE
LogInit:      CURL_VERSION_IDN
LogInit:  CurlRequestOptions (configurable via config and command line):
LogInit:  - bVerifyPeer = true  - Libcurl will verify peer certificate
LogInit:  - bUseHttpProxy = false  - Libcurl will NOT use HTTP proxy
LogInit:  - bDontReuseConnections = false  - Libcurl will reuse connections
LogInit:  - CertBundlePath = nullptr  - Libcurl will use whatever was configured at build time.
LogInit: Presizing for max 16777216 objects, including 0 objects not considered by GC, pre-allocating 0 bytes for permanent pool.
LogInit: Object subsystem initialized
[2016.06.21-17.21.52:635][  0]LogInit: Selected Device Profile: [Windows]
[2016.06.21-17.21.52:635][  0]LogInit: Applying CVar settings loaded from the selected device profile: [Windows]
[2016.06.21-17.21.52:640][  0]LogInit: Computer: FULL_TOWER
[2016.06.21-17.21.52:640][  0]LogInit: User: Sharpe
[2016.06.21-17.21.52:640][  0]LogInit: CPU Page size=65536, Cores=4
[2016.06.21-17.21.52:640][  0]LogInit: High frequency timer resolution =3.418046 MHz
[2016.06.21-17.21.52:640][  0]LogMemory: Memory total: Physical=7.9GB (8GB approx)
[2016.06.21-17.21.52:640][  0]LogMemory: Platform Memory Stats for Windows
[2016.06.21-17.21.52:640][  0]LogMemory: Process Physical Memory: 313.07 MB used, 313.07 MB peak
[2016.06.21-17.21.52:640][  0]LogMemory: Process Virtual Memory: 315.68 MB used, 315.68 MB peak
[2016.06.21-17.21.52:640][  0]LogMemory: Physical Memory: 3032.20 MB used, 8136.00 MB total
[2016.06.21-17.21.52:640][  0]LogMemory: Virtual Memory: 620.51 MB used, 8388608.00 MB total
[2016.06.21-17.21.52:687][  0]LogTextLocalizationManager: No specific translations for ('en-US') exist, so ('en') translations will be used.
[2016.06.21-17.21.53:027][  0]LogD3D11RHI: D3D11 adapters:
[2016.06.21-17.21.53:040][  0]LogD3D11RHI:    0. 'NVIDIA GeForce GTX 770' (Feature Level 11_0)
[2016.06.21-17.21.53:040][  0]LogD3D11RHI:       1989MB of dedicated video memory, 0MB of dedicated system memory, and 2048MB of shared system memory, 1 output[s]
[2016.06.21-17.21.53:040][  0]LogD3D11RHI: Chosen D3D11 Adapter: 0
[2016.06.21-17.21.53:045][  0]LogD3D11RHI: Creating new Direct3DDevice
[2016.06.21-17.21.53:045][  0]LogD3D11RHI:     Adapter Name: NVIDIA GeForce GTX 770
[2016.06.21-17.21.53:045][  0]LogD3D11RHI:   Driver Version: Unknown (internal Unknown)
[2016.06.21-17.21.53:045][  0]LogD3D11RHI:      Driver Date: Unknown
[2016.06.21-17.21.53:045][  0]LogRHI: Texture pool is 1361 MB (70% of 1945 MB)
[2016.06.21-17.21.53:050][  0]LogD3D11RHI: Async texture creation enabled
[2016.06.21-17.21.53:064][  0]LogShaderCompilers: Guid format shader working directory is -45 characters bigger than the processId version (../../../../../../Users/Sharpe/Documents/GitHub/PonyKart-UE4/PonyKart Project Build/PonyKart/Intermediate/Shaders/WorkingDirectory/5128/).
[2016.06.21-17.21.53:064][  0]LogShaderCompilers: Cleaned the shader compiler working directory 'C:/Users/Sharpe/AppData/Local/Temp/UnrealShaderWorkingDir/9159876740A0C64BD91DDCB22EFFDA10/'.
[2016.06.21-17.21.53:064][  0]LogShaderCompilers:Display: Using Local Shader Compiler.
[2016.06.21-17.21.55:723][  0]LogTemp:Display: Loaded TP AllDesktopTargetPlatform
[2016.06.21-17.21.55:727][  0]LogTemp:Display: Loaded TP WindowsClientTargetPlatform
[2016.06.21-17.21.55:731][  0]LogTemp:Display: Loaded TP WindowsNoEditorTargetPlatform
[2016.06.21-17.21.55:734][  0]LogTemp:Display: Loaded TP WindowsServerTargetPlatform
[2016.06.21-17.21.55:737][  0]LogTemp:Display: Loaded TP WindowsTargetPlatform
[2016.06.21-17.21.55:739][  0]LogTemp:Display: Loaded TP AndroidTargetPlatform
[2016.06.21-17.21.55:742][  0]LogTemp:Display: Loaded TP Android_ASTCTargetPlatform
[2016.06.21-17.21.55:744][  0]LogTemp:Display: Loaded TP Android_ATCTargetPlatform
[2016.06.21-17.21.55:747][  0]LogTemp:Display: Loaded TP Android_DXTTargetPlatform
[2016.06.21-17.21.55:749][  0]LogTemp:Display: Loaded TP Android_ETC1TargetPlatform
[2016.06.21-17.21.55:751][  0]LogTemp:Display: Loaded TP Android_ETC2TargetPlatform
[2016.06.21-17.21.55:755][  0]LogTemp:Display: Loaded TP Android_MultiTargetPlatform
[2016.06.21-17.21.55:756][  0]LogTemp:Display: Loaded TP Android_PVRTCTargetPlatform
[2016.06.21-17.21.55:756][  0]LogTemp:Display: Loaded TP HTML5TargetPlatform
[2016.06.21-17.21.55:771][  0]LogTemp:Display: Loaded TP IOSTargetPlatform
[2016.06.21-17.21.55:773][  0]LogTemp:Display: Loaded TP TVOSTargetPlatform
[2016.06.21-17.21.55:776][  0]LogTemp:Display: Loaded TP LinuxNoEditorTargetPlatform
[2016.06.21-17.21.55:778][  0]LogTemp:Display: Loaded TP LinuxServerTargetPlatform
[2016.06.21-17.21.55:780][  0]LogTemp:Display: Loaded TP LinuxTargetPlatform
[2016.06.21-17.21.55:780][  0]LogTargetPlatformManager:Display: Building Assets For Windows
[2016.06.21-17.21.55:828][  0]LogDerivedDataCache:Display: Max Cache Size: 512 MB
[2016.06.21-17.21.55:876][  0]LogDerivedDataCache: Loaded boot cache 0.05s 46MB C:/Users/Sharpe/AppData/Local/UnrealEngine/4.11/DerivedDataCache/Boot.ddc.
[2016.06.21-17.21.55:876][  0]LogDerivedDataCache:Display: Loaded Boot cache: C:/Users/Sharpe/AppData/Local/UnrealEngine/4.11/DerivedDataCache/Boot.ddc
[2016.06.21-17.21.55:876][  0]LogDerivedDataCache: FDerivedDataBackendGraph:  Pak pak cache file ../../../../../../Users/Sharpe/Documents/GitHub/PonyKart-UE4/PonyKart Project Build/PonyKart/DerivedDataCache/DDC.ddp not found, will not use a pak cache.
[2016.06.21-17.21.55:876][  0]LogDerivedDataCache: Unable to find inner node Pak for hierarchical cache Hierarchy.
[2016.06.21-17.21.55:876][  0]LogDerivedDataCache: FDerivedDataBackendGraph:  CompressedPak pak cache file ../../../../../../Users/Sharpe/Documents/GitHub/PonyKart-UE4/PonyKart Project Build/PonyKart/DerivedDataCache/Compressed.ddp not found, will not use a pak cache.
[2016.06.21-17.21.55:876][  0]LogDerivedDataCache: Unable to find inner node CompressedPak for hierarchical cache Hierarchy.
[2016.06.21-17.21.55:889][  0]LogDerivedDataCache:Display: Pak cache opened for reading ../../../Engine/DerivedDataCache/Compressed.ddp.
[2016.06.21-17.21.55:899][  0]LogDerivedDataCache: Using Local data cache path C:/Users/Sharpe/AppData/Local/UnrealEngine/Common/DerivedDataCache: Writable
[2016.06.21-17.21.56:023][  0]LogInit: Selected Device Profile: [Windows]
[2016.06.21-17.21.56:024][  0]LogContentStreaming: Texture pool size is 0.00 MB
[2016.06.21-17.21.56:043][  0]LogMaterial: Uniform references updated for custom material expression Custom.
[2016.06.21-17.21.56:159][  0]LogMeshUtilities: No automatic mesh reduction module available
[2016.06.21-17.21.56:159][  0]LogMeshUtilities: No automatic mesh merging module available
[2016.06.21-17.21.56:159][  0]LogMeshUtilities: No distributed automatic mesh merging module available
[2016.06.21-17.21.56:370][  0]LogUObjectArray: 27674 objects as part of root set at end of initial load.
[2016.06.21-17.21.56:370][  0]LogUObjectAllocator: 5590336 out of 0 bytes used by permanent object pool.
[2016.06.21-17.21.56:370][  0]LogUObjectArray: CloseDisregardForGC: 0/0 objects in disregard for GC pool
[2016.06.21-17.21.56:374][  0]LogInit: WinSock: version 1.1 (2.2), MaxSocks=32767, MaxUdp=65467
[2016.06.21-17.21.56:434][  0]LogSlate: SlateFontCache - WITH_FREETYPE: 1, WITH_HARFBUZZ: 1
[2016.06.21-17.21.56:434][  0]LogSlate: SlateFontCache - WITH_FREETYPE: 1, WITH_HARFBUZZ: 1
[2016.06.21-17.21.56:502][  0]LogStreaming:Warning: Failed to read file '../../../Engine/Content/Editor/Slate/Common/Selection_16x.png' error.
[2016.06.21-17.21.56:502][  0]LogSlate: Could not find file for Slate resource: ../../../Engine/Content/Editor/Slate/Common/Selection_16x.png
[2016.06.21-17.21.56:502][  0]LogStreaming:Warning: Failed to read file '../../../Engine/Content/Editor/Slate/Common/Selection_16x.png' error.
[2016.06.21-17.21.56:502][  0]LogSlate: Could not find file for Slate resource: ../../../Engine/Content/Editor/Slate/Common/Selection_16x.png
[2016.06.21-17.21.56:502][  0]LogStreaming:Warning: Failed to read file '../../../Engine/Content/Editor/Slate/Common/Selection_16x.png' error.
[2016.06.21-17.21.56:502][  0]LogSlate: Could not find file for Slate resource: ../../../Engine/Content/Editor/Slate/Common/Selection_16x.png
[2016.06.21-17.21.56:914][  0]LogUdpMessaging: Initializing bridge on interface 0.0.0.0:0 to multicast group 230.0.0.1:6666.
[2016.06.21-17.21.57:004][  0]LogAssetRegistry: FAssetRegistry took 0.0199 seconds to start up
[2016.06.21-17.21.57:121][  0]SourceControl: Info Source control is disabled
[2016.06.21-17.21.57:122][  0]SourceControl: Info Source control is disabled
[2016.06.21-17.21.57:126][  0]SourceControl: Info Source control is disabled
[2016.06.21-17.21.57:131][  0]SourceControl: Info Source control is disabled
[2016.06.21-17.21.57:247][  0]LogEngine: Initializing Engine...
[2016.06.21-17.21.57:247][  0]LogHMD: SteamVR failed to initialize.  Err: 110
[2016.06.21-17.21.57:365][  0]LogAIModule: Creating AISystem for world NewWorld
[2016.06.21-17.21.57:369][  0]LogInit: XAudio2 using 'Speakers (Realtek High Definition Audio)' : 2 channels at 48 kHz using 32 bits per sample (channel mask 0x3)
[2016.06.21-17.21.57:378][  0]LogInit: FAudioDevice initialized.
[2016.06.21-17.21.57:407][  0]LogDerivedDataCache: Saved boot cache 0.03s 46MB C:/Users/Sharpe/AppData/Local/UnrealEngine/4.11/DerivedDataCache/Boot.ddc.
[2016.06.21-17.21.57:414][  0]LogInit: Texture streaming: Enabled
[2016.06.21-17.21.57:430][  0]LogInit: Transaction tracking system initialized
[2016.06.21-17.21.57:443][  0]BlueprintLog: New page: Editor Load
[2016.06.21-17.21.57:491][  0]LocalizationService: Info Localization service is disabled
[2016.06.21-17.21.57:526][  0]LogLinker:Warning: Can't find file '/Game/VehicleAdvBP/AdvancedVehicleOverview'
[2016.06.21-17.21.57:526][  0]LogLinker:Warning: Can't find file '/Game/VehicleAdvBP/AdvancedVehicleOverview'
[2016.06.21-17.21.57:526][  0]LogUObjectGlobals:Warning: Failed to find object 'Class /Game/VehicleAdvBP/AdvancedVehicleOverview.AdvancedVehicleOverview_C'
[2016.06.21-17.21.57:535][  0]LogConsoleResponse:Display: 
[2016.06.21-17.21.57:618][  0]LogCook:Display: Max memory allowance for cook 8192mb
[2016.06.21-17.21.57:618][  0]LogCook:Display: Mobile HDR setting 1
[2016.06.21-17.21.57:618][  0]LogCook:Display: Done creating registry. It took  0.00s.
[2016.06.21-17.21.57:647][  0]LogFileCache: Scanning file cache for directory 'C:/Users/Sharpe/Documents/GitHub/PonyKart-UE4/PonyKart Project Build/PonyKart/Content/' took 0.01s
[2016.06.21-17.21.57:647][  0]SourceControl: Info Source control is disabled
[2016.06.21-17.21.57:647][  0]Cmd: MAP LOAD FILE="../../../../../../Users/Sharpe/Documents/GitHub/PonyKart-UE4/PonyKart Project Build/PonyKart/Content/Levels/KartTestLevel.umap" TEMPLATE=0 SHOWPROGRESS=1 FEATURELEVEL=3
[2016.06.21-17.21.57:647][  0]LightingResults: New page: Lighting Build
[2016.06.21-17.21.57:649][  0]MapCheck: New page: Map Check
[2016.06.21-17.21.57:649][  0]LightingResults: New page: Lighting Build
[2016.06.21-17.21.58:398][  0]LogStaticMesh: Building static mesh CloudsdaleTrack_JumpRail...
[2016.06.21-17.21.58:398][  0]LogMeshUtilities:Error: Raw mesh is corrupt for LOD0.
[2016.06.21-17.21.58:398][  0]LogStaticMesh: Built static mesh [0.00s] /Game/Models/TrackAssets/Cloudsdale/CloudsdaleTrack.CloudsdaleTrack_JumpRail
[2016.06.21-17.21.58:398][  0]LogStaticMesh: Building static mesh CloudsdaleTrack_NurbsPath...
[2016.06.21-17.21.58:398][  0]LogMeshUtilities:Error: Raw mesh is corrupt for LOD0.
[2016.06.21-17.21.58:398][  0]LogStaticMesh: Built static mesh [0.00s] /Game/Models/TrackAssets/Cloudsdale/CloudsdaleTrack.CloudsdaleTrack_NurbsPath
[2016.06.21-17.21.58:398][  0]LogStaticMesh: Building static mesh CloudsdaleTrack_RoadCurve...
[2016.06.21-17.21.58:398][  0]LogMeshUtilities:Error: Raw mesh is corrupt for LOD0.
[2016.06.21-17.21.58:398][  0]LogStaticMesh: Built static mesh [0.00s] /Game/Models/TrackAssets/Cloudsdale/CloudsdaleTrack.CloudsdaleTrack_RoadCurve
[2016.06.21-17.21.58:398][  0]LogStaticMesh: Building static mesh CloudsdaleTrack_RoadCurve2...
[2016.06.21-17.21.58:398][  0]LogMeshUtilities:Error: Raw mesh is corrupt for LOD0.
[2016.06.21-17.21.58:398][  0]LogStaticMesh: Built static mesh [0.00s] /Game/Models/TrackAssets/Cloudsdale/CloudsdaleTrack.CloudsdaleTrack_RoadCurve2
[2016.06.21-17.21.58:509][  0]LogAIModule: Creating AISystem for world KartTestLevel
[2016.06.21-17.21.58:694][  0]LogMaterial:Warning: Material /Game/Models/Karts/DashKart/DashKartMaterial.DashKartMaterial needed to have new flag set bUsedWithSkeletalMesh !
[2016.06.21-17.21.58:696][  0]LogMaterial: Missing cached shader map for material DashKartMaterial, compiling. 
[2016.06.21-17.21.58:734][  0]MapCheck:Warning: Warning DashKartMaterial Material /Game/Models/Karts/DashKart/DashKartMaterial.DashKartMaterial was missing the usage flag bUsedWithSkeletalMesh. If the material asset is not re-saved, it may not render correctly when run outside the editor. Fix
[2016.06.21-17.21.58:734][  0]LogMaterial: 0.00 seconds spent updating 1 materials, 1 interfaces, 0 instances, 0 with static permutations.
[2016.06.21-17.21.58:734][  0]LogPhysics:Warning: FConstraintInstance::GetRefFrame : Contained scale.
[2016.06.21-17.21.58:737][  0]LogEditorServer: Finished looking for orphan Actors (0.000 secs)
[2016.06.21-17.21.58:738][  0]Cmd: MAP CHECKDEP NOCLEARLOG
[2016.06.21-17.21.58:779][  0]MapCheck: Info Map check complete: 0 Error(s), 1 Warning(s), took 41.452ms to complete.
[2016.06.21-17.21.58:786][  0]LogFileHelpers: Loading map 'KartTestLevel' took 1.138
[2016.06.21-17.21.58:872][  0]LogCollectionManager: Loaded 0 collections in 0.001385 seconds
[2016.06.21-17.21.58:918][  0]LogFileCache: Scanning file cache for directory 'C:/Users/Sharpe/Documents/GitHub/PonyKart-UE4/PonyKart Project Build/PonyKart/Saved/Collections/' took 0.01s
[2016.06.21-17.21.58:918][  0]LogFileCache: Scanning file cache for directory 'C:/Users/Sharpe/Documents/GitHub/PonyKart-UE4/PonyKart Project Build/PonyKart/Content/Developers/Sharpe/Collections/' took 0.01s
[2016.06.21-17.21.58:918][  0]LogFileCache: Scanning file cache for directory 'C:/Users/Sharpe/Documents/GitHub/PonyKart-UE4/PonyKart Project Build/PonyKart/Content/Collections/' took 0.00s
[2016.06.21-17.21.58:918][  0]LogCollectionManager: Rebuilt the GUID cache for 0 collections in 0.000004 seconds
[2016.06.21-17.21.58:924][  0]LogContentBrowser: Native class hierarchy populated in 0.0067 seconds. Added 1978 classes and 343 folders.
[2016.06.21-17.21.58:929][  0]LogStats: UGameplayTagsManager::ConstructGameplayTagTree: Construct from data asset -  0.000 s
[2016.06.21-17.21.58:929][  0]LogStats: UGameplayTagsManager::ConstructGameplayTagTree: GameplayTagTreeChangedEvent.Broadcast -  0.000 s
[2016.06.21-17.21.58:930][  0]LogContentBrowser: Native class hierarchy updated for 'GameplayTags' in 0.0004 seconds. Added 12 classes and 0 folders.
[2016.06.21-17.21.58:935][  0]LogContentBrowser: Native class hierarchy updated for 'WidgetCarousel' in 0.0007 seconds. Added 0 classes and 0 folders.
[2016.06.21-17.21.58:940][  0]LogContentBrowser: Native class hierarchy updated for 'SuperSearch' in 0.0003 seconds. Added 1 classes and 2 folders.
[2016.06.21-17.21.58:972][  0]LogContentBrowser: Native class hierarchy updated for 'AddContentDialog' in 0.0003 seconds. Added 0 classes and 0 folders.
[2016.06.21-17.21.58:977][  0]LogContentBrowser: Native class hierarchy updated for 'SceneOutliner' in 0.0003 seconds. Added 1 classes and 2 folders.
[2016.06.21-17.21.59:002][  0]LogCrashTracker: Crashtracker disabled due to settings.
[2016.06.21-17.21.59:005][  0]LogUObjectGlobals:Warning: Failed to find object 'Class None.'
[2016.06.21-17.21.59:030][  0]LogContentBrowser: Native class hierarchy updated for 'HierarchicalLODOutliner' in 0.0003 seconds. Added 1 classes and 2 folders.
[2016.06.21-17.21.59:030][  0]LogLoad: Full Startup: 6.88 seconds (BP compile: 0.03 seconds)
[2016.06.21-17.21.59:030][  0]LogExternalProfiler:Warning: No registered external profiler was matched with a command-line switch (or the DLL could not be loaded).  External profiling features will not be available.
[2016.06.21-17.21.59:040][  0]LogOcInput: Can't find Oculus library dev build: is proper Runtime installed? Version: 0.8.0.0
[2016.06.21-17.21.59:087][  0]LogContentStreaming: Texture pool size now 1000 MB
[2016.06.21-17.21.59:217][  0]LogRenderer: Reallocating scene render targets to support 1000x620 (Frame:2).
[2016.06.21-17.21.59:473][  1]Cmd: UpdateLandscapeEditorData -warnings
[2016.06.21-17.21.59:503][  1]LogAssetRegistry: Asset discovery search completed in 2.5168 seconds
[2016.06.21-17.21.59:503][  1]LogCollectionManager: Rebuilt the object cache for 0 collections in 0.000001 seconds (found 0 objects)
[2016.06.21-17.21.59:503][  1]LogCollectionManager: Fixed up redirectors for 0 collections in 0.000020 seconds (updated 0 objects)
[2016.06.21-17.22.17:045][704]LogEditorActor: Deleted Actor: StaticMeshActor
[2016.06.21-17.22.17:047][704]LogEditorActor: Deleted Actor: StaticMeshActor
[2016.06.21-17.22.17:049][704]LogEditorActor: Deleted Actor: StaticMeshActor
[2016.06.21-17.22.17:050][704]LogEditorActor: Deleted Actor: StaticMeshActor
[2016.06.21-17.22.17:052][704]LogEditorActor: Deleted Actor: StaticMeshActor
[2016.06.21-17.22.17:053][704]LogEditorActor: Deleted Actor: StaticMeshActor
[2016.06.21-17.22.17:055][704]LogEditorActor: Deleted Actor: StaticMeshActor
[2016.06.21-17.22.17:056][704]LogEditorActor: Deleted Actor: StaticMeshActor
[2016.06.21-17.22.17:058][704]LogEditorActor: Deleted Actor: StaticMeshActor
[2016.06.21-17.22.17:060][704]LogEditorActor: Deleted Actor: StaticMeshActor
[2016.06.21-17.22.17:061][704]LogEditorActor: Deleted Actor: StaticMeshActor
[2016.06.21-17.22.17:063][704]LogEditorActor: Deleted Actor: StaticMeshActor
[2016.06.21-17.22.17:064][704]LogEditorActor: Deleted Actor: StaticMeshActor
[2016.06.21-17.22.17:066][704]LogEditorActor: Deleted Actor: StaticMeshActor
[2016.06.21-17.22.17:067][704]LogEditorActor: Deleted Actor: StaticMeshActor
[2016.06.21-17.22.17:069][704]LogEditorActor: Deleted Actor: StaticMeshActor
[2016.06.21-17.22.17:070][704]LogEditorActor: Deleted Actor: StaticMeshActor
[2016.06.21-17.22.17:071][704]LogEditorActor: Deleted Actor: StaticMeshActor
[2016.06.21-17.22.17:083][704]LogEditorActor: Deleted 18 Actors (0.048 secs)
[2016.06.21-17.22.20:158][ 13]LogRenderer: Reallocating scene render targets to support 1432x924 (Frame:2688).
[2016.06.21-17.22.34:204][505]LogPhysics:Warning: FConstraintInstance::GetRefFrame : Contained scale.
[2016.06.21-17.22.40:436][ 70]LogSavePackage: Save=1124.45ms
[2016.06.21-17.22.40:436][ 70]LogSavePackage: Moving '../../../../../../Users/Sharpe/Documents/GitHub/PonyKart-UE4/PonyKart Project Build/PonyKart/Saved/KartTestLevelCEA160EF4D373868382ABB99EFE7DD9C.tmp' to '../../../../../../Users/Sharpe/Documents/GitHub/PonyKart-UE4/PonyKart Project Build/PonyKart/Content/Levels/KartTestLevel.umap'
[2016.06.21-17.22.40:440][ 70]LogSavePackage: Total save time: 1134.05ms
[2016.06.21-17.22.40:441][ 70]LogSavePackage:Display: Finished SavePackage ../../../../../../Users/Sharpe/Documents/GitHub/PonyKart-UE4/PonyKart Project Build/PonyKart/Content/Levels/KartTestLevel.umap
[2016.06.21-17.22.40:534][ 70]LogFileHelpers: Saving map 'KartTestLevel' took 1.273
[2016.06.21-17.22.41:320][ 70]LogSavePackage: Save=252.32ms
[2016.06.21-17.22.41:320][ 70]LogSavePackage: Moving '../../../../../../Users/Sharpe/Documents/GitHub/PonyKart-UE4/PonyKart Project Build/PonyKart/Saved/CloudsdaleTrack0F2CF8FC41B981E38E74609000794B37.tmp' to '../../../../../../Users/Sharpe/Documents/GitHub/PonyKart-UE4/PonyKart Project Build/PonyKart/Content/Models/TrackAssets/Cloudsdale/CloudsdaleTrack.uasset'
[2016.06.21-17.22.41:322][ 70]LogSavePackage: Total save time: 267.72ms
[2016.06.21-17.22.41:322][ 70]LogSavePackage:Display: Finished SavePackage ../../../../../../Users/Sharpe/Documents/GitHub/PonyKart-UE4/PonyKart Project Build/PonyKart/Content/Models/TrackAssets/Cloudsdale/CloudsdaleTrack.uasset
[2016.06.21-17.22.42:445][196]LogActorFactory: Actor Factory created CloudsdaleTrack_NurbsPath
[2016.06.21-17.22.43:434][312]LogActorFactory: Actor Factory created CloudsdaleTrack_NurbsPath
[2016.06.21-17.22.46:954][726]Cmd: CAMERA ALIGN ACTIVEVIEWPORTONLY
[2016.06.21-17.22.50:370][130]Cmd: CAMERA ALIGN ACTIVEVIEWPORTONLY
[2016.06.21-17.22.50:745][175]Cmd: CAMERA ALIGN ACTIVEVIEWPORTONLY
[2016.06.21-17.22.52:410][363]Cmd: DELETE
[2016.06.21-17.22.52:410][363]Cmd: ACTOR DELETE
[2016.06.21-17.22.52:420][363]LogEditorActor: Deleted Actor: StaticMeshActor
[2016.06.21-17.22.52:429][363]LogEditorActor: Deleted 1 Actors (0.019 secs)
[2016.06.21-17.23.12:964][480]LogFactory: FactoryCreateBinary: StaticMesh with FbxFactory (0 0 ../../../../../../Users/Sharpe/Documents/GitHub/PonyKart-UE4/PonyKart Development Assets/Model assets/Tracks and track assets/Cloudsdale/CloudsdaleTrack.fbx)
[2016.06.21-17.23.12:978][480]LogFbx: ItemName: GlobalSettings, ItemCount : 1
[2016.06.21-17.23.12:978][480]LogFbx: ItemName: NodeAttribute, ItemCount : 2
[2016.06.21-17.23.12:978][480]LogFbx: ItemName: Geometry, ItemCount : 47
[2016.06.21-17.23.12:978][480]LogFbx: ItemName: Model, ItemCount : 49
[2016.06.21-17.23.12:978][480]LogFbx: ItemName: Material, ItemCount : 10
[2016.06.21-17.23.12:982][480]LogFbx: Loading FBX Scene from ../../../../../../Users/Sharpe/Documents/GitHub/PonyKart-UE4/PonyKart Development Assets/Model assets/Tracks and track assets/Cloudsdale/CloudsdaleTrack.fbx
[2016.06.21-17.23.13:054][480]LogFbx: FBX Scene Loaded Succesfully
[2016.06.21-17.23.17:652][480]LogFbx: Loading FBX Scene from ../../../../../../Users/Sharpe/Documents/GitHub/PonyKart-UE4/PonyKart Development Assets/Model assets/Tracks and track assets/Cloudsdale/CloudsdaleTrack.fbx
[2016.06.21-17.23.17:728][480]LogFbx: FBX Scene Loaded Succesfully
[2016.06.21-17.23.17:732][480]LogFbx:Warning: Triangulating static mesh Circle
[2016.06.21-17.23.17:754][480]LogStaticMesh: Building static mesh CloudsdaleTrack_Circle...
[2016.06.21-17.23.17:756][480]LogStaticMesh: Built static mesh [0.00s] /Game/Models/TrackAssets/Cloudsdale/CloudsdaleTrack.CloudsdaleTrack_Circle
[2016.06.21-17.23.17:759][480]LogFbx:Warning: Triangulating static mesh Buildings Base.013
[2016.06.21-17.23.17:853][480]LogStaticMesh: Building static mesh CloudsdaleTrack_Buildings_Base_013...
[2016.06.21-17.23.17:864][480]LogStaticMesh: Built static mesh [0.01s] /Game/Models/TrackAssets/Cloudsdale/CloudsdaleTrack.CloudsdaleTrack_Buildings_Base_013
[2016.06.21-17.23.17:869][480]LogFbx:Warning: Triangulating static mesh Buildings Base.012
[2016.06.21-17.23.17:964][480]LogStaticMesh: Building static mesh CloudsdaleTrack_Buildings_Base_012...
[2016.06.21-17.23.17:975][480]LogStaticMesh: Built static mesh [0.01s] /Game/Models/TrackAssets/Cloudsdale/CloudsdaleTrack.CloudsdaleTrack_Buildings_Base_012
[2016.06.21-17.23.17:979][480]LogFbx:Warning: Triangulating static mesh Buildings Base.011
[2016.06.21-17.23.18:073][480]LogStaticMesh: Building static mesh CloudsdaleTrack_Buildings_Base_011...
[2016.06.21-17.23.18:085][480]LogStaticMesh: Built static mesh [0.01s] /Game/Models/TrackAssets/Cloudsdale/CloudsdaleTrack.CloudsdaleTrack_Buildings_Base_011
[2016.06.21-17.23.18:090][480]LogFbx:Warning: Triangulating static mesh Buildings Base.010
[2016.06.21-17.23.18:183][480]LogStaticMesh: Building static mesh CloudsdaleTrack_Buildings_Base_010...
[2016.06.21-17.23.18:195][480]LogStaticMesh: Built static mesh [0.01s] /Game/Models/TrackAssets/Cloudsdale/CloudsdaleTrack.CloudsdaleTrack_Buildings_Base_010
[2016.06.21-17.23.18:199][480]LogFbx:Warning: Triangulating static mesh Buildings Base.009
[2016.06.21-17.23.18:292][480]LogStaticMesh: Building static mesh CloudsdaleTrack_Buildings_Base_009...
[2016.06.21-17.23.18:303][480]LogStaticMesh: Built static mesh [0.01s] /Game/Models/TrackAssets/Cloudsdale/CloudsdaleTrack.CloudsdaleTrack_Buildings_Base_009
[2016.06.21-17.23.18:309][480]LogFbx:Warning: Triangulating static mesh Buildings Base.008
[2016.06.21-17.23.18:400][480]LogStaticMesh: Building static mesh CloudsdaleTrack_Buildings_Base_008...
[2016.06.21-17.23.18:412][480]LogStaticMesh: Built static mesh [0.01s] /Game/Models/TrackAssets/Cloudsdale/CloudsdaleTrack.CloudsdaleTrack_Buildings_Base_008
[2016.06.21-17.23.18:415][480]LogFbx:Warning: Triangulating static mesh Buildings Base.007
[2016.06.21-17.23.18:508][480]LogStaticMesh: Building static mesh CloudsdaleTrack_Buildings_Base_007...
[2016.06.21-17.23.18:519][480]LogStaticMesh: Built static mesh [0.01s] /Game/Models/TrackAssets/Cloudsdale/CloudsdaleTrack.CloudsdaleTrack_Buildings_Base_007
[2016.06.21-17.23.18:543][480]LogFbx:Warning: Triangulating static mesh Buildings Base.006
[2016.06.21-17.23.18:558][480]LogStaticMesh: Building static mesh CloudsdaleTrack_Buildings_Base_006...
[2016.06.21-17.23.18:560][480]LogStaticMesh: Built static mesh [0.00s] /Game/Models/TrackAssets/Cloudsdale/CloudsdaleTrack.CloudsdaleTrack_Buildings_Base_006
[2016.06.21-17.23.18:562][480]LogFbx:Warning: Triangulating static mesh Buildings Base.005
[2016.06.21-17.23.18:656][480]LogStaticMesh: Building static mesh CloudsdaleTrack_Buildings_Base_005...
[2016.06.21-17.23.18:668][480]LogStaticMesh: Built static mesh [0.01s] /Game/Models/TrackAssets/Cloudsdale/CloudsdaleTrack.CloudsdaleTrack_Buildings_Base_005
[2016.06.21-17.23.18:672][480]LogFbx:Warning: Triangulating static mesh Road.002
[2016.06.21-17.23.18:729][480]LogStaticMesh: Building static mesh CloudsdaleTrack_Road_002...
[2016.06.21-17.23.18:741][480]LogStaticMesh: Built static mesh [0.01s] /Game/Models/TrackAssets/Cloudsdale/CloudsdaleTrack.CloudsdaleTrack_Road_002
[2016.06.21-17.23.18:749][480]LogFbx:Warning: Triangulating static mesh Road.000
[2016.06.21-17.23.19:598][480]LogStaticMesh: Building static mesh CloudsdaleTrack_Road_000...
[2016.06.21-17.23.19:765][480]LogStaticMesh: Built static mesh [0.17s] /Game/Models/TrackAssets/Cloudsdale/CloudsdaleTrack.CloudsdaleTrack_Road_000
[2016.06.21-17.23.19:785][480]LogFbx:Warning: Triangulating static mesh FactoryFloorAndRoad.001
[2016.06.21-17.23.19:914][480]LogStaticMesh: Building static mesh CloudsdaleTrack_FactoryFloorAndRoad_001...
[2016.06.21-17.23.19:930][480]LogStaticMesh: Built static mesh [0.02s] /Game/Models/TrackAssets/Cloudsdale/CloudsdaleTrack.CloudsdaleTrack_FactoryFloorAndRoad_001
[2016.06.21-17.23.19:935][480]LogFbx:Warning: Triangulating static mesh Buildings Base.004
[2016.06.21-17.23.20:020][480]LogStaticMesh: Building static mesh CloudsdaleTrack_Buildings_Base_004...
[2016.06.21-17.23.20:035][480]LogStaticMesh: Built static mesh [0.01s] /Game/Models/TrackAssets/Cloudsdale/CloudsdaleTrack.CloudsdaleTrack_Buildings_Base_004
[2016.06.21-17.23.20:071][480]LogFbx:Warning: Triangulating static mesh RoadJumpLandingCollission
[2016.06.21-17.23.20:088][480]LogStaticMesh: Building static mesh CloudsdaleTrack_RoadJumpLandingCollission...
[2016.06.21-17.23.20:089][480]LogStaticMesh: Built static mesh [0.00s] /Game/Models/TrackAssets/Cloudsdale/CloudsdaleTrack.CloudsdaleTrack_RoadJumpLandingCollission
[2016.06.21-17.23.20:092][480]LogFbx:Warning: Triangulating static mesh Plane.000
[2016.06.21-17.23.20:312][480]LogStaticMesh: Building static mesh CloudsdaleTrack_Plane_000...
[2016.06.21-17.23.20:348][480]LogStaticMesh: Built static mesh [0.04s] /Game/Models/TrackAssets/Cloudsdale/CloudsdaleTrack.CloudsdaleTrack_Plane_000
[2016.06.21-17.23.20:356][480]LogFbx:Warning: Triangulating static mesh Road.001
[2016.06.21-17.23.20:373][480]LogStaticMesh: Building static mesh CloudsdaleTrack_Road_001...
[2016.06.21-17.23.20:377][480]LogStaticMesh: Built static mesh [0.00s] /Game/Models/TrackAssets/Cloudsdale/CloudsdaleTrack.CloudsdaleTrack_Road_001
[2016.06.21-17.23.20:379][480]LogFbx:Warning: Triangulating static mesh Factory.007
[2016.06.21-17.23.20:391][480]LogStaticMesh: Building static mesh CloudsdaleTrack_Factory_007...
[2016.06.21-17.23.20:392][480]LogStaticMesh: Built static mesh [0.00s] /Game/Models/TrackAssets/Cloudsdale/CloudsdaleTrack.CloudsdaleTrack_Factory_007
[2016.06.21-17.23.20:394][480]LogFbx:Warning: Triangulating static mesh Factory.006
[2016.06.21-17.23.20:449][480]LogStaticMesh: Building static mesh CloudsdaleTrack_Factory_006...
[2016.06.21-17.23.20:455][480]LogStaticMesh: Built static mesh [0.01s] /Game/Models/TrackAssets/Cloudsdale/CloudsdaleTrack.CloudsdaleTrack_Factory_006
[2016.06.21-17.23.20:458][480]LogFbx:Warning: Triangulating static mesh OverArches.002
[2016.06.21-17.23.20:493][480]LogStaticMesh: Building static mesh CloudsdaleTrack_OverArches_002...
[2016.06.21-17.23.20:503][480]LogStaticMesh: Built static mesh [0.01s] /Game/Models/TrackAssets/Cloudsdale/CloudsdaleTrack.CloudsdaleTrack_OverArches_002
[2016.06.21-17.23.20:505][480]LogFbx:Warning: Triangulating static mesh OverArches.001
[2016.06.21-17.23.20:539][480]LogStaticMesh: Building static mesh CloudsdaleTrack_OverArches_001...
[2016.06.21-17.23.20:550][480]LogStaticMesh: Built static mesh [0.01s] /Game/Models/TrackAssets/Cloudsdale/CloudsdaleTrack.CloudsdaleTrack_OverArches_001
[2016.06.21-17.23.20:558][480]LogFbx:Warning: Triangulating static mesh Mball.000
[2016.06.21-17.23.21:644][480]LogStaticMesh: Building static mesh CloudsdaleTrack_Mball_000...
[2016.06.21-17.23.21:896][480]LogStaticMesh: Built static mesh [0.25s] /Game/Models/TrackAssets/Cloudsdale/CloudsdaleTrack.CloudsdaleTrack_Mball_000
[2016.06.21-17.23.21:929][480]LogFbx:Warning: Triangulating static mesh Mball.001
[2016.06.21-17.23.22:712][480]LogStaticMesh: Building static mesh CloudsdaleTrack_Mball_001...
[2016.06.21-17.23.22:886][480]LogStaticMesh: Built static mesh [0.19s] /Game/Models/TrackAssets/Cloudsdale/CloudsdaleTrack.CloudsdaleTrack_Mball_001
[2016.06.21-17.23.22:910][480]LogFbx:Warning: Triangulating static mesh Buildings Base.003
[2016.06.21-17.23.23:053][480]LogStaticMesh: Building static mesh CloudsdaleTrack_Buildings_Base_003...
[2016.06.21-17.23.23:112][480]LogStaticMesh: Built static mesh [0.06s] /Game/Models/TrackAssets/Cloudsdale/CloudsdaleTrack.CloudsdaleTrack_Buildings_Base_003
[2016.06.21-17.23.23:118][480]LogFbx:Warning: Triangulating static mesh Buildings Base.002
[2016.06.21-17.23.23:202][480]LogStaticMesh: Building static mesh CloudsdaleTrack_Buildings_Base_002...
[2016.06.21-17.23.23:215][480]LogStaticMesh: Built static mesh [0.01s] /Game/Models/TrackAssets/Cloudsdale/CloudsdaleTrack.CloudsdaleTrack_Buildings_Base_002
[2016.06.21-17.23.23:219][480]LogFbx:Warning: Triangulating static mesh Buildings Base.001
[2016.06.21-17.23.23:303][480]LogStaticMesh: Building static mesh CloudsdaleTrack_Buildings_Base_001...
[2016.06.21-17.23.23:317][480]LogStaticMesh: Built static mesh [0.01s] /Game/Models/TrackAssets/Cloudsdale/CloudsdaleTrack.CloudsdaleTrack_Buildings_Base_001
[2016.06.21-17.23.23:974][480]LogFbx:Warning: Triangulating static mesh Factory.003
[2016.06.21-17.23.24:056][480]LogStaticMesh: Building static mesh CloudsdaleTrack_Factory_003...
[2016.06.21-17.23.24:070][480]LogStaticMesh: Built static mesh [0.01s] /Game/Models/TrackAssets/Cloudsdale/CloudsdaleTrack.CloudsdaleTrack_Factory_003
[2016.06.21-17.23.24:073][480]LogFbx:Warning: Triangulating static mesh Factory.002
[2016.06.21-17.23.24:120][480]LogStaticMesh: Building static mesh CloudsdaleTrack_Factory_002...
[2016.06.21-17.23.24:135][480]LogStaticMesh: Built static mesh [0.01s] /Game/Models/TrackAssets/Cloudsdale/CloudsdaleTrack.CloudsdaleTrack_Factory_002
[2016.06.21-17.23.24:138][480]LogFbx:Warning: Triangulating static mesh Factory.001
[2016.06.21-17.23.24:185][480]LogStaticMesh: Building static mesh CloudsdaleTrack_Factory_001...
[2016.06.21-17.23.24:199][480]LogStaticMesh: Built static mesh [0.01s] /Game/Models/TrackAssets/Cloudsdale/CloudsdaleTrack.CloudsdaleTrack_Factory_001
[2016.06.21-17.23.24:207][480]LogFbx:Warning: Triangulating static mesh Clouds.006
[2016.06.21-17.23.24:342][480]LogStaticMesh: Building static mesh CloudsdaleTrack_Clouds_006...
[2016.06.21-17.23.24:366][480]LogStaticMesh: Built static mesh [0.02s] /Game/Models/TrackAssets/Cloudsdale/CloudsdaleTrack.CloudsdaleTrack_Clouds_006
[2016.06.21-17.23.24:370][480]LogFbx:Warning: Triangulating static mesh Clouds.005
[2016.06.21-17.23.25:073][480]LogStaticMesh: Building static mesh CloudsdaleTrack_Clouds_005...
[2016.06.21-17.23.25:257][480]LogStaticMesh: Built static mesh [0.18s] /Game/Models/TrackAssets/Cloudsdale/CloudsdaleTrack.CloudsdaleTrack_Clouds_005
[2016.06.21-17.23.25:278][480]LogFbx:Warning: Triangulating static mesh Clouds.004
[2016.06.21-17.23.25:576][480]LogStaticMesh: Building static mesh CloudsdaleTrack_Clouds_004...
[2016.06.21-17.23.25:635][480]LogStaticMesh: Built static mesh [0.06s] /Game/Models/TrackAssets/Cloudsdale/CloudsdaleTrack.CloudsdaleTrack_Clouds_004
[2016.06.21-17.23.25:645][480]LogFbx:Warning: Triangulating static mesh Clouds.003
[2016.06.21-17.23.27:061][480]LogStaticMesh: Building static mesh CloudsdaleTrack_Clouds_003...
[2016.06.21-17.23.27:560][480]LogStaticMesh: Built static mesh [0.50s] /Game/Models/TrackAssets/Cloudsdale/CloudsdaleTrack.CloudsdaleTrack_Clouds_003
[2016.06.21-17.23.27:601][480]LogFbx:Warning: Triangulating static mesh Clouds.002
[2016.06.21-17.23.29:067][480]LogStaticMesh: Building static mesh CloudsdaleTrack_Clouds_002...
[2016.06.21-17.23.29:607][480]LogStaticMesh: Built static mesh [0.54s] /Game/Models/TrackAssets/Cloudsdale/CloudsdaleTrack.CloudsdaleTrack_Clouds_002
[2016.06.21-17.23.29:654][480]LogFbx:Warning: Triangulating static mesh Clouds.001
[2016.06.21-17.23.30:776][480]LogStaticMesh: Building static mesh CloudsdaleTrack_Clouds_001...
[2016.06.21-17.23.31:130][480]LogStaticMesh: Built static mesh [0.35s] /Game/Models/TrackAssets/Cloudsdale/CloudsdaleTrack.CloudsdaleTrack_Clouds_001
[2016.06.21-17.23.31:194][480]LogFbx:Warning: Triangulating static mesh FactoryGlass
[2016.06.21-17.23.31:235][480]LogStaticMesh: Building static mesh CloudsdaleTrack_FactoryGlass...
[2016.06.21-17.23.31:247][480]LogStaticMesh: Built static mesh [0.01s] /Game/Models/TrackAssets/Cloudsdale/CloudsdaleTrack.CloudsdaleTrack_FactoryGlass
[2016.06.21-17.23.31:250][480]LogFbx:Warning: Triangulating static mesh Clouds
[2016.06.21-17.23.31:975][480]LogStaticMesh: Building static mesh CloudsdaleTrack_Clouds...
[2016.06.21-17.23.32:122][480]LogStaticMesh: Built static mesh [0.15s] /Game/Models/TrackAssets/Cloudsdale/CloudsdaleTrack.CloudsdaleTrack_Clouds
[2016.06.21-17.23.32:147][480]LogFbx:Warning: Triangulating static mesh Columns
[2016.06.21-17.23.32:371][480]LogStaticMesh: Building static mesh CloudsdaleTrack_Columns...
[2016.06.21-17.23.32:555][480]LogStaticMesh: Built static mesh [0.18s] /Game/Models/TrackAssets/Cloudsdale/CloudsdaleTrack.CloudsdaleTrack_Columns
[2016.06.21-17.23.32:562][480]LogFbx:Warning: Triangulating static mesh Base
[2016.06.21-17.23.32:681][480]LogStaticMesh: Building static mesh CloudsdaleTrack_Base...
[2016.06.21-17.23.32:713][480]LogStaticMesh: Built static mesh [0.03s] /Game/Models/TrackAssets/Cloudsdale/CloudsdaleTrack.CloudsdaleTrack_Base
[2016.06.21-17.23.32:718][480]LogFbx:Warning: Triangulating static mesh Buildings Base
[2016.06.21-17.23.32:804][480]LogStaticMesh: Building static mesh CloudsdaleTrack_Buildings_Base...
[2016.06.21-17.23.32:818][480]LogStaticMesh: Built static mesh [0.01s] /Game/Models/TrackAssets/Cloudsdale/CloudsdaleTrack.CloudsdaleTrack_Buildings_Base
[2016.06.21-17.23.32:826][480]LogFbx:Warning: Triangulating static mesh OverArches
[2016.06.21-17.23.32:861][480]LogStaticMesh: Building static mesh CloudsdaleTrack_OverArches...
[2016.06.21-17.23.32:870][480]LogStaticMesh: Built static mesh [0.01s] /Game/Models/TrackAssets/Cloudsdale/CloudsdaleTrack.CloudsdaleTrack_OverArches
[2016.06.21-17.23.32:873][480]LogFbx:Warning: Triangulating static mesh FactoryFloorAndRoad
[2016.06.21-17.23.32:918][480]LogStaticMesh: Building static mesh CloudsdaleTrack_FactoryFloorAndRoad...
[2016.06.21-17.23.32:931][480]LogStaticMesh: Built static mesh [0.01s] /Game/Models/TrackAssets/Cloudsdale/CloudsdaleTrack.CloudsdaleTrack_FactoryFloorAndRoad
[2016.06.21-17.23.32:934][480]LogFbx:Warning: Triangulating static mesh Mball.067
[2016.06.21-17.23.33:272][480]LogStaticMesh: Building static mesh CloudsdaleTrack_Mball_067...
[2016.06.21-17.23.33:311][480]LogStaticMesh: Built static mesh [0.04s] /Game/Models/TrackAssets/Cloudsdale/CloudsdaleTrack.CloudsdaleTrack_Mball_067
[2016.06.21-17.23.33:328][480]FBXImport:Warning: Warning Warning: No smoothing group information was found in this FBX scene.  Please make sure to enable the 'Export Smoothing Groups' option in the FBX Exporter plug-in before exporting the file.  Even for tools that don't support smoothing groups, the FBX Exporter will generate appropriate smoothing data at export-time so that correct vertex normals can be inferred while importing. 
[2016.06.21-17.23.33:328][480]FBXImport:Error: Error No triangles were found on mesh  'Mesh.010' 
[2016.06.21-17.23.33:328][480]FBXImport:Error: Error No triangles were found on mesh  'Mesh.020' 
[2016.06.21-17.23.33:328][480]FBXImport:Error: Error No triangles were found on mesh  'Mesh.022' 
[2016.06.21-17.23.33:328][480]FBXImport:Error: Error No triangles were found on mesh  'Mesh.023' 
[2016.06.21-17.23.43:654][699]LogEditorViewport: Clicking on Actor (LMB): Landscape (Landscape1)
[2016.06.21-17.23.47:966][177]LogActorFactory: Actor Factory created CloudsdaleTrack_RoadCurve2
[2016.06.21-17.23.47:966][177]LogWindows:Error: Windows GetLastError: The operation completed successfully. (0)
[2016.06.21-17.23.48:288][177]LogCrashTracker: 


[2016.06.21-17.23.48:294][177]LogCrashTracker: 


[2016.06.21-17.23.48:294][177]LogWindows:Error: === Critical error: ===
Assertion failed: Reference != 0 [File:D:\BuildFarm\buildmachine_++UE4+Release-4.11\Engine\Source\Runtime\Core\Public\Templates\ScopedPointer.h] [Line: 73] 





[2016.06.21-17.23.48:327][177]LogExit: Executing StaticShutdownAfterError
[2016.06.21-17.23.48:333][177]LogPhysics:Warning: PHYSX: ..\..\PhysX\src\NpScene.cpp (2946) 8 : PxScene::unlockWrite() called without matching call to PxScene::lockWrite(), behaviour will be undefined.
[2016.06.21-17.23.48:333][177]LogPhysics:Warning: PHYSX: ..\..\PhysX\src\NpScene.cpp (2946) 8 : PxScene::unlockWrite() called without matching call to PxScene::lockWrite(), behaviour will be undefined.
[2016.06.21-17.23.48:333][177]LogWindows: FPlatformMisc::RequestExit(1)
[2016.06.21-17.23.48:333][177]Log file closed, 06/21/16 13:23:48
