Log file open, 06/21/16 13:14:29
LogInit:Display: Running engine for game: PonyKart
LogPlatformFile: Not using cached read wrapper
LogInit:Display: RandInit(-669625383) SRandInit(-669625381).
LogTaskGraph: Started task graph with 4 named threads and 7 total threads.
LogStats: Stats thread started at 0.069670
LogHMD: Can't find Oculus library dev build: is proper Runtime installed? Version: 0.8.0.0
LogInit: Version: 4.11.0-2927265+++UE4+Release-4.11
LogInit: API Version: 2927265
LogInit: Compiled (64-bit): Mar 30 2016 02:13:55
LogInit: Compiled with Visual C++: 19.00.23026.00
LogInit: Build Configuration: Development
LogInit: Branch Name: ++UE4+Release-4.11
LogInit: Command line: 
LogInit: Base directory: C:/Program Files (x86)/Epic Games/4.11/Engine/Binaries/Win64/
LogInit: Installed Engine Build: 1
LogInit: Using libcurl 7.41.0
LogInit:  - built for x86_64-pc-win32
LogInit:  - supports SSL with WinSSL
LogInit:  - other features:
LogInit:      CURL_VERSION_SSL
LogInit:      CURL_VERSION_IPV6
LogInit:      CURL_VERSION_ASYNCHDNS
LogInit:      CURL_VERSION_LARGEFILE
LogInit:      CURL_VERSION_IDN
LogInit:  CurlRequestOptions (configurable via config and command line):
LogInit:  - bVerifyPeer = true  - Libcurl will verify peer certificate
LogInit:  - bUseHttpProxy = false  - Libcurl will NOT use HTTP proxy
LogInit:  - bDontReuseConnections = false  - Libcurl will reuse connections
LogInit:  - CertBundlePath = nullptr  - Libcurl will use whatever was configured at build time.
LogInit: Presizing for max 16777216 objects, including 0 objects not considered by GC, pre-allocating 0 bytes for permanent pool.
LogInit: Object subsystem initialized
[2016.06.21-17.14.29:488][  0]LogInit: Selected Device Profile: [Windows]
[2016.06.21-17.14.29:488][  0]LogInit: Applying CVar settings loaded from the selected device profile: [Windows]
[2016.06.21-17.14.29:493][  0]LogInit: Computer: FULL_TOWER
[2016.06.21-17.14.29:493][  0]LogInit: User: Sharpe
[2016.06.21-17.14.29:493][  0]LogInit: CPU Page size=65536, Cores=4
[2016.06.21-17.14.29:493][  0]LogInit: High frequency timer resolution =3.418046 MHz
[2016.06.21-17.14.29:493][  0]LogMemory: Memory total: Physical=7.9GB (8GB approx)
[2016.06.21-17.14.29:493][  0]LogMemory: Platform Memory Stats for Windows
[2016.06.21-17.14.29:493][  0]LogMemory: Process Physical Memory: 313.04 MB used, 313.04 MB peak
[2016.06.21-17.14.29:493][  0]LogMemory: Process Virtual Memory: 315.67 MB used, 315.67 MB peak
[2016.06.21-17.14.29:493][  0]LogMemory: Physical Memory: 2702.90 MB used, 8136.00 MB total
[2016.06.21-17.14.29:493][  0]LogMemory: Virtual Memory: 620.51 MB used, 8388608.00 MB total
[2016.06.21-17.14.29:811][  0]LogTextLocalizationManager: No specific translations for ('en-US') exist, so ('en') translations will be used.
[2016.06.21-17.14.30:198][  0]LogD3D11RHI: D3D11 adapters:
[2016.06.21-17.14.30:215][  0]LogD3D11RHI:    0. 'NVIDIA GeForce GTX 770' (Feature Level 11_0)
[2016.06.21-17.14.30:215][  0]LogD3D11RHI:       1989MB of dedicated video memory, 0MB of dedicated system memory, and 2048MB of shared system memory, 1 output[s]
[2016.06.21-17.14.30:215][  0]LogD3D11RHI: Chosen D3D11 Adapter: 0
[2016.06.21-17.14.30:219][  0]LogD3D11RHI: Creating new Direct3DDevice
[2016.06.21-17.14.30:219][  0]LogD3D11RHI:     Adapter Name: NVIDIA GeForce GTX 770
[2016.06.21-17.14.30:219][  0]LogD3D11RHI:   Driver Version: Unknown (internal Unknown)
[2016.06.21-17.14.30:219][  0]LogD3D11RHI:      Driver Date: Unknown
[2016.06.21-17.14.30:219][  0]LogRHI: Texture pool is 1361 MB (70% of 1945 MB)
[2016.06.21-17.14.30:240][  0]LogD3D11RHI: Async texture creation enabled
[2016.06.21-17.14.30:375][  0]LogShaderCompilers: Guid format shader working directory is -45 characters bigger than the processId version (../../../../../../Users/Sharpe/Documents/GitHub/PonyKart-UE4/PonyKart Project Build/PonyKart/Intermediate/Shaders/WorkingDirectory/3412/).
[2016.06.21-17.14.30:375][  0]LogShaderCompilers: Cleaned the shader compiler working directory 'C:/Users/Sharpe/AppData/Local/Temp/UnrealShaderWorkingDir/0B871B9244B2C88A3B213B943263A596/'.
[2016.06.21-17.14.30:375][  0]LogShaderCompilers:Display: Using Local Shader Compiler.
[2016.06.21-17.14.38:573][  0]LogTemp:Display: Loaded TP AllDesktopTargetPlatform
[2016.06.21-17.14.38:578][  0]LogTemp:Display: Loaded TP WindowsClientTargetPlatform
[2016.06.21-17.14.38:582][  0]LogTemp:Display: Loaded TP WindowsNoEditorTargetPlatform
[2016.06.21-17.14.38:596][  0]LogTemp:Display: Loaded TP WindowsServerTargetPlatform
[2016.06.21-17.14.38:600][  0]LogTemp:Display: Loaded TP WindowsTargetPlatform
[2016.06.21-17.14.38:605][  0]LogTemp:Display: Loaded TP AndroidTargetPlatform
[2016.06.21-17.14.38:617][  0]LogTemp:Display: Loaded TP Android_ASTCTargetPlatform
[2016.06.21-17.14.38:621][  0]LogTemp:Display: Loaded TP Android_ATCTargetPlatform
[2016.06.21-17.14.38:625][  0]LogTemp:Display: Loaded TP Android_DXTTargetPlatform
[2016.06.21-17.14.38:628][  0]LogTemp:Display: Loaded TP Android_ETC1TargetPlatform
[2016.06.21-17.14.38:632][  0]LogTemp:Display: Loaded TP Android_ETC2TargetPlatform
[2016.06.21-17.14.38:648][  0]LogTemp:Display: Loaded TP Android_MultiTargetPlatform
[2016.06.21-17.14.38:648][  0]LogTemp:Display: Loaded TP Android_PVRTCTargetPlatform
[2016.06.21-17.14.38:662][  0]LogTemp:Display: Loaded TP HTML5TargetPlatform
[2016.06.21-17.14.38:712][  0]LogTemp:Display: Loaded TP IOSTargetPlatform
[2016.06.21-17.14.38:715][  0]LogTemp:Display: Loaded TP TVOSTargetPlatform
[2016.06.21-17.14.38:718][  0]LogTemp:Display: Loaded TP LinuxNoEditorTargetPlatform
[2016.06.21-17.14.38:721][  0]LogTemp:Display: Loaded TP LinuxServerTargetPlatform
[2016.06.21-17.14.38:737][  0]LogTemp:Display: Loaded TP LinuxTargetPlatform
[2016.06.21-17.14.38:747][  0]LogTargetPlatformManager:Display: Building Assets For Windows
[2016.06.21-17.14.39:316][  0]LogDerivedDataCache:Display: Max Cache Size: 512 MB
[2016.06.21-17.14.40:240][  0]LogDerivedDataCache: Loaded boot cache 0.92s 46MB C:/Users/Sharpe/AppData/Local/UnrealEngine/4.11/DerivedDataCache/Boot.ddc.
[2016.06.21-17.14.40:240][  0]LogDerivedDataCache:Display: Loaded Boot cache: C:/Users/Sharpe/AppData/Local/UnrealEngine/4.11/DerivedDataCache/Boot.ddc
[2016.06.21-17.14.40:240][  0]LogDerivedDataCache: FDerivedDataBackendGraph:  Pak pak cache file ../../../../../../Users/Sharpe/Documents/GitHub/PonyKart-UE4/PonyKart Project Build/PonyKart/DerivedDataCache/DDC.ddp not found, will not use a pak cache.
[2016.06.21-17.14.40:240][  0]LogDerivedDataCache: Unable to find inner node Pak for hierarchical cache Hierarchy.
[2016.06.21-17.14.40:240][  0]LogDerivedDataCache: FDerivedDataBackendGraph:  CompressedPak pak cache file ../../../../../../Users/Sharpe/Documents/GitHub/PonyKart-UE4/PonyKart Project Build/PonyKart/DerivedDataCache/Compressed.ddp not found, will not use a pak cache.
[2016.06.21-17.14.40:240][  0]LogDerivedDataCache: Unable to find inner node CompressedPak for hierarchical cache Hierarchy.
[2016.06.21-17.14.40:385][  0]LogDerivedDataCache:Display: Pak cache opened for reading ../../../Engine/DerivedDataCache/Compressed.ddp.
[2016.06.21-17.14.40:397][  0]LogDerivedDataCache: Using Local data cache path C:/Users/Sharpe/AppData/Local/UnrealEngine/Common/DerivedDataCache: Writable
[2016.06.21-17.14.46:383][  0]LogInit: Selected Device Profile: [Windows]
[2016.06.21-17.14.46:401][  0]LogContentStreaming: Texture pool size is 0.00 MB
[2016.06.21-17.14.46:889][  0]LogMaterial: Uniform references updated for custom material expression Custom.
[2016.06.21-17.14.47:913][  0]LogMeshUtilities: No automatic mesh reduction module available
[2016.06.21-17.14.47:913][  0]LogMeshUtilities: No automatic mesh merging module available
[2016.06.21-17.14.47:913][  0]LogMeshUtilities: No distributed automatic mesh merging module available
[2016.06.21-17.14.50:752][  0]LogUObjectArray: 27674 objects as part of root set at end of initial load.
[2016.06.21-17.14.50:752][  0]LogUObjectAllocator: 5590336 out of 0 bytes used by permanent object pool.
[2016.06.21-17.14.50:770][  0]LogUObjectArray: CloseDisregardForGC: 0/0 objects in disregard for GC pool
[2016.06.21-17.14.50:786][  0]LogInit: WinSock: version 1.1 (2.2), MaxSocks=32767, MaxUdp=65467
[2016.06.21-17.14.52:417][  0]LogSlate: SlateFontCache - WITH_FREETYPE: 1, WITH_HARFBUZZ: 1
[2016.06.21-17.14.52:417][  0]LogSlate: SlateFontCache - WITH_FREETYPE: 1, WITH_HARFBUZZ: 1
[2016.06.21-17.14.53:756][  0]LogStreaming:Warning: Failed to read file '../../../Engine/Content/Editor/Slate/Common/Selection_16x.png' error.
[2016.06.21-17.14.53:756][  0]LogSlate: Could not find file for Slate resource: ../../../Engine/Content/Editor/Slate/Common/Selection_16x.png
[2016.06.21-17.14.53:757][  0]LogStreaming:Warning: Failed to read file '../../../Engine/Content/Editor/Slate/Common/Selection_16x.png' error.
[2016.06.21-17.14.53:757][  0]LogSlate: Could not find file for Slate resource: ../../../Engine/Content/Editor/Slate/Common/Selection_16x.png
[2016.06.21-17.14.53:757][  0]LogStreaming:Warning: Failed to read file '../../../Engine/Content/Editor/Slate/Common/Selection_16x.png' error.
[2016.06.21-17.14.53:757][  0]LogSlate: Could not find file for Slate resource: ../../../Engine/Content/Editor/Slate/Common/Selection_16x.png
[2016.06.21-17.14.58:882][  0]LogUdpMessaging: Initializing bridge on interface 0.0.0.0:0 to multicast group 230.0.0.1:6666.
[2016.06.21-17.14.59:610][  0]LogAssetRegistry: FAssetRegistry took 0.0230 seconds to start up
[2016.06.21-17.15.02:611][  0]SourceControl: Info Source control is disabled
[2016.06.21-17.15.02:719][  0]SourceControl: Info Source control is disabled
[2016.06.21-17.15.02:836][  0]SourceControl: Info Source control is disabled
[2016.06.21-17.15.02:903][  0]SourceControl: Info Source control is disabled
[2016.06.21-17.15.05:066][  0]LogEngine: Initializing Engine...
[2016.06.21-17.15.05:399][  0]LogHMD: SteamVR failed to initialize.  Err: 110
[2016.06.21-17.15.06:931][  0]LogAIModule: Creating AISystem for world NewWorld
[2016.06.21-17.15.06:996][  0]LogInit: XAudio2 using 'Speakers (Realtek High Definition Audio)' : 2 channels at 48 kHz using 32 bits per sample (channel mask 0x3)
[2016.06.21-17.15.07:188][  0]LogInit: FAudioDevice initialized.
[2016.06.21-17.15.07:223][  0]LogDerivedDataCache: Saved boot cache 0.04s 46MB C:/Users/Sharpe/AppData/Local/UnrealEngine/4.11/DerivedDataCache/Boot.ddc.
[2016.06.21-17.15.07:228][  0]LogInit: Texture streaming: Enabled
[2016.06.21-17.15.07:669][  0]LogInit: Transaction tracking system initialized
[2016.06.21-17.15.08:342][  0]BlueprintLog: New page: Editor Load
[2016.06.21-17.15.09:329][  0]LocalizationService: Info Localization service is disabled
[2016.06.21-17.15.10:123][  0]LogLinker:Warning: Can't find file '/Game/VehicleAdvBP/AdvancedVehicleOverview'
[2016.06.21-17.15.10:123][  0]LogLinker:Warning: Can't find file '/Game/VehicleAdvBP/AdvancedVehicleOverview'
[2016.06.21-17.15.10:123][  0]LogUObjectGlobals:Warning: Failed to find object 'Class /Game/VehicleAdvBP/AdvancedVehicleOverview.AdvancedVehicleOverview_C'
[2016.06.21-17.15.10:376][  0]LogConsoleResponse:Display: 
[2016.06.21-17.15.12:464][  0]LogFileCache: Scanning file cache for directory 'C:/Users/Sharpe/Documents/GitHub/PonyKart-UE4/PonyKart Project Build/PonyKart/Content/' took 0.03s
[2016.06.21-17.15.12:464][  0]LogCook:Display: Max memory allowance for cook 8192mb
[2016.06.21-17.15.12:464][  0]LogCook:Display: Mobile HDR setting 1
[2016.06.21-17.15.12:464][  0]LogCook:Display: Done creating registry. It took  0.00s.
[2016.06.21-17.15.13:592][  0]SourceControl: Info Source control is disabled
[2016.06.21-17.17.36:096][  0]Cmd: MAP LOAD FILE="../../../../../../Users/Sharpe/Documents/GitHub/PonyKart-UE4/PonyKart Project Build/PonyKart/Content/Levels/KartTestLevel.umap" TEMPLATE=0 SHOWPROGRESS=1 FEATURELEVEL=3
[2016.06.21-17.17.36:110][  0]LightingResults: New page: Lighting Build
[2016.06.21-17.17.36:226][  0]MapCheck: New page: Map Check
[2016.06.21-17.17.36:226][  0]LightingResults: New page: Lighting Build
[2016.06.21-17.17.36:737][  0]LogLinker:Warning: Can't find file '/Game/Models/Karts/AJKartOld/AJKart_Mat'
[2016.06.21-17.17.36:746][  0]LogLinker:Warning: Can't find file for asset '/Game/Models/Karts/AJKartOld/AJKart_Mat' while loading ../../../../../../Users/Sharpe/Documents/GitHub/PonyKart-UE4/PonyKart Project Build/PonyKart/Content/Levels/KartTestLevel.umap.
[2016.06.21-17.17.36:746][  0]LoadErrors:Error: Error /Game/Levels/KartTestLevel : Can't find file for asset. /Game/Models/Karts/AJKartOld/AJKart_Mat
[2016.06.21-17.17.38:092][  0]LogLinker:Warning: Can't find file '/Game/Models/Karts/AJKartOld/AJKart_Mat'
[2016.06.21-17.17.38:092][  0]LogLinker:Warning: Can't find file for asset '/Game/Models/Karts/AJKartOld/AJKart_Mat' while loading ../../../../../../Users/Sharpe/Documents/GitHub/PonyKart-UE4/PonyKart Project Build/PonyKart/Content/Levels/KartTestLevel.umap.
[2016.06.21-17.17.38:092][  0]LoadErrors:Error: Error /Game/Levels/KartTestLevel : Can't find file for asset. /Game/Models/Karts/AJKartOld/AJKart_Mat
[2016.06.21-17.17.38:093][  0]LogLinker:Warning: Can't find file '/Game/Models/Karts/BigMacKart/BigMacKart'
[2016.06.21-17.17.38:093][  0]LogLinker:Warning: Can't find file for asset '/Game/Models/Karts/BigMacKart/BigMacKart' while loading ../../../../../../Users/Sharpe/Documents/GitHub/PonyKart-UE4/PonyKart Project Build/PonyKart/Content/Levels/KartTestLevel.umap.
[2016.06.21-17.17.38:093][  0]LoadErrors:Error: Error /Game/Levels/KartTestLevel : Can't find file for asset. /Game/Models/Karts/BigMacKart/BigMacKart
[2016.06.21-17.17.38:751][  0]LogLinker:Warning: Can't find file '/Game/Models/Karts/BigMacKart/BigMacKart'
[2016.06.21-17.17.38:751][  0]LogLinker:Warning: Can't find file for asset '/Game/Models/Karts/BigMacKart/BigMacKart' while loading ../../../../../../Users/Sharpe/Documents/GitHub/PonyKart-UE4/PonyKart Project Build/PonyKart/Content/Levels/KartTestLevel.umap.
[2016.06.21-17.17.38:751][  0]LoadErrors:Error: Error /Game/Levels/KartTestLevel : Can't find file for asset. /Game/Models/Karts/BigMacKart/BigMacKart
[2016.06.21-17.17.38:753][  0]LogLinker:Warning: Can't find file '/Game/Models/Karts/AJKartOld/AJKart_Mat'
[2016.06.21-17.17.38:753][  0]LogLinker:Warning: Can't find file for asset '/Game/Models/Karts/AJKartOld/AJKart_Mat' while loading NULL.
[2016.06.21-17.17.38:753][  0]LogLinker:Warning: Can't find file '/Game/Models/Karts/AJKartOld/AJKart_Mat'
[2016.06.21-17.17.38:753][  0]LogLinker:Warning: Can't find file for asset '/Game/Models/Karts/AJKartOld/AJKart_Mat' while loading NULL.
[2016.06.21-17.17.38:753][  0]LogLinker:Warning: Can't find file '/Game/Models/Karts/BigMacKart/BigMacKart'
[2016.06.21-17.17.38:753][  0]LogLinker:Warning: Can't find file for asset '/Game/Models/Karts/BigMacKart/BigMacKart' while loading NULL.
[2016.06.21-17.17.38:753][  0]LogLinker:Warning: Can't find file '/Game/Models/Karts/BigMacKart/BigMacKart'
[2016.06.21-17.17.38:754][  0]LogLinker:Warning: Can't find file for asset '/Game/Models/Karts/BigMacKart/BigMacKart' while loading NULL.
[2016.06.21-17.17.43:433][  0]LogLinker:Warning: Can't find file '/Game/Models/Karts/AJKartOld/AJKart_Mat'
[2016.06.21-17.17.43:433][  0]LoadErrors: Info Failed to load /Game/Models/Karts/AJKartOld/AJKart_Mat.AJKart_Mat Referenced by SkeletalMeshComponent0
[2016.06.21-17.17.43:433][  0]LogLinker:Warning: Can't find file for asset '/Game/Models/Karts/AJKartOld/AJKart_Mat' while loading NULL.
[2016.06.21-17.17.43:433][  0]LoadErrors: Info Failed to load /Game/Models/Karts/AJKartOld/AJKart_Mat.AJKart_Mat Referenced by SkeletalMeshComponent0
[2016.06.21-17.17.43:433][  0]LogLinker:Warning: Can't find file '/Game/Models/Karts/AJKartOld/AJKart_Mat'
[2016.06.21-17.17.43:433][  0]LoadErrors: Info Failed to load /Game/Models/Karts/AJKartOld/AJKart_Mat.AJKart_Mat Referenced by SkeletalMeshComponent0
[2016.06.21-17.17.43:434][  0]LogLinker:Warning: Can't find file for asset '/Game/Models/Karts/AJKartOld/AJKart_Mat' while loading NULL.
[2016.06.21-17.17.43:434][  0]LoadErrors: Info Failed to load /Game/Models/Karts/AJKartOld/AJKart_Mat.AJKart_Mat Referenced by SkeletalMeshComponent0
[2016.06.21-17.17.43:434][  0]LogLinker:Warning: Can't find file '/Game/Models/Karts/BigMacKart/BigMacKart'
[2016.06.21-17.17.43:434][  0]LoadErrors: Info Failed to load /Game/Models/Karts/BigMacKart/BigMacKart.BigMacKart Referenced by SkeletalMeshComponent0
[2016.06.21-17.17.43:434][  0]LogLinker:Warning: Can't find file for asset '/Game/Models/Karts/BigMacKart/BigMacKart' while loading NULL.
[2016.06.21-17.17.43:434][  0]LoadErrors: Info Failed to load /Game/Models/Karts/BigMacKart/BigMacKart.BigMacKart Referenced by SkeletalMeshComponent0
[2016.06.21-17.17.49:592][  0]LogAIModule: Creating AISystem for world KartTestLevel
[2016.06.21-17.17.54:378][  0]LogMaterial:Warning: Material /Game/Models/Karts/DashKart/DashKartMaterial.DashKartMaterial needed to have new flag set bUsedWithSkeletalMesh !
[2016.06.21-17.17.54:380][  0]LogMaterial: Missing cached shader map for material DashKartMaterial, compiling. 
[2016.06.21-17.17.54:430][  0]MapCheck:Warning: Warning DashKartMaterial Material /Game/Models/Karts/DashKart/DashKartMaterial.DashKartMaterial was missing the usage flag bUsedWithSkeletalMesh. If the material asset is not re-saved, it may not render correctly when run outside the editor. Fix
[2016.06.21-17.17.54:431][  0]LogMaterial: 0.00 seconds spent updating 1 materials, 1 interfaces, 0 instances, 0 with static permutations.
[2016.06.21-17.17.54:431][  0]LogPhysics:Warning: FConstraintInstance::GetRefFrame : Contained scale.
[2016.06.21-17.17.54:571][  0]LogEditorServer: Finished looking for orphan Actors (0.006 secs)
[2016.06.21-17.17.54:604][  0]Cmd: MAP CHECKDEP NOCLEARLOG
[2016.06.21-17.17.54:692][  0]MapCheck: Info Map check complete: 0 Error(s), 1 Warning(s), took 72.945ms to complete.
[2016.06.21-17.17.54:719][  0]LogFileHelpers: Loading map 'KartTestLevel' took 18.641
[2016.06.21-17.17.55:743][  0]LogStats:Warning: MetaData mismatch. Did you assign a stat to two groups? New //STATGROUP_Threads//SplashScreenThread///Thread_1a90_0///####STATCAT_Advanced#### old //STATGROUP_Threads//SplashScreenThread///Thread_1b7c_0///####STATCAT_Advanced####
[2016.06.21-17.17.55:743][  0]LogCollectionManager: Loaded 0 collections in 0.005478 seconds
[2016.06.21-17.17.55:831][  0]LogCollectionManager: Rebuilt the GUID cache for 0 collections in 0.000002 seconds
[2016.06.21-17.17.55:843][  0]LogContentBrowser: Native class hierarchy populated in 0.0077 seconds. Added 1978 classes and 343 folders.
[2016.06.21-17.17.55:861][  0]LogStats: UGameplayTagsManager::ConstructGameplayTagTree: Construct from data asset -  0.000 s
[2016.06.21-17.17.55:861][  0]LogStats: UGameplayTagsManager::ConstructGameplayTagTree: GameplayTagTreeChangedEvent.Broadcast -  0.000 s
[2016.06.21-17.17.55:862][  0]LogContentBrowser: Native class hierarchy updated for 'GameplayTags' in 0.0004 seconds. Added 12 classes and 0 folders.
[2016.06.21-17.17.55:881][  0]LogFileCache: Scanning file cache for directory 'C:/Users/Sharpe/Documents/GitHub/PonyKart-UE4/PonyKart Project Build/PonyKart/Saved/Collections/' took 0.14s
[2016.06.21-17.17.55:881][  0]LogFileCache: Scanning file cache for directory 'C:/Users/Sharpe/Documents/GitHub/PonyKart-UE4/PonyKart Project Build/PonyKart/Content/Developers/Sharpe/Collections/' took 0.09s
[2016.06.21-17.17.55:881][  0]LogFileCache: Scanning file cache for directory 'C:/Users/Sharpe/Documents/GitHub/PonyKart-UE4/PonyKart Project Build/PonyKart/Content/Collections/' took 0.09s
[2016.06.21-17.17.55:881][  0]LogContentBrowser: Native class hierarchy updated for 'WidgetCarousel' in 0.0003 seconds. Added 0 classes and 0 folders.
[2016.06.21-17.17.56:017][  0]LogContentBrowser: Native class hierarchy updated for 'SuperSearch' in 0.0003 seconds. Added 1 classes and 2 folders.
[2016.06.21-17.17.57:319][  0]LogContentBrowser: Native class hierarchy updated for 'AddContentDialog' in 0.0003 seconds. Added 0 classes and 0 folders.
[2016.06.21-17.17.57:351][  0]LogContentBrowser: Native class hierarchy updated for 'SceneOutliner' in 0.0006 seconds. Added 1 classes and 2 folders.
[2016.06.21-17.17.57:617][  0]LogCrashTracker: Crashtracker disabled due to settings.
[2016.06.21-17.17.57:645][  0]LogUObjectGlobals:Warning: Failed to find object 'Class None.'
[2016.06.21-17.17.57:790][  0]LogContentBrowser: Native class hierarchy updated for 'HierarchicalLODOutliner' in 0.0003 seconds. Added 1 classes and 2 folders.
[2016.06.21-17.17.57:790][  0]LogLoad: Full Startup: 208.97 seconds (BP compile: 0.29 seconds)
[2016.06.21-17.17.57:790][  0]LogExternalProfiler:Warning: No registered external profiler was matched with a command-line switch (or the DLL could not be loaded).  External profiling features will not be available.
[2016.06.21-17.17.58:155][  0]LogOcInput: Can't find Oculus library dev build: is proper Runtime installed? Version: 0.8.0.0
[2016.06.21-17.17.58:262][  0]LogContentStreaming: Texture pool size now 1000 MB
[2016.06.21-17.17.58:367][  1]Cmd: UpdateLandscapeEditorData -warnings
[2016.06.21-17.17.58:516][  1]LogAssetRegistry: Asset discovery search completed in 178.9256 seconds
[2016.06.21-17.17.58:542][  1]LogCollectionManager: Rebuilt the object cache for 0 collections in 0.000001 seconds (found 0 objects)
[2016.06.21-17.17.58:542][  1]LogCollectionManager: Fixed up redirectors for 0 collections in 0.025896 seconds (updated 0 objects)
[2016.06.21-17.17.58:578][  1]LogRenderer: Reallocating scene render targets to support 32x32 (Frame:2).
[2016.06.21-17.18.12:892][ 44]LogRenderer: Reallocating scene render targets to support 128x128 (Frame:9).
[2016.06.21-17.19.43:238][ 10]LogRenderer: Reallocating scene render targets to support 256x256 (Frame:10).
[2016.06.21-17.19.43:390][ 12]LogRenderer: Reallocating scene render targets to support 1000x620 (Frame:15).
[2016.06.21-17.20.16:469][286]LogFactory: FactoryCreateBinary: StaticMesh with FbxFactory (0 0 ../../../../../../Users/Sharpe/Documents/GitHub/PonyKart-UE4/PonyKart Development Assets/Model assets/Tracks and track assets/Cloudsdale/CloudsdaleTrack.fbx)
[2016.06.21-17.20.16:487][286]LogFbx: ItemName: GlobalSettings, ItemCount : 1
[2016.06.21-17.20.16:487][286]LogFbx: ItemName: NodeAttribute, ItemCount : 2
[2016.06.21-17.20.16:487][286]LogFbx: ItemName: Geometry, ItemCount : 47
[2016.06.21-17.20.16:487][286]LogFbx: ItemName: Model, ItemCount : 49
[2016.06.21-17.20.16:487][286]LogFbx: ItemName: Material, ItemCount : 10
[2016.06.21-17.20.16:491][286]LogFbx: Loading FBX Scene from ../../../../../../Users/Sharpe/Documents/GitHub/PonyKart-UE4/PonyKart Development Assets/Model assets/Tracks and track assets/Cloudsdale/CloudsdaleTrack.fbx
[2016.06.21-17.20.16:567][286]LogFbx: FBX Scene Loaded Succesfully
[2016.06.21-17.20.29:769][286]LogFbx: Loading FBX Scene from ../../../../../../Users/Sharpe/Documents/GitHub/PonyKart-UE4/PonyKart Development Assets/Model assets/Tracks and track assets/Cloudsdale/CloudsdaleTrack.fbx
[2016.06.21-17.20.29:846][286]LogFbx: FBX Scene Loaded Succesfully
[2016.06.21-17.20.29:849][286]LogFbx:Warning: Triangulating static mesh Circle
[2016.06.21-17.20.29:870][286]LogStaticMesh: Building static mesh CloudsdaleTrack_Circle...
[2016.06.21-17.20.29:872][286]LogStaticMesh: Built static mesh [0.00s] /Game/Models/TrackAssets/Cloudsdale/CloudsdaleTrack.CloudsdaleTrack_Circle
[2016.06.21-17.20.29:930][286]LogFbx:Warning: Triangulating static mesh Buildings Base.013
[2016.06.21-17.20.30:025][286]LogStaticMesh: Building static mesh CloudsdaleTrack_Buildings_Base_013...
[2016.06.21-17.20.30:037][286]LogStaticMesh: Built static mesh [0.01s] /Game/Models/TrackAssets/Cloudsdale/CloudsdaleTrack.CloudsdaleTrack_Buildings_Base_013
[2016.06.21-17.20.30:042][286]LogFbx:Warning: Triangulating static mesh Buildings Base.012
[2016.06.21-17.20.30:137][286]LogStaticMesh: Building static mesh CloudsdaleTrack_Buildings_Base_012...
[2016.06.21-17.20.30:149][286]LogStaticMesh: Built static mesh [0.01s] /Game/Models/TrackAssets/Cloudsdale/CloudsdaleTrack.CloudsdaleTrack_Buildings_Base_012
[2016.06.21-17.20.30:153][286]LogFbx:Warning: Triangulating static mesh Buildings Base.011
[2016.06.21-17.20.30:248][286]LogStaticMesh: Building static mesh CloudsdaleTrack_Buildings_Base_011...
[2016.06.21-17.20.30:260][286]LogStaticMesh: Built static mesh [0.01s] /Game/Models/TrackAssets/Cloudsdale/CloudsdaleTrack.CloudsdaleTrack_Buildings_Base_011
[2016.06.21-17.20.30:266][286]LogFbx:Warning: Triangulating static mesh Buildings Base.010
[2016.06.21-17.20.30:362][286]LogStaticMesh: Building static mesh CloudsdaleTrack_Buildings_Base_010...
[2016.06.21-17.20.30:374][286]LogStaticMesh: Built static mesh [0.01s] /Game/Models/TrackAssets/Cloudsdale/CloudsdaleTrack.CloudsdaleTrack_Buildings_Base_010
[2016.06.21-17.20.30:378][286]LogFbx:Warning: Triangulating static mesh Buildings Base.009
[2016.06.21-17.20.30:531][286]LogStaticMesh: Building static mesh CloudsdaleTrack_Buildings_Base_009...
[2016.06.21-17.20.30:543][286]LogStaticMesh: Built static mesh [0.07s] /Game/Models/TrackAssets/Cloudsdale/CloudsdaleTrack.CloudsdaleTrack_Buildings_Base_009
[2016.06.21-17.20.30:605][286]LogFbx:Warning: Triangulating static mesh Buildings Base.008
[2016.06.21-17.20.30:700][286]LogStaticMesh: Building static mesh CloudsdaleTrack_Buildings_Base_008...
[2016.06.21-17.20.30:712][286]LogStaticMesh: Built static mesh [0.01s] /Game/Models/TrackAssets/Cloudsdale/CloudsdaleTrack.CloudsdaleTrack_Buildings_Base_008
[2016.06.21-17.20.30:725][286]LogFbx:Warning: Triangulating static mesh Buildings Base.007
[2016.06.21-17.20.30:821][286]LogStaticMesh: Building static mesh CloudsdaleTrack_Buildings_Base_007...
[2016.06.21-17.20.30:833][286]LogStaticMesh: Built static mesh [0.01s] /Game/Models/TrackAssets/Cloudsdale/CloudsdaleTrack.CloudsdaleTrack_Buildings_Base_007
[2016.06.21-17.20.30:838][286]LogFbx:Warning: Triangulating static mesh Buildings Base.006
[2016.06.21-17.20.30:853][286]LogStaticMesh: Building static mesh CloudsdaleTrack_Buildings_Base_006...
[2016.06.21-17.20.30:855][286]LogStaticMesh: Built static mesh [0.00s] /Game/Models/TrackAssets/Cloudsdale/CloudsdaleTrack.CloudsdaleTrack_Buildings_Base_006
[2016.06.21-17.20.30:857][286]LogFbx:Warning: Triangulating static mesh Buildings Base.005
[2016.06.21-17.20.30:950][286]LogStaticMesh: Building static mesh CloudsdaleTrack_Buildings_Base_005...
[2016.06.21-17.20.30:962][286]LogStaticMesh: Built static mesh [0.01s] /Game/Models/TrackAssets/Cloudsdale/CloudsdaleTrack.CloudsdaleTrack_Buildings_Base_005
[2016.06.21-17.20.30:966][286]LogFbx:Warning: Triangulating static mesh Road.002
[2016.06.21-17.20.31:022][286]LogStaticMesh: Building static mesh CloudsdaleTrack_Road_002...
[2016.06.21-17.20.31:034][286]LogStaticMesh: Built static mesh [0.01s] /Game/Models/TrackAssets/Cloudsdale/CloudsdaleTrack.CloudsdaleTrack_Road_002
[2016.06.21-17.20.31:043][286]LogFbx:Warning: Triangulating static mesh Road.000
[2016.06.21-17.20.31:908][286]LogStaticMesh: Building static mesh CloudsdaleTrack_Road_000...
[2016.06.21-17.20.32:082][286]LogStaticMesh: Built static mesh [0.17s] /Game/Models/TrackAssets/Cloudsdale/CloudsdaleTrack.CloudsdaleTrack_Road_000
[2016.06.21-17.20.32:103][286]LogFbx:Warning: Triangulating static mesh FactoryFloorAndRoad.001
[2016.06.21-17.20.32:232][286]LogStaticMesh: Building static mesh CloudsdaleTrack_FactoryFloorAndRoad_001...
[2016.06.21-17.20.32:248][286]LogStaticMesh: Built static mesh [0.02s] /Game/Models/TrackAssets/Cloudsdale/CloudsdaleTrack.CloudsdaleTrack_FactoryFloorAndRoad_001
[2016.06.21-17.20.32:253][286]LogFbx:Warning: Triangulating static mesh Buildings Base.004
[2016.06.21-17.20.32:341][286]LogStaticMesh: Building static mesh CloudsdaleTrack_Buildings_Base_004...
[2016.06.21-17.20.32:355][286]LogStaticMesh: Built static mesh [0.01s] /Game/Models/TrackAssets/Cloudsdale/CloudsdaleTrack.CloudsdaleTrack_Buildings_Base_004
[2016.06.21-17.20.32:365][286]LogFbx:Warning: Triangulating static mesh RoadJumpLandingCollission
[2016.06.21-17.20.32:413][286]LogStaticMesh: Building static mesh CloudsdaleTrack_RoadJumpLandingCollission...
[2016.06.21-17.20.32:414][286]LogStaticMesh: Built static mesh [0.03s] /Game/Models/TrackAssets/Cloudsdale/CloudsdaleTrack.CloudsdaleTrack_RoadJumpLandingCollission
[2016.06.21-17.20.32:416][286]LogFbx:Warning: Triangulating static mesh Plane.000
[2016.06.21-17.20.32:639][286]LogStaticMesh: Building static mesh CloudsdaleTrack_Plane_000...
[2016.06.21-17.20.32:674][286]LogStaticMesh: Built static mesh [0.04s] /Game/Models/TrackAssets/Cloudsdale/CloudsdaleTrack.CloudsdaleTrack_Plane_000
[2016.06.21-17.20.32:681][286]LogFbx:Warning: Triangulating static mesh Road.001
[2016.06.21-17.20.32:698][286]LogStaticMesh: Building static mesh CloudsdaleTrack_Road_001...
[2016.06.21-17.20.32:702][286]LogStaticMesh: Built static mesh [0.00s] /Game/Models/TrackAssets/Cloudsdale/CloudsdaleTrack.CloudsdaleTrack_Road_001
[2016.06.21-17.20.32:704][286]LogFbx:Warning: Triangulating static mesh Factory.007
[2016.06.21-17.20.32:716][286]LogStaticMesh: Building static mesh CloudsdaleTrack_Factory_007...
[2016.06.21-17.20.32:717][286]LogStaticMesh: Built static mesh [0.00s] /Game/Models/TrackAssets/Cloudsdale/CloudsdaleTrack.CloudsdaleTrack_Factory_007
[2016.06.21-17.20.32:719][286]LogFbx:Warning: Triangulating static mesh Factory.006
[2016.06.21-17.20.32:775][286]LogStaticMesh: Building static mesh CloudsdaleTrack_Factory_006...
[2016.06.21-17.20.32:781][286]LogStaticMesh: Built static mesh [0.01s] /Game/Models/TrackAssets/Cloudsdale/CloudsdaleTrack.CloudsdaleTrack_Factory_006
[2016.06.21-17.20.32:784][286]LogFbx:Warning: Triangulating static mesh OverArches.002
[2016.06.21-17.20.32:818][286]LogStaticMesh: Building static mesh CloudsdaleTrack_OverArches_002...
[2016.06.21-17.20.32:828][286]LogStaticMesh: Built static mesh [0.01s] /Game/Models/TrackAssets/Cloudsdale/CloudsdaleTrack.CloudsdaleTrack_OverArches_002
[2016.06.21-17.20.32:831][286]LogFbx:Warning: Triangulating static mesh OverArches.001
[2016.06.21-17.20.32:865][286]LogStaticMesh: Building static mesh CloudsdaleTrack_OverArches_001...
[2016.06.21-17.20.32:875][286]LogStaticMesh: Built static mesh [0.01s] /Game/Models/TrackAssets/Cloudsdale/CloudsdaleTrack.CloudsdaleTrack_OverArches_001
[2016.06.21-17.20.32:884][286]LogFbx:Warning: Triangulating static mesh Mball.000
[2016.06.21-17.20.33:960][286]LogStaticMesh: Building static mesh CloudsdaleTrack_Mball_000...
[2016.06.21-17.20.34:212][286]LogStaticMesh: Built static mesh [0.25s] /Game/Models/TrackAssets/Cloudsdale/CloudsdaleTrack.CloudsdaleTrack_Mball_000
[2016.06.21-17.20.34:246][286]LogFbx:Warning: Triangulating static mesh Mball.001
[2016.06.21-17.20.35:000][286]LogStaticMesh: Building static mesh CloudsdaleTrack_Mball_001...
[2016.06.21-17.20.35:170][286]LogStaticMesh: Built static mesh [0.17s] /Game/Models/TrackAssets/Cloudsdale/CloudsdaleTrack.CloudsdaleTrack_Mball_001
[2016.06.21-17.20.35:194][286]LogFbx:Warning: Triangulating static mesh Buildings Base.003
[2016.06.21-17.20.35:335][286]LogStaticMesh: Building static mesh CloudsdaleTrack_Buildings_Base_003...
[2016.06.21-17.20.35:390][286]LogStaticMesh: Built static mesh [0.06s] /Game/Models/TrackAssets/Cloudsdale/CloudsdaleTrack.CloudsdaleTrack_Buildings_Base_003
[2016.06.21-17.20.35:455][286]LogFbx:Warning: Triangulating static mesh Buildings Base.002
[2016.06.21-17.20.35:563][286]LogStaticMesh: Building static mesh CloudsdaleTrack_Buildings_Base_002...
[2016.06.21-17.20.35:577][286]LogStaticMesh: Built static mesh [0.01s] /Game/Models/TrackAssets/Cloudsdale/CloudsdaleTrack.CloudsdaleTrack_Buildings_Base_002
[2016.06.21-17.20.35:581][286]LogFbx:Warning: Triangulating static mesh Buildings Base.001
[2016.06.21-17.20.35:664][286]LogStaticMesh: Building static mesh CloudsdaleTrack_Buildings_Base_001...
[2016.06.21-17.20.35:678][286]LogStaticMesh: Built static mesh [0.01s] /Game/Models/TrackAssets/Cloudsdale/CloudsdaleTrack.CloudsdaleTrack_Buildings_Base_001
[2016.06.21-17.20.35:682][286]LogFbx:Warning: Triangulating static mesh Factory.003
[2016.06.21-17.20.35:728][286]LogStaticMesh: Building static mesh CloudsdaleTrack_Factory_003...
[2016.06.21-17.20.35:742][286]LogStaticMesh: Built static mesh [0.01s] /Game/Models/TrackAssets/Cloudsdale/CloudsdaleTrack.CloudsdaleTrack_Factory_003
[2016.06.21-17.20.35:746][286]LogFbx:Warning: Triangulating static mesh Factory.002
[2016.06.21-17.20.35:795][286]LogStaticMesh: Building static mesh CloudsdaleTrack_Factory_002...
[2016.06.21-17.20.35:809][286]LogStaticMesh: Built static mesh [0.01s] /Game/Models/TrackAssets/Cloudsdale/CloudsdaleTrack.CloudsdaleTrack_Factory_002
[2016.06.21-17.20.35:812][286]LogFbx:Warning: Triangulating static mesh Factory.001
[2016.06.21-17.20.35:870][286]LogStaticMesh: Building static mesh CloudsdaleTrack_Factory_001...
[2016.06.21-17.20.35:884][286]LogStaticMesh: Built static mesh [0.03s] /Game/Models/TrackAssets/Cloudsdale/CloudsdaleTrack.CloudsdaleTrack_Factory_001
[2016.06.21-17.20.35:893][286]LogFbx:Warning: Triangulating static mesh Clouds.006
[2016.06.21-17.20.36:029][286]LogStaticMesh: Building static mesh CloudsdaleTrack_Clouds_006...
[2016.06.21-17.20.36:052][286]LogStaticMesh: Built static mesh [0.02s] /Game/Models/TrackAssets/Cloudsdale/CloudsdaleTrack.CloudsdaleTrack_Clouds_006
[2016.06.21-17.20.36:057][286]LogFbx:Warning: Triangulating static mesh Clouds.005
[2016.06.21-17.20.36:763][286]LogStaticMesh: Building static mesh CloudsdaleTrack_Clouds_005...
[2016.06.21-17.20.36:948][286]LogStaticMesh: Built static mesh [0.19s] /Game/Models/TrackAssets/Cloudsdale/CloudsdaleTrack.CloudsdaleTrack_Clouds_005
[2016.06.21-17.20.36:970][286]LogFbx:Warning: Triangulating static mesh Clouds.004
[2016.06.21-17.20.37:295][286]LogStaticMesh: Building static mesh CloudsdaleTrack_Clouds_004...
[2016.06.21-17.20.37:353][286]LogStaticMesh: Built static mesh [0.08s] /Game/Models/TrackAssets/Cloudsdale/CloudsdaleTrack.CloudsdaleTrack_Clouds_004
[2016.06.21-17.20.37:364][286]LogFbx:Warning: Triangulating static mesh Clouds.003
[2016.06.21-17.20.38:760][286]LogStaticMesh: Building static mesh CloudsdaleTrack_Clouds_003...
[2016.06.21-17.20.39:257][286]LogStaticMesh: Built static mesh [0.50s] /Game/Models/TrackAssets/Cloudsdale/CloudsdaleTrack.CloudsdaleTrack_Clouds_003
[2016.06.21-17.20.39:299][286]LogFbx:Warning: Triangulating static mesh Clouds.002
[2016.06.21-17.20.40:750][286]LogStaticMesh: Building static mesh CloudsdaleTrack_Clouds_002...
[2016.06.21-17.20.41:299][286]LogStaticMesh: Built static mesh [0.56s] /Game/Models/TrackAssets/Cloudsdale/CloudsdaleTrack.CloudsdaleTrack_Clouds_002
[2016.06.21-17.20.41:345][286]LogFbx:Warning: Triangulating static mesh Clouds.001
[2016.06.21-17.20.42:479][286]LogStaticMesh: Building static mesh CloudsdaleTrack_Clouds_001...
[2016.06.21-17.20.42:830][286]LogStaticMesh: Built static mesh [0.35s] /Game/Models/TrackAssets/Cloudsdale/CloudsdaleTrack.CloudsdaleTrack_Clouds_001
[2016.06.21-17.20.42:869][286]LogFbx:Warning: Triangulating static mesh FactoryGlass
[2016.06.21-17.20.42:912][286]LogStaticMesh: Building static mesh CloudsdaleTrack_FactoryGlass...
[2016.06.21-17.20.42:923][286]LogStaticMesh: Built static mesh [0.01s] /Game/Models/TrackAssets/Cloudsdale/CloudsdaleTrack.CloudsdaleTrack_FactoryGlass
[2016.06.21-17.20.42:926][286]LogFbx:Warning: Triangulating static mesh Clouds
[2016.06.21-17.20.43:668][286]LogStaticMesh: Building static mesh CloudsdaleTrack_Clouds...
[2016.06.21-17.20.43:817][286]LogStaticMesh: Built static mesh [0.16s] /Game/Models/TrackAssets/Cloudsdale/CloudsdaleTrack.CloudsdaleTrack_Clouds
[2016.06.21-17.20.43:841][286]LogFbx:Warning: Triangulating static mesh Columns
[2016.06.21-17.20.44:069][286]LogStaticMesh: Building static mesh CloudsdaleTrack_Columns...
[2016.06.21-17.20.44:254][286]LogStaticMesh: Built static mesh [0.18s] /Game/Models/TrackAssets/Cloudsdale/CloudsdaleTrack.CloudsdaleTrack_Columns
[2016.06.21-17.20.44:263][286]LogFbx:Warning: Triangulating static mesh Base
[2016.06.21-17.20.44:381][286]LogStaticMesh: Building static mesh CloudsdaleTrack_Base...
[2016.06.21-17.20.44:415][286]LogStaticMesh: Built static mesh [0.03s] /Game/Models/TrackAssets/Cloudsdale/CloudsdaleTrack.CloudsdaleTrack_Base
[2016.06.21-17.20.44:419][286]LogFbx:Warning: Triangulating static mesh Buildings Base
[2016.06.21-17.20.44:503][286]LogStaticMesh: Building static mesh CloudsdaleTrack_Buildings_Base...
[2016.06.21-17.20.44:517][286]LogStaticMesh: Built static mesh [0.01s] /Game/Models/TrackAssets/Cloudsdale/CloudsdaleTrack.CloudsdaleTrack_Buildings_Base
[2016.06.21-17.20.44:528][286]LogFbx:Warning: Triangulating static mesh OverArches
[2016.06.21-17.20.44:562][286]LogStaticMesh: Building static mesh CloudsdaleTrack_OverArches...
[2016.06.21-17.20.44:572][286]LogStaticMesh: Built static mesh [0.01s] /Game/Models/TrackAssets/Cloudsdale/CloudsdaleTrack.CloudsdaleTrack_OverArches
[2016.06.21-17.20.44:574][286]LogFbx:Warning: Triangulating static mesh FactoryFloorAndRoad
[2016.06.21-17.20.44:618][286]LogStaticMesh: Building static mesh CloudsdaleTrack_FactoryFloorAndRoad...
[2016.06.21-17.20.44:630][286]LogStaticMesh: Built static mesh [0.01s] /Game/Models/TrackAssets/Cloudsdale/CloudsdaleTrack.CloudsdaleTrack_FactoryFloorAndRoad
[2016.06.21-17.20.44:633][286]LogFbx:Warning: Triangulating static mesh Mball.067
[2016.06.21-17.20.44:974][286]LogStaticMesh: Building static mesh CloudsdaleTrack_Mball_067...
[2016.06.21-17.20.45:013][286]LogStaticMesh: Built static mesh [0.04s] /Game/Models/TrackAssets/Cloudsdale/CloudsdaleTrack.CloudsdaleTrack_Mball_067
[2016.06.21-17.20.45:031][286]FBXImport:Warning: Warning Warning: No smoothing group information was found in this FBX scene.  Please make sure to enable the 'Export Smoothing Groups' option in the FBX Exporter plug-in before exporting the file.  Even for tools that don't support smoothing groups, the FBX Exporter will generate appropriate smoothing data at export-time so that correct vertex normals can be inferred while importing. 
[2016.06.21-17.20.45:031][286]FBXImport:Error: Error No triangles were found on mesh  'Mesh.010' 
[2016.06.21-17.20.45:031][286]FBXImport:Error: Error No triangles were found on mesh  'Mesh.020' 
[2016.06.21-17.20.45:031][286]FBXImport:Error: Error No triangles were found on mesh  'Mesh.022' 
[2016.06.21-17.20.45:031][286]FBXImport:Error: Error No triangles were found on mesh  'Mesh.023' 
[2016.06.21-17.21.12:057][390]LogActorFactory: Actor Factory created CloudsdaleTrack_Base
[2016.06.21-17.21.12:060][390]LogActorFactory: Actor Factory created CloudsdaleTrack_Buildings_Base
[2016.06.21-17.21.12:062][390]LogActorFactory: Actor Factory created CloudsdaleTrack_Buildings_Base_001
[2016.06.21-17.21.12:083][390]LogActorFactory: Actor Factory created CloudsdaleTrack_Buildings_Base_002
[2016.06.21-17.21.12:085][390]LogActorFactory: Actor Factory created CloudsdaleTrack_Buildings_Base_003
[2016.06.21-17.21.12:088][390]LogActorFactory: Actor Factory created CloudsdaleTrack_Buildings_Base_004
[2016.06.21-17.21.12:090][390]LogActorFactory: Actor Factory created CloudsdaleTrack_Buildings_Base_005
[2016.06.21-17.21.12:091][390]LogActorFactory: Actor Factory created CloudsdaleTrack_Buildings_Base_006
[2016.06.21-17.21.12:092][390]LogActorFactory: Actor Factory created CloudsdaleTrack_Buildings_Base_007
[2016.06.21-17.21.12:165][390]LogActorFactory: Actor Factory created CloudsdaleTrack_Buildings_Base_008
[2016.06.21-17.21.12:167][390]LogActorFactory: Actor Factory created CloudsdaleTrack_Buildings_Base_009
[2016.06.21-17.21.12:169][390]LogActorFactory: Actor Factory created CloudsdaleTrack_Buildings_Base_010
[2016.06.21-17.21.12:171][390]LogActorFactory: Actor Factory created CloudsdaleTrack_Buildings_Base_011
[2016.06.21-17.21.12:173][390]LogActorFactory: Actor Factory created CloudsdaleTrack_Buildings_Base_012
[2016.06.21-17.21.12:176][390]LogActorFactory: Actor Factory created CloudsdaleTrack_Buildings_Base_013
[2016.06.21-17.21.12:179][390]LogActorFactory: Actor Factory created CloudsdaleTrack_Circle
[2016.06.21-17.21.12:179][390]LogActorFactory: Actor Factory created CloudsdaleTrack_Clouds
[2016.06.21-17.21.12:199][390]LogActorFactory: Actor Factory created CloudsdaleTrack_Clouds_001
[2016.06.21-17.21.13:514][536]LogActorFactory: Actor Factory created CloudsdaleTrack_Base
[2016.06.21-17.21.13:529][536]LogActorFactory: Actor Factory created CloudsdaleTrack_Buildings_Base
[2016.06.21-17.21.13:540][536]LogActorFactory: Actor Factory created CloudsdaleTrack_Buildings_Base_001
[2016.06.21-17.21.13:553][536]LogActorFactory: Actor Factory created CloudsdaleTrack_Buildings_Base_002
[2016.06.21-17.21.13:566][536]LogActorFactory: Actor Factory created CloudsdaleTrack_Buildings_Base_003
[2016.06.21-17.21.13:578][536]LogActorFactory: Actor Factory created CloudsdaleTrack_Buildings_Base_004
[2016.06.21-17.21.13:590][536]LogActorFactory: Actor Factory created CloudsdaleTrack_Buildings_Base_005
[2016.06.21-17.21.13:603][536]LogActorFactory: Actor Factory created CloudsdaleTrack_Buildings_Base_006
[2016.06.21-17.21.13:616][536]LogActorFactory: Actor Factory created CloudsdaleTrack_Buildings_Base_007
[2016.06.21-17.21.13:629][536]LogActorFactory: Actor Factory created CloudsdaleTrack_Buildings_Base_008
[2016.06.21-17.21.13:640][536]LogActorFactory: Actor Factory created CloudsdaleTrack_Buildings_Base_009
[2016.06.21-17.21.13:653][536]LogActorFactory: Actor Factory created CloudsdaleTrack_Buildings_Base_010
[2016.06.21-17.21.13:666][536]LogActorFactory: Actor Factory created CloudsdaleTrack_Buildings_Base_011
[2016.06.21-17.21.13:679][536]LogActorFactory: Actor Factory created CloudsdaleTrack_Buildings_Base_012
[2016.06.21-17.21.13:690][536]LogActorFactory: Actor Factory created CloudsdaleTrack_Buildings_Base_013
[2016.06.21-17.21.13:702][536]LogActorFactory: Actor Factory created CloudsdaleTrack_Circle
[2016.06.21-17.21.13:715][536]LogActorFactory: Actor Factory created CloudsdaleTrack_Clouds
[2016.06.21-17.21.13:728][536]LogActorFactory: Actor Factory created CloudsdaleTrack_Clouds_001
[2016.06.21-17.21.17:660][776]LogSavePackage: Save=1196.43ms
[2016.06.21-17.21.17:660][776]LogSavePackage: Moving '../../../../../../Users/Sharpe/Documents/GitHub/PonyKart-UE4/PonyKart Project Build/PonyKart/Saved/KartTestLevel43782CFC4E56A9EB0B2923B2CEF4AEF4.tmp' to '../../../../../../Users/Sharpe/Documents/GitHub/PonyKart-UE4/PonyKart Project Build/PonyKart/Content/Levels/KartTestLevel.umap'
[2016.06.21-17.21.17:685][776]LogSavePackage: Total save time: 1264.50ms
[2016.06.21-17.21.17:685][776]LogSavePackage:Display: Finished SavePackage ../../../../../../Users/Sharpe/Documents/GitHub/PonyKart-UE4/PonyKart Project Build/PonyKart/Content/Levels/KartTestLevel.umap
[2016.06.21-17.21.17:705][776]LogFileHelpers: Saving map 'KartTestLevel' took 1.433
[2016.06.21-17.21.18:504][776]LogSavePackage: Save=241.38ms
[2016.06.21-17.21.18:504][776]LogSavePackage: Moving '../../../../../../Users/Sharpe/Documents/GitHub/PonyKart-UE4/PonyKart Project Build/PonyKart/Saved/CloudsdaleTrack458575E445ED23F020B662BA55FD0BDF.tmp' to '../../../../../../Users/Sharpe/Documents/GitHub/PonyKart-UE4/PonyKart Project Build/PonyKart/Content/Models/TrackAssets/Cloudsdale/CloudsdaleTrack.uasset'
[2016.06.21-17.21.18:506][776]LogSavePackage: Total save time: 243.38ms
[2016.06.21-17.21.18:506][776]LogSavePackage:Display: Finished SavePackage ../../../../../../Users/Sharpe/Documents/GitHub/PonyKart-UE4/PonyKart Project Build/PonyKart/Content/Models/TrackAssets/Cloudsdale/CloudsdaleTrack.uasset
[2016.06.21-17.21.23:735][346]LogActorFactory: Actor Factory created CloudsdaleTrack_Clouds_002
[2016.06.21-17.21.23:772][346]LogActorFactory: Actor Factory created CloudsdaleTrack_Clouds_003
[2016.06.21-17.21.23:806][346]LogActorFactory: Actor Factory created CloudsdaleTrack_Clouds_004
[2016.06.21-17.21.23:813][346]LogActorFactory: Actor Factory created CloudsdaleTrack_Clouds_005
[2016.06.21-17.21.23:829][346]LogActorFactory: Actor Factory created CloudsdaleTrack_Clouds_006
[2016.06.21-17.21.25:350][512]LogActorFactory: Actor Factory created CloudsdaleTrack_Clouds_002
[2016.06.21-17.21.25:362][512]LogActorFactory: Actor Factory created CloudsdaleTrack_Clouds_003
[2016.06.21-17.21.25:372][512]LogActorFactory: Actor Factory created CloudsdaleTrack_Clouds_004
[2016.06.21-17.21.25:383][512]LogActorFactory: Actor Factory created CloudsdaleTrack_Clouds_005
[2016.06.21-17.21.25:395][512]LogActorFactory: Actor Factory created CloudsdaleTrack_Clouds_006
[2016.06.21-17.21.26:860][676]Cmd: CAMERA ALIGN ACTIVEVIEWPORTONLY
[2016.06.21-17.21.31:829][181]LogActorFactory: Actor Factory created CloudsdaleTrack_Columns
[2016.06.21-17.21.31:834][181]LogActorFactory: Actor Factory created CloudsdaleTrack_Factory_001
[2016.06.21-17.21.31:836][181]LogActorFactory: Actor Factory created CloudsdaleTrack_Factory_002
[2016.06.21-17.21.31:837][181]LogActorFactory: Actor Factory created CloudsdaleTrack_Factory_003
[2016.06.21-17.21.31:865][181]LogActorFactory: Actor Factory created CloudsdaleTrack_Factory_006
[2016.06.21-17.21.31:867][181]LogActorFactory: Actor Factory created CloudsdaleTrack_Factory_007
[2016.06.21-17.21.34:861][514]LogActorFactory: Actor Factory created CloudsdaleTrack_Columns
[2016.06.21-17.21.34:873][514]LogActorFactory: Actor Factory created CloudsdaleTrack_Factory_001
[2016.06.21-17.21.34:885][514]LogActorFactory: Actor Factory created CloudsdaleTrack_Factory_002
[2016.06.21-17.21.34:896][514]LogActorFactory: Actor Factory created CloudsdaleTrack_Factory_003
[2016.06.21-17.21.34:908][514]LogActorFactory: Actor Factory created CloudsdaleTrack_Factory_006
[2016.06.21-17.21.34:919][514]LogActorFactory: Actor Factory created CloudsdaleTrack_Factory_007
[2016.06.21-17.21.41:473][109]LogActorFactory: Actor Factory created CloudsdaleTrack_FactoryFloorAndRoad
[2016.06.21-17.21.41:475][109]LogActorFactory: Actor Factory created CloudsdaleTrack_FactoryFloorAndRoad_001
[2016.06.21-17.21.41:479][109]LogActorFactory: Actor Factory created CloudsdaleTrack_FactoryGlass
[2016.06.21-17.21.42:469][210]LogActorFactory: Actor Factory created CloudsdaleTrack_FactoryFloorAndRoad
[2016.06.21-17.21.42:481][210]LogActorFactory: Actor Factory created CloudsdaleTrack_FactoryFloorAndRoad_001
[2016.06.21-17.21.42:492][210]LogActorFactory: Actor Factory created CloudsdaleTrack_FactoryGlass
[2016.06.21-17.21.44:574][404]LogActorFactory: Actor Factory created CloudsdaleTrack_JumpRail
[2016.06.21-17.21.44:574][404]LogWindows:Error: Windows GetLastError: The operation completed successfully. (0)
[2016.06.21-17.21.44:813][404]LogCrashTracker: 


[2016.06.21-17.21.44:819][404]LogCrashTracker: 


[2016.06.21-17.21.44:819][404]LogWindows:Error: === Critical error: ===
Assertion failed: Reference != 0 [File:D:\BuildFarm\buildmachine_++UE4+Release-4.11\Engine\Source\Runtime\Core\Public\Templates\ScopedPointer.h] [Line: 73] 





[2016.06.21-17.21.44:852][404]LogExit: Executing StaticShutdownAfterError
[2016.06.21-17.21.44:860][404]LogPhysics:Warning: PHYSX: ..\..\PhysX\src\NpScene.cpp (2946) 8 : PxScene::unlockWrite() called without matching call to PxScene::lockWrite(), behaviour will be undefined.
[2016.06.21-17.21.44:860][404]LogPhysics:Warning: PHYSX: ..\..\PhysX\src\NpScene.cpp (2946) 8 : PxScene::unlockWrite() called without matching call to PxScene::lockWrite(), behaviour will be undefined.
[2016.06.21-17.21.44:860][404]LogWindows: FPlatformMisc::RequestExit(1)
[2016.06.21-17.21.44:860][404]Log file closed, 06/21/16 13:21:44
