[2015.11.01-17.52.20:360][  0]Log file open, 11/01/15 12:52:20
[2015.11.01-17.52.20:360][  0]LogInit:Display: Running engine for game: PonyKart
[2015.11.01-17.52.20:360][  0]LogInit:Display: RandInit(72999734) SRandInit(72999755).
[2015.11.01-17.52.20:360][  0]LogTaskGraph: Started task graph with 4 named threads and 7 total threads.
[2015.11.01-17.52.20:360][  0]LogStats: Stats thread started at 0.192448
[2015.11.01-17.52.20:360][  0]LogInit: Version: 4.9.2-2707645+++depot+UE4-Releases+4.9
[2015.11.01-17.52.20:360][  0]LogInit: API Version: 2672455
[2015.11.01-17.52.20:360][  0]LogInit: Compiled (64-bit): Sep 28 2015 10:25:44
[2015.11.01-17.52.20:360][  0]LogInit: Compiled with Visual C++: 18.00.21005.01
[2015.11.01-17.52.20:360][  0]LogInit: Build Configuration: Development
[2015.11.01-17.52.20:360][  0]LogInit: Branch Name: ++depot+UE4-Releases+4.9
[2015.11.01-17.52.20:360][  0]LogInit: Command line:  
[2015.11.01-17.52.20:360][  0]LogInit: Base directory: C:/Program Files/Epic Games/4.9/Engine/Binaries/Win64/
[2015.11.01-17.52.20:360][  0]LogInit: Rocket: 1
[2015.11.01-17.52.20:620][  0]LogInit: Using libcurl 7.41.0
[2015.11.01-17.52.20:621][  0]LogInit:  - built for x86_64-pc-win32
[2015.11.01-17.52.20:621][  0]LogInit:  - supports SSL with WinSSL
[2015.11.01-17.52.20:621][  0]LogInit:  - other features:
[2015.11.01-17.52.20:621][  0]LogInit:      CURL_VERSION_SSL
[2015.11.01-17.52.20:621][  0]LogInit:      CURL_VERSION_IPV6
[2015.11.01-17.52.20:621][  0]LogInit:      CURL_VERSION_ASYNCHDNS
[2015.11.01-17.52.20:621][  0]LogInit:      CURL_VERSION_LARGEFILE
[2015.11.01-17.52.20:621][  0]LogInit:      CURL_VERSION_IDN
[2015.11.01-17.52.20:621][  0]LogInit:  CurlRequestOptions (configurable via config and command line):
[2015.11.01-17.52.20:621][  0]LogInit:  - bVerifyPeer = true  - Libcurl will verify peer certificate
[2015.11.01-17.52.20:621][  0]LogInit:  - bUseHttpProxy = false  - Libcurl will NOT use HTTP proxy
[2015.11.01-17.52.20:621][  0]LogInit:  - bDontReuseConnections = false  - Libcurl will reuse connections
[2015.11.01-17.52.20:621][  0]LogInit:  - CertBundlePath = nullptr  - Libcurl will use whatever was configured at build time.
[2015.11.01-17.52.21:074][  0]LogInit: Presizing for 0 objects not considered by GC, pre-allocating 0 bytes.
[2015.11.01-17.52.21:085][  0]LogInit: Object subsystem initialized
[2015.11.01-17.52.21:087][  0]LogInit: Selected Device Profile: [Windows]
[2015.11.01-17.52.21:087][  0]LogInit: Applying CVar settings loaded from the selected device profile: [Windows]
[2015.11.01-17.52.21:128][  0]LogInit: Computer: HP-PC
[2015.11.01-17.52.21:128][  0]LogInit: User: Amber
[2015.11.01-17.52.21:128][  0]LogInit: CPU Page size=4096, Cores=4
[2015.11.01-17.52.21:128][  0]LogInit: High frequency timer resolution =14.318180 MHz
[2015.11.01-17.52.21:128][  0]LogMemory: Memory total: Physical=6.0GB (6GB approx)
[2015.11.01-17.52.21:128][  0]LogMemory: Platform Memory Stats for Windows
[2015.11.01-17.52.21:128][  0]LogMemory: Process Physical Memory: 53.98 MB used, 53.98 MB peak
[2015.11.01-17.52.21:128][  0]LogMemory: Process Virtual Memory: 57.20 MB used, 57.20 MB peak
[2015.11.01-17.52.21:128][  0]LogMemory: Physical Memory: 2972.80 MB used, 6141.22 MB total
[2015.11.01-17.52.21:128][  0]LogMemory: Virtual Memory: 365.95 MB used, 134217728.00 MB total
[2015.11.01-17.52.22:645][  0]LogTextLocalizationManager: No specific translations for ('en-US') exist, so ('en') translations will be used.
[2015.11.01-17.52.24:123][  0]LogD3D11RHI: Found D3D11 adapter 0: NVIDIA GeForce GTX 550 Ti (Feature Level 11_0)
[2015.11.01-17.52.24:123][  0]LogD3D11RHI: Adapter has 972MB of dedicated video memory, 0MB of dedicated system memory, and 3070MB of shared system memory, 1 output[s]
[2015.11.01-17.52.24:126][  0]LogD3D11RHI: Found D3D11 adapter 1: Microsoft Basic Render Driver (Feature Level 11_0)
[2015.11.01-17.52.24:126][  0]LogD3D11RHI: Adapter has 0MB of dedicated video memory, 0MB of dedicated system memory, and 3070MB of shared system memory, 0 output[s]
[2015.11.01-17.52.24:126][  0]LogD3D11RHI: Chosen D3D11 Adapter Id = 0
[2015.11.01-17.52.24:135][  0]LogD3D11RHI: !Direct3DDevice
[2015.11.01-17.52.24:135][  0]LogRHI: Texture pool is 680 MB (70% of 972 MB)
[2015.11.01-17.52.24:152][  0]LogD3D11RHI: Async texture creation enabled
[2015.11.01-17.52.24:172][  0]LogShaderCompilers: Guid format shader working directory is 15 characters bigger than the processId version (../../../../../../Users/Amber/Documents/Game Development/PonyKart-UE4/PonyKart Project Build/PonyKart/Intermediate/Shaders/WorkingDirectory/1668/).
[2015.11.01-17.52.24:173][  0]LogShaderCompilers: Cleaned the shader compiler working directory '../../../../../../Users/Amber/Documents/Game Development/PonyKart-UE4/PonyKart Project Build/PonyKart/Intermediate/Shaders/tmp/72667C3141F016726F95BCBFB10C856F/'.
[2015.11.01-17.52.24:173][  0]LogShaderCompilers:Display: Using Local Shader Compiler.
[2015.11.01-17.52.35:245][  0]LogTemp:Display: Loaded TP AllDesktopTargetPlatform
[2015.11.01-17.52.35:254][  0]LogTemp:Display: Loaded TP WindowsClientTargetPlatform
[2015.11.01-17.52.35:264][  0]LogTemp:Display: Loaded TP WindowsNoEditorTargetPlatform
[2015.11.01-17.52.35:273][  0]LogTemp:Display: Loaded TP WindowsServerTargetPlatform
[2015.11.01-17.52.35:282][  0]LogTemp:Display: Loaded TP WindowsTargetPlatform
[2015.11.01-17.52.35:292][  0]LogTemp:Display: Loaded TP AndroidTargetPlatform
[2015.11.01-17.52.35:299][  0]LogTemp:Display: Loaded TP Android_ASTCTargetPlatform
[2015.11.01-17.52.35:306][  0]LogTemp:Display: Loaded TP Android_ATCTargetPlatform
[2015.11.01-17.52.35:313][  0]LogTemp:Display: Loaded TP Android_DXTTargetPlatform
[2015.11.01-17.52.35:320][  0]LogTemp:Display: Loaded TP Android_ETC1TargetPlatform
[2015.11.01-17.52.35:327][  0]LogTemp:Display: Loaded TP Android_ETC2TargetPlatform
[2015.11.01-17.52.35:334][  0]LogTemp:Display: Loaded TP Android_PVRTCTargetPlatform
[2015.11.01-17.52.35:336][  0]LogTemp:Display: Loaded TP HTML5TargetPlatform
[2015.11.01-17.52.35:497][  0]LogTemp:Display: Loaded TP IOSTargetPlatform
[2015.11.01-17.52.35:503][  0]LogTemp:Display: Loaded TP LinuxNoEditorTargetPlatform
[2015.11.01-17.52.35:510][  0]LogTemp:Display: Loaded TP LinuxServerTargetPlatform
[2015.11.01-17.52.35:521][  0]LogTemp:Display: Loaded TP LinuxTargetPlatform
[2015.11.01-17.52.35:521][  0]LogTargetPlatformManager:Display: Building Assets For Windows
[2015.11.01-17.52.36:947][  0]LogDerivedDataCache:Display: Max Cache Size: 512 MB
[2015.11.01-17.52.37:636][  0]LogDerivedDataCache: Loaded boot cache 0.69s 41MB C:/Users/Amber/AppData/Local/UnrealEngine/4.9/DerivedDataCache/Boot.ddc.
[2015.11.01-17.52.37:636][  0]LogDerivedDataCache:Display: Loaded Boot cache: C:/Users/Amber/AppData/Local/UnrealEngine/4.9/DerivedDataCache/Boot.ddc
[2015.11.01-17.52.37:636][  0]LogDerivedDataCache: FDerivedDataBackendGraph:  Pak pak cache file ../../../../../../Users/Amber/Documents/Game Development/PonyKart-UE4/PonyKart Project Build/PonyKart/DerivedDataCache/DDC.ddp not found, will not use a pak cache.
[2015.11.01-17.52.37:636][  0]LogDerivedDataCache: Unable to find inner node Pak for hierarchical cache Hierarchy.
[2015.11.01-17.52.37:636][  0]LogDerivedDataCache: FDerivedDataBackendGraph:  CompressedPak pak cache file ../../../../../../Users/Amber/Documents/Game Development/PonyKart-UE4/PonyKart Project Build/PonyKart/DerivedDataCache/Compressed.ddp not found, will not use a pak cache.
[2015.11.01-17.52.37:636][  0]LogDerivedDataCache: Unable to find inner node CompressedPak for hierarchical cache Hierarchy.
[2015.11.01-17.52.37:919][  0]LogDerivedDataCache:Display: Pak cache opened for reading ../../../Engine/DerivedDataCache/Compressed.ddp.
[2015.11.01-17.52.37:931][  0]LogDerivedDataCache: Using Local data cache path C:/Users/Amber/AppData/Local/UnrealEngine/Common/DerivedDataCache: Writable
[2015.11.01-17.52.50:976][  0]LogInit: Selected Device Profile: [Windows]
[2015.11.01-17.52.50:981][  0]LogContentStreaming: Texture pool size is 0.000000MB
[2015.11.01-17.52.51:281][  0]LogMeshUtilities: No automatic mesh reduction module available
[2015.11.01-17.52.51:281][  0]LogMeshUtilities: No automatic mesh merging module available
[2015.11.01-17.52.52:308][  0]LogInit: WinSock: version 1.1 (2.2), MaxSocks=32767, MaxUdp=65467
[2015.11.01-17.53.05:910][  0]UdpMessaging: Initializing bridge on interface 0.0.0.0:0 to multicast group 230.0.0.1:6666.
[2015.11.01-17.53.06:907][  0]LogAssetRegistry: FAssetRegistry took 0.0110 seconds to start up
[2015.11.01-17.53.07:423][  0]SourceControl: Info Source control is disabled
[2015.11.01-17.53.07:924][  0]SourceControl: Info Source control is disabled
[2015.11.01-17.53.07:940][  0]SourceControl: Info Source control is disabled
[2015.11.01-17.53.08:030][  0]SourceControl: Info Source control is disabled
[2015.11.01-17.53.09:254][  0]LogLinker:Warning: Asset '../../../Engine/Plugins/Runtime/LeapMotionController/Content/LM_PassthroughMaterial.uasset' has been saved with empty engine version. The asset will be loaded but may be incompatible.
[2015.11.01-17.53.09:564][  0]LogObj: 28361 objects as part of root set at end of initial load.
[2015.11.01-17.53.09:565][  0]LogUObjectAllocator: 6038864 out of 0 bytes used by permanent object pool.
[2015.11.01-17.53.09:745][  0]LogEngine: Initializing Engine...
[2015.11.01-17.53.09:750][  0]LogHMD: Can't find Oculus library dev build: is proper Runtime installed? Version: 0.7.0.0
[2015.11.01-17.53.10:262][  0]LogHMD: SteamVR failed to initialize.  Err: 108
[2015.11.01-17.53.10:623][  0]LogAIModule: Creating AISystem for world NewWorld
[2015.11.01-17.53.10:791][  0]LogInit: XAudio2 using 'Headphones (Realtek High Definition Audio)' : 2 channels at 48 kHz using 32 bits per sample (channel mask 0x3)
[2015.11.01-17.53.10:805][  0]LogInit: FAudioDevice initialized.
[2015.11.01-17.53.10:850][  0]LogDerivedDataCache: Saved boot cache 0.04s 41MB C:/Users/Amber/AppData/Local/UnrealEngine/4.9/DerivedDataCache/Boot.ddc.
[2015.11.01-17.53.10:866][  0]LogInit: Texture streaming: Enabled
[2015.11.01-17.53.10:875][  0]LogAnalytics: Creating configured Analytics provider AnalyticsET
[2015.11.01-17.53.10:876][  0]LogAnalytics: [UEEditor.Rocket.Release] APIServer = http://et2.epicgames.com/ET2/. AppVersion = 4.9.2-2707645+++depot+UE4-Releases+4.9
[2015.11.01-17.53.10:876][  0]LogAnalytics: [UEEditor.Rocket.Release] SetUserId fe48c13c4235ff87278523820fd1a74f|128e7d1d796a429f9247afe84ab758e1|a78d9d35-53ca-49d3-80af-52a3ac8256d6
[2015.11.01-17.53.10:876][  0]LogAnalytics: [UEEditor.Rocket.Release] AnalyticsET::StartSession
[2015.11.01-17.53.11:197][  0]LogInit: Transaction tracking system initialized
[2015.11.01-17.53.11:461][  0]BlueprintLog: New page: Editor Load
[2015.11.01-17.53.12:848][  0]LocalizationService: Info Localization service is disabled
[2015.11.01-17.53.19:090][  0]LogConsoleResponse:Display: 
[2015.11.01-17.53.20:704][  0]LogCook:Display: Done creating registry. It took  0.00s.
[2015.11.01-17.53.21:415][  0]LogFileCache: Scanning file cache for directory 'C:/Users/Amber/Documents/Game Development/PonyKart-UE4/PonyKart Project Build/PonyKart/Content/' took 0.02s
[2015.11.01-17.53.21:415][  0]SourceControl: Info Source control is disabled
[2015.11.01-17.53.21:416][  0]Cmd: MAP LOAD FILE="../../../../../../Users/Amber/Documents/Game Development/PonyKart-UE4/PonyKart Project Build/PonyKart/Content/Maps/KartTestMap.umap" TEMPLATE=0 SHOWPROGRESS=1 FEATURELEVEL=3
[2015.11.01-17.53.21:420][  0]LightingResults: New page: Lighting Build
[2015.11.01-17.53.21:425][  0]MapCheck: New page: Map Check
[2015.11.01-17.53.21:425][  0]LightingResults: New page: Lighting Build
[2015.11.01-17.53.21:443][  0]LogParticles: Destroying 0 GPU particle simulations for FXSystem 0x000000DCAE5FE160
[2015.11.01-17.53.39:160][  0]LogAIModule: Creating AISystem for world KartTestMap
[2015.11.01-17.54.28:401][  0]LogEditorServer: Finished looking for orphan Actors (0.000 secs)
[2015.11.01-17.54.28:402][  0]Cmd: MAP CHECKDEP NOCLEARLOG
[2015.11.01-17.54.28:537][  0]MapCheck: Info Map check complete: 0 Error(s), 0 Warning(s), took 135.346ms to complete.
[2015.11.01-17.54.28:538][  0]LogFileHelpers: Loading map 'KartTestMap' took 67.122
[2015.11.01-17.54.28:869][  0]LogCollectionManager: Loaded 0 collections in 0.004252 seconds
[2015.11.01-17.54.28:920][  0]LogFileCache: Scanning file cache for directory 'C:/Users/Amber/Documents/Game Development/PonyKart-UE4/PonyKart Project Build/PonyKart/Saved/Collections/' took 0.01s
[2015.11.01-17.54.28:920][  0]LogFileCache: Scanning file cache for directory 'C:/Users/Amber/Documents/Game Development/PonyKart-UE4/PonyKart Project Build/PonyKart/Content/Developers/Amber/Collections/' took 0.01s
[2015.11.01-17.54.28:920][  0]LogFileCache: Scanning file cache for directory 'C:/Users/Amber/Documents/Game Development/PonyKart-UE4/PonyKart Project Build/PonyKart/Content/Collections/' took 0.01s
[2015.11.01-17.54.28:920][  0]LogContentBrowser: Native class hierarchy populated in 0.0119 seconds. Added 1867 classes and 333 folders.
[2015.11.01-17.54.28:927][  0]LogCollectionManager: Rebuilt the GUID cache for 0 collections in 0.000005 seconds
[2015.11.01-17.54.28:938][  0]LogContentBrowser: Native class hierarchy updated for 'WidgetCarousel' in 0.0005 seconds. Added 0 classes and 0 folders.
[2015.11.01-17.54.31:681][  0]LogContentBrowser: Native class hierarchy updated for 'AddContentDialog' in 0.0005 seconds. Added 0 classes and 0 folders.
[2015.11.01-17.54.31:830][  0]LogContentBrowser: Native class hierarchy updated for 'SceneOutliner' in 0.0006 seconds. Added 1 classes and 2 folders.
[2015.11.01-17.54.31:943][  0]LogCrashTracker: Crashtracker disabled due to settings.
[2015.11.01-17.54.32:005][  0]LogUObjectGlobals:Warning: Failed to find object 'Class None.'
[2015.11.01-17.54.32:028][  0]LogLoad: Full Startup: 134.45 seconds (BP compile: 0.46 seconds)
[2015.11.01-17.54.32:648][  0]LogContentStreaming: Texture pool size now 1000 MB
[2015.11.01-17.54.32:914][  0]LogRenderer: Reallocating scene render targets to support 1308x672 (Frame:2).
[2015.11.01-17.54.33:394][  1]Cmd: UpdateLandscapeEditorData -warnings
[2015.11.01-17.54.35:812][  6]LogAssetRegistry: Asset discovery search completed in 88.9160 seconds
[2015.11.01-17.54.35:895][  6]LogCollectionManager: Rebuilt the object cache for 0 collections in 0.000003 seconds (found 0 objects)
[2015.11.01-17.54.35:961][  6]LogCollectionManager: Fixed up redirectors for 0 collections in 0.119946 seconds (updated 0 objects)
[2015.11.01-20.19.47:375][345]LogEditorViewport: Clicking on Actor (context menu): StaticMeshActor (BigMacKart)
[2015.11.01-20.19.48:608][403]LogEditorViewport: Clicking on Actor (context menu): BP_Sky_Sphere_C (Sky Sphere)
[2015.11.01-20.19.49:304][448]LogEditorViewport: Clicking on Actor (LMB): StaticMeshActor (BigMacKart)
[2015.11.01-20.19.49:737][463]Cmd: CAMERA ALIGN ACTIVEVIEWPORTONLY
[2015.11.01-20.20.11:480][633]LogMaterial: Missing cached shader map for material Material_001, compiling. 
[2015.11.01-20.20.11:481][633]LogMaterial:Warning: Failed to compile Material /Game/Models/Karts/BigMacKart/Material_001.Material_001 for platform PCD3D_SM5, Default Material will be used in game.
[2015.11.01-20.20.11:481][633]LogMaterial:Warning: 	(Node TextureSample) TextureSample> Missing input texture
[2015.11.01-20.20.11:486][633]LogMaterial: Missing cached shader map for material Material_002, compiling. 
[2015.11.01-20.20.11:487][633]LogMaterial:Warning: Failed to compile Material /Game/Models/Karts/BigMacKart/Material_002.Material_002 for platform PCD3D_SM5, Default Material will be used in game.
[2015.11.01-20.20.11:487][633]LogMaterial:Warning: 	(Node TextureSample) TextureSample> Missing input texture
[2015.11.01-20.20.11:492][633]LogMaterial: Missing cached shader map for material Material_003, compiling. 
[2015.11.01-20.20.11:493][633]LogMaterial:Warning: Failed to compile Material /Game/Models/Karts/BigMacKart/Material_003.Material_003 for platform PCD3D_SM5, Default Material will be used in game.
[2015.11.01-20.20.11:493][633]LogMaterial:Warning: 	(Node TextureSample) TextureSample> Missing input texture
[2015.11.01-20.20.11:498][633]LogMaterial: Missing cached shader map for material Material_004, compiling. 
[2015.11.01-20.20.11:499][633]LogMaterial:Warning: Failed to compile Material /Game/Models/Karts/BigMacKart/Material_004.Material_004 for platform PCD3D_SM5, Default Material will be used in game.
[2015.11.01-20.20.11:499][633]LogMaterial:Warning: 	(Node TextureSample) TextureSample> Missing input texture
[2015.11.01-20.20.11:504][633]LogMaterial: Missing cached shader map for material Material_006, compiling. 
[2015.11.01-20.20.11:504][633]LogMaterial:Warning: Failed to compile Material /Game/Models/Karts/BigMacKart/Material_006.Material_006 for platform PCD3D_SM5, Default Material will be used in game.
[2015.11.01-20.20.11:504][633]LogMaterial:Warning: 	(Node TextureSample) TextureSample> Missing input texture
[2015.11.01-20.20.11:512][633]LogMaterial: Missing cached shader map for material Material_008, compiling. 
[2015.11.01-20.20.11:513][633]LogMaterial:Warning: Failed to compile Material /Game/Models/Karts/BigMacKart/Material_008.Material_008 for platform PCD3D_SM5, Default Material will be used in game.
[2015.11.01-20.20.11:513][633]LogMaterial:Warning: 	(Node TextureSample) TextureSample> Missing input texture
[2015.11.01-20.20.11:545][633]LogMaterial: Missing cached shader map for material Material_010, compiling. 
[2015.11.01-20.20.11:545][633]LogMaterial:Warning: Failed to compile Material /Game/Models/Karts/BigMacKart/Material_010.Material_010 for platform PCD3D_SM5, Default Material will be used in game.
[2015.11.01-20.20.11:545][633]LogMaterial:Warning: 	(Node TextureSample) TextureSample> Missing input texture
[2015.11.01-20.20.15:284][706]LogEditorActor: Deleted Actor: StaticMeshActor
[2015.11.01-20.20.15:328][706]LogEditorActor: Deleted 1 Actors (0.048 secs)
[2015.11.01-20.20.35:092][962]LogFactory: FactoryCreateBinary: StaticMesh with FbxFactory (0 0 ../../../../../../Users/Amber/Documents/Game Development/PonyKart-UE4/PonyKart Development Assets/Model assets/Kart models/BigMac/BigMacKart.fbx)
[2015.11.01-20.20.35:114][962]LogFbx: ItemName: GlobalSettings, ItemCount : 1
[2015.11.01-20.20.35:114][962]LogFbx: ItemName: Geometry, ItemCount : 14
[2015.11.01-20.20.35:114][962]LogFbx: ItemName: Model, ItemCount : 14
[2015.11.01-20.20.35:114][962]LogFbx: ItemName: Material, ItemCount : 3
[2015.11.01-20.20.35:123][962]LogFbx: Loading FBX Scene from ../../../../../../Users/Amber/Documents/Game Development/PonyKart-UE4/PonyKart Development Assets/Model assets/Kart models/BigMac/BigMacKart.fbx
[2015.11.01-20.20.35:151][962]LogFbx: FBX Scene Loaded Succesfully
[2015.11.01-20.20.38:458][962]LogFbx: Loading FBX Scene from ../../../../../../Users/Amber/Documents/Game Development/PonyKart-UE4/PonyKart Development Assets/Model assets/Kart models/BigMac/BigMacKart.fbx
[2015.11.01-20.20.38:487][962]LogFbx: FBX Scene Loaded Succesfully
[2015.11.01-20.20.38:491][962]LogLinker:Warning: Can't find file '/Game/Models/Karts/BigMacKart/BigMacKartWheelMat'
[2015.11.01-20.20.38:491][962]LogLinker:Warning: Can't find file '/Game/Models/Karts/BigMacKart/BigMacKartWheelMat'
[2015.11.01-20.20.38:519][962]LogMaterial: Missing cached shader map for material BigMacKartWheelMat, compiling. 
[2015.11.01-20.20.38:604][962]LogLinker:Warning: Can't find file '/Game/Models/Karts/BigMacKart/BigMacKartMetalMat'
[2015.11.01-20.20.38:604][962]LogLinker:Warning: Can't find file '/Game/Models/Karts/BigMacKart/BigMacKartMetalMat'
[2015.11.01-20.20.38:664][962]LogMaterial: Missing cached shader map for material BigMacKartMetalMat, compiling. 
[2015.11.01-20.20.38:708][962]LogFbx:Warning: Triangulating static mesh Cylinder.004
[2015.11.01-20.20.39:690][962]LogFbx:Warning: Triangulating static mesh Cylinder.003
[2015.11.01-20.20.40:693][962]LogLinker:Warning: Can't find file '/Game/Models/Karts/BigMacKart/BigMacKartMat'
[2015.11.01-20.20.40:694][962]LogLinker:Warning: Can't find file '/Game/Models/Karts/BigMacKart/BigMacKartMat'
[2015.11.01-20.20.40:722][962]LogMaterial: Missing cached shader map for material BigMacKartMat, compiling. 
[2015.11.01-20.20.40:766][962]LogFbx:Warning: Triangulating static mesh Cube.009
[2015.11.01-20.20.41:949][962]LogFbx:Warning: Triangulating static mesh Cube
[2015.11.01-20.20.42:133][962]LogFbx:Warning: Triangulating static mesh Cube.000
[2015.11.01-20.20.42:519][962]LogFbx:Warning: Triangulating static mesh Cube.006
[2015.11.01-20.20.43:090][962]LogFbx:Warning: Triangulating static mesh Cylinder.002
[2015.11.01-20.20.48:921][962]LogFbx:Warning: Triangulating static mesh Cube.005
[2015.11.01-20.20.49:603][962]LogFbx:Warning: Triangulating static mesh Cube.004
[2015.11.01-20.20.49:825][962]LogFbx:Warning: Triangulating static mesh Cube.003
[2015.11.01-20.20.51:234][962]LogFbx:Warning: Triangulating static mesh Cube.002
[2015.11.01-20.20.52:107][962]LogFbx:Warning: Triangulating static mesh Cube.001
[2015.11.01-20.20.53:550][962]LogFbx:Warning: Triangulating static mesh Cylinder.000
[2015.11.01-20.20.54:501][962]LogFbx:Warning: Triangulating static mesh Cylinder.001
[2015.11.01-20.20.55:485][962]LogStaticMesh: Building static mesh BigMacKart...
[2015.11.01-20.20.56:087][962]LogStaticMesh: Built static mesh [0.602970.2s] /Game/Models/Karts/BigMacKart/BigMacKart.BigMacKart
[2015.11.01-20.20.56:171][962]LogStaticMesh:Warning: BigMacKart has degenerate tangent bases which will result in incorrect shading. 
[2015.11.01-20.20.56:188][962]FBXImport:Warning: Warning Warning: No smoothing group information was found in this FBX scene.  Please make sure to enable the 'Export Smoothing Groups' option in the FBX Exporter plug-in before exporting the file.  Even for tools that don't support smoothing groups, the FBX Exporter will generate appropriate smoothing data at export-time so that correct vertex normals can be inferred while importing. 
[2015.11.01-20.20.56:188][962]FBXImport:Warning: Warning BigMacKart has degenerate tangent bases which will result in incorrect shading.  
[2015.11.01-20.20.58:659][963]LogSavePackage: Save=1911.019531ms
[2015.11.01-20.20.58:659][963]LogSavePackage: Moving '../../../../../../Users/Amber/Documents/Game Development/PonyKart-UE4/PonyKart Project Build/PonyKart/Saved/KartTestMap_Auto185A1B37E4E38DD5AA1C0E0AC323B6DFF.tmp' to '../../../../../../Users/Amber/Documents/Game Development/PonyKart-UE4/PonyKart Project Build/PonyKart/Saved/Autosaves/Game/Maps/KartTestMap_Auto1.umap'
[2015.11.01-20.20.58:663][963]LogSavePackage: Total save time: 1959.869761ms
[2015.11.01-20.20.58:663][963]LogSavePackage:Warning: Finished SavePackage ../../../../../../Users/Amber/Documents/Game Development/PonyKart-UE4/PonyKart Project Build/PonyKart/Saved/Autosaves/Game/Maps/KartTestMap_Auto1.umap
[2015.11.01-20.20.58:666][963]LogFileHelpers: Editor autosave (incl. sublevels) for '/Game/Maps/KartTestMap' took 2.009
[2015.11.01-20.20.58:666][963]LogFileHelpers: Editor autosave (incl. sublevels) for all levels took 2.009
[2015.11.01-20.20.58:674][963]OBJ SavePackage: Generating thumbnails for [1] asset(s) in package [/Game/Models/Karts/BigMacKart/BigMacKartMat] ([1] browsable assets)...
[2015.11.01-20.20.58:703][963]OBJ SavePackage:     Rendered thumbnail for [Material /Game/Models/Karts/BigMacKart/BigMacKartMat.BigMacKartMat]
[2015.11.01-20.20.58:703][963]OBJ SavePackage: Finished generating thumbnails for package [/Game/Models/Karts/BigMacKart/BigMacKartMat]
[2015.11.01-20.20.58:724][963]LogSavePackage: Save=18.072269ms
[2015.11.01-20.20.58:724][963]LogSavePackage: Moving '../../../../../../Users/Amber/Documents/Game Development/PonyKart-UE4/PonyKart Project Build/PonyKart/Saved/BigMacKartMat_Auto13AFB6A954B38D7DF7DA9A8946F0C3F03.tmp' to '../../../../../../Users/Amber/Documents/Game Development/PonyKart-UE4/PonyKart Project Build/PonyKart/Saved/Autosaves/Game/Models/Karts/BigMacKart/BigMacKartMat_Auto1.uasset'
[2015.11.01-20.20.58:727][963]LogSavePackage: Total save time: 21.563914ms
[2015.11.01-20.20.58:727][963]LogSavePackage:Warning: Finished SavePackage ../../../../../../Users/Amber/Documents/Game Development/PonyKart-UE4/PonyKart Project Build/PonyKart/Saved/Autosaves/Game/Models/Karts/BigMacKart/BigMacKartMat_Auto1.uasset
[2015.11.01-20.20.58:732][963]OBJ SavePackage: Generating thumbnails for [1] asset(s) in package [/Game/Models/Karts/BigMacKart/BigMacKartMetalMat] ([1] browsable assets)...
[2015.11.01-20.20.58:760][963]OBJ SavePackage:     Rendered thumbnail for [Material /Game/Models/Karts/BigMacKart/BigMacKartMetalMat.BigMacKartMetalMat]
[2015.11.01-20.20.58:760][963]OBJ SavePackage: Finished generating thumbnails for package [/Game/Models/Karts/BigMacKart/BigMacKartMetalMat]
[2015.11.01-20.20.58:781][963]LogSavePackage: Save=17.912891ms
[2015.11.01-20.20.58:781][963]LogSavePackage: Moving '../../../../../../Users/Amber/Documents/Game Development/PonyKart-UE4/PonyKart Project Build/PonyKart/Saved/BigMacKartMetalMat_Auto10D60DBEE4C7C390D12C085B73A36D36E.tmp' to '../../../../../../Users/Amber/Documents/Game Development/PonyKart-UE4/PonyKart Project Build/PonyKart/Saved/Autosaves/Game/Models/Karts/BigMacKart/BigMacKartMetalMat_Auto1.uasset'
[2015.11.01-20.20.58:813][963]LogSavePackage: Total save time: 50.161965ms
[2015.11.01-20.20.58:813][963]LogSavePackage:Warning: Finished SavePackage ../../../../../../Users/Amber/Documents/Game Development/PonyKart-UE4/PonyKart Project Build/PonyKart/Saved/Autosaves/Game/Models/Karts/BigMacKart/BigMacKartMetalMat_Auto1.uasset
[2015.11.01-20.20.58:817][963]OBJ SavePackage: Generating thumbnails for [1] asset(s) in package [/Game/Models/Karts/BigMacKart/BigMacKartWheelMat] ([1] browsable assets)...
[2015.11.01-20.20.58:847][963]OBJ SavePackage:     Rendered thumbnail for [Material /Game/Models/Karts/BigMacKart/BigMacKartWheelMat.BigMacKartWheelMat]
[2015.11.01-20.20.58:847][963]OBJ SavePackage: Finished generating thumbnails for package [/Game/Models/Karts/BigMacKart/BigMacKartWheelMat]
[2015.11.01-20.20.58:868][963]LogSavePackage: Save=18.320135ms
[2015.11.01-20.20.58:869][963]LogSavePackage: Moving '../../../../../../Users/Amber/Documents/Game Development/PonyKart-UE4/PonyKart Project Build/PonyKart/Saved/BigMacKartWheelMat_Auto15E241AB74226993DABE0AB842E12C258.tmp' to '../../../../../../Users/Amber/Documents/Game Development/PonyKart-UE4/PonyKart Project Build/PonyKart/Saved/Autosaves/Game/Models/Karts/BigMacKart/BigMacKartWheelMat_Auto1.uasset'
[2015.11.01-20.20.58:872][963]LogSavePackage: Total save time: 22.518225ms
[2015.11.01-20.20.58:872][963]LogSavePackage:Warning: Finished SavePackage ../../../../../../Users/Amber/Documents/Game Development/PonyKart-UE4/PonyKart Project Build/PonyKart/Saved/Autosaves/Game/Models/Karts/BigMacKart/BigMacKartWheelMat_Auto1.uasset
[2015.11.01-20.20.58:876][963]OBJ SavePackage: Generating thumbnails for [1] asset(s) in package [/Game/Models/Karts/BigMacKart/BigMacKart] ([1] browsable assets)...
[2015.11.01-20.20.58:906][963]OBJ SavePackage:     Rendered thumbnail for [StaticMesh /Game/Models/Karts/BigMacKart/BigMacKart.BigMacKart]
[2015.11.01-20.20.58:906][963]OBJ SavePackage: Finished generating thumbnails for package [/Game/Models/Karts/BigMacKart/BigMacKart]
[2015.11.01-20.20.58:938][963]LogSavePackage: Save=29.483425ms
[2015.11.01-20.20.58:938][963]LogSavePackage: Moving '../../../../../../Users/Amber/Documents/Game Development/PonyKart-UE4/PonyKart Project Build/PonyKart/Saved/BigMacKart_Auto14A4A6B0B4B9BD13EFD98B69B4F3A44E7.tmp' to '../../../../../../Users/Amber/Documents/Game Development/PonyKart-UE4/PonyKart Project Build/PonyKart/Saved/Autosaves/Game/Models/Karts/BigMacKart/BigMacKart_Auto1.uasset'
[2015.11.01-20.20.58:941][963]LogSavePackage: Total save time: 32.895382ms
[2015.11.01-20.20.58:941][963]LogSavePackage:Warning: Finished SavePackage ../../../../../../Users/Amber/Documents/Game Development/PonyKart-UE4/PonyKart Project Build/PonyKart/Saved/Autosaves/Game/Models/Karts/BigMacKart/BigMacKart_Auto1.uasset
[2015.11.01-20.20.58:941][963]LogFileHelpers: Auto-saving content packages took 0.272
[2015.11.01-20.21.04:414][370]LogActorFactory: Actor Factory created BigMacKart
[2015.11.01-20.21.06:670][541]LogActorFactory: Actor Factory created BigMacKart
[2015.11.01-20.21.11:256][704]LogFactory: FactoryCreateBinary: Texture with ReimportTextureFactory (0 0 ../../../../../../Users/Amber/Documents/Game Development/PonyKart-UE4/PonyKart Development Assets/Model assets/Kart models/BigMac/BigMacKartTex.jpg)
[2015.11.01-20.21.11:301][704]LogTexture:Display: Building textures: BigMacKartTex (AutoDXT)
[2015.11.01-20.21.16:489][984]LogMaterial: Missing cached shader map for material BigMacKartWheelMat, compiling. 
[2015.11.01-20.21.16:655][984]LogMaterial: Missing cached shader map for material FMatExpressionPreview MaterialExpressionVectorParameter_0, compiling. 
[2015.11.01-20.21.16:665][984]LogMaterial: Missing cached shader map for material BigMacKartWheelMat, compiling. 
[2015.11.01-20.21.16:675][984]LogMaterial: 0.000283 seconds spent updating 1 materials, 1 interfaces, 0 instances, 0 with static permutations.
[2015.11.01-20.21.16:702][984]LogMaterial: Missing cached shader map for material FMatExpressionPreview MaterialExpressionVectorParameter_0, compiling. 
[2015.11.01-20.21.20:897][141]LogMaterial: Missing cached shader map for material BigMacKartWheelMat, compiling. 
[2015.11.01-20.21.20:908][141]LogMaterial: 0.000371 seconds spent updating 1 materials, 1 interfaces, 0 instances, 0 with static permutations.
[2015.11.01-20.21.21:106][146]MaterialEditorStats: Info Base pass shader with only dynamic lighting: 31 instructions
[2015.11.01-20.21.21:106][146]MaterialEditorStats: Info Vertex shader: 31 instructions
[2015.11.01-20.21.21:106][146]MaterialEditorStats: Info Texture samplers: 0/16
[2015.11.01-20.21.30:136][535]LogMaterial: Missing cached shader map for material BigMacKartWheelMat, compiling. 
[2015.11.01-20.21.30:146][535]LogMaterial: 0.000333 seconds spent updating 1 materials, 1 interfaces, 0 instances, 0 with static permutations.
[2015.11.01-20.21.30:173][535]LogMaterial: Missing cached shader map for material FMatExpressionPreview MaterialExpressionTextureSample_0, compiling. 
[2015.11.01-20.21.30:179][535]LogMaterial: Missing cached shader map for material BigMacKartWheelMat, compiling. 
[2015.11.01-20.21.30:179][535]LogMaterial:Warning: Failed to compile Material /Engine/Transient.BigMacKartWheelMat for platform PCD3D_SM5, Default Material will be used in game.
[2015.11.01-20.21.30:179][535]LogMaterial:Warning: 	(Node TextureSample) TextureSample> Missing input texture
[2015.11.01-20.21.30:180][535]LogMaterial: 0.000370 seconds spent updating 1 materials, 1 interfaces, 0 instances, 0 with static permutations.
[2015.11.01-20.21.30:206][535]LogMaterial: Missing cached shader map for material FMatExpressionPreview MaterialExpressionTextureSample_0, compiling. 
[2015.11.01-20.21.30:238][535]MaterialEditorStats:Error: Error [SM5] (Node TextureSample) TextureSample> Missing input texture
[2015.11.01-20.21.38:276][888]LogMaterial: Missing cached shader map for material BigMacKartWheelMat, compiling. 
[2015.11.01-20.21.38:290][888]LogMaterial: 0.000337 seconds spent updating 1 materials, 1 interfaces, 0 instances, 0 with static permutations.
[2015.11.01-20.21.38:317][888]LogMaterial: Missing cached shader map for material FMatExpressionPreview MaterialExpressionTextureSample_2, compiling. 
[2015.11.01-20.21.41:229][ 19]MaterialEditorStats: Info Base pass shader with only dynamic lighting: 32 instructions
[2015.11.01-20.21.41:229][ 19]MaterialEditorStats: Info Vertex shader: 33 instructions
[2015.11.01-20.21.41:229][ 19]MaterialEditorStats: Info Texture samplers: 1/16
[2015.11.01-20.21.44:290][158]LogMaterialEditor: Applying material BigMacKartWheelMat
[2015.11.01-20.21.46:310][158]LogMaterial: Missing cached shader map for material BigMacKartWheelMat, compiling. 
[2015.11.01-20.21.46:344][158]LogMaterial: 0.000337 seconds spent updating 1 materials, 1 interfaces, 0 instances, 0 with static permutations.
[2015.11.01-20.21.46:405][158]LogMaterial: Missing cached shader map for material BigMacKartWheelMat, compiling. 
[2015.11.01-20.21.46:439][158]LogMaterial: Missing cached shader map for material BigMacKartWheelMat, compiling. 
[2015.11.01-20.21.46:459][158]LogMaterial: 0.007046 seconds spent updating 1 materials, 1 interfaces, 0 instances, 0 with static permutations.
[2015.11.01-20.21.49:292][335]LogMaterial: Missing cached shader map for material BigMacKartMetalMat, compiling. 
[2015.11.01-20.21.49:485][335]LogMaterial: Missing cached shader map for material FMatExpressionPreview MaterialExpressionVectorParameter_1, compiling. 
[2015.11.01-20.21.49:496][335]LogMaterial: Missing cached shader map for material BigMacKartMetalMat, compiling. 
[2015.11.01-20.21.49:505][335]LogMaterial: 0.000369 seconds spent updating 1 materials, 1 interfaces, 0 instances, 0 with static permutations.
[2015.11.01-20.21.49:533][335]LogMaterial: Missing cached shader map for material FMatExpressionPreview MaterialExpressionVectorParameter_1, compiling. 
[2015.11.01-20.21.52:436][607]LogMaterial: Missing cached shader map for material BigMacKartMetalMat, compiling. 
[2015.11.01-20.21.52:446][607]LogMaterial: 0.000420 seconds spent updating 1 materials, 1 interfaces, 0 instances, 0 with static permutations.
[2015.11.01-20.21.53:614][716]LogMaterial: Missing cached shader map for material BigMacKartMetalMat, compiling. 
[2015.11.01-20.21.53:624][716]LogMaterial: 0.000349 seconds spent updating 1 materials, 1 interfaces, 0 instances, 0 with static permutations.
[2015.11.01-20.21.53:651][716]LogMaterial: Missing cached shader map for material FMatExpressionPreview MaterialExpressionTextureSample_5, compiling. 
[2015.11.01-20.21.54:396][779]MaterialEditorStats: Info Base pass shader with only dynamic lighting: 61 instructions
[2015.11.01-20.21.54:396][779]MaterialEditorStats: Info Vertex shader: 33 instructions
[2015.11.01-20.21.54:396][779]MaterialEditorStats: Info Texture samplers: 4/16
[2015.11.01-20.21.55:988][933]LogMaterial: Missing cached shader map for material BigMacKartMetalMat, compiling. 
[2015.11.01-20.21.55:998][933]LogMaterial: 0.000440 seconds spent updating 1 materials, 1 interfaces, 0 instances, 0 with static permutations.
[2015.11.01-20.21.56:024][933]LogMaterial: Missing cached shader map for material FMatExpressionPreview MaterialExpressionTextureSample_5, compiling. 
[2015.11.01-20.21.58:984][150]LogMaterial: Missing cached shader map for material BigMacKartMat, compiling. 
[2015.11.01-20.21.59:153][150]LogMaterial: Missing cached shader map for material FMatExpressionPreview MaterialExpressionVectorParameter_2, compiling. 
[2015.11.01-20.21.59:164][150]LogMaterial: Missing cached shader map for material BigMacKartMat, compiling. 
[2015.11.01-20.21.59:174][150]LogMaterial: 0.000552 seconds spent updating 1 materials, 1 interfaces, 0 instances, 0 with static permutations.
[2015.11.01-20.21.59:200][150]LogMaterial: Missing cached shader map for material FMatExpressionPreview MaterialExpressionVectorParameter_2, compiling. 
[2015.11.01-20.21.59:301][151]MaterialEditorStats: Info Base pass shader with only dynamic lighting: 32 instructions
[2015.11.01-20.21.59:301][151]MaterialEditorStats: Info Vertex shader: 33 instructions
[2015.11.01-20.21.59:302][151]MaterialEditorStats: Info Texture samplers: 1/16
[2015.11.01-20.22.01:854][373]LogMaterial: Missing cached shader map for material BigMacKartMat, compiling. 
[2015.11.01-20.22.01:864][373]LogMaterial: 0.000400 seconds spent updating 1 materials, 1 interfaces, 0 instances, 0 with static permutations.
[2015.11.01-20.22.02:728][447]LogMaterial: Missing cached shader map for material BigMacKartMat, compiling. 
[2015.11.01-20.22.02:738][447]LogMaterial: 0.000266 seconds spent updating 1 materials, 1 interfaces, 0 instances, 0 with static permutations.
[2015.11.01-20.22.02:767][447]LogMaterial: Missing cached shader map for material FMatExpressionPreview MaterialExpressionTextureSample_6, compiling. 
[2015.11.01-20.22.05:580][708]MaterialEditorStats: Info Base pass shader with only dynamic lighting: 31 instructions
[2015.11.01-20.22.05:580][708]MaterialEditorStats: Info Vertex shader: 31 instructions
[2015.11.01-20.22.05:580][708]MaterialEditorStats: Info Texture samplers: 0/16
[2015.11.01-20.22.06:766][817]LogMaterial: Missing cached shader map for material BigMacKartMat, compiling. 
[2015.11.01-20.22.06:776][817]LogMaterial: 0.000347 seconds spent updating 1 materials, 1 interfaces, 0 instances, 0 with static permutations.
[2015.11.01-20.22.06:807][817]LogMaterial: Missing cached shader map for material FMatExpressionPreview MaterialExpressionTextureSample_6, compiling. 
[2015.11.01-20.22.07:808][896]LogMaterialEditor: Applying material BigMacKartMat
[2015.11.01-20.22.09:324][896]LogMaterial: Missing cached shader map for material BigMacKartMat, compiling. 
[2015.11.01-20.22.09:360][896]LogMaterial: 0.000396 seconds spent updating 1 materials, 1 interfaces, 0 instances, 0 with static permutations.
[2015.11.01-20.22.09:410][896]LogMaterial: Missing cached shader map for material BigMacKartMat, compiling. 
[2015.11.01-20.22.09:445][896]LogMaterial: Missing cached shader map for material BigMacKartMat, compiling. 
[2015.11.01-20.22.09:466][896]LogMaterial: 0.007329 seconds spent updating 1 materials, 1 interfaces, 0 instances, 0 with static permutations.
[2015.11.01-20.22.14:103][260]LogMaterialEditor: Applying material BigMacKartMetalMat
[2015.11.01-20.22.15:579][260]LogMaterial: Missing cached shader map for material BigMacKartMetalMat, compiling. 
[2015.11.01-20.22.15:612][260]LogMaterial: 0.000484 seconds spent updating 1 materials, 1 interfaces, 0 instances, 0 with static permutations.
[2015.11.01-20.22.15:660][260]LogMaterial: Missing cached shader map for material BigMacKartMetalMat, compiling. 
[2015.11.01-20.22.15:693][260]LogMaterial: Missing cached shader map for material BigMacKartMetalMat, compiling. 
[2015.11.01-20.22.15:714][260]LogMaterial: 0.007179 seconds spent updating 1 materials, 1 interfaces, 0 instances, 0 with static permutations.
[2015.11.01-20.22.27:154][256]LogEditorViewport: Clicking on Actor (LMB): StaticMeshActor (LunaKart)
[2015.11.01-20.22.28:025][327]LogEditorViewport: Clicking on Actor (LMB): StaticMeshActor (BigMacKart)
[2015.11.01-20.22.32:245][598]LogEditorViewport: Clicking on Actor (LMB): StaticMeshActor (RarityKart)
[2015.11.01-20.22.33:244][675]LogEditorViewport: Clicking on Actor (LMB): StaticMeshActor (LunaKart)
[2015.11.01-20.22.33:847][714]LogEditorViewport: Clicking on Actor (LMB): StaticMeshActor (BigMacKart)
[2015.11.01-20.22.34:251][737]Cmd: CAMERA ALIGN ACTIVEVIEWPORTONLY
[2015.11.01-20.22.47:684][820]LogEditorViewport: Clicking on Actor (LMB): StaticMeshActor (LunaKart)
[2015.11.01-20.22.48:486][876]LogEditorViewport: Clicking on Actor (LMB): StaticMeshActor (BigMacKart)
[2015.11.01-20.22.55:542][352]Cmd: CAMERA ALIGN ACTIVEVIEWPORTONLY
[2015.11.01-20.24.10:151][359]Cmd: DELETE
[2015.11.01-20.24.10:151][359]Cmd: ACTOR DELETE
[2015.11.01-20.24.10:164][359]LogEditorActor: Deleted Actor: StaticMeshActor
[2015.11.01-20.24.10:269][359]LogEditorActor: Deleted 1 Actors (0.109 secs)
[2015.11.01-20.24.12:922][558]LogEditorFactories: Performing atomic reimport of [C:/Users/Amber/Documents/Game Development/PonyKart-UE4/PonyKart Development Assets/Model assets/Kart models/BigMac/BigMacKart.fbx]
[2015.11.01-20.24.12:958][558]LogFbx: Loading FBX Scene from C:/Users/Amber/Documents/Game Development/PonyKart-UE4/PonyKart Development Assets/Model assets/Kart models/BigMac/BigMacKart.fbx
[2015.11.01-20.24.13:010][558]LogFbx: FBX Scene Loaded Succesfully
[2015.11.01-20.24.13:022][558]LogFbx:Warning: Warning Warning: No smoothing group information was found in this FBX scene.  Please make sure to enable the 'Export Smoothing Groups' option in the FBX Exporter plug-in before exporting the file.  Even for tools that don't support smoothing groups, the FBX Exporter will generate appropriate smoothing data at export-time so that correct vertex normals can be inferred while importing.
[2015.11.01-20.24.13:031][558]LogFbx:Warning: Triangulating static mesh Cylinder.004
[2015.11.01-20.24.13:982][558]LogFbx:Warning: Triangulating static mesh Cylinder.003
[2015.11.01-20.24.14:933][558]LogFbx:Warning: Triangulating static mesh Cube.009
[2015.11.01-20.24.15:974][558]LogFbx:Warning: Triangulating static mesh Cube
[2015.11.01-20.24.16:136][558]LogFbx:Warning: Triangulating static mesh Cube.000
[2015.11.01-20.24.16:480][558]LogFbx:Warning: Triangulating static mesh Cube.006
[2015.11.01-20.24.16:980][558]LogFbx:Warning: Triangulating static mesh Cylinder.002
[2015.11.01-20.24.22:195][558]LogFbx:Warning: Triangulating static mesh Cube.005
[2015.11.01-20.24.22:808][558]LogFbx:Warning: Triangulating static mesh Cube.004
[2015.11.01-20.24.23:004][558]LogFbx:Warning: Triangulating static mesh Cube.003
[2015.11.01-20.24.24:272][558]LogFbx:Warning: Triangulating static mesh Cube.002
[2015.11.01-20.24.25:133][558]LogFbx:Warning: Triangulating static mesh Cube.001
[2015.11.01-20.24.26:580][558]LogFbx:Warning: Triangulating static mesh Cylinder.000
[2015.11.01-20.24.27:551][558]LogFbx:Warning: Triangulating static mesh Cylinder.001
[2015.11.01-20.24.28:576][558]LogStaticMesh: Building static mesh BigMacKart...
[2015.11.01-20.24.29:209][558]LogStaticMesh: Built static mesh [0.634449.2s] /Game/Models/Karts/BigMacKart/BigMacKart.BigMacKart
[2015.11.01-20.24.29:289][558]LogStaticMesh:Warning: BigMacKart has degenerate tangent bases which will result in incorrect shading. 
[2015.11.01-20.24.29:291][558]LogFbx:Warning: Warning BigMacKart has degenerate tangent bases which will result in incorrect shading. 
[2015.11.01-20.24.29:304][558]LogEditorFactories: -- imported successfully
[2015.11.01-20.24.47:967][812]LogActorFactory: Actor Factory created BigMacKart
[2015.11.01-20.24.51:071][ 89]LogActorFactory: Actor Factory created BigMacKart
[2015.11.01-20.25.40:658][890]LogSavePackage: Save=2988.938965ms
[2015.11.01-20.25.40:658][890]LogSavePackage: Moving '../../../../../../Users/Amber/Documents/Game Development/PonyKart-UE4/PonyKart Project Build/PonyKart/Saved/KartTestMap6610EC454CFF4CE955AA1D8B32D0DAB2.tmp' to '../../../../../../Users/Amber/Documents/Game Development/PonyKart-UE4/PonyKart Project Build/PonyKart/Content/Maps/KartTestMap.umap'
[2015.11.01-20.25.40:691][890]LogSavePackage: Total save time: 3025.730785ms
[2015.11.01-20.25.40:691][890]LogSavePackage:Warning: Finished SavePackage ../../../../../../Users/Amber/Documents/Game Development/PonyKart-UE4/PonyKart Project Build/PonyKart/Content/Maps/KartTestMap.umap
[2015.11.01-20.25.40:817][890]LogFileHelpers: Saving map 'KartTestMap' took 3.371
[2015.11.01-20.25.40:974][890]LogSavePackage: Save=129.154678ms
[2015.11.01-20.25.40:975][890]LogSavePackage: Moving '../../../../../../Users/Amber/Documents/Game Development/PonyKart-UE4/PonyKart Project Build/PonyKart/Saved/BigMacKartTex362D732A4884BA4E58D2E39CA7EEEE43.tmp' to '../../../../../../Users/Amber/Documents/Game Development/PonyKart-UE4/PonyKart Project Build/PonyKart/Content/Models/Karts/BigMacKart/BigMacKartTex.uasset'
[2015.11.01-20.25.40:978][890]LogSavePackage: Total save time: 133.394815ms
[2015.11.01-20.25.40:978][890]LogSavePackage:Warning: Finished SavePackage ../../../../../../Users/Amber/Documents/Game Development/PonyKart-UE4/PonyKart Project Build/PonyKart/Content/Models/Karts/BigMacKart/BigMacKartTex.uasset
[2015.11.01-20.25.41:071][890]LogSavePackage: Save=21.544359ms
[2015.11.01-20.25.41:071][890]LogSavePackage: Moving '../../../../../../Users/Amber/Documents/Game Development/PonyKart-UE4/PonyKart Project Build/PonyKart/Saved/BigMacKartMat44E785C5455C2EC0931AFA823AB1EFFF.tmp' to '../../../../../../Users/Amber/Documents/Game Development/PonyKart-UE4/PonyKart Project Build/PonyKart/Content/Models/Karts/BigMacKart/BigMacKartMat.uasset'
[2015.11.01-20.25.41:079][890]LogSavePackage: Total save time: 29.904850ms
[2015.11.01-20.25.41:079][890]LogSavePackage:Warning: Finished SavePackage ../../../../../../Users/Amber/Documents/Game Development/PonyKart-UE4/PonyKart Project Build/PonyKart/Content/Models/Karts/BigMacKart/BigMacKartMat.uasset
[2015.11.01-20.25.41:148][890]LogSavePackage: Save=20.915648ms
[2015.11.01-20.25.41:148][890]LogSavePackage: Moving '../../../../../../Users/Amber/Documents/Game Development/PonyKart-UE4/PonyKart Project Build/PonyKart/Saved/BigMacKartMetalMatF83AB3D041773A6622C30BAD269D4B55.tmp' to '../../../../../../Users/Amber/Documents/Game Development/PonyKart-UE4/PonyKart Project Build/PonyKart/Content/Models/Karts/BigMacKart/BigMacKartMetalMat.uasset'
[2015.11.01-20.25.41:171][890]LogSavePackage: Total save time: 44.669293ms
[2015.11.01-20.25.41:171][890]LogSavePackage:Warning: Finished SavePackage ../../../../../../Users/Amber/Documents/Game Development/PonyKart-UE4/PonyKart Project Build/PonyKart/Content/Models/Karts/BigMacKart/BigMacKartMetalMat.uasset
[2015.11.01-20.25.41:260][890]LogSavePackage: Save=20.944981ms
[2015.11.01-20.25.41:260][890]LogSavePackage: Moving '../../../../../../Users/Amber/Documents/Game Development/PonyKart-UE4/PonyKart Project Build/PonyKart/Saved/BigMacKartWheelMat5EE267594EBECE5A32F13D8133D4BC91.tmp' to '../../../../../../Users/Amber/Documents/Game Development/PonyKart-UE4/PonyKart Project Build/PonyKart/Content/Models/Karts/BigMacKart/BigMacKartWheelMat.uasset'
[2015.11.01-20.25.41:266][890]LogSavePackage: Total save time: 27.388047ms
[2015.11.01-20.25.41:266][890]LogSavePackage:Warning: Finished SavePackage ../../../../../../Users/Amber/Documents/Game Development/PonyKart-UE4/PonyKart Project Build/PonyKart/Content/Models/Karts/BigMacKart/BigMacKartWheelMat.uasset
[2015.11.01-20.25.41:344][890]LogSavePackage: Save=38.008183ms
[2015.11.01-20.25.41:344][890]LogSavePackage: Moving '../../../../../../Users/Amber/Documents/Game Development/PonyKart-UE4/PonyKart Project Build/PonyKart/Saved/BigMacKart9D08EE11404B01AE87E459B6E99C1155.tmp' to '../../../../../../Users/Amber/Documents/Game Development/PonyKart-UE4/PonyKart Project Build/PonyKart/Content/Models/Karts/BigMacKart/BigMacKart.uasset'
[2015.11.01-20.25.41:347][890]LogSavePackage: Total save time: 42.070359ms
[2015.11.01-20.25.41:348][890]LogSavePackage:Warning: Finished SavePackage ../../../../../../Users/Amber/Documents/Game Development/PonyKart-UE4/PonyKart Project Build/PonyKart/Content/Models/Karts/BigMacKart/BigMacKart.uasset
[2015.11.01-20.25.45:933][268]LogWindowsTextInputMethodSystem:Display: IME system now deactivated.
[2015.11.01-20.25.46:538][269]Cmd: QUIT_EDITOR
[2015.11.01-20.25.47:077][269]LogExit: Preparing to exit.
[2015.11.01-20.25.48:307][269]LogExit: Editor shut down
[2015.11.01-20.25.48:307][269]LogExit: Transaction tracking system shut down
[2015.11.01-20.25.49:006][269]LogParticles: Destroying 0 GPU particle simulations for FXSystem 0x000000DCBCA51440
[2015.11.01-20.25.49:020][269]LogParticles: Destroying 0 GPU particle simulations for FXSystem 0x000000DCB381A200
[2015.11.01-20.25.49:025][269]LogParticles: Destroying 0 GPU particle simulations for FXSystem 0x000000DCBCEFE160
[2015.11.01-20.25.49:026][269]LogParticles: Destroying 0 GPU particle simulations for FXSystem 0x000000DCBF3B56C0
[2015.11.01-20.25.52:709][269]LogParticles: Destroying 0 GPU particle simulations for FXSystem 0x000000DCC6C8F880
[2015.11.01-20.25.52:709][269]LogParticles: Destroying 0 GPU particle simulations for FXSystem 0x000000DCBCE87880
[2015.11.01-20.25.52:709][269]LogParticles: Destroying 0 GPU particle simulations for FXSystem 0x000000DCDDB1C540
[2015.11.01-20.25.52:709][269]LogParticles: Destroying 0 GPU particle simulations for FXSystem 0x000000DCDD9E3EC0
[2015.11.01-20.25.52:709][269]LogParticles: Destroying 0 GPU particle simulations for FXSystem 0x000000DCDD95DC60
[2015.11.01-20.25.52:709][269]LogParticles: Destroying 0 GPU particle simulations for FXSystem 0x000000DCC5E82A20
[2015.11.01-20.25.52:709][269]LogExit: Object subsystem successfully closed.
[2015.11.01-20.25.53:563][269]LogD3D11RHI: Shutdown
[2015.11.01-20.25.53:563][269]LogD3D11RHI: CleanupD3DDevice
[2015.11.01-20.25.53:969][269]LogD3D11RHI: ~FD3D11DynamicRHI
[2015.11.01-20.25.54:684][269]LogModuleManager: Shutting down and abandoning module MaterialEditor (198)
[2015.11.01-20.25.54:684][269]LogModuleManager: Shutting down and abandoning module CrashTracker (197)
[2015.11.01-20.25.54:684][269]LogModuleManager: Shutting down and abandoning module SceneOutliner (196)
[2015.11.01-20