Log file open, 06/15/16 10:28:27
LogInit:Display: Running engine for game: PonyKart
LogPlatformFile: Not using cached read wrapper
LogInit:Display: RandInit(-1113495354) SRandInit(-1113495347).
LogTaskGraph: Started task graph with 4 named threads and 7 total threads.
LogStats: Stats thread started at 3.512328
LogHMD: Can't find Oculus library dev build: is proper Runtime installed? Version: 0.8.0.0
LogInit: Version: 4.11.0-2927265+++UE4+Release-4.11
LogInit: API Version: 2927265
LogInit: Compiled (64-bit): Mar 30 2016 02:13:55
LogInit: Compiled with Visual C++: 19.00.23026.00
LogInit: Build Configuration: Development
LogInit: Branch Name: ++UE4+Release-4.11
LogInit: Command line:  
LogInit: Base directory: C:/Program Files (x86)/Epic Games/4.11/Engine/Binaries/Win64/
LogInit: Installed Engine Build: 1
LogInit: Using libcurl 7.41.0
LogInit:  - built for x86_64-pc-win32
LogInit:  - supports SSL with WinSSL
LogInit:  - other features:
LogInit:      CURL_VERSION_SSL
LogInit:      CURL_VERSION_IPV6
LogInit:      CURL_VERSION_ASYNCHDNS
LogInit:      CURL_VERSION_LARGEFILE
LogInit:      CURL_VERSION_IDN
LogInit:  CurlRequestOptions (configurable via config and command line):
LogInit:  - bVerifyPeer = true  - Libcurl will verify peer certificate
LogInit:  - bUseHttpProxy = false  - Libcurl will NOT use HTTP proxy
LogInit:  - bDontReuseConnections = false  - Libcurl will reuse connections
LogInit:  - CertBundlePath = nullptr  - Libcurl will use whatever was configured at build time.
LogInit: Presizing for max 16777216 objects, including 0 objects not considered by GC, pre-allocating 0 bytes for permanent pool.
LogInit: Object subsystem initialized
[2016.06.15-14.28.28:090][  0]LogInit: Selected Device Profile: [Windows]
[2016.06.15-14.28.28:090][  0]LogInit: Applying CVar settings loaded from the selected device profile: [Windows]
[2016.06.15-14.28.28:261][  0]LogInit: Computer: FULL_TOWER
[2016.06.15-14.28.28:261][  0]LogInit: User: Sharpe
[2016.06.15-14.28.28:261][  0]LogInit: CPU Page size=65536, Cores=4
[2016.06.15-14.28.28:261][  0]LogInit: High frequency timer resolution =3.417998 MHz
[2016.06.15-14.28.28:261][  0]LogMemory: Memory total: Physical=7.9GB (8GB approx)
[2016.06.15-14.28.28:261][  0]LogMemory: Platform Memory Stats for Windows
[2016.06.15-14.28.28:261][  0]LogMemory: Process Physical Memory: 312.54 MB used, 312.54 MB peak
[2016.06.15-14.28.28:261][  0]LogMemory: Process Virtual Memory: 316.66 MB used, 316.66 MB peak
[2016.06.15-14.28.28:261][  0]LogMemory: Physical Memory: 1990.20 MB used, 8136.00 MB total
[2016.06.15-14.28.28:261][  0]LogMemory: Virtual Memory: 618.05 MB used, 8388608.00 MB total
[2016.06.15-14.28.29:059][  0]LogTextLocalizationManager: No specific translations for ('en-US') exist, so ('en') translations will be used.
[2016.06.15-14.28.29:684][  0]LogD3D11RHI: D3D11 adapters:
[2016.06.15-14.28.29:702][  0]LogD3D11RHI:    0. 'NVIDIA GeForce GTX 770' (Feature Level 11_0)
[2016.06.15-14.28.29:702][  0]LogD3D11RHI:       1989MB of dedicated video memory, 0MB of dedicated system memory, and 2048MB of shared system memory, 1 output[s]
[2016.06.15-14.28.29:702][  0]LogD3D11RHI: Chosen D3D11 Adapter: 0
[2016.06.15-14.28.29:706][  0]LogD3D11RHI: Creating new Direct3DDevice
[2016.06.15-14.28.29:706][  0]LogD3D11RHI:     Adapter Name: NVIDIA GeForce GTX 770
[2016.06.15-14.28.29:706][  0]LogD3D11RHI:   Driver Version: Unknown (internal Unknown)
[2016.06.15-14.28.29:706][  0]LogD3D11RHI:      Driver Date: Unknown
[2016.06.15-14.28.29:706][  0]LogRHI: Texture pool is 1361 MB (70% of 1945 MB)
[2016.06.15-14.28.29:713][  0]LogD3D11RHI: Async texture creation enabled
[2016.06.15-14.28.30:370][  0]LogShaderCompilers: Guid format shader working directory is -45 characters bigger than the processId version (../../../../../../Users/Sharpe/Documents/GitHub/PonyKart-UE4/PonyKart Project Build/PonyKart/Intermediate/Shaders/WorkingDirectory/5768/).
[2016.06.15-14.28.30:370][  0]LogShaderCompilers: Cleaned the shader compiler working directory 'C:/Users/Sharpe/AppData/Local/Temp/UnrealShaderWorkingDir/4D88E4AD497F48C3235921B6B21513FA/'.
[2016.06.15-14.28.30:387][  0]LogShaderCompilers:Display: Using Local Shader Compiler.
[2016.06.15-14.28.39:780][  0]LogTemp:Display: Loaded TP AllDesktopTargetPlatform
[2016.06.15-14.28.39:789][  0]LogTemp:Display: Loaded TP WindowsClientTargetPlatform
[2016.06.15-14.28.39:797][  0]LogTemp:Display: Loaded TP WindowsNoEditorTargetPlatform
[2016.06.15-14.28.39:806][  0]LogTemp:Display: Loaded TP WindowsServerTargetPlatform
[2016.06.15-14.28.39:814][  0]LogTemp:Display: Loaded TP WindowsTargetPlatform
[2016.06.15-14.28.39:822][  0]LogTemp:Display: Loaded TP AndroidTargetPlatform
[2016.06.15-14.28.39:826][  0]LogTemp:Display: Loaded TP Android_ASTCTargetPlatform
[2016.06.15-14.28.39:830][  0]LogTemp:Display: Loaded TP Android_ATCTargetPlatform
[2016.06.15-14.28.39:834][  0]LogTemp:Display: Loaded TP Android_DXTTargetPlatform
[2016.06.15-14.28.39:838][  0]LogTemp:Display: Loaded TP Android_ETC1TargetPlatform
[2016.06.15-14.28.39:841][  0]LogTemp:Display: Loaded TP Android_ETC2TargetPlatform
[2016.06.15-14.28.39:849][  0]LogTemp:Display: Loaded TP Android_MultiTargetPlatform
[2016.06.15-14.28.39:849][  0]LogTemp:Display: Loaded TP Android_PVRTCTargetPlatform
[2016.06.15-14.28.39:851][  0]LogTemp:Display: Loaded TP HTML5TargetPlatform
[2016.06.15-14.28.39:906][  0]LogTemp:Display: Loaded TP IOSTargetPlatform
[2016.06.15-14.28.39:912][  0]LogTemp:Display: Loaded TP TVOSTargetPlatform
[2016.06.15-14.28.39:917][  0]LogTemp:Display: Loaded TP LinuxNoEditorTargetPlatform
[2016.06.15-14.28.39:922][  0]LogTemp:Display: Loaded TP LinuxServerTargetPlatform
[2016.06.15-14.28.39:939][  0]LogTemp:Display: Loaded TP LinuxTargetPlatform
[2016.06.15-14.28.39:939][  0]LogTargetPlatformManager:Display: Building Assets For Windows
[2016.06.15-14.28.40:436][  0]LogDerivedDataCache:Display: Max Cache Size: 512 MB
[2016.06.15-14.28.40:811][  0]LogDerivedDataCache: Loaded boot cache 0.37s 46MB C:/Users/Sharpe/AppData/Local/UnrealEngine/4.11/DerivedDataCache/Boot.ddc.
[2016.06.15-14.28.40:811][  0]LogDerivedDataCache:Display: Loaded Boot cache: C:/Users/Sharpe/AppData/Local/UnrealEngine/4.11/DerivedDataCache/Boot.ddc
[2016.06.15-14.28.40:812][  0]LogDerivedDataCache: FDerivedDataBackendGraph:  Pak pak cache file ../../../../../../Users/Sharpe/Documents/GitHub/PonyKart-UE4/PonyKart Project Build/PonyKart/DerivedDataCache/DDC.ddp not found, will not use a pak cache.
[2016.06.15-14.28.40:812][  0]LogDerivedDataCache: Unable to find inner node Pak for hierarchical cache Hierarchy.
[2016.06.15-14.28.40:812][  0]LogDerivedDataCache: FDerivedDataBackendGraph:  CompressedPak pak cache file ../../../../../../Users/Sharpe/Documents/GitHub/PonyKart-UE4/PonyKart Project Build/PonyKart/DerivedDataCache/Compressed.ddp not found, will not use a pak cache.
[2016.06.15-14.28.40:812][  0]LogDerivedDataCache: Unable to find inner node CompressedPak for hierarchical cache Hierarchy.
[2016.06.15-14.28.40:882][  0]LogDerivedDataCache:Display: Pak cache opened for reading ../../../Engine/DerivedDataCache/Compressed.ddp.
[2016.06.15-14.28.40:893][  0]LogDerivedDataCache: Using Local data cache path C:/Users/Sharpe/AppData/Local/UnrealEngine/Common/DerivedDataCache: Writable
[2016.06.15-14.28.47:243][  0]LogInit: Selected Device Profile: [Windows]
[2016.06.15-14.28.47:289][  0]LogContentStreaming: Texture pool size is 0.00 MB
[2016.06.15-14.28.48:022][  0]LogMaterial: Uniform references updated for custom material expression Custom.
[2016.06.15-14.28.49:352][  0]LogMeshUtilities: No automatic mesh reduction module available
[2016.06.15-14.28.49:352][  0]LogMeshUtilities: No automatic mesh merging module available
[2016.06.15-14.28.49:352][  0]LogMeshUtilities: No distributed automatic mesh merging module available
[2016.06.15-14.28.53:096][  0]LogUObjectArray: 27674 objects as part of root set at end of initial load.
[2016.06.15-14.28.53:096][  0]LogUObjectAllocator: 5590328 out of 0 bytes used by permanent object pool.
[2016.06.15-14.28.53:096][  0]LogUObjectArray: CloseDisregardForGC: 0/0 objects in disregard for GC pool
[2016.06.15-14.28.53:135][  0]LogInit: WinSock: version 1.1 (2.2), MaxSocks=32767, MaxUdp=65467
[2016.06.15-14.28.55:190][  0]LogSlate: SlateFontCache - WITH_FREETYPE: 1, WITH_HARFBUZZ: 1
[2016.06.15-14.28.55:190][  0]LogSlate: SlateFontCache - WITH_FREETYPE: 1, WITH_HARFBUZZ: 1
[2016.06.15-14.28.56:492][  0]LogStreaming:Warning: Failed to read file '../../../Engine/Content/Editor/Slate/Common/Selection_16x.png' error.
[2016.06.15-14.28.56:492][  0]LogSlate: Could not find file for Slate resource: ../../../Engine/Content/Editor/Slate/Common/Selection_16x.png
[2016.06.15-14.28.56:492][  0]LogStreaming:Warning: Failed to read file '../../../Engine/Content/Editor/Slate/Common/Selection_16x.png' error.
[2016.06.15-14.28.56:492][  0]LogSlate: Could not find file for Slate resource: ../../../Engine/Content/Editor/Slate/Common/Selection_16x.png
[2016.06.15-14.28.56:492][  0]LogStreaming:Warning: Failed to read file '../../../Engine/Content/Editor/Slate/Common/Selection_16x.png' error.
[2016.06.15-14.28.56:492][  0]LogSlate: Could not find file for Slate resource: ../../../Engine/Content/Editor/Slate/Common/Selection_16x.png
[2016.06.15-14.29.01:375][  0]LogUdpMessaging: Initializing bridge on interface 0.0.0.0:0 to multicast group 230.0.0.1:6666.
[2016.06.15-14.29.02:204][  0]LogAssetRegistry: FAssetRegistry took 0.1463 seconds to start up
[2016.06.15-14.29.04:980][  0]SourceControl: Info Source control is disabled
[2016.06.15-14.29.05:003][  0]SourceControl: Info Source control is disabled
[2016.06.15-14.29.05:106][  0]SourceControl: Info Source control is disabled
[2016.06.15-14.29.05:197][  0]SourceControl: Info Source control is disabled
[2016.06.15-14.29.06:734][  0]LogEngine: Initializing Engine...
[2016.06.15-14.29.06:768][  0]LogHMD: SteamVR failed to initialize.  Err: 110
[2016.06.15-14.29.07:744][  0]LogAIModule: Creating AISystem for world NewWorld
[2016.06.15-14.29.07:932][  0]LogInit: XAudio2 using 'Speakers (Realtek High Definition Audio)' : 2 channels at 48 kHz using 32 bits per sample (channel mask 0x3)
[2016.06.15-14.29.08:014][  0]LogInit: FAudioDevice initialized.
[2016.06.15-14.29.08:050][  0]LogDerivedDataCache: Saved boot cache 0.04s 46MB C:/Users/Sharpe/AppData/Local/UnrealEngine/4.11/DerivedDataCache/Boot.ddc.
[2016.06.15-14.29.08:055][  0]LogInit: Texture streaming: Enabled
[2016.06.15-14.29.09:089][  0]LogInit: Transaction tracking system initialized
[2016.06.15-14.29.10:019][  0]BlueprintLog: New page: Editor Load
[2016.06.15-14.29.12:990][  0]LocalizationService: Info Localization service is disabled
[2016.06.15-14.29.14:811][  0]LogConsoleResponse:Display: 
[2016.06.15-14.29.19:549][  0]LogFileCache: Scanning file cache for directory 'C:/Users/Sharpe/Documents/GitHub/PonyKart-UE4/PonyKart Project Build/PonyKart/Content/' took 0.02s
[2016.06.15-14.29.19:549][  0]LogCook:Display: Max memory allowance for cook 8192mb
[2016.06.15-14.29.19:549][  0]LogCook:Display: Mobile HDR setting 1
[2016.06.15-14.29.19:559][  0]LogCook:Display: Done creating registry. It took  0.00s.
[2016.06.15-14.29.21:871][  0]SourceControl: Info Source control is disabled
[2016.06.15-14.29.21:981][  0]Cmd: MAP LOAD FILE="../../../../../../Users/Sharpe/Documents/GitHub/PonyKart-UE4/PonyKart Project Build/PonyKart/Content/Levels/KartTestLevel.umap" TEMPLATE=0 SHOWPROGRESS=1 FEATURELEVEL=3
[2016.06.15-14.29.21:999][  0]LightingResults: New page: Lighting Build
[2016.06.15-14.29.22:620][  0]MapCheck: New page: Map Check
[2016.06.15-14.29.22:620][  0]LightingResults: New page: Lighting Build
[2016.06.15-14.29.45:431][  0]LogAIModule: Creating AISystem for world KartTestLevel
[2016.06.15-14.29.46:156][  0]LogEditorServer: Finished looking for orphan Actors (0.000 secs)
[2016.06.15-14.29.46:240][  0]Cmd: MAP CHECKDEP NOCLEARLOG
[2016.06.15-14.29.46:329][  0]MapCheck: Info Map check complete: 0 Error(s), 0 Warning(s), took 88.551ms to complete.
[2016.06.15-14.29.46:329][  0]LogFileHelpers: Loading map 'KartTestLevel' took 24.382
[2016.06.15-14.29.47:875][  0]LogCollectionManager: Loaded 0 collections in 0.005141 seconds
[2016.06.15-14.29.48:099][  0]LogFileCache: Scanning file cache for directory 'C:/Users/Sharpe/Documents/GitHub/PonyKart-UE4/PonyKart Project Build/PonyKart/Saved/Collections/' took 0.01s
[2016.06.15-14.29.48:099][  0]LogFileCache: Scanning file cache for directory 'C:/Users/Sharpe/Documents/GitHub/PonyKart-UE4/PonyKart Project Build/PonyKart/Content/Developers/Sharpe/Collections/' took 0.01s
[2016.06.15-14.29.48:099][  0]LogFileCache: Scanning file cache for directory 'C:/Users/Sharpe/Documents/GitHub/PonyKart-UE4/PonyKart Project Build/PonyKart/Content/Collections/' took 0.01s
[2016.06.15-14.29.48:099][  0]LogCollectionManager: Rebuilt the GUID cache for 0 collections in 0.000006 seconds
[2016.06.15-14.29.48:203][  0]LogContentBrowser: Native class hierarchy populated in 0.0958 seconds. Added 1978 classes and 343 folders.
[2016.06.15-14.29.48:325][  0]LogStats: UGameplayTagsManager::ConstructGameplayTagTree: Construct from data asset -  0.000 s
[2016.06.15-14.29.48:325][  0]LogStats: UGameplayTagsManager::ConstructGameplayTagTree: GameplayTagTreeChangedEvent.Broadcast -  0.000 s
[2016.06.15-14.29.48:326][  0]LogContentBrowser: Native class hierarchy updated for 'GameplayTags' in 0.0010 seconds. Added 12 classes and 0 folders.
[2016.06.15-14.29.48:356][  0]LogContentBrowser: Native class hierarchy updated for 'WidgetCarousel' in 0.0008 seconds. Added 0 classes and 0 folders.
[2016.06.15-14.29.48:581][  0]LogContentBrowser: Native class hierarchy updated for 'SuperSearch' in 0.0018 seconds. Added 1 classes and 2 folders.
[2016.06.15-14.29.49:985][  0]LogContentBrowser: Native class hierarchy updated for 'AddContentDialog' in 0.0009 seconds. Added 0 classes and 0 folders.
[2016.06.15-14.29.50:160][  0]LogContentBrowser: Native class hierarchy updated for 'SceneOutliner' in 0.0011 seconds. Added 1 classes and 2 folders.
[2016.06.15-14.29.51:132][  0]LogCrashTracker: Crashtracker disabled due to settings.
[2016.06.15-14.29.51:441][  0]LogUObjectGlobals:Warning: Failed to find object 'Class None.'
[2016.06.15-14.29.51:658][  0]LogContentBrowser: Native class hierarchy updated for 'HierarchicalLODOutliner' in 0.0010 seconds. Added 1 classes and 2 folders.
[2016.06.15-14.29.51:658][  0]LogLoad: Full Startup: 91.16 seconds (BP compile: 0.86 seconds)
[2016.06.15-14.29.51:658][  0]LogExternalProfiler:Warning: No registered external profiler was matched with a command-line switch (or the DLL could not be loaded).  External profiling features will not be available.
[2016.06.15-14.29.51:998][  0]LogOcInput: Can't find Oculus library dev build: is proper Runtime installed? Version: 0.8.0.0
[2016.06.15-14.29.52:862][  0]LogContentStreaming: Texture pool size now 1000 MB
[2016.06.15-14.29.53:983][  0]LogRenderer: Reallocating scene render targets to support 1000x576 (Frame:2).
[2016.06.15-14.29.54:585][  1]LogAssetRegistry: Asset discovery search completed in 52.4212 seconds
[2016.06.15-14.29.54:605][  1]LogCollectionManager: Rebuilt the object cache for 0 collections in 0.000001 seconds (found 0 objects)
[2016.06.15-14.29.54:606][  1]LogCollectionManager: Fixed up redirectors for 0 collections in 0.020986 seconds (updated 0 objects)
[2016.06.15-14.30.09:258][182]LogPlayLevel: PlayLevel: No blueprints needed recompiling
[2016.06.15-14.30.09:312][182]PIE: New page: PIE session: KartTestLevel (Jun 15, 2016, 5:30:09 AM)
[2016.06.15-14.30.09:312][182]LogPlayLevel: Creating play world package: /Game/Levels/UEDPIE_0_KartTestLevel
[2016.06.15-14.30.09:347][182]LogPlayLevel: PIE: StaticDuplicateObject took: (0.034776s)
[2016.06.15-14.30.09:348][182]LogAIModule: Creating AISystem for world KartTestLevel
[2016.06.15-14.30.09:348][182]LogPlayLevel: PIE: World Init took: (0.000994s)
[2016.06.15-14.30.09:359][182]LogPlayLevel: PIE: Created PIE world by copying editor world from /Game/Levels/KartTestLevel.KartTestLevel to /Game/Levels/UEDPIE_0_KartTestLevel.KartTestLevel (0.046394s)
[2016.06.15-14.30.09:421][182]LogInit: XAudio2 using 'Speakers (Realtek High Definition Audio)' : 2 channels at 48 kHz using 32 bits per sample (channel mask 0x3)
[2016.06.15-14.30.09:437][182]LogInit: FAudioDevice initialized.
[2016.06.15-14.30.09:541][182]LogWorld: Game class is 'GameMode'
[2016.06.15-14.30.09:575][182]LogWorld: Bringing World /Game/Levels/UEDPIE_0_KartTestLevel.KartTestLevel up for play (max tick rate 0) at 2016.06.15-10.30.09
[2016.06.15-14.30.09:597][182]LogWorld: Bringing up level for play took: 0.031338
[2016.06.15-14.30.09:656][182]LogContentBrowser: Native class hierarchy updated for 'MovieSceneCapture' in 0.0006 seconds. Added 9 classes and 0 folders.
[2016.06.15-14.30.09:688][182]PIE: Info Play in editor start time for /Game/Levels/UEDPIE_0_KartTestLevel 0.897
[2016.06.15-14.32.55:773][634]LogEditorViewport: Clicking on Actor (LMB): KartPawn_C (KartPawn)
[2016.06.15-14.32.56:213][634]Cmd: CAMERA ALIGN ACTIVEVIEWPORTONLY
[2016.06.15-14.33.00:353][ 86]LogPlayLevel: PlayLevel: No blueprints needed recompiling
[2016.06.15-14.33.00:354][ 86]PIE: New page: PIE session: KartTestLevel (Jun 15, 2016, 5:33:00 AM)
[2016.06.15-14.33.00:354][ 86]LogPlayLevel: Creating play world package: /Game/Levels/UEDPIE_0_KartTestLevel
[2016.06.15-14.33.00:360][ 86]LogPlayLevel: PIE: StaticDuplicateObject took: (0.006295s)
[2016.06.15-14.33.00:360][ 86]LogAIModule: Creating AISystem for world KartTestLevel
[2016.06.15-14.33.00:361][ 86]LogPlayLevel: PIE: World Init took: (0.000619s)
[2016.06.15-14.33.00:361][ 86]LogPlayLevel: PIE: Created PIE world by copying editor world from /Game/Levels/KartTestLevel.KartTestLevel to /Game/Levels/UEDPIE_0_KartTestLevel.KartTestLevel (0.007066s)
[2016.06.15-14.33.00:436][ 86]LogInit: XAudio2 using 'Speakers (Realtek High Definition Audio)' : 2 channels at 48 kHz using 32 bits per sample (channel mask 0x3)
[2016.06.15-14.33.00:466][ 86]LogInit: FAudioDevice initialized.
[2016.06.15-14.33.00:505][ 86]LogWorld: Game class is 'GameMode'
[2016.06.15-14.33.00:531][ 86]LogWorld: Bringing World /Game/Levels/UEDPIE_0_KartTestLevel.KartTestLevel up for play (max tick rate 0) at 2016.06.15-10.33.00
[2016.06.15-14.33.00:532][ 86]LogWorld: Bringing up level for play took: 0.017296
[2016.06.15-14.33.00:534][ 86]PIE: Info Play in editor start time for /Game/Levels/UEDPIE_0_KartTestLevel -0.258
[2016.06.15-14.33.02:197][263]LogPlayLevel: PlayLevel: No blueprints needed recompiling
[2016.06.15-14.33.02:197][263]PIE: New page: PIE session: KartTestLevel (Jun 15, 2016, 5:33:02 AM)
[2016.06.15-14.33.02:197][263]LogPlayLevel: Creating play world package: /Game/Levels/UEDPIE_0_KartTestLevel
[2016.06.15-14.33.02:203][263]LogPlayLevel: PIE: StaticDuplicateObject took: (0.006182s)
[2016.06.15-14.33.02:204][263]LogAIModule: Creating AISystem for world KartTestLevel
[2016.06.15-14.33.02:204][263]LogPlayLevel: PIE: World Init took: (0.000510s)
[2016.06.15-14.33.02:204][263]LogPlayLevel: PIE: Created PIE world by copying editor world from /Game/Levels/KartTestLevel.KartTestLevel to /Game/Levels/UEDPIE_0_KartTestLevel.KartTestLevel (0.006858s)
[2016.06.15-14.33.02:238][263]LogInit: XAudio2 using 'Speakers (Realtek High Definition Audio)' : 2 channels at 48 kHz using 32 bits per sample (channel mask 0x3)
[2016.06.15-14.33.02:244][263]LogInit: FAudioDevice initialized.
[2016.06.15-14.33.02:276][263]LogWorld: Game class is 'GameMode'
[2016.06.15-14.33.02:291][263]LogWorld: Bringing World /Game/Levels/UEDPIE_0_KartTestLevel.KartTestLevel up for play (max tick rate 0) at 2016.06.15-10.33.02
[2016.06.15-14.33.02:292][263]LogWorld: Bringing up level for play took: 0.010465
[2016.06.15-14.33.02:293][263]PIE: Info Play in editor start time for /Game/Levels/UEDPIE_0_KartTestLevel -0.499
[2016.06.15-14.33.05:464][628]LogPlayLevel: PlayLevel: No blueprints needed recompiling
[2016.06.15-14.33.05:464][628]PIE: New page: PIE session: KartTestLevel (Jun 15, 2016, 5:33:05 AM)
[2016.06.15-14.33.05:464][628]LogPlayLevel: Creating play world package: /Game/Levels/UEDPIE_0_KartTestLevel
[2016.06.15-14.33.05:471][628]LogPlayLevel: PIE: StaticDuplicateObject took: (0.006804s)
[2016.06.15-14.33.05:472][628]LogAIModule: Creating AISystem for world KartTestLevel
[2016.06.15-14.33.05:472][628]LogPlayLevel: PIE: World Init took: (0.000625s)
[2016.06.15-14.33.05:472][628]LogPlayLevel: PIE: Created PIE world by copying editor world from /Game/Levels/KartTestLevel.KartTestLevel to /Game/Levels/UEDPIE_0_KartTestLevel.KartTestLevel (0.007720s)
[2016.06.15-14.33.05:506][628]LogInit: XAudio2 using 'Speakers (Realtek High Definition Audio)' : 2 channels at 48 kHz using 32 bits per sample (channel mask 0x3)
[2016.06.15-14.33.05:513][628]LogInit: FAudioDevice initialized.
[2016.06.15-14.33.05:546][628]LogWorld: Game class is 'GameMode'
[2016.06.15-14.33.05:566][628]LogWorld: Bringing World /Game/Levels/UEDPIE_0_KartTestLevel.KartTestLevel up for play (max tick rate 0) at 2016.06.15-10.33.05
[2016.06.15-14.33.05:567][628]LogWorld: Bringing up level for play took: 0.011252
[2016.06.15-14.33.05:568][628]PIE: Info Play in editor start time for /Game/Levels/UEDPIE_0_KartTestLevel 0.775
[2016.06.15-14.33.07:122][795]LogPlayLevel: PlayLevel: No blueprints needed recompiling
[2016.06.15-14.33.07:122][795]PIE: New page: PIE session: KartTestLevel (Jun 15, 2016, 5:33:07 AM)
[2016.06.15-14.33.07:122][795]LogPlayLevel: Creating play world package: /Game/Levels/UEDPIE_0_KartTestLevel
[2016.06.15-14.33.07:129][795]LogPlayLevel: PIE: StaticDuplicateObject took: (0.006727s)
[2016.06.15-14.33.07:129][795]LogAIModule: Creating AISystem for world KartTestLevel
[2016.06.15-14.33.07:129][795]LogPlayLevel: PIE: World Init took: (0.000629s)
[2016.06.15-14.33.07:129][795]LogPlayLevel: PIE: Created PIE world by copying editor world from /Game/Levels/KartTestLevel.KartTestLevel to /Game/Levels/UEDPIE_0_KartTestLevel.KartTestLevel (0.007527s)
[2016.06.15-14.33.07:160][795]LogInit: XAudio2 using 'Speakers (Realtek High Definition Audio)' : 2 channels at 48 kHz using 32 bits per sample (channel mask 0x3)
[2016.06.15-14.33.07:168][795]LogInit: FAudioDevice initialized.
[2016.06.15-14.33.07:196][795]LogWorld: Game class is 'GameMode'
[2016.06.15-14.33.07:204][795]LogWorld: Bringing World /Game/Levels/UEDPIE_0_KartTestLevel.KartTestLevel up for play (max tick rate 0) at 2016.06.15-10.33.07
[2016.06.15-14.33.07:204][795]LogWorld: Bringing up level for play took: 0.004738
[2016.06.15-14.33.07:205][795]PIE: Info Play in editor start time for /Game/Levels/UEDPIE_0_KartTestLevel 0.412
[2016.06.15-14.33.10:590][186]LogPlayLevel: PlayLevel: No blueprints needed recompiling
[2016.06.15-14.33.10:590][186]PIE: New page: PIE session: KartTestLevel (Jun 15, 2016, 5:33:10 AM)
[2016.06.15-14.33.10:590][186]LogPlayLevel: Creating play world package: /Game/Levels/UEDPIE_0_KartTestLevel
[2016.06.15-14.33.10:598][186]LogPlayLevel: PIE: StaticDuplicateObject took: (0.007408s)
[2016.06.15-14.33.10:598][186]LogAIModule: Creating AISystem for world KartTestLevel
[2016.06.15-14.33.10:598][186]LogPlayLevel: PIE: World Init took: (0.000754s)
[2016.06.15-14.33.10:599][186]LogPlayLevel: PIE: Created PIE world by copying editor world from /Game/Levels/KartTestLevel.KartTestLevel to /Game/Levels/UEDPIE_0_KartTestLevel.KartTestLevel (0.008360s)
[2016.06.15-14.33.10:629][186]LogInit: XAudio2 using 'Speakers (Realtek High Definition Audio)' : 2 channels at 48 kHz using 32 bits per sample (channel mask 0x3)
[2016.06.15-14.33.10:636][186]LogInit: FAudioDevice initialized.
[2016.06.15-14.33.10:667][186]LogWorld: Game class is 'GameMode'
[2016.06.15-14.33.10:685][186]LogWorld: Bringing World /Game/Levels/UEDPIE_0_KartTestLevel.KartTestLevel up for play (max tick rate 0) at 2016.06.15-10.33.10
[2016.06.15-14.33.10:686][186]LogWorld: Bringing up level for play took: 0.012484
[2016.06.15-14.33.10:688][186]PIE: Info Play in editor start time for /Game/Levels/UEDPIE_0_KartTestLevel -0.106
[2016.06.15-14.33.12:937][441]Cmd: CAMERA ALIGN ACTIVEVIEWPORTONLY
[2016.06.15-14.33.14:782][660]LogPlayLevel: PlayLevel: No blueprints needed recompiling
[2016.06.15-14.33.14:782][660]PIE: New page: PIE session: KartTestLevel (Jun 15, 2016, 5:33:14 AM)
[2016.06.15-14.33.14:782][660]LogPlayLevel: Creating play world package: /Game/Levels/UEDPIE_0_KartTestLevel
[2016.06.15-14.33.14:789][660]LogPlayLevel: PIE: StaticDuplicateObject took: (0.006972s)
[2016.06.15-14.33.14:790][660]LogAIModule: Creating AISystem for world KartTestLevel
[2016.06.15-14.33.14:790][660]LogPlayLevel: PIE: World Init took: (0.000944s)
[2016.06.15-14.33.14:790][660]LogPlayLevel: PIE: Created PIE world by copying editor world from /Game/Levels/KartTestLevel.KartTestLevel to /Game/Levels/UEDPIE_0_KartTestLevel.KartTestLevel (0.008091s)
[2016.06.15-14.33.14:825][660]LogInit: XAudio2 using 'Speakers (Realtek High Definition Audio)' : 2 channels at 48 kHz using 32 bits per sample (channel mask 0x3)
[2016.06.15-14.33.14:832][660]LogInit: FAudioDevice initialized.
[2016.06.15-14.33.14:866][660]LogWorld: Game class is 'GameMode'
[2016.06.15-14.33.14:887][660]LogWorld: Bringing World /Game/Levels/UEDPIE_0_KartTestLevel.KartTestLevel up for play (max tick rate 0) at 2016.06.15-10.33.14
[2016.06.15-14.33.14:889][660]LogWorld: Bringing up level for play took: 0.013890
[2016.06.15-14.33.14:890][660]PIE: Info Play in editor start time for /Game/Levels/UEDPIE_0_KartTestLevel 0.097
[2016.06.15-14.33.17:168][918]Cmd: CAMERA ALIGN ACTIVEVIEWPORTONLY
[2016.06.15-14.33.19:669][211]LogPlayLevel: PlayLevel: No blueprints needed recompiling
[2016.06.15-14.33.19:669][211]PIE: New page: PIE session: KartTestLevel (Jun 15, 2016, 5:33:19 AM)
[2016.06.15-14.33.19:669][211]LogPlayLevel: Creating play world package: /Game/Levels/UEDPIE_0_KartTestLevel
[2016.06.15-14.33.19:676][211]LogPlayLevel: PIE: StaticDuplicateObject took: (0.006838s)
[2016.06.15-14.33.19:677][211]LogAIModule: Creating AISystem for world KartTestLevel
[2016.06.15-14.33.19:677][211]LogPlayLevel: PIE: World Init took: (0.000624s)
[2016.06.15-14.33.19:677][211]LogPlayLevel: PIE: Created PIE world by copying editor world from /Game/Levels/KartTestLevel.KartTestLevel to /Game/Levels/UEDPIE_0_KartTestLevel.KartTestLevel (0.007650s)
[2016.06.15-14.33.19:707][211]LogInit: XAudio2 using 'Speakers (Realtek High Definition Audio)' : 2 channels at 48 kHz using 32 bits per sample (channel mask 0x3)
[2016.06.15-14.33.19:713][211]LogInit: FAudioDevice initialized.
[2016.06.15-14.33.19:746][211]LogWorld: Game class is 'GameMode'
[2016.06.15-14.33.19:767][211]LogWorld: Bringing World /Game/Levels/UEDPIE_0_KartTestLevel.KartTestLevel up for play (max tick rate 0) at 2016.06.15-10.33.19
[2016.06.15-14.33.19:769][211]LogWorld: Bringing up level for play took: 0.014373
[2016.06.15-14.33.19:770][211]PIE: Info Play in editor start time for /Game/Levels/UEDPIE_0_KartTestLevel 0.978
[2016.06.15-14.33.31:719][638]LogSelection:Warning: PIE object was selected: "KartPawn_C /Game/Levels/UEDPIE_0_KartTestLevel.KartTestLevel:PersistentLevel.KartPawn_1283"
[2016.06.15-14.33.43:024][967]LogPlayLevel: PlayLevel: No blueprints needed recompiling
[2016.06.15-14.33.43:024][967]PIE: New page: PIE session: KartTestLevel (Jun 15, 2016, 5:33:43 AM)
[2016.06.15-14.33.43:024][967]LogPlayLevel: Creating play world package: /Game/Levels/UEDPIE_0_KartTestLevel
[2016.06.15-14.33.43:030][967]LogPlayLevel: PIE: StaticDuplicateObject took: (0.006290s)
[2016.06.15-14.33.43:031][967]LogAIModule: Creating AISystem for world KartTestLevel
[2016.06.15-14.33.43:031][967]LogPlayLevel: PIE: World Init took: (0.000498s)
[2016.06.15-14.33.43:031][967]LogPlayLevel: PIE: Created PIE world by copying editor world from /Game/Levels/KartTestLevel.KartTestLevel to /Game/Levels/UEDPIE_0_KartTestLevel.KartTestLevel (0.006948s)
[2016.06.15-14.33.43:064][967]LogInit: XAudio2 using 'Speakers (Realtek High Definition Audio)' : 2 channels at 48 kHz using 32 bits per sample (channel mask 0x3)
[2016.06.15-14.33.43:071][967]LogInit: FAudioDevice initialized.
[2016.06.15-14.33.43:102][967]LogWorld: Game class is 'GameMode'
[2016.06.15-14.33.43:117][967]LogWorld: Bringing World /Game/Levels/UEDPIE_0_KartTestLevel.KartTestLevel up for play (max tick rate 0) at 2016.06.15-10.33.43
[2016.06.15-14.33.43:118][967]LogWorld: Bringing up level for play took: 0.010671
[2016.06.15-14.33.43:120][967]PIE: Info Play in editor start time for /Game/Levels/UEDPIE_0_KartTestLevel 0.327
[2016.06.15-14.33.47:002][430]LogSelection:Warning: PIE object was selected: "RaycastTester_C /Game/Levels/UEDPIE_0_KartTestLevel.KartTestLevel:PersistentLevel.RaycastTester_85"
[2016.06.15-14.33.48:471][596]LogSelection:Warning: PIE object was selected: "KartPawn_C /Game/Levels/UEDPIE_0_KartTestLevel.KartTestLevel:PersistentLevel.KartPawn_1283"
[2016.06.15-14.33.51:820][978]LogPlayLevel: PlayLevel: No blueprints needed recompiling
[2016.06.15-14.33.51:820][978]PIE: New page: PIE session: KartTestLevel (Jun 15, 2016, 5:33:51 AM)
[2016.06.15-14.33.51:820][978]LogPlayLevel: Creating play world package: /Game/Levels/UEDPIE_0_KartTestLevel
[2016.06.15-14.33.51:827][978]LogPlayLevel: PIE: StaticDuplicateObject took: (0.006838s)
[2016.06.15-14.33.51:827][978]LogAIModule: Creating AISystem for world KartTestLevel
[2016.06.15-14.33.51:827][978]LogPlayLevel: PIE: World Init took: (0.000561s)
[2016.06.15-14.33.51:827][978]LogPlayLevel: PIE: Created PIE world by copying editor world from /Game/Levels/KartTestLevel.KartTestLevel to /Game/Levels/UEDPIE_0_KartTestLevel.KartTestLevel (0.007590s)
[2016.06.15-14.33.51:857][978]LogInit: XAudio2 using 'Speakers (Realtek High Definition Audio)' : 2 channels at 48 kHz using 32 bits per sample (channel mask 0x3)
[2016.06.15-14.33.51:864][978]LogInit: FAudioDevice initialized.
[2016.06.15-14.33.51:895][978]LogWorld: Game class is 'GameMode'
[2016.06.15-14.33.51:913][978]LogWorld: Bringing World /Game/Levels/UEDPIE_0_KartTestLevel.KartTestLevel up for play (max tick rate 0) at 2016.06.15-10.33.51
[2016.06.15-14.33.51:914][978]LogWorld: Bringing up level for play took: 0.011358
[2016.06.15-14.33.51:915][978]PIE: Info Play in editor start time for /Game/Levels/UEDPIE_0_KartTestLevel -0.878
[2016.06.15-14.33.56:729][542]LogPlayLevel: PlayLevel: No blueprints needed recompiling
[2016.06.15-14.33.56:730][542]PIE: New page: PIE session: KartTestLevel (Jun 15, 2016, 5:33:56 AM)
[2016.06.15-14.33.56:730][542]LogPlayLevel: Creating play world package: /Game/Levels/UEDPIE_0_KartTestLevel
[2016.06.15-14.33.56:737][542]LogPlayLevel: PIE: StaticDuplicateObject took: (0.007338s)
[2016.06.15-14.33.56:738][542]LogAIModule: Creating AISystem for world KartTestLevel
[2016.06.15-14.33.56:738][542]LogPlayLevel: PIE: World Init took: (0.000893s)
[2016.06.15-14.33.56:738][542]LogPlayLevel: PIE: Created PIE world by copying editor world from /Game/Levels/KartTestLevel.KartTestLevel to /Game/Levels/UEDPIE_0_KartTestLevel.KartTestLevel (0.008393s)
[2016.06.15-14.33.56:769][542]LogInit: XAudio2 using 'Speakers (Realtek High Definition Audio)' : 2 channels at 48 kHz using 32 bits per sample (channel mask 0x3)
[2016.06.15-14.33.56:776][542]LogInit: FAudioDevice initialized.
[2016.06.15-14.33.56:808][542]LogWorld: Game class is 'GameMode'
[2016.06.15-14.33.56:827][542]LogWorld: Bringing World /Game/Levels/UEDPIE_0_KartTestLevel.KartTestLevel up for play (max tick rate 0) at 2016.06.15-10.33.56
[2016.06.15-14.33.56:828][542]LogWorld: Bringing up level for play took: 0.012382
[2016.06.15-14.33.56:829][542]PIE: Info Play in editor start time for /Game/Levels/UEDPIE_0_KartTestLevel 0.036
[2016.06.15-14.34.02:477][206]LogPlayLevel: PlayLevel: No blueprints needed recompiling
[2016.06.15-14.34.02:477][206]PIE: New page: PIE session: KartTestLevel (Jun 15, 2016, 5:34:02 AM)
[2016.06.15-14.34.02:477][206]LogPlayLevel: Creating play world package: /Game/Levels/UEDPIE_0_KartTestLevel
[2016.06.15-14.34.02:484][206]LogPlayLevel: PIE: StaticDuplicateObject took: (0.006819s)
[2016.06.15-14.34.02:484][206]LogAIModule: Creating AISystem for world KartTestLevel
[2016.06.15-14.34.02:484][206]LogPlayLevel: PIE: World Init took: (0.000608s)
[2016.06.15-14.34.02:484][206]LogPlayLevel: PIE: Created PIE world by copying editor world from /Game/Levels/KartTestLevel.KartTestLevel to /Game/Levels/UEDPIE_0_KartTestLevel.KartTestLevel (0.007592s)
[2016.06.15-14.34.02:516][206]LogInit: XAudio2 using 'Speakers (Realtek High Definition Audio)' : 2 channels at 48 kHz using 32 bits per sample (channel mask 0x3)
[2016.06.15-14.34.02:524][206]LogInit: FAudioDevice initialized.
[2016.06.15-14.34.02:556][206]LogWorld: Game class is 'GameMode'
[2016.06.15-14.34.02:570][206]LogWorld: Bringing World /Game/Levels/UEDPIE_0_KartTestLevel.KartTestLevel up for play (max tick rate 0) at 2016.06.15-10.34.02
[2016.06.15-14.34.02:571][206]LogWorld: Bringing up level for play took: 0.007733
[2016.06.15-14.34.02:572][206]PIE: Info Play in editor start time for /Game/Levels/UEDPIE_0_KartTestLevel -0.222
[2016.06.15-14.34.30:917][405]LogContentBrowser: Native class hierarchy updated for 'BlueprintGraph' in 0.0016 seconds. Added 108 classes and 0 folders.
[2016.06.15-14.34.41:978][259]LogSavePackage: Save=341.88ms
[2016.06.15-14.34.41:978][259]LogSavePackage: Moving '../../../../../../Users/Sharpe/Documents/GitHub/PonyKart-UE4/PonyKart Project Build/PonyKart/Saved/KartPawn2C12DA86548C9DC6093EF678826375577.tmp' to '../../../../../../Users/Sharpe/Documents/GitHub/PonyKart-UE4/PonyKart Project Build/PonyKart/Content/Blueprints/KartPawn2.uasset'
[2016.06.15-14.34.41:994][259]LogSavePackage: Total save time: 396.02ms
[2016.06.15-14.34.41:994][259]LogSavePackage:Display: Finished SavePackage ../../../../../../Users/Sharpe/Documents/GitHub/PonyKart-UE4/PonyKart Project Build/PonyKart/Content/Blueprints/KartPawn2.uasset
[2016.06.15-14.34.42:313][291]BlueprintLog: New page: Compile KartPawn
[2016.06.15-14.34.42:549][291]BlueprintEditorCompileResults: Info [0382.04] Compile of KartPawn successful! [in 227 ms]
[2016.06.15-14.34.50:242][200]LogPlayLevel: PlayLevel: No blueprints needed recompiling
[2016.06.15-14.34.50:243][200]PIE: New page: PIE session: KartTestLevel (Jun 15, 2016, 5:34:50 AM)
[2016.06.15-14.34.50:243][200]LogPlayLevel: Creating play world package: /Game/Levels/UEDPIE_0_KartTestLevel
[2016.06.15-14.34.50:249][200]LogPlayLevel: PIE: StaticDuplicateObject took: (0.006472s)
[2016.06.15-14.34.50:250][200]LogAIModule: Creating AISystem for world KartTestLevel
[2016.06.15-14.34.50:250][200]LogPlayLevel: PIE: World Init took: (0.000752s)
[2016.06.15-14.34.50:250][200]LogPlayLevel: PIE: Created PIE world by copying editor world from /Game/Levels/KartTestLevel.KartTestLevel to /Game/Levels/UEDPIE_0_KartTestLevel.KartTestLevel (0.007429s)
[2016.06.15-14.34.50:289][200]LogInit: XAudio2 using 'Speakers (Realtek High Definition Audio)' : 2 channels at 48 kHz using 32 bits per sample (channel mask 0x3)
[2016.06.15-14.34.50:296][200]LogInit: FAudioDevice initialized.
[2016.06.15-14.34.50:324][200]LogWorld: Game class is 'GameMode'
[2016.06.15-14.34.50:332][200]LogWorld: Bringing World /Game/Levels/UEDPIE_0_KartTestLevel.KartTestLevel up for play (max tick rate 0) at 2016.06.15-10.34.50
[2016.06.15-14.34.50:332][200]LogWorld: Bringing up level for play took: 0.004866
[2016.06.15-14.34.50:333][200]PIE: Info Play in editor start time for /Game/Levels/UEDPIE_0_KartTestLevel -0.46
[2016.06.15-14.34.52:175][404]LogPlayLevel: PlayLevel: No blueprints needed recompiling
[2016.06.15-14.34.52:175][404]PIE: New page: PIE session: KartTestLevel (Jun 15, 2016, 5:34:52 AM)
[2016.06.15-14.34.52:175][404]LogPlayLevel: Creating play world package: /Game/Levels/UEDPIE_0_KartTestLevel
[2016.06.15-14.34.52:182][404]LogPlayLevel: PIE: StaticDuplicateObject took: (0.006916s)
[2016.06.15-14.34.52:182][404]LogAIModule: Creating AISystem for world KartTestLevel
[2016.06.15-14.34.52:182][404]LogPlayLevel: PIE: World Init took: (0.000491s)
[2016.06.15-14.34.52:183][404]LogPlayLevel: PIE: Created PIE world by copying editor world from /Game/Levels/KartTestLevel.KartTestLevel to /Game/Levels/UEDPIE_0_KartTestLevel.KartTestLevel (0.007574s)
[2016.06.15-14.34.52:222][404]LogInit: XAudio2 using 'Speakers (Realtek High Definition Audio)' : 2 channels at 48 kHz using 32 bits per sample (channel mask 0x3)
[2016.06.15-14.34.52:228][404]LogInit: FAudioDevice initialized.
[2016.06.15-14.34.52:261][404]LogWorld: Game class is 'GameMode'
[2016.06.15-14.34.52:278][404]LogWorld: Bringing World /Game/Levels/UEDPIE_0_KartTestLevel.KartTestLevel up for play (max tick rate 0) at 2016.06.15-10.34.52
[2016.06.15-14.34.52:278][404]LogWorld: Bringing up level for play took: 0.009013
[2016.06.15-14.34.52:279][404]PIE: Info Play in editor start time for /Game/Levels/UEDPIE_0_KartTestLevel -0.514
[2016.06.15-14.34.53:927][587]LogPlayLevel: PlayLevel: No blueprints needed recompiling
[2016.06.15-14.34.53:927][587]PIE: New page: PIE session: KartTestLevel (Jun 15, 2016, 5:34:53 AM)
[2016.06.15-14.34.53:927][587]LogPlayLevel: Creating play world package: /Game/Levels/UEDPIE_0_KartTestLevel
[2016.06.15-14.34.53:934][587]LogPlayLevel: PIE: StaticDuplicateObject took: (0.006559s)
[2016.06.15-14.34.53:934][587]LogAIModule: Creating AISystem for world KartTestLevel
[2016.06.15-14.34.53:934][587]LogPlayLevel: PIE: World Init took: (0.000653s)
[2016.06.15-14.34.53:935][587]LogPlayLevel: PIE: Created PIE world by copying editor world from /Game/Levels/KartTestLevel.KartTestLevel to /Game/Levels/UEDPIE_0_KartTestLevel.KartTestLevel (0.007416s)
[2016.06.15-14.34.53:970][587]LogInit: XAudio2 using 'Speakers (Realtek High Definition Audio)' : 2 channels at 48 kHz using 32 bits per sample (channel mask 0x3)
[2016.06.15-14.34.53:975][587]LogInit: FAudioDevice initialized.
[2016.06.15-14.34.54:002][587]LogWorld: Game class is 'GameMode'
[2016.06.15-14.34.54:016][587]LogWorld: Bringing World /Game/Levels/UEDPIE_0_KartTestLevel.KartTestLevel up for play (max tick rate 0) at 2016.06.15-10.34.54
[2016.06.15-14.34.54:017][587]LogWorld: Bringing up level for play took: 0.009505
[2016.06.15-14.34.54:018][587]PIE: Info Play in editor start time for /Game/Levels/UEDPIE_0_KartTestLevel -0.776
[2016.06.15-14.34.57:312][966]LogPlayLevel: PlayLevel: No blueprints needed recompiling
[2016.06.15-14.34.57:312][966]PIE: New page: PIE session: KartTestLevel (Jun 15, 2016, 5:34:57 AM)
[2016.06.15-14.34.57:312][966]LogPlayLevel: Creating play world package: /Game/Levels/UEDPIE_0_KartTestLevel
[2016.06.15-14.34.57:319][966]LogPlayLevel: PIE: StaticDuplicateObject took: (0.006433s)
[2016.06.15-14.34.57:319][966]LogAIModule: Creating AISystem for world KartTestLevel
[2016.06.15-14.34.57:319][966]LogPlayLevel: PIE: World Init took: (0.000609s)
[2016.06.15-14.34.57:319][966]LogPlayLevel: PIE: Created PIE world by copying editor world from /Game/Levels/KartTestLevel.KartTestLevel to /Game/Levels/UEDPIE_0_KartTestLevel.KartTestLevel (0.007223s)
[2016.06.15-14.34.57:356][966]LogInit: XAudio2 using 'Speakers (Realtek High Definition Audio)' : 2 channels at 48 kHz using 32 bits per sample (channel mask 0x3)
[2016.06.15-14.34.57:362][966]LogInit: FAudioDevice initialized.
[2016.06.15-14.34.57:395][966]LogWorld: Game class is 'GameMode'
[2016.06.15-14.34.57:409][966]LogWorld: Bringing World /Game/Levels/UEDPIE_0_KartTestLevel.KartTestLevel up for play (max tick rate 0) at 2016.06.15-10.34.57
[2016.06.15-14.34.57:410][966]LogWorld: Bringing up level for play took: 0.007687
[2016.06.15-14.34.57:411][966]PIE: Info Play in editor start time for /Game/Levels/UEDPIE_0_KartTestLevel 0.617
[2016.06.15-14.34.59:147][160]LogPlayLevel: PlayLevel: No blueprints needed recompiling
[2016.06.15-14.34.59:147][160]PIE: New page: PIE session: KartTestLevel (Jun 15, 2016, 5:34:59 AM)
[2016.06.15-14.34.59:147][160]LogPlayLevel: Creating play world package: /Game/Levels/UEDPIE_0_KartTestLevel
[2016.06.15-14.34.59:154][160]LogPlayLevel: PIE: StaticDuplicateObject took: (0.006912s)
[2016.06.15-14.34.59:155][160]LogAIModule: Creating AISystem for world KartTestLevel
[2016.06.15-14.34.59:155][160]LogPlayLevel: PIE: World Init took: (0.000651s)
[2016.06.15-14.34.59:155][160]LogPlayLevel: PIE: Created PIE world by copying editor world from /Game/Levels/KartTestLevel.KartTestLevel to /Game/Levels/UEDPIE_0_KartTestLevel.KartTestLevel (0.007767s)
[2016.06.15-14.34.59:194][160]LogInit: XAudio2 using 'Speakers (Realtek High Definition Audio)' : 2 channels at 48 kHz using 32 bits per sample (channel mask 0x3)
[2016.06.15-14.34.59:200][160]LogInit: FAudioDevice initialized.
[2016.06.15-14.34.59:233][160]LogWorld: Game class is 'GameMode'
[2016.06.15-14.34.59:263][160]LogWorld: Bringing World /Game/Levels/UEDPIE_0_KartTestLevel.KartTestLevel up for play (max tick rate 0) at 2016.06.15-10.34.59
[2016.06.15-14.34.59:264][160]LogWorld: Bringing up level for play took: 0.019420
[2016.06.15-14.34.59:265][160]PIE: Info Play in editor start time for /Game/Levels/UEDPIE_0_KartTestLevel 0.471
[2016.06.15-14.35.10:205][342]BlueprintLog: New page: Pre-Play auto-recompile
[2016.06.15-14.35.10:235][342]LogPlayLevel: [PlayLevel] Compiling KartPawn before play...
[2016.06.15-14.35.10:369][342]LogPlayLevel: PlayLevel: Blueprint regeneration took 164 ms (1 blueprints)
[2016.06.15-14.35.10:389][342]PIE: New page: PIE session: KartTestLevel (Jun 15, 2016, 5:35:10 AM)
[2016.06.15-14.35.10:389][342]LogPlayLevel: Creating play world package: /Game/Levels/UEDPIE_0_KartTestLevel
[2016.06.15-14.35.10:395][342]LogPlayLevel: PIE: StaticDuplicateObject took: (0.006608s)
[2016.06.15-14.35.10:396][342]LogAIModule: Creating AISystem for world KartTestLevel
[2016.06.15-14.35.10:396][342]LogPlayLevel: PIE: World Init took: (0.000660s)
[2016.06.15-14.35.10:396][342]LogPlayLevel: PIE: Created PIE world by copying editor world from /Game/Levels/KartTestLevel.KartTestLevel to /Game/Levels/UEDPIE_0_KartTestLevel.KartTestLevel (0.007443s)
[2016.06.15-14.35.10:436][342]LogInit: XAudio2 using 'Speakers (Realtek High Definition Audio)' : 2 channels at 48 kHz using 32 bits per sample (channel mask 0x3)
[2016.06.15-14.35.10:444][342]LogInit: FAudioDevice initialized.
[2016.06.15-14.35.10:474][342]LogWorld: Game class is 'GameMode'
[2016.06.15-14.35.10:487][342]LogWorld: Bringing World /Game/Levels/UEDPIE_0_KartTestLevel.KartTestLevel up for play (max tick rate 0) at 2016.06.15-10.35.10
[2016.06.15-14.35.10:488][342]LogWorld: Bringing up level for play took: 0.007936
[2016.06.15-14.35.10:489][342]PIE: Info Play in editor start time for /Game/Levels/UEDPIE_0_KartTestLevel -0.305
[2016.06.15-14.35.14:251][761]LogPlayLevel: PlayLevel: No blueprints needed recompiling
[2016.06.15-14.35.14:251][761]PIE: New page: PIE session: KartTestLevel (Jun 15, 2016, 5:35:14 AM)
[2016.06.15-14.35.14:251][761]LogPlayLevel: Creating play world package: /Game/Levels/UEDPIE_0_KartTestLevel
[2016.06.15-14.35.14:258][761]LogPlayLevel: PIE: StaticDuplicateObject took: (0.006982s)
[2016.06.15-14.35.14:258][761]LogAIModule: Creating AISystem for world KartTestLevel
[2016.06.15-14.35.14:259][761]LogPlayLevel: PIE: World Init took: (0.000860s)
[2016.06.15-14.35.14:259][761]LogPlayLevel: PIE: Created PIE world by copying editor world from /Game/Levels/KartTestLevel.KartTestLevel to /Game/Levels/UEDPIE_0_KartTestLevel.KartTestLevel (0.008025s)
[2016.06.15-14.35.14:298][761]LogInit: XAudio2 using 'Speakers (Realtek High Definition Audio)' : 2 channels at 48 kHz using 32 bits per sample (channel mask 0x3)
[2016.06.15-14.35.14:305][761]LogInit: FAudioDevice initialized.
[2016.06.15-14.35.14:333][761]LogWorld: Game class is 'GameMode'
[2016.06.15-14.35.14:341][761]LogWorld: Bringing World /Game/Levels/UEDPIE_0_KartTestLevel.KartTestLevel up for play (max tick rate 0) at 2016.06.15-10.35.14
[2016.06.15-14.35.14:342][761]LogWorld: Bringing up level for play took: 0.005222
[2016.06.15-14.35.14:342][761]PIE: Info Play in editor start time for /Game/Levels/UEDPIE_0_KartTestLevel -0.452
[2016.06.15-14.35.15:925][938]LogEditorViewport: Clicking on Actor (LMB): BP_Sky_Sphere_C (Sky Sphere)
[2016.06.15-14.35.16:335][983]Cmd: SELECT NONE
[2016.06.15-14.35.16:856][ 31]LogPlayLevel: PlayLevel: No blueprints needed recompiling
[2016.06.15-14.35.16:856][ 31]PIE: New page: PIE session: KartTestLevel (Jun 15, 2016, 5:35:16 AM)
[2016.06.15-14.35.16:856][ 31]LogPlayLevel: Creating play world package: /Game/Levels/UEDPIE_0_KartTestLevel
[2016.06.15-14.35.16:863][ 31]LogPlayLevel: PIE: StaticDuplicateObject took: (0.006908s)
[2016.06.15-14.35.16:864][ 31]LogAIModule: Creating AISystem for world KartTestLevel
[2016.06.15-14.35.16:864][ 31]LogPlayLevel: PIE: World Init took: (0.000499s)
[2016.06.15-14.35.16:864][ 31]LogPlayLevel: PIE: Created PIE world by copying editor world from /Game/Levels/KartTestLevel.KartTestLevel to /Game/Levels/UEDPIE_0_KartTestLevel.KartTestLevel (0.007583s)
[2016.06.15-14.35.16:877][ 31]LogInit: XAudio2 using 'Speakers (Realtek High Definition Audio)' : 2 channels at 48 kHz using 32 bits per sample (channel mask 0x3)
[2016.06.15-14.35.16:884][ 31]LogInit: FAudioDevice initialized.
[2016.06.15-14.35.16:914][ 31]LogWorld: Game class is 'GameMode'
[2016.06.15-14.35.16:922][ 31]LogWorld: Bringing World /Game/Levels/UEDPIE_0_KartTestLevel.KartTestLevel up for play (max tick rate 0) at 2016.06.15-10.35.16
[2016.06.15-14.35.16:922][ 31]LogWorld: Bringing up level for play took: 0.004851
[2016.06.15-14.35.16:923][ 31]PIE: Info Play in editor start time for /Game/Levels/UEDPIE_0_KartTestLevel 0.129
[2016.06.15-14.35.18:136][167]LogPlayLevel: PlayLevel: No blueprints needed recompiling
[2016.06.15-14.35.18:136][167]PIE: New page: PIE session: KartTestLevel (Jun 15, 2016, 5:35:18 AM)
[2016.06.15-14.35.18:137][167]LogPlayLevel: Creating play world package: /Game/Levels/UEDPIE_0_KartTestLevel
[2016.06.15-14.35.18:143][167]LogPlayLevel: PIE: StaticDuplicateObject took: (0.006789s)
[2016.06.15-14.35.18:144][167]LogAIModule: Creating AISystem for world KartTestLevel
[2016.06.15-14.35.18:144][167]LogPlayLevel: PIE: World Init took: (0.000686s)
[2016.06.15-14.35.18:144][167]LogPlayLevel: PIE: Created PIE world by copying editor world from /Game/Levels/KartTestLevel.KartTestLevel to /Game/Levels/UEDPIE_0_KartTestLevel.KartTestLevel (0.007673s)
[2016.06.15-14.35.18:158][167]LogInit: XAudio2 using 'Speakers (Realtek High Definition Audio)' : 2 channels at 48 kHz using 32 bits per sample (channel mask 0x3)
[2016.06.15-14.35.18:163][167]LogInit: FAudioDevice initialized.
[2016.06.15-14.35.18:191][167]LogWorld: Game class is 'GameMode'
[2016.06.15-14.35.18:206][167]LogWorld: Bringing World /Game/Levels/UEDPIE_0_KartTestLevel.KartTestLevel up for play (max tick rate 0) at 2016.06.15-10.35.18
[2016.06.15-14.35.18:207][167]LogWorld: Bringing up level for play took: 0.011105
[2016.06.15-14.35.18:209][167]PIE: Info Play in editor start time for /Game/Levels/UEDPIE_0_KartTestLevel -0.586
[2016.06.15-14.35.19:232][280]LogPlayLevel: PlayLevel: No blueprints needed recompiling
[2016.06.15-14.35.19:232][280]PIE: New page: PIE session: KartTestLevel (Jun 15, 2016, 5:35:19 AM)
[2016.06.15-14.35.19:233][280]LogPlayLevel: Creating play world package: /Game/Levels/UEDPIE_0_KartTestLevel
[2016.06.15-14.35.19:240][280]LogPlayLevel: PIE: StaticDuplicateObject took: (0.007253s)
[2016.06.15-14.35.19:240][280]LogAIModule: Creating AISystem for world KartTestLevel
[2016.06.15-14.35.19:240][280]LogPlayLevel: PIE: World Init took: (0.000556s)
[2016.06.15-14.35.19:241][280]LogPlayLevel: PIE: Created PIE world by copying editor world from /Game/Levels/KartTestLevel.KartTestLevel to /Game/Levels/UEDPIE_0_KartTestLevel.KartTestLevel (0.008020s)
[2016.06.15-14.35.19:254][280]LogInit: XAudio2 using 'Speakers (Realtek High Definition Audio)' : 2 channels at 48 kHz using 32 bits per sample (channel mask 0x3)
[2016.06.15-14.35.19:259][280]LogInit: FAudioDevice initialized.
[2016.06.15-14.35.19:286][280]LogWorld: Game class is 'GameMode'
[2016.06.15-14.35.19:294][280]LogWorld: Bringing World /Game/Levels/UEDPIE_0_KartTestLevel.KartTestLevel up for play (max tick rate 0) at 2016.06.15-10.35.19
[2016.06.15-14.35.19:294][280]LogWorld: Bringing up level for play took: 0.004838
[2016.06.15-14.35.19:295][280]PIE: Info Play in editor start time for /Game/Levels/UEDPIE_0_KartTestLevel 0.501
[2016.06.15-14.35.20:716][442]LogEditorViewport: Clicking on Actor (LMB): KartPawn_C (KartPawn)
[2016.06.15-14.35.23:855][808]LogPlayLevel: PlayLevel: No blueprints needed recompiling
[2016.06.15-14.35.23:855][808]PIE: New page: PIE session: KartTestLevel (Jun 15, 2016, 5:35:23 AM)
[2016.06.15-14.35.23:855][808]LogPlayLevel: Creating play world package: /Game/Levels/UEDPIE_0_KartTestLevel
[2016.06.15-14.35.23:862][808]LogPlayLevel: PIE: StaticDuplicateObject took: (0.006722s)
[2016.06.15-14.35.23:862][808]LogAIModule: Creating AISystem for world KartTestLevel
[2016.06.15-14.35.23:862][808]LogPlayLevel: PIE: World Init took: (0.000618s)
[2016.06.15-14.35.23:862][808]LogPlayLevel: PIE: Created PIE world by copying editor world from /Game/Levels/KartTestLevel.KartTestLevel to /Game/Levels/UEDPIE_0_KartTestLevel.KartTestLevel (0.007521s)
[2016.06.15-14.35.23:903][808]LogInit: XAudio2 using 'Speakers (Realtek High Definition Audio)' : 2 channels at 48 kHz using 32 bits per sample (channel mask 0x3)
[2016.06.15-14.35.23:910][808]LogInit: FAudioDevice initialized.
[2016.06.15-14.35.23:938][808]LogWorld: Game class is 'GameMode'
[2016.06.15-14.35.23:946][808]LogWorld: Bringing World /Game/Levels/UEDPIE_0_KartTestLevel.KartTestLevel up for play (max tick rate 0) at 2016.06.15-10.35.23
[2016.06.15-14.35.23:947][808]LogWorld: Bringing up level for play took: 0.004805
[2016.06.15-14.35.23:947][808]PIE: Info Play in editor start time for /Game/Levels/UEDPIE_0_KartTestLevel -0.847
[2016.06.15-14.36.10:832][524]LogPlayLevel: PlayLevel: No blueprints needed recompiling
[2016.06.15-14.36.10:832][524]PIE: New page: PIE session: KartTestLevel (Jun 15, 2016, 5:36:10 AM)
[2016.06.15-14.36.10:832][524]LogPlayLevel: Creating play world package: /Game/Levels/UEDPIE_0_KartTestLevel
[2016.06.15-14.36.10:839][524]LogPlayLevel: PIE: StaticDuplicateObject took: (0.006703s)
[2016.06.15-14.36.10:840][524]LogAIModule: Creating AISystem for world KartTestLevel
[2016.06.15-14.36.10:840][524]LogPlayLevel: PIE: World Init took: (0.000570s)
[2016.06.15-14.36.10:840][524]LogPlayLevel: PIE: Created PIE world by copying editor world from /Game/Levels/KartTestLevel.KartTestLevel to /Game/Levels/UEDPIE_0_KartTestLevel.KartTestLevel (0.007445s)
[2016.06.15-14.36.10:881][524]LogInit: XAudio2 using 'Speakers (Realtek High Definition Audio)' : 2 channels at 48 kHz using 32 bits per sample (channel mask 0x3)
[2016.06.15-14.36.10:887][524]LogInit: FAudioDevice initialized.
[2016.06.15-14.36.10:919][524]LogWorld: Game class is 'GameMode'
[2016.06.15-14.36.10:933][524]LogWorld: Bringing World /Game/Levels/UEDPIE_0_KartTestLevel.KartTestLevel up for play (max tick rate 0) at 2016.06.15-10.36.10
[2016.06.15-14.36.10:934][524]LogWorld: Bringing up level for play took: 0.009950
[2016.06.15-14.36.10:935][524]PIE: Info Play in editor start time for /Game/Levels/UEDPIE_0_KartTestLevel 0.14
[2016.06.15-14.36.14:098][883]LogPlayLevel: PlayLevel: No blueprints needed recompiling
[2016.06.15-14.36.14:098][883]PIE: New page: PIE session: KartTestLevel (Jun 15, 2016, 5:36:14 AM)
[2016.06.15-14.36.14:098][883]LogPlayLevel: Creating play world package: /Game/Levels/UEDPIE_0_KartTestLevel
[2016.06.15-14.36.14:104][883]LogPlayLevel: PIE: StaticDuplicateObject took: (0.006266s)
[2016.06.15-14.36.14:105][883]LogAIModule: Creating AISystem for world KartTestLevel
[2016.06.15-14.36.14:105][883]LogPlayLevel: PIE: World Init took: (0.000479s)
[2016.06.15-14.36.14:105][883]LogPlayLevel: PIE: Created PIE world by copying editor world from /Game/Levels/KartTestLevel.KartTestLevel to /Game/Levels/UEDPIE_0_KartTestLevel.KartTestLevel (0.006975s)
[2016.06.15-14.36.14:142][883]LogInit: XAudio2 using 'Speakers (Realtek High Definition Audio)' : 2 channels at 48 kHz using 32 bits per sample (channel mask 0x3)
[2016.06.15-14.36.14:149][883]LogInit: FAudioDevice initialized.
[2016.06.15-14.36.14:181][883]LogWorld: Game class is 'GameMode'
[2016.06.15-14.36.14:203][883]LogWorld: Bringing World /Game/Levels/UEDPIE_0_KartTestLevel.KartTestLevel up for play (max tick rate 0) at 2016.06.15-10.36.14
[2016.06.15-14.36.14:203][883]LogWorld: Bringing up level for play took: 0.013562
[2016.06.15-14.36.14:204][883]PIE: Info Play in editor start time for /Game/Levels/UEDPIE_0_KartTestLevel -0.59
[2016.06.15-14.36.16:068][ 92]LogPlayLevel: PlayLevel: No blueprints needed recompiling
[2016.06.15-14.36.16:068][ 92]PIE: New page: PIE session: KartTestLevel (Jun 15, 2016, 5:36:16 AM)
[2016.06.15-14.36.16:068][ 92]LogPlayLevel: Creating play world package: /Game/Levels/UEDPIE_0_KartTestLevel
[2016.06.15-14.36.16:075][ 92]LogPlayLevel: PIE: StaticDuplicateObject took: (0.006352s)
[2016.06.15-14.36.16:075][ 92]LogAIModule: Creating AISystem for world KartTestLevel
[2016.06.15-14.36.16:075][ 92]LogPlayLevel: PIE: World Init took: (0.000474s)
[2016.06.15-14.36.16:075][ 92]LogPlayLevel: PIE: Created PIE world by copying editor world from /Game/Levels/KartTestLevel.KartTestLevel to /Game/Levels/UEDPIE_0_KartTestLevel.KartTestLevel (0.006981s)
[2016.06.15-14.36.16:112][ 92]LogInit: XAudio2 using 'Speakers (Realtek High Definition Audio)' : 2 channels at 48 kHz using 32 bits per sample (channel mask 0x3)
[2016.06.15-14.36.16:119][ 92]LogInit: FAudioDevice initialized.
[2016.06.15-14.36.16:152][ 92]LogWorld: Game class is 'GameMode'
[2016.06.15-14.36.16:174][ 92]LogWorld: Bringing World /Game/Levels/UEDPIE_0_KartTestLevel.KartTestLevel up for play (max tick rate 0) at 2016.06.15-10.36.16
[2016.06.15-14.36.16:175][ 92]LogWorld: Bringing up level for play took: 0.014425
[2016.06.15-14.36.16:177][ 92]PIE: Info Play in editor start time for /Game/Levels/UEDPIE_0_KartTestLevel -0.617
[2016.06.15-14.36.18:075][302]LogPlayLevel: PlayLevel: No blueprints needed recompiling
[2016.06.15-14.36.18:075][302]PIE: New page: PIE session: KartTestLevel (Jun 15, 2016, 5:36:18 AM)
[2016.06.15-14.36.18:075][302]LogPlayLevel: Creating play world package: /Game/Levels/UEDPIE_0_KartTestLevel
[2016.06.15-14.36.18:081][302]LogPlayLevel: PIE: StaticDuplicateObject took: (0.006345s)
[2016.06.15-14.36.18:082][302]LogAIModule: Creating AISystem for world KartTestLevel
[2016.06.15-14.36.18:082][302]LogPlayLevel: PIE: World Init took: (0.000497s)
[2016.06.15-14.36.18:082][302]LogPlayLevel: PIE: Created PIE world by copying editor world from /Game/Levels/KartTestLevel.KartTestLevel to /Game/Levels/UEDPIE_0_KartTestLevel.KartTestLevel (0.007001s)
[2016.06.15-14.36.18:121][302]LogInit: XAudio2 using 'Speakers (Realtek High Definition Audio)' : 2 channels at 48 kHz using 32 bits per sample (channel mask 0x3)
[2016.06.15-14.36.18:128][302]LogInit: FAudioDevice initialized.
[2016.06.15-14.36.18:159][302]LogWorld: Game class is 'GameMode'
[2016.06.15-14.36.18:174][302]LogWorld: Bringing World /Game/Levels/UEDPIE_0_KartTestLevel.KartTestLevel up for play (max tick rate 0) at 2016.06.15-10.36.18
[2016.06.15-14.36.18:175][302]LogWorld: Bringing up level for play took: 0.010756
[2016.06.15-14.36.18:177][302]PIE: Info Play in editor start time for /Game/Levels/UEDPIE_0_KartTestLevel -0.618
[2016.06.15-14.36.20:541][571]LogPlayLevel: PlayLevel: No blueprints needed recompiling
[2016.06.15-14.36.20:541][571]PIE: New page: PIE session: KartTestLevel (Jun 15, 2016, 5:36:20 AM)
[2016.06.15-14.36.20:541][571]LogPlayLevel: Creating play world package: /Game/Levels/UEDPIE_0_KartTestLevel
[2016.06.15-14.36.20:547][571]LogPlayLevel: PIE: StaticDuplicateObject took: (0.006453s)
[2016.06.15-14.36.20:548][571]LogAIModule: Creating AISystem for world KartTestLevel
[2016.06.15-14.36.20:548][571]LogPlayLevel: PIE: World Init took: (0.000590s)
[2016.06.15-14.36.20:548][571]LogPlayLevel: PIE: Created PIE world by copying editor world from /Game/Levels/KartTestLevel.KartTestLevel to /Game/Levels/UEDPIE_0_KartTestLevel.KartTestLevel (0.007205s)
[2016.06.15-14.36.20:587][571]LogInit: XAudio2 using 'Speakers (Realtek High Definition Audio)' : 2 channels at 48 kHz using 32 bits per sample (channel mask 0x3)
[2016.06.15-14.36.20:595][571]LogInit: FAudioDevice initialized.
[2016.06.15-14.36.20:631][571]LogWorld: Game class is 'GameMode'
[2016.06.15-14.36.20:661][571]LogWorld: Bringing World /Game/Levels/UEDPIE_0_KartTestLevel.KartTestLevel up for play (max tick rate 0) at 2016.06.15-10.36.20
[2016.06.15-14.36.20:662][571]LogWorld: Bringing up level for play took: 0.018631
[2016.06.15-14.36.20:665][571]PIE: Info Play in editor start time for /Game/Levels/UEDPIE_0_KartTestLevel -0.131
[2016.06.15-14.36.26:100][207]Cmd: TRANSACTION UNDO
[2016.06.15-14.36.26:100][207]LogEditorTransaction: Undo Move Actors
[2016.06.15-14.36.27:357][336]LogPlayLevel: PlayLevel: No blueprints needed recompiling
[2016.06.15-14.36.27:357][336]PIE: New page: PIE session: KartTestLevel (Jun 15, 2016, 5:36:27 AM)
[2016.06.15-14.36.27:357][336]LogPlayLevel: Creating play world package: /Game/Levels/UEDPIE_0_KartTestLevel
[2016.06.15-14.36.27:364][336]LogPlayLevel: PIE: StaticDuplicateObject took: (0.006415s)
[2016.06.15-14.36.27:364][336]LogAIModule: Creating AISystem for world KartTestLevel
[2016.06.15-14.36.27:364][336]LogPlayLevel: PIE: World Init took: (0.000493s)
[2016.06.15-14.36.27:365][336]LogPlayLevel: PIE: Created PIE world by copying editor world from /Game/Levels/KartTestLevel.KartTestLevel to /Game/Levels/UEDPIE_0_KartTestLevel.KartTestLevel (0.007117s)
[2016.06.15-14.36.27:402][336]LogInit: XAudio2 using 'Speakers (Realtek High Definition Audio)' : 2 channels at 48 kHz using 32 bits per sample (channel mask 0x3)
[2016.06.15-14.36.27:414][336]LogInit: FAudioDevice initialized.
[2016.06.15-14.36.27:448][336]LogWorld: Game class is 'GameMode'
[2016.06.15-14.36.27:464][336]LogWorld: Bringing World /Game/Levels/UEDPIE_0_KartTestLevel.KartTestLevel up for play (max tick rate 0) at 2016.06.15-10.36.27
[2016.06.15-14.36.27:465][336]LogWorld: Bringing up level for play took: 0.010796
[2016.06.15-14.36.27:466][336]PIE: Info Play in editor start time for /Game/Levels/UEDPIE_0_KartTestLevel 0.671
[2016.06.15-14.36.31:165][764]LogPlayLevel: PlayLevel: No blueprints needed recompiling
[2016.06.15-14.36.31:165][764]PIE: New page: PIE session: KartTestLevel (Jun 15, 2016, 5:36:31 AM)
[2016.06.15-14.36.31:165][764]LogPlayLevel: Creating play world package: /Game/Levels/UEDPIE_0_KartTestLevel
[2016.06.15-14.36.31:172][764]LogPlayLevel: PIE: StaticDuplicateObject took: (0.006411s)
[2016.06.15-14.36.31:173][764]LogAIModule: Creating AISystem for world KartTestLevel
[2016.06.15-14.36.31:173][764]LogPlayLevel: PIE: World Init took: (0.000947s)
[2016.06.15-14.36.31:173][764]LogPlayLevel: PIE: Created PIE world by copying editor world from /Game/Levels/KartTestLevel.KartTestLevel to /Game/Levels/UEDPIE_0_KartTestLevel.KartTestLevel (0.007530s)
[2016.06.15-14.36.31:210][764]LogInit: XAudio2 using 'Speakers (Realtek High Definition Audio)' : 2 channels at 48 kHz using 32 bits per sample (channel mask 0x3)
[2016.06.15-14.36.31:216][764]LogInit: FAudioDevice initialized.
[2016.06.15-14.36.31:249][764]LogWorld: Game class is 'GameMode'
[2016.06.15-14.36.31:267][764]LogWorld: Bringing World /Game/Levels/UEDPIE_0_KartTestLevel.KartTestLevel up for play (max tick rate 0) at 2016.06.15-10.36.31
[2016.06.15-14.36.31:268][764]LogWorld: Bringing up level for play took: 0.012224
[2016.06.15-14.36.31:270][764]PIE: Info Play in editor start time for /Game/Levels/UEDPIE_0_KartTestLevel 0.475
[2016.06.15-14.36.33:423][  7]LogPlayLevel: PlayLevel: No blueprints needed recompiling
[2016.06.15-14.36.33:423][  7]PIE: New page: PIE session: KartTestLevel (Jun 15, 2016, 5:36:33 AM)
[2016.06.15-14.36.33:423][  7]LogPlayLevel: Creating play world package: /Game/Levels/UEDPIE_0_KartTestLevel
[2016.06.15-14.36.33:429][  7]LogPlayLevel: PIE: StaticDuplicateObject took: (0.006525s)
[2016.06.15-14.36.33:430][  7]LogAIModule: Creating AISystem for world KartTestLevel
[2016.06.15-14.36.33:430][  7]LogPlayLevel: PIE: World Init took: (0.000647s)
[2016.06.15-14.36.33:430][  7]LogPlayLevel: PIE: Created PIE world by copying editor world from /Game/Levels/KartTestLevel.KartTestLevel to /Game/Levels/UEDPIE_0_KartTestLevel.KartTestLevel (0.007333s)
[2016.06.15-14.36.33:468][  7]LogInit: XAudio2 using 'Speakers (Realtek High Definition Audio)' : 2 channels at 48 kHz using 32 bits per sample (channel mask 0x3)
[2016.06.15-14.36.33:474][  7]LogInit: FAudioDevice initialized.
[2016.06.15-14.36.33:503][  7]LogWorld: Game class is 'GameMode'
[2016.06.15-14.36.33:511][  7]LogWorld: Bringing World /Game/Levels/UEDPIE_0_KartTestLevel.KartTestLevel up for play (max tick rate 0) at 2016.06.15-10.36.33
[2016.06.15-14.36.33:511][  7]LogWorld: Bringing up level for play took: 0.004849
[2016.06.15-14.36.33:512][  7]PIE: Info Play in editor start time for /Game/Levels/UEDPIE_0_KartTestLevel 0.717
[2016.06.15-14.36.34:355][ 94]LogPlayLevel: PlayLevel: No blueprints needed recompiling
[2016.06.15-14.36.34:355][ 94]PIE: New page: PIE session: KartTestLevel (Jun 15, 2016, 5:36:34 AM)
[2016.06.15-14.36.34:355][ 94]LogPlayLevel: Creating play world package: /Game/Levels/UEDPIE_0_KartTestLevel
[2016.06.15-14.36.34:362][ 94]LogPlayLevel: PIE: StaticDuplicateObject took: (0.006390s)
[2016.06.15-14.36.34:362][ 94]LogAIModule: Creating AISystem for world KartTestLevel
[2016.06.15-14.36.34:363][ 94]LogPlayLevel: PIE: World Init took: (0.000591s)
[2016.06.15-14.36.34:363][ 94]LogPlayLevel: PIE: Created PIE world by copying editor world from /Game/Levels/KartTestLevel.KartTestLevel to /Game/Levels/UEDPIE_0_KartTestLevel.KartTestLevel (0.007174s)
[2016.06.15-14.36.34:399][ 94]LogInit: XAudio2 using 'Speakers (Realtek High Definition Audio)' : 2 channels at 48 kHz using 32 bits per sample (channel mask 0x3)
[2016.06.15-14.36.34:404][ 94]LogInit: FAudioDevice initialized.
[2016.06.15-14.36.34:431][ 94]LogWorld: Game class is 'GameMode'
[2016.06.15-14.36.34:449][ 94]LogWorld: Bringing World /Game/Levels/UEDPIE_0_KartTestLevel.KartTestLevel up for play (max tick rate 0) at 2016.06.15-10.36.34
[2016.06.15-14.36.34:451][ 94]LogWorld: Bringing up level for play took: 0.012318
[2016.06.15-14.36.34:452][ 94]PIE: Info Play in editor start time for /Game/Levels/UEDPIE_0_KartTestLevel -0.342
[2016.06.15-14.36.35:178][167]LogPlayLevel: PlayLevel: No blueprints needed recompiling
[2016.06.15-14.36.35:178][167]PIE: New page: PIE session: KartTestLevel (Jun 15, 2016, 5:36:35 AM)
[2016.06.15-14.36.35:178][167]LogPlayLevel: Creating play world package: /Game/Levels/UEDPIE_0_KartTestLevel
[2016.06.15-14.36.35:184][167]LogPlayLevel: PIE: StaticDuplicateObject took: (0.006443s)
[2016.06.15-14.36.35:185][167]LogAIModule: Creating AISystem for world KartTestLevel
[2016.06.15-14.36.35:185][167]LogPlayLevel: PIE: World Init took: (0.000547s)
[2016.06.15-14.36.35:185][167]LogPlayLevel: PIE: Created PIE world by copying editor world from /Game/Levels/KartTestLevel.KartTestLevel to /Game/Levels/UEDPIE_0_KartTestLevel.KartTestLevel (0.007159s)
[2016.06.15-14.36.35:222][167]LogInit: XAudio2 using 'Speakers (Realtek High Definition Audio)' : 2 channels at 48 kHz using 32 bits per sample (channel mask 0x3)
[2016.06.15-14.36.35:227][167]LogInit: FAudioDevice initialized.
[2016.06.15-14.36.35:254][167]LogWorld: Game class is 'GameMode'
[2016.06.15-14.36.35:267][167]LogWorld: Bringing World /Game/Levels/UEDPIE_0_KartTestLevel.KartTestLevel up for play (max tick rate 0) at 2016.06.15-10.36.35
[2016.06.15-14.36.35:267][167]LogWorld: Bringing up level for play took: 0.007937
[2016.06.15-14.36.35:268][167]PIE: Info Play in editor start time for /Game/Levels/UEDPIE_0_KartTestLevel 0.474
[2016.06.15-14.36.35:980][238]LogPlayLevel: PlayLevel: No blueprints needed recompiling
[2016.06.15-14.36.35:980][238]PIE: New page: PIE session: KartTestLevel (Jun 15, 2016, 5:36:35 AM)
[2016.06.15-14.36.35:980][238]LogPlayLevel: Creating play world package: /Game/Levels/UEDPIE_0_KartTestLevel
[2016.06.15-14.36.35:987][238]LogPlayLevel: PIE: StaticDuplicateObject took: (0.007194s)
[2016.06.15-14.36.35:988][238]LogAIModule: Creating AISystem for world KartTestLevel
[2016.06.15-14.36.35:988][238]LogPlayLevel: PIE: World Init took: (0.000616s)
[2016.06.15-14.36.35:988][238]LogPlayLevel: PIE: Created PIE world by copying editor world from /Game/Levels/KartTestLevel.KartTestLevel to /Game/Levels/UEDPIE_0_KartTestLevel.KartTestLevel (0.008028s)
[2016.06.15-14.36.36:028][238]LogInit: XAudio2 using 'Speakers (Realtek High Definition Audio)' : 2 channels at 48 kHz using 32 bits per sample (channel mask 0x3)
[2016.06.15-14.36.36:033][238]LogInit: FAudioDevice initialized.
[2016.06.15-14.36.36:057][238]LogWorld: Game class is 'GameMode'
[2016.06.15-14.36.36:065][238]LogWorld: Bringing World /Game/Levels/UEDPIE_0_KartTestLevel.KartTestLevel up for play (max tick rate 0) at 2016.06.15-10.36.36
[2016.06.15-14.36.36:065][238]LogWorld: Bringing up level for play took: 0.004962
[2016.06.15-14.36.36:066][238]PIE: Info Play in editor start time for /Game/Levels/UEDPIE_0_KartTestLevel -0.728
[2016.06.15-14.44.41:982][142]LogSavePackage: Save=156.85ms
[2016.06.15-14.44.41:982][142]LogSavePackage: Moving '../../../../../../Users/Sharpe/Documents/GitHub/PonyKart-UE4/PonyKart Project Build/PonyKart/Saved/KartTestLevel_Auto17828D2BE470C453BED24D795FFAF202C.tmp' to '../../../../../../Users/Sharpe/Documents/GitHub/PonyKart-UE4/PonyKart Project Build/PonyKart/Saved/Autosaves/Game/Levels/KartTestLevel_Auto1.umap'
[2016.06.15-14.44.41:983][142]LogSavePackage: Total save time: 197.33ms
[2016.06.15-14.44.41:983][142]LogSavePackage:Display: Finished SavePackage ../../../../../../Users/Sharpe/Documents/GitHub/PonyKart-UE4/PonyKart Project Build/PonyKart/Saved/Autosaves/Game/Levels/KartTestLevel_Auto1.umap
[2016.06.15-14.44.41:984][142]LogFileHelpers: Editor autosave (incl. sublevels) for '/Game/Levels/KartTestLevel' took 0.241
[2016.06.15-14.44.41:984][142]LogFileHelpers: Editor autosave (incl. sublevels) for all levels took 0.241
[2016.06.15-14.44.41:990][142]OBJ SavePackage: Generating thumbnails for [1] asset(s) in package [/Game/Blueprints/KartPawn2] ([1] browsable assets)...
[2016.06.15-14.44.42:016][142]OBJ SavePackage:     Rendered thumbnail for [Blueprint /Game/Blueprints/KartPawn2.KartPawn]
[2016.06.15-14.44.42:017][142]OBJ SavePackage: Finished generating thumbnails for package [/Game/Blueprints/KartPawn2]
[2016.06.15-14.44.42:326][142]LogSavePackage: Save=305.14ms
[2016.06.15-14.44.42:326][142]LogSavePackage: Moving '../../../../../../Users/Sharpe/Documents/GitHub/PonyKart-UE4/PonyKart Project Build/PonyKart/Saved/KartPawn2_Auto1DBF6CACA4731B048FE96188E7E2AC0EA.tmp' to '../../../../../../Users/Sharpe/Documents/GitHub/PonyKart-UE4/PonyKart Project Build/PonyKart/Saved/Autosaves/Game/Blueprints/KartPawn2_Auto1.uasset'
[2016.06.15-14.44.42:327][142]LogSavePackage: Total save time: 310.07ms
[2016.06.15-14.44.42:327][142]LogSavePackage:Display: Finished SavePackage ../../../../../../Users/Sharpe/Documents/GitHub/PonyKart-UE4/PonyKart Project Build/PonyKart/Saved/Autosaves/Game/Blueprints/KartPawn2_Auto1.uasset
[2016.06.15-14.44.42:327][142]LogFileHelpers: Auto-saving content packages took 0.342
[2016.06.15-14.57.09:127][484]Cmd: QUIT_EDITOR
[2016.06.15-14.57.09:709][484]LogExit: Preparing to exit.
[2016.06.15-14.57.11:279][484]LogExit: Editor shut down
[2016.06.15-14.57.11:280][484]LogExit: Transaction tracking system shut down
[2016.06.15-14.57.12:603][484]LogObj: Freed 0b from 0 cluster array pools.
[2016.06.15-14.57.12:604][484]LogExit: Object subsystem successfully closed.
[2016.06.15-14.57.13:492][484]LogD3D11RHI: Shutdown
[2016.06.15-14.57.13:492][484]LogD3D11RHI: CleanupD3DDevice
[2016.06.15-14.57.13:603][484]LogD3D11RHI: ~FD3D11DynamicRHI
[2016.06.15-14.57.13:620][484]LogDerivedDataCache: Shutdown
[2016.06.15-14.57.14:367][484]LogModuleManager: Shutting down and abandoning module BlueprintGraph (205)
[2016.06.15-14.57.14:367][484]LogModuleManager: Shutting down and abandoning module MovieSceneCapture (204)
[2016.06.15-14.57.14:367][484]LogModuleManager: Shutting down and abandoning module HierarchicalLODOutliner (203)
[2016.06.15-14.57.14:396][484]LogModuleManager: Shutting down and abandoning module CrashTracker (202)
[2016.06.15-14.57.14:396][484]LogModuleManager: Shutting down and abandoning module SceneOutliner (201)
[2016.06.15-14.57.14:396][484]LogModuleManager: Shutting down and abandoning module SuperSearch (200)
[2016.06.15-14.57.14:396][484]LogModuleManager: Shutting down and abandoning module WidgetCarousel (199)
[2016.06.15-14.57.14:396][484]LogModuleManager: Shutting down and abandoning module AddContentDialog (198)
[2016.06.15-14.57.14:399][484]LogModuleManager: Shutting down and abandoning module GameplayTags (197)
[2016.06.15-14.57.14:399][484]LogModuleManager: Shutting down and abandoning module EditorWidgets (196)
[2016.06.15-14.57.14:399][484]LogModuleManager: Shutting down and abandoning module CollectionManager (195)
[2016.06.15-14.57.14:400][484]LogModuleManager: Shutting down and abandoning module StatsViewer (194)
[2016.06.15-14.57.14:495][484]LogModuleManager: Shutting down and abandoning module FoliageEdit (193)
[2016.06.15-14.57.14:495][484]LogModuleManager: Shutting down and abandoning module LandscapeEditor (192)
[2016.06.15-14.57.14:512][484]LogModuleManager: Shutting down and abandoning module ActorPickerMode (191)
[2016.06.15-14.57.14:512][484]LogModuleManager: Shutting down and abandoning module GeometryMode (190)
[2016.06.15-14.57.14:512][484]LogModuleManager: Shutting down and abandoning module TextureAlignMode (189)
[2016.06.15-14.57.14:512][484]LogModuleManager: Shutting down and abandoning module BspMode (188)
[2016.06.15-14.57.14:512][484]LogModuleManager: Shutting down and abandoning module PlacementMode (187)
[2016.06.15-14.57.14:512][484]LogModuleManager: Shutting down and abandoning module AutomationWorker (186)
[2016.06.15-14.57.14:512][484]LogModuleManager: Shutting down and abandoning module CharacterAI (185)
[2016.06.15-14.57.14:512][484]LogModuleManager: Shutting down and abandoning module SmartSnapping (184)
[2016.06.15-14.57.14:512][484]LogModuleManager: Shutting down and abandoning module ViewportSnapping (183)
[2016.06.15-14.57.14:512][484]LogModuleManager: Shutting down and abandoning module LogVisualizer (182)
[2016.06.15-14.57.14:600][484]LogModuleManager: Shutting down and abandoning module GameProjectGeneration (181)
[2016.06.15-14.57.14:688][484]LogModuleManager: Shutting down and abandoning module IntroTutorials (180)
[2016.06.15-14.57.14:732][484]LogModuleManager: Shutting down and abandoning module EditorLiveStreaming (179)
[2016.06.15-14.57.14:732][484]LogModuleManager: Shutting down and abandoning module IOSPlatformEditor (178)
[2016.06.15-14.57.14:732][484]LogModuleManager: Shutting down and abandoning module HTML5PlatformEditor (177)
[2016.06.15-14.57.14:732][484]LogModuleManager: Shutting down and abandoning module AndroidDeviceDetection (176)
[2016.06.15-14.57.15:681][484]LogModuleManager: Shutting down and abandoning module AndroidPlatformEditor (175)
[2016.06.15-14.57.15:681][484]LogModuleManager: Shutting down and abandoning module IOSRuntimeSettings (174)
[2016.06.15-14.57.15:681][484]LogModuleManager: Shutting down and abandoning module AndroidRuntimeSettings (173)
[2016.06.15-14.57.15:681][484]LogModuleManager: Shutting down and abandoning module MergeActors (172)
[2016.06.15-14.57.16:017][484]LogModuleManager: Shutting down and abandoning module SizeMap (171)
[2016.06.15-14.57.16:447][484]LogModuleManager: Shutting down and abandoning module TreeMap (170)
[2016.06.15-14.57.17:027][484]LogModuleManager: Shutting down and abandoning module ReferenceViewer (169)
[2016.06.15-14.57.17:501][484]LogModuleManager: Shutting down and abandoning module LocalizationService (168)
[2016.06.15-14.57.18:192][484]LogModuleManager: Shutting down and abandoning module LocalizationDashboard (167)
[2016.06.15-14.57.18:284][484]LogModuleManager: Shutting down and abandoning module HardwareTargeting (166)
[2016.06.15-14.57.18:319][484]LogModuleManager: Shutting down and abandoning module DeviceProfileEditor (165)
[2016.06.15-14.57.18:357][484]LogModuleManager: Shutting down and abandoning module UndoHistory (164)
[2016.06.15-14.57.18:451][484]LogModuleManager: Shutting down and abandoning module UserFeedback (163)
[2016.06.15-14.57.18:451][484]LogModuleManager: Shutting down and abandoning module XmlParser (162)
[2016.06.15-14.57.18:598][484]LogModuleManager: Shutting down and abandoning module Blutility (161)
[2016.06.15-14.57.18:632][484]LogModuleManager: Shutting down and abandoning module ProjectTargetPlatformEditor (160)
[2016.06.15-14.57.18:632][484]LogModuleManager: Shutting down and abandoning module ProjectSettingsViewer (159)
[2016.06.15-14.57.18:632][484]LogModuleManager: Shutting down and abandoning module InputBindingEditor (158)
[2016.06.15-14.57.18:915][484]LogModuleManager: Shutting down and abandoning module EditorSettingsViewer (157)
[2016.06.15-14.57.18:915][484]LogModuleManager: Shutting down and abandoning module SettingsEditor (156)
[2016.06.15-14.57.19:178][484]LogModuleManager: Shutting down and abandoning module ProjectLauncher (155)
[2016.06.15-14.57.19:264][484]LogModuleManager: Shutting down and abandoning module SessionFrontend (154)
[2016.06.15-14.57.19:299][484]LogModuleManager: Shutting down and abandoning module ProfilerClient (153)
[2016.06.15-14.57.19:355][484]LogModuleManager: Shutting down and abandoning module TargetDeviceServices (152)
[2016.06.15-14.57.19:422][484]LogModuleManager: Shutting down and abandoning module DeviceManager (151)
[2016.06.15-14.57.19:491][484]LogModuleManager: Shutting down and abandoning module AutomationController (150)
[2016.06.15-14.57.19:537][484]LogModuleManager: Shutting down and abandoning module AutomationWindow (149)
[2016.06.15-14.57.19:656][484]LogModuleManager: Shutting down and abandoning module Layers (148)
[2016.06.15-14.57.19:952][484]LogModuleManager: Shutting down and abandoning module ComponentVisualizers (147)
[2016.06.15-14.57.19:952][484]LogModuleManager: Shutting down and abandoning module DetailCustomizations (146)
[2016.06.15-14.57.20:033][484]LogModuleManager: Shutting down and abandoning module PackagesDialog (145)
[2016.06.15-14.57.20:034][484]LogModuleManager: Shutting down and abandoning module Persona (144)
[2016.06.15-14.57.20:215][484]LogModuleManager: Shutting down and abandoning module Kismet (143)
[2016.06.15-14.57.20:239][484]LogModuleManager: Shutting down and abandoning module GraphEditor (142)
[2016.06.15-14.57.20:239][484]LogModuleManager: Shutting down and abandoning module ClassViewer (141)
[2016.06.15-14.57.20:289][484]LogModuleManager: Shutting down and abandoning module Toolbox (140)
[2016.06.15-14.57.20:318][484]LogModuleManager: Shutting down and abandoning module ModuleUI (139)
[2016.06.15-14.57.20:345][484]LogModuleManager: Shutting down and abandoning module MovieSceneTools (138)
[2016.06.15-14.57.20:511][484]LogModuleManager: Shutting down and abandoning module OutputLog (137)
[2016.06.15-14.57.20:751][484]LogModuleManager: Shutting down and abandoning module GammaUI (136)
[2016.06.15-14.57.20:808][484]LogModuleManager: Shutting down and abandoning module Documentation (135)
[2016.06.15-14.57.20:808][484]LogModuleManager: Shutting down and abandoning module StreamingPauseRendering (134)
[2016.06.15-14.57.20:808][484]LogModuleManager: Shutting down and abandoning module AnalyticsET (133)
[2016.06.15-14.57.20:808][484]LogModuleManager: Shutting down and abandoning module Analytics (132)
[2016.06.15-14.57.20:808][484]LogModuleManager: Shutting down and abandoning module PortalServices (131)
[2016.06.15-14.57.20:808][484]LogModuleManager: Shutting down and abandoning module PortalRpc (130)
[2016.06.15-14.57.20:808][484]LogModuleManager: Shutting down and abandoning module MessagingRpc (129)
[2016.06.15-14.57.20:808][484]LogModuleManager: Shutting down and abandoning module AITestSuite (128)
[2016.06.15-14.57.20:835][484]LogModuleManager: Shutting down and abandoning module GameplayDebugger (127)
[2016.06.15-14.57.20:867][484]LogModuleManager: Shutting down and abandoning module AIModule (126)
[2016.06.15-14.57.20:954][484]LogModuleManager: Shutting down and abandoning module ProfilerService (125)
[2016.06.15-14.57.21:158][484]LogModuleManager: Shutting down and abandoning module TaskGraph (124)
[2016.06.15-14.57.21:215][484]LogModuleManager: Shutting down and abandoning module SlateRemote (123)
[2016.06.15-14.57.21:215][484]LogModuleManager: Shutting down and abandoning module SteamVRController (122)
[2016.06.15-14.57.21:215][484]LogModuleManager: Shutting down and abandoning module SteamVR (121)
[2016.06.15-14.57.21:215][484]LogModuleManager: Shutting down and abandoning module ProceduralMeshComponent (120)
[2016.06.15-14.57.21:215][484]LogModuleManager: Shutting down and abandoning module OculusLibrary (119)
[2016.06.15-14.57.21:215][484]LogModuleManager: Shutting down and abandoning module OculusInput (118)
[2016.06.15-14.57.21:215][484]LogModuleManager: Shutting down and abandoning module CustomMeshComponent (117)
[2016.06.15-14.57.21:215][484]LogModuleManager: Shutting down and abandoning module CableComponent (116)
[2016.06.15-14.57.21:215][484]LogModuleManager: Shutting down and abandoning module ArchVisCharacter (115)
[2016.06.15-14.57.21:215][484]LogModuleManager: Shutting down and abandoning module MediaPlayerEditor (114)
[2016.06.15-14.57.21:386][484]LogModuleManager: Shutting down and abandoning module HTML5Networking (113)
[2016.06.15-14.57.21:386][484]LogModuleManager: Shutting down and abandoning module SpeedTreeImporter (112)
[2016.06.15-14.57.21:386][484]LogModuleManager: Shutting down and abandoning module PluginBrowser (111)
[2016.06.15-14.57.21:701][484]LogModuleManager: Shutting down and abandoning module EpicSurvey (110)
[2016.06.15-14.57.21:796][484]LogModuleManager: Shutting down and abandoning module DesktopPlatform (109)
[2016.06.15-14.57.21:862][484]LogModuleManager: Shutting down and abandoning module VisualStudioSourceCodeAccess (108)
[2016.06.15-14.57.21:948][484]LogModuleManager: Shutting down and abandoning module UObjectPlugin (107)
[2016.06.15-14.57.21:948][484]LogModuleManager: Shutting down and abandoning module SubversionSourceControl (106)
[2016.06.15-14.57.21:989][484]LogModuleManager: Shutting down and abandoning module PerforceSourceControl (105)
[2016.06.15-14.57.22:063][484]LogModuleManager: Shutting down and abandoning module SourceControl (104)
[2016.06.15-14.57.22:121][484]LogModuleManager: Shutting down and abandoning module GitSourceControl (103)
[2016.06.15-14.57.22:256][484]LogModuleManager: Shutting down and abandoning module LightPropagationVolumeEditor (102)
[2016.06.15-14.57.22:256][484]LogModuleManager: Shutting down and abandoning module PaperTiledImporter (101)
[2016.06.15-14.57.22:290][484]LogModuleManager: Shutting down and abandoning module PaperSpriteSheetImporter (100)
[2016.06.15-14.57.22:292][484]LogModuleManager: Shutting down and abandoning module MeshPaint (99)
[2016.06.15-14.57.22:327][484]LogModuleManager: Shutting down and abandoning module HotReload (98)
[2016.06.15-14.57.22:350][484]LogModuleManager: Shutting down and abandoning module MainFrame (97)
[2016.06.15-14.57.22:350][484]LogModuleManager: Shutting down and abandoning module LevelEditor (96)
[2016.06.15-14.57.22:351][484]LogModuleManager: Shutting down and abandoning module DirectoryWatcher (95)
[2016.06.15-14.57.22:352][484]LogModuleManager: Shutting down and abandoning module AssetRegistry (94)
[2016.06.15-14.57.22:906][484]LogModuleManager: Shutting down and abandoning module ContentBrowser (93)
[2016.06.15-14.57.22:907][484]LogModuleManager: Shutting down and abandoning module Paper2DEditor (92)
[2016.06.15-14.57.23:077][484]LogModuleManager: Shutting down and abandoning module UdpMessaging (91)
[2016.06.15-14.57.23:177][484]LogModuleManager: Shutting down and abandoning module LightPropagationVolumeRuntime (90)
[2016.06.15-14.57.23:177][484]LogModuleManager: Shutting down and abandoning module Paper2D (89)
[2016.06.15-14.57.23:200][484]LogModuleManager: Shutting down and abandoning module WindowsMoviePlayer (88)
[2016.06.15-14.57.23:200][484]LogModuleManager: Shutting down and abandoning module Media (87)
[2016.06.15-14.57.23:200][484]LogModuleManager: Shutting down and abandoning module WmfMedia (86)
[2016.06.15-14.57.23:346][484]LogModuleManager: Shutting down and abandoning module GameLiveStreaming (85)
[2016.06.15-14.57.23:371][484]LogModuleManager: Shutting down and abandoning module GameplayTagsEditor (84)
[2016.06.15-14.57.23:371][484]LogModuleManager: Shutting down and abandoning module OnlineBlueprintSupport (83)
[2016.06.15-14.57.23:371][484]LogModuleManager: Shutting down and abandoning module GameplayTasksEditor (82)
[2016.06.15-14.57.23:371][484]LogModuleManager: Shutting down and abandoning module PropertyEditor (81)
[2016.06.15-14.57.23:371][484]LogModuleManager: Shutting down and abandoning module BehaviorTreeEditor (80)
[2016.06.15-14.57.23:492][484]LogModuleManager: Shutting down and abandoning module FunctionalTesting (79)
[2016.06.15-14.57.23:524][484]LogModuleManager: Shutting down and abandoning module CollisionAnalyzer (78)
[2016.06.15-14.57.23:586][484]LogModuleManager: Shutting down and abandoning module WorkspaceMenuStructure (77)
[2016.06.15-14.57.23:586][484]LogModuleManager: Shutting down and abandoning module MessageLog (76)
[2016.06.15-14.57.23:586][484]LogModuleManager: Shutting down and abandoning module Sequencer (75)
[2016.06.15-14.57.23:851][484]LogModuleManager: Shutting down and abandoning module AssetTools (74)
[2016.06.15-14.57.24:042][484]LogModuleManager: Shutting down and abandoning module UMGEditor (73)
[2016.06.15-14.57.25:098][484]LogModuleManager: Shutting down and abandoning module UMG (72)
[2016.06.15-14.57.25:245][484]LogModuleManager: Shutting down and abandoning module SlateReflector (71)
[2016.06.15-14.57.25:759][484]LogModuleManager: Shutting down and abandoning module Slate (70)
[2016.06.15-14.57.25:759][484]LogModuleManager: Shutting down and abandoning module EditorStyle (69)
[2016.06.15-14.57.25:763][484]LogModuleManager: Shutting down and abandoning module SessionServices (68)
[2016.06.15-14.57.25:763][484]LogModuleManager: Shutting down and abandoning module SourceCodeAccess (67)
[2016.06.15-14.57.25:763][484]LogModuleManager: Shutting down and abandoning module HeadMountedDisplay (66)
[2016.06.15-14.57.25:763][484]LogModuleManager: Shutting down and abandoning module XAudio2 (65)
[2016.06.15-14.57.25:763][484]LogModuleManager: Shutting down and abandoning module Networking (63)
[2016.06.15-14.57.25:763][484]LogModuleManager: Shutting down and abandoning module Core (62)
[2016.06.15-14.57.25:763][484]LogModuleManager: Shutting down and abandoning module KismetCompiler (61)
[2016.06.15-14.57.25:782][484]LogModuleManager: Shutting down and abandoning module PhysXFormats (60)
[2016.06.15-14.57.25:782][484]LogModuleManager: Shutting down and abandoning module MeshUtilities (59)
[2016.06.15-14.57.25:866][484]LogModuleManager: Shutting down and abandoning module CookingStats (58)
[2016.06.15-14.57.25:866][484]LogModuleManager: Shutting down and abandoning module DerivedDataCache (57)
[2016.06.15-14.57.25:866][484]LogDerivedDataCache: Shutdown
[2016.06.15-14.57.25:866][484]LogModuleManager: Shutting down and abandoning module ShaderFormatOpenGL (56)
[2016.06.15-14.57.26:025][484]LogModuleManager: Shutting down and abandoning module ShaderFormatD3D (55)
[2016.06.15-14.57.26:025][484]LogModuleManager: Shutting down and abandoning module MetalShaderFormat (54)
[2016.06.15-14.57.26:058][484]LogModuleManager: Shutting down and abandoning module TextureFormatUncompressed (53)
[2016.06.15-14.57.26:058][484]LogModuleManager: Shutting down and abandoning module TextureFormatPVR (52)
[2016.06.15-14.57.26:058][484]LogModuleManager: Shutting down and abandoning module TextureFormatIntelISPCTexComp (51)
[2016.06.15-14.57.26:058][484]LogModuleManager: Shutting down and abandoning module TextureFormatDXT (50)
[2016.06.15-14.57.26:058][484]LogModuleManager: Shutting down and abandoning module ImageWrapper (49)
[2016.06.15-14.57.26:058][484]LogModuleManager: Shutting down and abandoning module TextureFormatASTC (48)
[2016.06.15-14.57.26:058][484]LogModuleManager: Shutting down and abandoning module TextureFormatAndroid (47)
[2016.06.15-14.57.26:058][484]LogModuleManager: Shutting down and abandoning module AudioFormatOpus (46)
[2016.06.15-14.57.26:087][484]LogModuleManager: Shutting down and abandoning module AudioFormatOgg (45)
[2016.06.15-14.57.26:087][484]LogModuleManager: Shutting down and abandoning module AudioFormatADPCM (44)
[2016.06.15-14.57.26:087][484]LogModuleManager: Shutting down and abandoning module LinuxTargetPlatform (43)
[2016.06.15-14.57.26:087][484]LogModuleManager: Shutting down and abandoning module LinuxServerTargetPlatform (42)
[2016.06.15-14.57.26:087][484]LogModuleManager: Shutting down and abandoning module LinuxNoEditorTargetPlatform (41)
[2016.06.15-14.57.26:087][484]LogModuleManager: Shutting down and abandoning module TVOSTargetPlatform (40)
[2016.06.15-14.57.26:087][484]LogModuleManager: Shutting down and abandoning module Messaging (39)
[2016.06.15-14.57.26:087][484]LogModuleManager: Shutting down and abandoning module IOSTargetPlatform (38)
[2016.06.15-14.57.26:087][484]LogModuleManager: Shutting down and abandoning module HTML5TargetPlatform (37)
[2016.06.15-14.57.26:087][484]LogModuleManager: Shutting down and abandoning module Android_PVRTCTargetPlatform (36)
[2016.06.15-14.57.26:087][484]LogModuleManager: Shutting down and abandoning module Android_MultiTargetPlatform (35)
[2016.06.15-14.57.26:195][484]LogModuleManager: Shutting down and abandoning module Android_ETC2TargetPlatform (34)
[2016.06.15-14.57.26:195][484]LogModuleManager: Shutting down and abandoning module Android_ETC1TargetPlatform (33)
[2016.06.15-14.57.26:195][484]LogModuleManager: Shutting down and abandoning module Android_DXTTargetPlatform (32)
[2016.06.15-14.57.26:195][484]LogModuleManager: Shutting down and abandoning module Android_ATCTargetPlatform (31)
[2016.06.15-14.57.26:195][484]LogModuleManager: Shutting down and abandoning module Android_ASTCTargetPlatform (30)
[2016.06.15-14.57.26:195][484]LogModuleManager: Shutting down and abandoning module AndroidTargetPlatform (29)
[2016.06.15-14.57.26:195][484]LogModuleManager: Shutting down and abandoning module WindowsTargetPlatform (28)
[2016.06.15-14.57.26:195][484]LogModuleManager: Shutting down and abandoning module WindowsServerTargetPlatform (27)
[2016.06.15-14.57.26:195][484]LogModuleManager: Shutting down and abandoning module WindowsNoEditorTargetPlatform (26)
[2016.06.15-14.57.26:195][484]LogModuleManager: Shutting down and abandoning module WindowsClientTargetPlatform (25)
[2016.06.15-14.57.26:195][484]LogModuleManager: Shutting down and abandoning module AllDesktopTargetPlatform (24)
[2016.06.15-14.57.26:196][484]LogModuleManager: Shutting down and abandoning module TargetPlatform (23)
[2016.06.15-14.57.26:196][484]LogModuleManager: Shutting down and abandoning module InputCore (22)
[2016.06.15-14.57.26:196][484]LogModuleManager: Shutting down and abandoning module Settings (21)
[2016.06.15-14.57.26:245][484]LogModuleManager: Shutting down and abandoning module OnlineSubsystem (19)
[2016.06.15-14.57.26:269][484]LogModuleManager: Shutting down and abandoning module HTTP (18)
[2016.06.15-14.57.28:269][484]LogModuleManager: Shutting down and abandoning module XMPP (17)
[2016.06.15-14.57.28:693][484]LogModuleManager: Shutting down and abandoning module OculusRift (16)
[2016.06.15-14.57.28:791][484]LogModuleManager: Shutting down and abandoning module ExampleDeviceProfileSelector (15)
[2016.06.15-14.57.28:791][484]LogModuleManager: Shutting down and abandoning module TextureCompressor (14)
[2016.06.15-14.57.28:872][484]LogModuleManager: Shutting down and abandoning module ShaderCore (13)
[2016.06.15-14.57.28:872][484]LogModuleManager: Shutting down and abandoning module Landscape (12)
[2016.06.15-14.57.28:872][484]LogModuleManager: Shutting down and abandoning module SlateRHIRenderer (11)
[2016.06.15-14.57.29:108][484]LogModuleManager: Shutting down and abandoning module OpenGLDrv (10)
[2016.06.15-14.57.29:148][484]LogModuleManager: Shutting down and abandoning module D3D11RHI (9)
[2016.06.15-14.57.29:149][484]LogModuleManager: Shutting down and abandoning module AnimGraphRuntime (8)
[2016.06.15-14.57.29:149][484]LogModuleManager: Shutting down and abandoning module Renderer (7)
[2016.06.15-14.57.29:149][484]LogModuleManager: Shutting down and abandoning module Engine (6)
[2016.06.15-14.57.29:149][484]LogModuleManager: Shutting down and abandoning module CoreUObject (5)
[2016.06.15-14.57.29:149][484]LogModuleManager: Shutting down and abandoning module NetworkFile (4)
[2016.06.15-14.57.29:166][484]LogModuleManager: Shutting down and abandoning module StreamingFile (3)
[2016.06.15-14.57.29:253][484]LogModuleManager: Shutting down and abandoning module SandboxFile (2)
[2016.06.15-14.57.29:286][484]LogModuleManager: Shutting down and abandoning module PakFile (1)
[2016.06.15-14.57.29:471][484]LogExit: Exiting.
[2016.06.15-14.57.29:518][484]Log file closed, 06/15/16 10:57:29
