[2015.11.01-00.39.14:004][  0]Log file open, 10/31/15 20:39:14
[2015.11.01-00.39.14:004][  0]LogInit:Display: Running engine for game: PonyKart
[2015.11.01-00.39.14:004][  0]LogInit:Display: RandInit(1561086420) SRandInit(1561086441).
[2015.11.01-00.39.14:004][  0]LogTaskGraph: Started task graph with 4 named threads and 7 total threads.
[2015.11.01-00.39.14:004][  0]LogStats: Stats thread started at 0.162363
[2015.11.01-00.39.14:004][  0]LogInit: Version: 4.9.2-2707645+++depot+UE4-Releases+4.9
[2015.11.01-00.39.14:004][  0]LogInit: API Version: 2672455
[2015.11.01-00.39.14:004][  0]LogInit: Compiled (64-bit): Sep 28 2015 10:25:44
[2015.11.01-00.39.14:004][  0]LogInit: Compiled with Visual C++: 18.00.21005.01
[2015.11.01-00.39.14:004][  0]LogInit: Build Configuration: Development
[2015.11.01-00.39.14:004][  0]LogInit: Branch Name: ++depot+UE4-Releases+4.9
[2015.11.01-00.39.14:004][  0]LogInit: Command line:  
[2015.11.01-00.39.14:004][  0]LogInit: Base directory: C:/Program Files/Epic Games/4.9/Engine/Binaries/Win64/
[2015.11.01-00.39.14:004][  0]LogInit: Rocket: 1
[2015.11.01-00.39.14:621][  0]LogInit: Using libcurl 7.41.0
[2015.11.01-00.39.14:621][  0]LogInit:  - built for x86_64-pc-win32
[2015.11.01-00.39.14:621][  0]LogInit:  - supports SSL with WinSSL
[2015.11.01-00.39.14:621][  0]LogInit:  - other features:
[2015.11.01-00.39.14:621][  0]LogInit:      CURL_VERSION_SSL
[2015.11.01-00.39.14:671][  0]LogInit:      CURL_VERSION_IPV6
[2015.11.01-00.39.14:671][  0]LogInit:      CURL_VERSION_ASYNCHDNS
[2015.11.01-00.39.14:671][  0]LogInit:      CURL_VERSION_LARGEFILE
[2015.11.01-00.39.14:671][  0]LogInit:      CURL_VERSION_IDN
[2015.11.01-00.39.14:672][  0]LogInit:  CurlRequestOptions (configurable via config and command line):
[2015.11.01-00.39.14:672][  0]LogInit:  - bVerifyPeer = true  - Libcurl will verify peer certificate
[2015.11.01-00.39.14:672][  0]LogInit:  - bUseHttpProxy = false  - Libcurl will NOT use HTTP proxy
[2015.11.01-00.39.14:672][  0]LogInit:  - bDontReuseConnections = false  - Libcurl will reuse connections
[2015.11.01-00.39.14:672][  0]LogInit:  - CertBundlePath = nullptr  - Libcurl will use whatever was configured at build time.
[2015.11.01-00.39.15:814][  0]LogInit: Presizing for 0 objects not considered by GC, pre-allocating 0 bytes.
[2015.11.01-00.39.15:954][  0]LogInit: Object subsystem initialized
[2015.11.01-00.39.16:396][  0]LogInit: Selected Device Profile: [Windows]
[2015.11.01-00.39.16:396][  0]LogInit: Applying CVar settings loaded from the selected device profile: [Windows]
[2015.11.01-00.39.16:649][  0]LogInit: Computer: HP-PC
[2015.11.01-00.39.16:649][  0]LogInit: User: Amber
[2015.11.01-00.39.16:649][  0]LogInit: CPU Page size=4096, Cores=4
[2015.11.01-00.39.16:649][  0]LogInit: High frequency timer resolution =14.318180 MHz
[2015.11.01-00.39.16:649][  0]LogMemory: Memory total: Physical=6.0GB (6GB approx)
[2015.11.01-00.39.16:649][  0]LogMemory: Platform Memory Stats for Windows
[2015.11.01-00.39.16:649][  0]LogMemory: Process Physical Memory: 54.02 MB used, 54.02 MB peak
[2015.11.01-00.39.16:649][  0]LogMemory: Process Virtual Memory: 57.27 MB used, 57.27 MB peak
[2015.11.01-00.39.16:649][  0]LogMemory: Physical Memory: 3216.14 MB used, 6141.22 MB total
[2015.11.01-00.39.16:649][  0]LogMemory: Virtual Memory: 365.95 MB used, 134217728.00 MB total
[2015.11.01-00.39.19:578][  0]LogTextLocalizationManager: No specific translations for ('en-US') exist, so ('en') translations will be used.
[2015.11.01-00.39.23:319][  0]LogD3D11RHI: Found D3D11 adapter 0: NVIDIA GeForce GTX 550 Ti (Feature Level 11_0)
[2015.11.01-00.39.23:319][  0]LogD3D11RHI: Adapter has 972MB of dedicated video memory, 0MB of dedicated system memory, and 3070MB of shared system memory, 1 output[s]
[2015.11.01-00.39.23:364][  0]LogD3D11RHI: Found D3D11 adapter 1: Microsoft Basic Render Driver (Feature Level 11_0)
[2015.11.01-00.39.23:364][  0]LogD3D11RHI: Adapter has 0MB of dedicated video memory, 0MB of dedicated system memory, and 3070MB of shared system memory, 0 output[s]
[2015.11.01-00.39.23:374][  0]LogD3D11RHI: Chosen D3D11 Adapter Id = 0
[2015.11.01-00.39.23:396][  0]LogD3D11RHI: !Direct3DDevice
[2015.11.01-00.39.23:396][  0]LogRHI: Texture pool is 680 MB (70% of 972 MB)
[2015.11.01-00.39.23:413][  0]LogD3D11RHI: Async texture creation enabled
[2015.11.01-00.39.23:656][  0]LogShaderCompilers: Guid format shader working directory is 15 characters bigger than the processId version (../../../../../../Users/Amber/Documents/Game Development/PonyKart-UE4/PonyKart Project Build/PonyKart/Intermediate/Shaders/WorkingDirectory/8696/).
[2015.11.01-00.39.23:671][  0]LogShaderCompilers: Cleaned the shader compiler working directory '../../../../../../Users/Amber/Documents/Game Development/PonyKart-UE4/PonyKart Project Build/PonyKart/Intermediate/Shaders/tmp/DFE7C0BC417C2D96D9FE019834D12F5A/'.
[2015.11.01-00.39.23:671][  0]LogShaderCompilers:Display: Using Local Shader Compiler.
[2015.11.01-00.39.36:738][  0]LogTemp:Display: Loaded TP AllDesktopTargetPlatform
[2015.11.01-00.39.36:805][  0]LogTemp:Display: Loaded TP WindowsClientTargetPlatform
[2015.11.01-00.39.36:840][  0]LogTemp:Display: Loaded TP WindowsNoEditorTargetPlatform
[2015.11.01-00.39.36:880][  0]LogTemp:Display: Loaded TP WindowsServerTargetPlatform
[2015.11.01-00.39.36:920][  0]LogTemp:Display: Loaded TP WindowsTargetPlatform
[2015.11.01-00.39.36:934][  0]LogTemp:Display: Loaded TP AndroidTargetPlatform
[2015.11.01-00.39.36:988][  0]LogTemp:Display: Loaded TP Android_ASTCTargetPlatform
[2015.11.01-00.39.36:998][  0]LogTemp:Display: Loaded TP Android_ATCTargetPlatform
[2015.11.01-00.39.37:028][  0]LogTemp:Display: Loaded TP Android_DXTTargetPlatform
[2015.11.01-00.39.37:060][  0]LogTemp:Display: Loaded TP Android_ETC1TargetPlatform
[2015.11.01-00.39.37:069][  0]LogTemp:Display: Loaded TP Android_ETC2TargetPlatform
[2015.11.01-00.39.37:086][  0]LogTemp:Display: Loaded TP Android_PVRTCTargetPlatform
[2015.11.01-00.39.37:107][  0]LogTemp:Display: Loaded TP HTML5TargetPlatform
[2015.11.01-00.39.37:300][  0]LogTemp:Display: Loaded TP IOSTargetPlatform
[2015.11.01-00.39.37:354][  0]LogTemp:Display: Loaded TP LinuxNoEditorTargetPlatform
[2015.11.01-00.39.37:426][  0]LogTemp:Display: Loaded TP LinuxServerTargetPlatform
[2015.11.01-00.39.37:445][  0]LogTemp:Display: Loaded TP LinuxTargetPlatform
[2015.11.01-00.39.37:445][  0]LogTargetPlatformManager:Display: Building Assets For Windows
[2015.11.01-00.39.38:542][  0]LogDerivedDataCache:Display: Max Cache Size: 512 MB
[2015.11.01-00.39.45:314][  0]LogDerivedDataCache: Loaded boot cache 6.73s 41MB C:/Users/Amber/AppData/Local/UnrealEngine/4.9/DerivedDataCache/Boot.ddc.
[2015.11.01-00.39.45:314][  0]LogDerivedDataCache:Display: Loaded Boot cache: C:/Users/Amber/AppData/Local/UnrealEngine/4.9/DerivedDataCache/Boot.ddc
[2015.11.01-00.39.45:314][  0]LogDerivedDataCache: FDerivedDataBackendGraph:  Pak pak cache file ../../../../../../Users/Amber/Documents/Game Development/PonyKart-UE4/PonyKart Project Build/PonyKart/DerivedDataCache/DDC.ddp not found, will not use a pak cache.
[2015.11.01-00.39.45:314][  0]LogDerivedDataCache: Unable to find inner node Pak for hierarchical cache Hierarchy.
[2015.11.01-00.39.45:314][  0]LogDerivedDataCache: FDerivedDataBackendGraph:  CompressedPak pak cache file ../../../../../../Users/Amber/Documents/Game Development/PonyKart-UE4/PonyKart Project Build/PonyKart/DerivedDataCache/Compressed.ddp not found, will not use a pak cache.
[2015.11.01-00.39.45:314][  0]LogDerivedDataCache: Unable to find inner node CompressedPak for hierarchical cache Hierarchy.
[2015.11.01-00.39.45:560][  0]LogDerivedDataCache:Display: Pak cache opened for reading ../../../Engine/DerivedDataCache/Compressed.ddp.
[2015.11.01-00.39.45:595][  0]LogDerivedDataCache: Using Local data cache path C:/Users/Amber/AppData/Local/UnrealEngine/Common/DerivedDataCache: Writable
[2015.11.01-00.39.59:405][  0]LogInit: Selected Device Profile: [Windows]
[2015.11.01-00.39.59:487][  0]LogContentStreaming: Texture pool size is 0.000000MB
[2015.11.01-00.40.00:756][  0]LogMeshUtilities: No automatic mesh reduction module available
[2015.11.01-00.40.00:756][  0]LogMeshUtilities: No automatic mesh merging module available
[2015.11.01-00.40.10:973][  0]LogInit: WinSock: version 1.1 (2.2), MaxSocks=32767, MaxUdp=65467
[2015.11.01-00.40.34:602][  0]UdpMessaging: Initializing bridge on interface 0.0.0.0:0 to multicast group 230.0.0.1:6666.
[2015.11.01-00.40.35:463][  0]LogAssetRegistry: FAssetRegistry took 0.0109 seconds to start up
[2015.11.01-00.40.38:635][  0]SourceControl: Info Source control is disabled
[2015.11.01-00.40.40:658][  0]SourceControl: Info Source control is disabled
[2015.11.01-00.40.40:747][  0]SourceControl: Info Source control is disabled
[2015.11.01-00.40.40:810][  0]SourceControl: Info Source control is disabled
[2015.11.01-00.40.43:269][  0]LogLinker:Warning: Asset '../../../Engine/Plugins/Runtime/LeapMotionController/Content/LM_PassthroughMaterial.uasset' has been saved with empty engine version. The asset will be loaded but may be incompatible.
[2015.11.01-00.40.44:313][  0]LogObj: 28361 objects as part of root set at end of initial load.
[2015.11.01-00.40.44:313][  0]LogUObjectAllocator: 6038864 out of 0 bytes used by permanent object pool.
[2015.11.01-00.40.46:388][  0]LogAutomationTest:Warning: Smoke tests took > 1s to run: 1.24s
[2015.11.01-00.40.46:646][  0]LogEngine: Initializing Engine...
[2015.11.01-00.40.46:715][  0]LogHMD: Can't find Oculus library dev build: is proper Runtime installed? Version: 0.7.0.0
[2015.11.01-00.40.49:963][  0]LogHMD: SteamVR failed to initialize.  Err: 108
[2015.11.01-00.40.53:460][  0]LogAIModule: Creating AISystem for world NewWorld
[2015.11.01-00.40.53:624][  0]LogInit: XAudio2 using 'Headphones (Realtek High Definition Audio)' : 2 channels at 48 kHz using 32 bits per sample (channel mask 0x3)
[2015.11.01-00.40.53:797][  0]LogInit: FAudioDevice initialized.
[2015.11.01-00.40.53:926][  0]LogDerivedDataCache: Saved boot cache 0.13s 41MB C:/Users/Amber/AppData/Local/UnrealEngine/4.9/DerivedDataCache/Boot.ddc.
[2015.11.01-00.40.53:946][  0]LogInit: Texture streaming: Enabled
[2015.11.01-00.40.53:975][  0]LogAnalytics: Creating configured Analytics provider AnalyticsET
[2015.11.01-00.40.53:975][  0]LogAnalytics: [UEEditor.Rocket.Release] APIServer = http://et2.epicgames.com/ET2/. AppVersion = 4.9.2-2707645+++depot+UE4-Releases+4.9
[2015.11.01-00.40.53:975][  0]LogAnalytics: [UEEditor.Rocket.Release] SetUserId fe48c13c4235ff87278523820fd1a74f|128e7d1d796a429f9247afe84ab758e1|a78d9d35-53ca-49d3-80af-52a3ac8256d6
[2015.11.01-00.40.53:975][  0]LogAnalytics: [UEEditor.Rocket.Release] AnalyticsET::StartSession
[2015.11.01-00.40.54:600][  0]LogInit: Transaction tracking system initialized
[2015.11.01-00.40.56:683][  0]BlueprintLog: New page: Editor Load
[2015.11.01-00.41.05:015][  0]LocalizationService: Info Localization service is disabled
[2015.11.01-00.41.07:488][  0]LogConsoleResponse:Display: 
[2015.11.01-00.41.12:685][  0]LogFileCache: Scanning file cache for directory 'C:/Users/Amber/Documents/Game Development/PonyKart-UE4/PonyKart Project Build/PonyKart/Content/' took 0.10s
[2015.11.01-00.41.12:685][  0]LogCook:Display: Done creating registry. It took  0.00s.
[2015.11.01-00.41.14:204][  0]SourceControl: Info Source control is disabled
[2015.11.01-00.41.14:266][  0]Cmd: MAP LOAD FILE="../../../../../../Users/Amber/Documents/Game Development/PonyKart-UE4/PonyKart Project Build/PonyKart/Content/Maps/KartTestMap.umap" TEMPLATE=0 SHOWPROGRESS=1 FEATURELEVEL=3
[2015.11.01-00.41.14:285][  0]LightingResults: New page: Lighting Build
[2015.11.01-00.41.14:327][  0]MapCheck: New page: Map Check
[2015.11.01-00.41.14:327][  0]LightingResults: New page: Lighting Build
[2015.11.01-00.41.14:348][  0]LogParticles: Destroying 0 GPU particle simulations for FXSystem 0x0000000E26D1E160
[2015.11.01-00.41.37:178][  0]LogAIModule: Creating AISystem for world KartTestMap
[2015.11.01-00.42.41:342][  0]LogEditorServer: Finished looking for orphan Actors (0.000 secs)
[2015.11.01-00.42.41:403][  0]Cmd: MAP CHECKDEP NOCLEARLOG
[20